[INFO] Iniciando build (variant=debug, task=:app:assembleDebug)
> Task :app:preBuild UP-TO-DATE
> Task :app:preDebugBuild UP-TO-DATE
> Task :app:mergeDebugNativeDebugMetadata NO-SOURCE
> Task :app:checkKotlinGradlePluginConfigurationErrors SKIPPED
> Task :app:generateDebugBuildConfig
> Task :app:checkDebugAarMetadata
> Task :app:processDebugNavigationResources
> Task :app:generateDebugResValues
> Task :app:compileDebugNavigationResources
> Task :app:mapDebugSourceSetPaths
> Task :app:generateDebugResources
> Task :app:packageDebugResources
> Task :app:createDebugCompatibleScreenManifests
> Task :app:extractDeepLinksDebug
> Task :app:parseDebugLocalResources
> Task :app:processDebugMainManifest
> Task :app:processDebugManifest
> Task :app:javaPreCompileDebug
> Task :app:mergeDebugShaders
> Task :app:compileDebugShaders NO-SOURCE
> Task :app:generateDebugAssets UP-TO-DATE
> Task :app:processDebugManifestForPackage
> Task :app:mergeDebugAssets
> Task :app:compressDebugAssets
> Task :app:mergeDebugResources
> Task :app:desugarDebugFileDependencies
> Task :app:mergeDebugJniLibFolders
> Task :app:mergeDebugNativeLibs
> Task :app:checkDebugDuplicateClasses
> Task :app:validateSigningDebug
> Task :app:writeDebugAppMetadata
> Task :app:mergeLibDexDebug

> Task :app:stripDebugDebugSymbols
Unable to strip the following libraries, packaging them as they are: libandroidx.graphics.path.so, libdatastore_shared_counter.so. Run with --info option to learn more.

> Task :app:writeDebugSigningConfigVersions
> Task :app:processDebugResources

> Task :app:compileDebugKotlin FAILED
e: file:///Users/alexpimenta/Projects/vitrine-de-craques-plataforma-web/Vitrine-De-Craques-App/app/src/main/java/com/vitrinedecraques/app/ui/feed/FeedScreen.kt:115:26 Cannot infer type for this parameter. Please specify it explicitly.
e: file:///Users/alexpimenta/Projects/vitrine-de-craques-plataforma-web/Vitrine-De-Craques-App/app/src/main/java/com/vitrinedecraques/app/ui/feed/FeedScreen.kt:115:35 Cannot infer type for this parameter. Please specify it explicitly.
e: file:///Users/alexpimenta/Projects/vitrine-de-craques-plataforma-web/Vitrine-De-Craques-App/app/src/main/java/com/vitrinedecraques/app/ui/feed/FeedScreen.kt:115:37 Unresolved reference 'NextApiService'.
e: file:///Users/alexpimenta/Projects/vitrine-de-craques-plataforma-web/Vitrine-De-Craques-App/app/src/main/java/com/vitrinedecraques/app/ui/feed/FeedScreen.kt:304:14 Unresolved reference 'NextApiService'.
e: file:///Users/alexpimenta/Projects/vitrine-de-craques-plataforma-web/Vitrine-De-Craques-App/app/src/main/java/com/vitrinedecraques/app/ui/feed/FeedScreen.kt:314:31 Cannot infer type for this parameter. Please specify it explicitly.
e: file:///Users/alexpimenta/Projects/vitrine-de-craques-plataforma-web/Vitrine-De-Craques-App/app/src/main/java/com/vitrinedecraques/app/ui/feed/FeedScreen.kt:314:35 Cannot infer type for this parameter. Please specify it explicitly.
e: file:///Users/alexpimenta/Projects/vitrine-de-craques-plataforma-web/Vitrine-De-Craques-App/app/src/main/java/com/vitrinedecraques/app/ui/feed/FeedScreen.kt:315:9 Cannot infer type for this parameter. Please specify it explicitly.
e: file:///Users/alexpimenta/Projects/vitrine-de-craques-plataforma-web/Vitrine-De-Craques-App/app/src/main/java/com/vitrinedecraques/app/ui/feed/FeedScreen.kt:315:21 Cannot infer type for this parameter. Please specify it explicitly.
e: file:///Users/alexpimenta/Projects/vitrine-de-craques-plataforma-web/Vitrine-De-Craques-App/app/src/main/java/com/vitrinedecraques/app/ui/feed/FeedScreen.kt:315:31 Unresolved reference 'fetchProfileDetails'.
e: file:///Users/alexpimenta/Projects/vitrine-de-craques-plataforma-web/Vitrine-De-Craques-App/app/src/main/java/com/vitrinedecraques/app/ui/feed/FeedScreen.kt:318:9 Cannot infer type for this parameter. Please specify it explicitly.
e: file:///Users/alexpimenta/Projects/vitrine-de-craques-plataforma-web/Vitrine-De-Craques-App/app/src/main/java/com/vitrinedecraques/app/ui/feed/FeedScreen.kt:318:21 Cannot infer type for this parameter. Please specify it explicitly.
e: file:///Users/alexpimenta/Projects/vitrine-de-craques-plataforma-web/Vitrine-De-Craques-App/app/src/main/java/com/vitrinedecraques/app/ui/feed/FeedScreen.kt:318:31 Unresolved reference 'fetchFollowStats'.
e: file:///Users/alexpimenta/Projects/vitrine-de-craques-plataforma-web/Vitrine-De-Craques-App/app/src/main/java/com/vitrinedecraques/app/ui/feed/FeedScreen.kt:321:24 Argument type mismatch: actual type is 'T?', but 'K?' was expected.
e: file:///Users/alexpimenta/Projects/vitrine-de-craques-plataforma-web/Vitrine-De-Craques-App/app/src/main/java/com/vitrinedecraques/app/ui/feed/FeedScreen.kt:321:32 Unresolved reference 'displayName'.
e: file:///Users/alexpimenta/Projects/vitrine-de-craques-plataforma-web/Vitrine-De-Craques-App/app/src/main/java/com/vitrinedecraques/app/ui/feed/FeedScreen.kt:321:45 Cannot infer type for this parameter. Please specify it explicitly.
e: file:///Users/alexpimenta/Projects/vitrine-de-craques-plataforma-web/Vitrine-De-Craques-App/app/src/main/java/com/vitrinedecraques/app/ui/feed/FeedScreen.kt:321:52 Cannot infer type for this parameter. Please specify it explicitly.
e: file:///Users/alexpimenta/Projects/vitrine-de-craques-plataforma-web/Vitrine-De-Craques-App/app/src/main/java/com/vitrinedecraques/app/ui/feed/FeedScreen.kt:321:79 Argument type mismatch: actual type is 'kotlin.String', but 'K' was expected.
e: file:///Users/alexpimenta/Projects/vitrine-de-craques-plataforma-web/Vitrine-De-Craques-App/app/src/main/java/com/vitrinedecraques/app/ui/feed/FeedScreen.kt:322:34 Unresolved reference 'avatarUrl'.
e: file:///Users/alexpimenta/Projects/vitrine-de-craques-plataforma-web/Vitrine-De-Craques-App/app/src/main/java/com/vitrinedecraques/app/ui/feed/FeedScreen.kt:323:23 Argument type mismatch: actual type is 'T?', but 'K?' was expected.
e: file:///Users/alexpimenta/Projects/vitrine-de-craques-plataforma-web/Vitrine-De-Craques-App/app/src/main/java/com/vitrinedecraques/app/ui/feed/FeedScreen.kt:323:31 Unresolved reference 'bio'.
e: file:///Users/alexpimenta/Projects/vitrine-de-craques-plataforma-web/Vitrine-De-Craques-App/app/src/main/java/com/vitrinedecraques/app/ui/feed/FeedScreen.kt:323:36 Cannot infer type for this parameter. Please specify it explicitly.
e: file:///Users/alexpimenta/Projects/vitrine-de-craques-plataforma-web/Vitrine-De-Craques-App/app/src/main/java/com/vitrinedecraques/app/ui/feed/FeedScreen.kt:323:43 Cannot infer type for this parameter. Please specify it explicitly.
e: file:///Users/alexpimenta/Projects/vitrine-de-craques-plataforma-web/Vitrine-De-Craques-App/app/src/main/java/com/vitrinedecraques/app/ui/feed/FeedScreen.kt:323:70 Argument type mismatch: actual type is 'kotlin.String', but 'K' was expected.

> Task :app:mergeExtDexDebug

FAILURE: Build failed with an exception.

* What went wrong:
Execution failed for task ':app:compileDebugKotlin'.
> A failure occurred while executing org.jetbrains.kotlin.compilerRunner.GradleCompilerRunnerWithWorkers$GradleKotlinCompilerWorkAction
   > Compilation error. See log for more details

* Try:
> Run with --stacktrace option to get the stack trace.
> Run with --info or --debug option to get more log output.
> Run with --scan to get full insights.
> Get more help at https://help.gradle.org.

BUILD FAILED in 1m 31s
31 actionable tasks: 31 executed
