[INFO] Iniciando build (variant=debug, task=:app:assembleDebug)
> Task :app:preBuild UP-TO-DATE
> Task :app:preDebugBuild UP-TO-DATE
> Task :app:mergeDebugNativeDebugMetadata NO-SOURCE
> Task :app:checkKotlinGradlePluginConfigurationErrors SKIPPED
> Task :app:generateDebugBuildConfig
> Task :app:checkDebugAarMetadata
> Task :app:processDebugNavigationResources
> Task :app:generateDebugResValues
> Task :app:compileDebugNavigationResources
> Task :app:mapDebugSourceSetPaths
> Task :app:generateDebugResources
> Task :app:packageDebugResources
> Task :app:createDebugCompatibleScreenManifests
> Task :app:extractDeepLinksDebug
> Task :app:parseDebugLocalResources
> Task :app:mergeDebugResources
> Task :app:processDebugMainManifest
> Task :app:processDebugManifest
> Task :app:processDebugManifestForPackage
> Task :app:javaPreCompileDebug
> Task :app:mergeDebugShaders
> Task :app:compileDebugShaders NO-SOURCE
> Task :app:generateDebugAssets UP-TO-DATE
> Task :app:mergeDebugAssets
> Task :app:compressDebugAssets
> Task :app:desugarDebugFileDependencies
> Task :app:mergeDebugJniLibFolders
> Task :app:validateSigningDebug
> Task :app:writeDebugAppMetadata
> Task :app:mergeDebugNativeLibs
> Task :app:checkDebugDuplicateClasses
> Task :app:writeDebugSigningConfigVersions
> Task :app:processDebugResources
> Task :app:mergeExtDexDebug
> Task :app:mergeLibDexDebug

> Task :app:stripDebugDebugSymbols
Unable to strip the following libraries, packaging them as they are: libandroidx.graphics.path.so, libdatastore_shared_counter.so. Run with --info option to learn more.

> Task :app:compileDebugKotlin
e: The daemon has terminated unexpectedly on startup attempt #1 with error code: 0. The daemon process output:
    1. Kotlin compile daemon is ready
w: file:///Users/alexpimenta/Projects/vitrine-de-craques-plataforma-web/Vitrine-De-Craques-App/app/src/main/java/com/vitrinedecraques/app/ui/feed/FeedScreen.kt:519:26 'val LocalLifecycleOwner: ProvidableCompositionLocal<LifecycleOwner>' is deprecated. Moved to lifecycle-runtime-compose library in androidx.lifecycle.compose package.
w: file:///Users/alexpimenta/Projects/vitrine-de-craques-plataforma-web/Vitrine-De-Craques-App/app/src/main/java/com/vitrinedecraques/app/ui/feed/FeedScreen.kt:1134:39 'val Icons.Outlined.Article: ImageVector' is deprecated. Use the AutoMirrored version at Icons.AutoMirrored.Outlined.Article.
w: file:///Users/alexpimenta/Projects/vitrine-de-craques-plataforma-web/Vitrine-De-Craques-App/app/src/main/java/com/vitrinedecraques/app/ui/profile/ProfileScreen.kt:215:50 'val Icons.Outlined.Send: ImageVector' is deprecated. Use the AutoMirrored version at Icons.AutoMirrored.Outlined.Send.
w: file:///Users/alexpimenta/Projects/vitrine-de-craques-plataforma-web/Vitrine-De-Craques-App/app/src/main/java/com/vitrinedecraques/app/ui/profile/ProfileScreen.kt:346:13 'fun Divider(modifier: Modifier = ..., thickness: Dp = ..., color: Color = ...): Unit' is deprecated. Renamed to HorizontalDivider.
w: file:///Users/alexpimenta/Projects/vitrine-de-craques-plataforma-web/Vitrine-De-Craques-App/app/src/main/java/com/vitrinedecraques/app/ui/profile/ProfileScreen.kt:349:28 'fun Indicator(modifier: Modifier = ..., height: Dp = ..., color: Color = ...): Unit' is deprecated. Use SecondaryIndicator instead.
w: file:///Users/alexpimenta/Projects/vitrine-de-craques-plataforma-web/Vitrine-De-Craques-App/app/src/main/java/com/vitrinedecraques/app/ui/profile/ProfileScreen.kt:434:13 'fun Divider(modifier: Modifier = ..., thickness: Dp = ..., color: Color = ...): Unit' is deprecated. Renamed to HorizontalDivider.

> Task :app:compileDebugJavaWithJavac
> Task :app:processDebugJavaRes
> Task :app:dexBuilderDebug
> Task :app:mergeProjectDexDebug
> Task :app:mergeDebugJavaResource
> Task :app:packageDebug
> Task :app:createDebugApkListingFileRedirect
> Task :app:assembleDebug

BUILD SUCCESSFUL in 3m 1s
38 actionable tasks: 38 executed
> Task :app:checkKotlinGradlePluginConfigurationErrors SKIPPED
> Task :app:preBuild UP-TO-DATE
> Task :app:preDebugBuild UP-TO-DATE
> Task :app:generateDebugBuildConfig UP-TO-DATE
> Task :app:checkDebugAarMetadata UP-TO-DATE
> Task :app:processDebugNavigationResources UP-TO-DATE
> Task :app:compileDebugNavigationResources UP-TO-DATE
> Task :app:generateDebugResValues UP-TO-DATE
> Task :app:mapDebugSourceSetPaths UP-TO-DATE
> Task :app:generateDebugResources UP-TO-DATE
> Task :app:mergeDebugResources UP-TO-DATE
> Task :app:packageDebugResources UP-TO-DATE
> Task :app:parseDebugLocalResources UP-TO-DATE
> Task :app:createDebugCompatibleScreenManifests UP-TO-DATE
> Task :app:extractDeepLinksDebug UP-TO-DATE
> Task :app:processDebugMainManifest UP-TO-DATE
> Task :app:processDebugManifest UP-TO-DATE
> Task :app:processDebugManifestForPackage UP-TO-DATE
> Task :app:processDebugResources UP-TO-DATE
> Task :app:compileDebugKotlin UP-TO-DATE
> Task :app:javaPreCompileDebug UP-TO-DATE
> Task :app:compileDebugJavaWithJavac UP-TO-DATE
> Task :app:mergeDebugShaders UP-TO-DATE
> Task :app:compileDebugShaders NO-SOURCE
> Task :app:generateDebugAssets UP-TO-DATE
> Task :app:mergeDebugAssets UP-TO-DATE
> Task :app:compressDebugAssets UP-TO-DATE
> Task :app:processDebugJavaRes UP-TO-DATE
> Task :app:mergeDebugJavaResource UP-TO-DATE
> Task :app:checkDebugDuplicateClasses UP-TO-DATE
> Task :app:desugarDebugFileDependencies UP-TO-DATE
> Task :app:mergeExtDexDebug UP-TO-DATE
> Task :app:mergeLibDexDebug UP-TO-DATE
> Task :app:dexBuilderDebug UP-TO-DATE
> Task :app:mergeProjectDexDebug UP-TO-DATE
> Task :app:mergeDebugJniLibFolders UP-TO-DATE
> Task :app:mergeDebugNativeLibs UP-TO-DATE
> Task :app:stripDebugDebugSymbols UP-TO-DATE
> Task :app:validateSigningDebug UP-TO-DATE
> Task :app:writeDebugAppMetadata UP-TO-DATE
> Task :app:writeDebugSigningConfigVersions UP-TO-DATE
> Task :app:packageDebug UP-TO-DATE
> Task :app:createDebugApkListingFileRedirect UP-TO-DATE

> Task :app:installDebug
Installing APK 'app-debug.apk' on 'Redmi 8 - 10' for :app:debug
Installed on 1 device.

BUILD SUCCESSFUL in 10s
39 actionable tasks: 1 executed, 38 up-to-date
[INFO] Limpando logcat...
[INFO] Gravando logcat em: ./logs/run-debug-20251102-100035.log
[INFO] Resolvendo PID para pacote 'com.vitrinedecraques.app'...
[INFO] Conectando logcat com --pid=2296 ...
[WARN] Processo 2296 finalizou. Procurando novo PID...
