--------- beginning of main
11-02 11:19:56.190 I/nedecraques.ap(26940): Late-enabling -Xcheck:jni
11-02 11:19:56.238 E/nedecraques.ap(26940): Unknown bits set in runtime_flags: 0x8000
11-02 11:20:01.360 I/Perf    (26940): Connecting to perf service.
11-02 11:20:01.495 I/FeatureParser(26940): can't find olive.xml in assets/device_features/,it may be in /system/etc/device_features
--------- beginning of system
11-02 11:20:01.529 W/Looper  (26940): Slow Looper main: Long Msg: seq=2 plan=11:19:56.357  late=3ms wall=5166ms running=0ms h=android.app.ActivityThread$H w=110
11-02 11:20:01.532 E/Perf    (26940): Fail to get file list com.vitrinedecraques.app
11-02 11:20:01.533 E/Perf    (26940): getFolderSize() : Exception_1 = java.lang.NullPointerException: Attempt to get length of null array
11-02 11:20:01.533 E/Perf    (26940): Fail to get file list com.vitrinedecraques.app
11-02 11:20:01.533 E/Perf    (26940): getFolderSize() : Exception_1 = java.lang.NullPointerException: Attempt to get length of null array
11-02 11:20:01.869 W/Looper  (26940): Slow Looper main: Activity com.vitrinedecraques.app/.MainActivity is 5114ms late (wall=338ms running=0ms ClientTransaction{ callbacks=[android.app.servertransaction.LaunchActivityItem] lifecycleRequest=android.app.servertransaction.ResumeActivityItem }) because of 1 msg, msg 1 took 5166ms (seq=2 late=3ms h=android.app.ActivityThread$H w=110)
11-02 11:20:01.870 W/Looper  (26940): Slow Looper main: Activity com.vitrinedecraques.app/.MainActivity is 5452ms late (wall=1ms running=0ms ClientTransaction{ callbacks=[android.app.servertransaction.TopResumedActivityChangeItem] }) because of 2 msg, msg 1 took 5166ms (seq=2 late=3ms h=android.app.ActivityThread$H w=110), msg 2 took 338ms (seq=3 late=5114ms h=android.app.ActivityThread$H w=159)
11-02 11:20:02.985 W/nedecraques.ap(26940): Accessing hidden method Lsun/misc/Unsafe;->getInt(Ljava/lang/Object;J)I (greylist, linking, allowed)
11-02 11:20:02.986 W/nedecraques.ap(26940): Accessing hidden method Lsun/misc/Unsafe;->getObject(Ljava/lang/Object;J)Ljava/lang/Object; (greylist, linking, allowed)
11-02 11:20:02.986 W/nedecraques.ap(26940): Accessing hidden method Lsun/misc/Unsafe;->putInt(Ljava/lang/Object;JI)V (greylist, linking, allowed)
11-02 11:20:02.986 W/nedecraques.ap(26940): Accessing hidden method Lsun/misc/Unsafe;->getLong(Ljava/lang/Object;J)J (greylist,core-platform-api, linking, allowed)
11-02 11:20:02.990 W/nedecraques.ap(26940): Accessing hidden method Lsun/misc/Unsafe;->putObject(Ljava/lang/Object;JLjava/lang/Object;)V (greylist, linking, allowed)
11-02 11:20:02.992 W/nedecraques.ap(26940): Accessing hidden method Lsun/misc/Unsafe;->objectFieldOffset(Ljava/lang/reflect/Field;)J (greylist,core-platform-api, linking, allowed)
11-02 11:20:02.994 W/nedecraques.ap(26940): Accessing hidden method Lsun/misc/Unsafe;->putObject(Ljava/lang/Object;JLjava/lang/Object;)V (greylist, linking, allowed)
11-02 11:20:02.994 W/nedecraques.ap(26940): Accessing hidden method Lsun/misc/Unsafe;->getInt(Ljava/lang/Object;J)I (greylist, linking, allowed)
11-02 11:20:02.994 W/nedecraques.ap(26940): Accessing hidden method Lsun/misc/Unsafe;->putLong(Ljava/lang/Object;JJ)V (greylist, linking, allowed)
11-02 11:20:02.996 W/nedecraques.ap(26940): Accessing hidden method Lsun/misc/Unsafe;->getInt(Ljava/lang/Object;J)I (greylist, linking, allowed)
11-02 11:20:02.997 W/nedecraques.ap(26940): Accessing hidden method Lsun/misc/Unsafe;->getLong(Ljava/lang/Object;J)J (greylist,core-platform-api, linking, allowed)
11-02 11:20:03.001 W/nedecraques.ap(26940): Accessing hidden method Lsun/misc/Unsafe;->putLong(Ljava/lang/Object;JJ)V (greylist, linking, allowed)
11-02 11:20:03.002 W/nedecraques.ap(26940): Accessing hidden method Lsun/misc/Unsafe;->allocateInstance(Ljava/lang/Class;)Ljava/lang/Object; (greylist, linking, allowed)
11-02 11:20:03.006 W/nedecraques.ap(26940): Accessing hidden method Llibcore/io/Memory;->peekLong(JZ)J (greylist, reflection, allowed)
11-02 11:20:03.006 W/nedecraques.ap(26940): Accessing hidden method Llibcore/io/Memory;->pokeLong(JJZ)V (greylist, reflection, allowed)
11-02 11:20:03.006 W/nedecraques.ap(26940): Accessing hidden method Llibcore/io/Memory;->pokeInt(JIZ)V (greylist, reflection, allowed)
11-02 11:20:03.006 W/nedecraques.ap(26940): Accessing hidden method Llibcore/io/Memory;->peekInt(JZ)I (greylist, reflection, allowed)
11-02 11:20:03.006 W/nedecraques.ap(26940): Accessing hidden method Llibcore/io/Memory;->pokeByte(JB)V (greylist, reflection, allowed)
11-02 11:20:03.006 W/nedecraques.ap(26940): Accessing hidden method Llibcore/io/Memory;->peekByte(J)B (greylist, reflection, allowed)
11-02 11:20:03.006 W/nedecraques.ap(26940): Accessing hidden method Llibcore/io/Memory;->pokeByteArray(J[BII)V (greylist, reflection, allowed)
11-02 11:20:03.006 W/nedecraques.ap(26940): Accessing hidden method Llibcore/io/Memory;->peekByteArray(J[BII)V (greylist, reflection, allowed)
11-02 11:20:03.007 W/nedecraques.ap(26940): Accessing hidden method Lsun/misc/Unsafe;->arrayBaseOffset(Ljava/lang/Class;)I (greylist,core-platform-api, linking, allowed)
11-02 11:20:03.007 W/nedecraques.ap(26940): Accessing hidden method Lsun/misc/Unsafe;->arrayIndexScale(Ljava/lang/Class;)I (greylist, linking, allowed)
11-02 11:20:03.007 W/nedecraques.ap(26940): Accessing hidden method Lsun/misc/Unsafe;->getInt(Ljava/lang/Object;J)I (greylist, linking, allowed)
11-02 11:20:03.008 W/nedecraques.ap(26940): Accessing hidden method Lsun/misc/Unsafe;->getInt(Ljava/lang/Object;J)I (greylist, reflection, allowed)
11-02 11:20:03.009 W/nedecraques.ap(26940): Accessing hidden method Lsun/misc/Unsafe;->putInt(Ljava/lang/Object;JI)V (greylist, reflection, allowed)
11-02 11:20:03.009 W/nedecraques.ap(26940): Accessing hidden method Lsun/misc/Unsafe;->getLong(Ljava/lang/Object;J)J (greylist,core-platform-api, reflection, allowed)
11-02 11:20:03.009 W/nedecraques.ap(26940): Accessing hidden method Lsun/misc/Unsafe;->putLong(Ljava/lang/Object;JJ)V (greylist, reflection, allowed)
11-02 11:20:03.009 W/nedecraques.ap(26940): Accessing hidden method Lsun/misc/Unsafe;->getObject(Ljava/lang/Object;J)Ljava/lang/Object; (greylist, reflection, allowed)
11-02 11:20:03.009 W/nedecraques.ap(26940): Accessing hidden method Lsun/misc/Unsafe;->putObject(Ljava/lang/Object;JLjava/lang/Object;)V (greylist, reflection, allowed)
11-02 11:20:03.009 W/nedecraques.ap(26940): Accessing hidden field Ljava/nio/Buffer;->address:J (greylist, reflection, allowed)
11-02 11:20:03.016 W/nedecraques.ap(26940): Accessing hidden method Lsun/misc/Unsafe;->putObject(Ljava/lang/Object;JLjava/lang/Object;)V (greylist, linking, allowed)
11-02 11:20:03.195 W/nedecraques.ap(26940): Accessing hidden method Landroid/view/View;->getViewRootImpl()Landroid/view/ViewRootImpl; (greylist, reflection, allowed)
11-02 11:20:03.195 W/nedecraques.ap(26940): Accessing hidden field Landroid/view/View$AttachInfo;->mVisibleInsets:Landroid/graphics/Rect; (greylist, reflection, allowed)
11-02 11:20:03.195 W/nedecraques.ap(26940): Accessing hidden field Landroid/view/ViewRootImpl;->mAttachInfo:Landroid/view/View$AttachInfo; (greylist, reflection, allowed)
11-02 11:20:03.237 I/AdrenoGLES(26940): QUALCOMM build                   : 9d44e36, Ie3bb699d95
11-02 11:20:03.237 I/AdrenoGLES(26940): Build Date                       : 09/29/20
11-02 11:20:03.237 I/AdrenoGLES(26940): OpenGL ES Shader Compiler Version: EV031.27.05.02
11-02 11:20:03.237 I/AdrenoGLES(26940): Local Branch                     : 
11-02 11:20:03.237 I/AdrenoGLES(26940): Remote Branch                    : refs/tags/AU_LINUX_ANDROID_LA.UM.8.6.2.R1.10.00.00.537.053
11-02 11:20:03.237 I/AdrenoGLES(26940): Remote Branch                    : NONE
11-02 11:20:03.237 I/AdrenoGLES(26940): Reconstruct Branch               : NOTHING
11-02 11:20:03.237 I/AdrenoGLES(26940): Build Config                     : S L 8.0.10 AArch64
11-02 11:20:03.260 I/AdrenoGLES(26940): PFP: 0x005ff112, ME: 0x005ff066
11-02 11:20:03.330 W/Gralloc3(26940): mapper 3.x is not supported
11-02 11:20:03.551 I/OpenGLRenderer(26940): Davey! duration=2054ms; Flags=1, IntendedVsync=2435447186914378, Vsync=2435447553581030, OldestInputEvent=9223372036854775807, NewestInputEvent=0, HandleInputStart=2435447563544906, AnimationStart=2435447563661156, PerformTraversalsStart=2435447563977771, DrawStart=2435449003699228, SyncQueued=2435449018400218, SyncStart=2435449018812093, IssueDrawCommandsStart=2435449018903187, SwapBuffers=2435449238424072, FrameCompleted=2435449242112353, DequeueBufferDuration=111000, QueueBufferDuration=2386000, 
11-02 11:20:03.556 W/Looper  (26940): Slow Looper main: Long Msg: seq=10 plan=11:20:01.495  late=377ms wall=1681ms running=0ms h=android.view.Choreographer$FrameHandler c=android.view.Choreographer$FrameDisplayEventReceiver
11-02 11:20:03.556 W/Looper  (26940): Slow Looper main: doFrame is 377ms late because of 8 msg, msg 1 took 5166ms (seq=2 late=3ms h=android.app.ActivityThread$H w=110), msg 2 took 338ms (seq=3 late=5114ms h=android.app.ActivityThread$H w=159)
11-02 11:20:03.595 I/Choreographer(26940): Skipped 92 frames!  The application may be doing too much work on its main thread.
11-02 11:20:03.603 W/Looper  (26940): Slow Looper main: doFrame is 1548ms late because of 5 msg, msg 1 took 1681ms (seq=10 late=377ms h=android.view.Choreographer$FrameHandler c=android.view.Choreographer$FrameDisplayEventReceiver)
11-02 11:20:03.607 I/OpenGLRenderer(26940): Davey! duration=1559ms; Flags=0, IntendedVsync=2435447738302609, Vsync=2435449271635881, OldestInputEvent=9223372036854775807, NewestInputEvent=0, HandleInputStart=2435449287754645, AnimationStart=2435449287856833, PerformTraversalsStart=2435449287864228, DrawStart=2435449291586208, SyncQueued=2435449292846416, SyncStart=2435449293539280, IssueDrawCommandsStart=2435449293633499, SwapBuffers=2435449296177458, FrameCompleted=2435449298591155, DequeueBufferDuration=939000, QueueBufferDuration=1465000, 
11-02 11:20:03.662 W/ApiBaseUrlResolver(26940): Falha ao detectar host canônico: null
11-02 11:20:03.665 I/HttpClientProvider(26940): updateSessionCookies host=nice-hill-01a3a1010.2.azurestaticapps.net -> ${cookie.name}@${cookie.domain}${cookie.path}
11-02 11:20:03.784 W/nedecraques.ap(26940): Accessing hidden method Lsun/misc/Unsafe;->getObject(Ljava/lang/Object;J)Ljava/lang/Object; (greylist, linking, allowed)
11-02 11:20:03.784 W/nedecraques.ap(26940): Accessing hidden method Lsun/misc/Unsafe;->putObject(Ljava/lang/Object;JLjava/lang/Object;)V (greylist, linking, allowed)
11-02 11:20:03.785 W/nedecraques.ap(26940): Accessing hidden method Lsun/misc/Unsafe;->putInt(Ljava/lang/Object;JI)V (greylist, linking, allowed)
11-02 11:20:03.785 W/nedecraques.ap(26940): Accessing hidden method Lsun/misc/Unsafe;->getInt(Ljava/lang/Object;J)I (greylist, linking, allowed)
11-02 11:20:04.567 I/OpenGLRenderer(26940): Davey! duration=865ms; Flags=0, IntendedVsync=2435449392392551, Vsync=2435449392392551, OldestInputEvent=9223372036854775807, NewestInputEvent=0, HandleInputStart=2435449396572457, AnimationStart=2435449396579228, PerformTraversalsStart=2435449920418864, DrawStart=2435449920779176, SyncQueued=2435450255046624, SyncStart=2435450255732874, IssueDrawCommandsStart=2435450256045999, SwapBuffers=2435450257072978, FrameCompleted=2435450258436468, DequeueBufferDuration=199000, QueueBufferDuration=504000, 
11-02 11:20:04.656 I/NextApiService(26940): Fetching videos from: ${httpUrl}
11-02 11:20:04.914 I/ExoPlayerImpl(26940): Init b85159a [AndroidXMedia3/1.4.1] [olive, Redmi 8, Xiaomi, 29]
11-02 11:20:05.008 W/nedecraques.ap(26940): Accessing hidden method Landroid/media/AudioTrack;->getLatency()I (greylist, reflection, allowed)
11-02 11:20:05.447 I/chatty  (26940): uid=11404(com.vitrinedecraques.app) identical 36 lines
11-02 11:20:05.473 I/chatty  (26940): uid=11404(com.vitrinedecraques.app) identical 2 lines
11-02 11:20:05.735 I/ExoPlayerImpl(26940): Init e433174 [AndroidXMedia3/1.4.1] [olive, Redmi 8, Xiaomi, 29]
11-02 11:20:05.846 I/chatty  (26940): uid=11404(com.vitrinedecraques.app) identical 14 lines
11-02 11:20:05.878 I/chatty  (26940): uid=11404(com.vitrinedecraques.app) identical 9 lines
11-02 11:20:05.883 W/Gralloc3(26940): allocator 3.x is not supported
11-02 11:20:05.933 I/chatty  (26940): uid=11404(com.vitrinedecraques.app) identical 12 lines
11-02 11:20:06.282 W/Looper  (26940): Slow Looper main: Long Msg: seq=39 plan=11:20:04.570  late=93ms wall=1617ms running=0ms h=android.view.Choreographer$FrameHandler c=android.view.Choreographer$FrameDisplayEventReceiver
11-02 11:20:06.282 I/OpenGLRenderer(26940): Davey! duration=1712ms; Flags=0, IntendedVsync=2435450261225064, Vsync=2435450344558394, OldestInputEvent=9223372036854775807, NewestInputEvent=0, HandleInputStart=2435450354903759, AnimationStart=2435450355040895, PerformTraversalsStart=2435450464822249, DrawStart=2435450465129124, SyncQueued=2435451970361311, SyncStart=2435451970880165, IssueDrawCommandsStart=2435451971758707, SwapBuffers=2435451972865373, FrameCompleted=2435451973816102, DequeueBufferDuration=319000, QueueBufferDuration=390000, 
11-02 11:20:06.359 I/NextApiService(26940): Fetching profile details from: ${httpUrl}
11-02 11:20:06.362 I/HttpClientProvider(26940): getSessionCookies host=pub-11c79f639e314f208bdf80d01ef7056c.r2.dev -> nenhum
11-02 11:20:06.387 I/HttpClientProvider(26940): getSessionCookies host=pub-11c79f639e314f208bdf80d01ef7056c.r2.dev -> nenhum
11-02 11:20:06.404 I/Choreographer(26940): Skipped 104 frames!  The application may be doing too much work on its main thread.
11-02 11:20:06.446 I/DpmTcmClient(26940): RegisterTcmMonitor from: $Proxy0
11-02 11:20:06.497 W/Looper  (26940): Slow Looper main: doFrame is 1734ms late because of 11 msg, msg 1 took 1617ms (seq=39 late=93ms h=android.view.Choreographer$FrameHandler c=android.view.Choreographer$FrameDisplayEventReceiver), msg 6 took 68ms (seq=44 late=1628ms h=android.os.Handler c=androidx.compose.ui.platform.AndroidComposeViewAccessibilityDelegateCompat$$ExternalSyntheticLambda3), msg 7 took 53ms (seq=45 late=1687ms h=android.os.Handler c=androidx.compose.ui.platform.AndroidUiDispatcher$dispatchCallback$1)
11-02 11:20:06.754 I/OpenGLRenderer(26940): Davey! duration=2083ms; Flags=1, IntendedVsync=2435450361482534, Vsync=2435452094815798, OldestInputEvent=9223372036854775807, NewestInputEvent=0, HandleInputStart=2435452097282613, AnimationStart=2435452097401519, PerformTraversalsStart=2435452140541467, DrawStart=2435452171175113, SyncQueued=2435452183776154, SyncStart=2435452184305269, IssueDrawCommandsStart=2435452185456675, SwapBuffers=2435452443730165, FrameCompleted=2435452445740894, DequeueBufferDuration=347000, QueueBufferDuration=595000, 
11-02 11:20:09.432 I/nedecraques.ap(26940): ProcessProfilingInfo new_methods=15285 is saved saved_to_disk=1 resolve_classes_delay=8000
11-02 11:20:09.615 I/ServiceManager(26940): Waiting for service 'media.player' on '/dev/binder'...
11-02 11:20:10.616 I/ServiceManager(26940): Waiting for service 'media.player' on '/dev/binder'...
11-02 11:20:11.616 I/ServiceManager(26940): Waiting for service 'media.player' on '/dev/binder'...
11-02 11:20:12.617 I/ServiceManager(26940): Waiting for service 'media.player' on '/dev/binder'...
11-02 11:20:13.618 I/ServiceManager(26940): Waiting for service 'media.player' on '/dev/binder'...
11-02 11:20:14.619 W/ServiceManager(26940): Service media.player didn't start. Returning NULL
11-02 11:20:14.755 I/OMXClient(26940): IOmx service obtained
11-02 11:20:14.808 I/OMXClient(26940): IOmx service obtained
11-02 11:20:14.829 I/OMXClient(26940): IOmx service obtained
11-02 11:20:14.835 I/OMXClient(26940): IOmx service obtained
11-02 11:20:14.844 I/OMXClient(26940): IOmx service obtained
11-02 11:20:14.854 I/OMXClient(26940): IOmx service obtained
11-02 11:20:14.860 I/OMXClient(26940): IOmx service obtained
11-02 11:20:14.866 I/OMXClient(26940): IOmx service obtained
11-02 11:20:14.873 I/OMXClient(26940): IOmx service obtained
11-02 11:20:14.879 I/OMXClient(26940): IOmx service obtained
11-02 11:20:14.893 I/OMXClient(26940): IOmx service obtained
11-02 11:20:14.900 I/OMXClient(26940): IOmx service obtained
11-02 11:20:14.909 I/OMXClient(26940): IOmx service obtained
11-02 11:20:14.924 I/OMXClient(26940): IOmx service obtained
11-02 11:20:14.936 I/OMXClient(26940): IOmx service obtained
11-02 11:20:14.947 I/OMXClient(26940): IOmx service obtained
11-02 11:20:14.958 I/OMXClient(26940): IOmx service obtained
11-02 11:20:15.151 W/OmxInfoBuilder(26940): Fail to add media type video/avc to codec OMX.qcom.video.decoder.avc
11-02 11:20:15.159 I/ServiceManagement(26940): getService: Trying again for android.hardware.media.omx@1.0::IOmx/default...
11-02 11:20:15.329 I/OMXClient(26940): IOmx service obtained
11-02 11:20:15.332 W/ExoPlayer:Playb(26940): type=1400 audit(0.0:387053): avc: denied { read } for name="u:object_r:vendor_audio_prop:s0" dev="tmpfs" ino=17563 scontext=u:r:untrusted_app:s0:c124,c261,c512,c768 tcontext=u:object_r:vendor_audio_prop:s0 tclass=file permissive=0
11-02 11:20:15.339 E/libc    (26940): Access denied finding property "vendor.audio.record.aggregate.buffer.duration"
11-02 11:20:15.339 E/libc    (26940): Access denied finding property "persist.vendor.audio.debug.sf.noaudio"
11-02 11:20:15.340 E/libc    (26940): Access denied finding property "vendor.audio.use.sw.alac.decoder"
11-02 11:20:15.340 E/libc    (26940): Access denied finding property "vendor.audio.use.sw.ape.decoder"
11-02 11:20:15.340 E/libc    (26940): Access denied finding property "vendor.audio.use.sw.mpegh.decoder"
11-02 11:20:15.340 E/libc    (26940): Access denied finding property "vendor.audio.flac.sw.decoder.24bit"
11-02 11:20:15.340 E/libc    (26940): Access denied finding property "vendor.audio.hw.aac.encoder"
11-02 11:20:15.332 W/ExoPlayer:Playb(26940): type=1400 audit(0.0:387054): avc: denied { read } for name="u:object_r:vendor_audio_prop:s0" dev="tmpfs" ino=17563 scontext=u:r:untrusted_app:s0:c124,c261,c512,c768 tcontext=u:object_r:vendor_audio_prop:s0 tclass=file permissive=0
11-02 11:20:15.332 W/ExoPlayer:Playb(26940): type=1400 audit(0.0:387055): avc: denied { read } for name="u:object_r:vendor_audio_prop:s0" dev="tmpfs" ino=17563 scontext=u:r:untrusted_app:s0:c124,c261,c512,c768 tcontext=u:object_r:vendor_audio_prop:s0 tclass=file permissive=0
11-02 11:20:15.332 I/chatty  (26940): uid=10135(com.xiaomi.mipicks) com.vitrinedecraques.app identical 3 lines
11-02 11:20:15.332 W/ExoPlayer:Playb(26940): type=1400 audit(0.0:387059): avc: denied { read } for name="u:object_r:vendor_audio_prop:s0" dev="tmpfs" ino=17563 scontext=u:r:untrusted_app:s0:c124,c261,c512,c768 tcontext=u:object_r:vendor_audio_prop:s0 tclass=file permissive=0
11-02 11:20:15.342 I/OMXClient(26940): IOmx service obtained
11-02 11:20:15.361 I/OMXClient(26940): IOmx service obtained
11-02 11:20:15.372 I/OMXClient(26940): IOmx service obtained
11-02 11:20:15.382 I/OMXClient(26940): IOmx service obtained
11-02 11:20:15.390 I/OMXClient(26940): IOmx service obtained
11-02 11:20:15.527 I/OMXClient(26940): IOmx service obtained
11-02 11:20:15.542 I/OMXClient(26940): IOmx service obtained
11-02 11:20:15.557 I/OMXClient(26940): IOmx service obtained
11-02 11:20:15.563 I/OMXClient(26940): IOmx service obtained
11-02 11:20:15.592 I/OMXClient(26940): IOmx service obtained
11-02 11:20:15.600 I/OMXClient(26940): IOmx service obtained
11-02 11:20:15.606 I/OMXClient(26940): IOmx service obtained
11-02 11:20:15.627 W/OMXUtils(26940): do not know color format 0x7fa30c04 = 2141391876
11-02 11:20:15.628 W/OMXUtils(26940): do not know color format 0x7f000789 = 2130708361
11-02 11:20:15.638 I/OMXClient(26940): IOmx service obtained
11-02 11:20:15.642 W/OMXUtils(26940): do not know color format 0x7f000789 = 2130708361
11-02 11:20:15.645 I/OMXClient(26940): IOmx service obtained
11-02 11:20:15.657 W/OMXUtils(26940): do not know color format 0x7fa30c04 = 2141391876
11-02 11:20:15.657 W/OMXUtils(26940): do not know color format 0x7f000789 = 2130708361
11-02 11:20:15.661 I/OMXClient(26940): IOmx service obtained
11-02 11:20:15.664 W/OMXUtils(26940): do not know color format 0x7f000789 = 2130708361
11-02 11:20:15.668 I/OMXClient(26940): IOmx service obtained
11-02 11:20:15.674 W/OMXUtils(26940): do not know color format 0x7fa30c04 = 2141391876
11-02 11:20:15.675 W/OMXUtils(26940): do not know color format 0x7f000789 = 2130708361
11-02 11:20:15.679 I/OMXClient(26940): IOmx service obtained
11-02 11:20:15.682 W/OMXUtils(26940): do not know color format 0x7f000789 = 2130708361
11-02 11:20:15.687 I/OMXClient(26940): IOmx service obtained
11-02 11:20:15.691 W/OMXUtils(26940): do not know color format 0x7f000789 = 2130708361
11-02 11:20:15.696 I/Codec2Client(26940): Available Codec2 services: "software"
11-02 11:20:15.696 I/Codec2Client(26940): Creating a Codec2 client to service "software"
11-02 11:20:15.706 I/Codec2Client(26940): Client to Codec2 service "software" created
11-02 11:20:15.723 I/MediaCodecsXmlParser(26940): limit: max-channel-count = 2
11-02 11:20:15.723 I/MediaCodecsXmlParser(26940): limit: sample-rate-ranges = 8000,11025,12000,16000,22050,24000,32000,44100,48000
11-02 11:20:15.723 I/MediaCodecsXmlParser(26940): limit: bitrate-range = 8000-320000
11-02 11:20:15.723 I/MediaCodecsXmlParser(26940): limit: max-channel-count = 1
11-02 11:20:15.723 I/MediaCodecsXmlParser(26940): limit: sample-rate-ranges = 8000
11-02 11:20:15.723 I/MediaCodecsXmlParser(26940): limit: bitrate-range = 4750-12200
11-02 11:20:15.723 I/MediaCodecsXmlParser(26940): limit: max-channel-count = 1
11-02 11:20:15.723 I/MediaCodecsXmlParser(26940): limit: sample-rate-ranges = 16000
11-02 11:20:15.723 I/MediaCodecsXmlParser(26940): limit: bitrate-range = 6600-23850
11-02 11:20:15.723 I/MediaCodecsXmlParser(26940): limit: max-channel-count = 8
11-02 11:20:15.723 I/MediaCodecsXmlParser(26940): limit: sample-rate-ranges = 7350,8000,11025,12000,16000,22050,24000,32000,44100,48000
11-02 11:20:15.723 I/MediaCodecsXmlParser(26940): limit: bitrate-range = 8000-960000
11-02 11:20:15.723 I/MediaCodecsXmlParser(26940): limit: max-channel-count = 1
11-02 11:20:15.723 I/MediaCodecsXmlParser(26940): limit: sample-rate-ranges = 8000-48000
11-02 11:20:15.723 I/MediaCodecsXmlParser(26940): limit: bitrate-range = 64000
11-02 11:20:15.723 I/MediaCodecsXmlParser(26940): limit: max-channel-count = 1
11-02 11:20:15.723 I/MediaCodecsXmlParser(26940): limit: sample-rate-ranges = 8000-48000
11-02 11:20:15.723 I/MediaCodecsXmlParser(26940): limit: bitrate-range = 64000
11-02 11:20:15.723 I/MediaCodecsXmlParser(26940): limit: max-channel-count = 8
11-02 11:20:15.723 I/MediaCodecsXmlParser(26940): limit: sample-rate-ranges = 8000-96000
11-02 11:20:15.723 I/MediaCodecsXmlParser(26940): limit: bitrate-range = 32000-500000
11-02 11:20:15.724 I/MediaCodecsXmlParser(26940): limit: max-channel-count = 8
11-02 11:20:15.724 I/MediaCodecsXmlParser(26940): limit: sample-rate-ranges = 48000
11-02 11:20:15.724 I/MediaCodecsXmlParser(26940): limit: bitrate-range = 6000-510000
11-02 11:20:15.724 I/MediaCodecsXmlParser(26940): limit: max-channel-count = 8
11-02 11:20:15.724 I/MediaCodecsXmlParser(26940): limit: sample-rate-ranges = 8000-96000
11-02 11:20:15.724 I/MediaCodecsXmlParser(26940): limit: bitrate-range = 1-10000000
11-02 11:20:15.724 I/MediaCodecsXmlParser(26940): limit: max-channel-count = 8
11-02 11:20:15.724 I/MediaCodecsXmlParser(26940): limit: sample-rate-ranges = 1-655350
11-02 11:20:15.724 I/MediaCodecsXmlParser(26940): limit: bitrate-range = 1-21000000
11-02 11:20:15.724 I/MediaCodecsXmlParser(26940): limit: max-channel-count = 1
11-02 11:20:15.724 I/MediaCodecsXmlParser(26940): limit: sample-rate-ranges = 8000
11-02 11:20:15.724 I/MediaCodecsXmlParser(26940): limit: bitrate-range = 13000
11-02 11:20:15.724 I/MediaCodecsXmlParser(26940): limit: size-range = 2x2-352x288
11-02 11:20:15.724 I/MediaCodecsXmlParser(26940): limit: alignment = 2x2
11-02 11:20:15.724 I/MediaCodecsXmlParser(26940): limit: block-size = 16x16
11-02 11:20:15.724 I/MediaCodecsXmlParser(26940): limit: blocks-per-second-range = 12-11880
11-02 11:20:15.724 I/MediaCodecsXmlParser(26940): limit: bitrate-range = 1-384000
11-02 11:20:15.724 I/MediaCodecsXmlParser(26940): limit: feature-adaptive-playback = 0
11-02 11:20:15.724 I/MediaCodecsXmlParser(26940): limit: size-range = 2x2-352x288
11-02 11:20:15.724 I/MediaCodecsXmlParser(26940): limit: alignment = 2x2
11-02 11:20:15.724 I/MediaCodecsXmlParser(26940): limit: bitrate-range = 1-384000
11-02 11:20:15.724 I/MediaCodecsXmlParser(26940): limit: feature-adaptive-playback = 0
11-02 11:20:15.725 I/MediaCodecsXmlParser(26940): limit: alignment = 2x2
11-02 11:20:15.725 I/MediaCodecsXmlParser(26940): limit: block-size = 16x16
11-02 11:20:15.725 I/MediaCodecsXmlParser(26940): limit: size-range = 2x2-4080x4080
11-02 11:20:15.725 I/MediaCodecsXmlParser(26940): limit: block-count-range = 1-32768
11-02 11:20:15.725 I/MediaCodecsXmlParser(26940): limit: blocks-per-second-range = 1-1966080
11-02 11:20:15.725 I/MediaCodecsXmlParser(26940): limit: bitrate-range = 1-48000000
11-02 11:20:15.725 I/MediaCodecsXmlParser(26940): limit: size-range = 2x2-2048x2048
11-02 11:20:15.725 I/MediaCodecsXmlParser(26940): limit: block-count-range = 1-16384
11-02 11:20:15.725 I/MediaCodecsXmlParser(26940): limit: blocks-per-second-range = 1-491520
11-02 11:20:15.725 I/MediaCodecsXmlParser(26940): limit: bitrate-range = 1-40000000
11-02 11:20:15.725 I/MediaCodecsXmlParser(26940): limit: feature-adaptive-playback = 0
11-02 11:20:15.725 I/MediaCodecsXmlParser(26940): limit: alignment = 2x2
11-02 11:20:15.725 I/MediaCodecsXmlParser(26940): limit: block-size = 8x8
11-02 11:20:15.725 I/MediaCodecsXmlParser(26940): limit: size-range = 2x2-4096x4096
11-02 11:20:15.725 I/MediaCodecsXmlParser(26940): limit: block-count-range = 1-196608
11-02 11:20:15.725 I/MediaCodecsXmlParser(26940): limit: blocks-per-second-range = 1-2000000
11-02 11:20:15.725 I/MediaCodecsXmlParser(26940): limit: bitrate-range = 1-10000000
11-02 11:20:15.725 I/MediaCodecsXmlParser(26940): limit: size-range = 2x2-2048x2048
11-02 11:20:15.725 I/MediaCodecsXmlParser(26940): limit: block-count-range = 1-65536
11-02 11:20:15.725 I/MediaCodecsXmlParser(26940): limit: blocks-per-second-range = 1-491520
11-02 11:20:15.725 I/MediaCodecsXmlParser(26940): limit: bitrate-range = 1-5000000
11-02 11:20:15.725 I/MediaCodecsXmlParser(26940): limit: feature-adaptive-playback = 0
11-02 11:20:15.725 I/MediaCodecsXmlParser(26940): limit: size-range = 2x2-2048x2048
11-02 11:20:15.725 I/MediaCodecsXmlParser(26940): limit: alignment = 2x2
11-02 11:20:15.726 I/MediaCodecsXmlParser(26940): limit: block-size = 16x16
11-02 11:20:15.726 I/MediaCodecsXmlParser(26940): limit: block-count-range = 1-16384
11-02 11:20:15.726 I/MediaCodecsXmlParser(26940): limit: blocks-per-second-range = 1-1000000
11-02 11:20:15.726 I/MediaCodecsXmlParser(26940): limit: bitrate-range = 1-40000000
11-02 11:20:15.726 I/MediaCodecsXmlParser(26940): limit: block-count-range = 1-8192
11-02 11:20:15.726 I/MediaCodecsXmlParser(26940): limit: blocks-per-second-range = 1-1000000
11-02 11:20:15.726 I/MediaCodecsXmlParser(26940): limit: bitrate-range = 1-40000000
11-02 11:20:15.726 I/MediaCodecsXmlParser(26940): limit: feature-adaptive-playback = 0
11-02 11:20:15.726 I/chatty  (26940): uid=11404(com.vitrinedecraques.app) ExoPlayer:Playb identical 1 line
11-02 11:20:15.727 E/libc    (26940): Access denied finding property "vendor.sys.media.target.version"
11-02 11:20:15.727 I/MediaCodecsXmlParser(26940): getVendorXmlPath (/vendor/etc/media_codecs_vendor.xml)
11-02 11:20:15.728 I/MediaCodecsXmlParser(26940): limit: max-channel-count = 2
11-02 11:20:15.728 I/MediaCodecsXmlParser(26940): limit: sample-rate-ranges = 8000,11025,12000,16000,22050,24000,32000,44100,48000
11-02 11:20:15.728 I/MediaCodecsXmlParser(26940): limit: bitrate-range = 8000-320000
11-02 11:20:15.728 I/MediaCodecsXmlParser(26940): limit: max-channel-count = 1
11-02 11:20:15.728 I/MediaCodecsXmlParser(26940): limit: sample-rate-ranges = 8000
11-02 11:20:15.728 I/MediaCodecsXmlParser(26940): limit: bitrate-range = 4750-12200
11-02 11:20:15.728 I/MediaCodecsXmlParser(26940): limit: max-channel-count = 1
11-02 11:20:15.728 I/MediaCodecsXmlParser(26940): limit: sample-rate-ranges = 16000
11-02 11:20:15.728 I/MediaCodecsXmlParser(26940): limit: bitrate-range = 6600-23850
11-02 11:20:15.728 I/MediaCodecsXmlParser(26940): limit: max-channel-count = 8
11-02 11:20:15.728 I/MediaCodecsXmlParser(26940): limit: sample-rate-ranges = 7350,8000,11025,12000,16000,22050,24000,32000,44100,48000
11-02 11:20:15.728 I/MediaCodecsXmlParser(26940): limit: bitrate-range = 8000-960000
11-02 11:20:15.728 I/MediaCodecsXmlParser(26940): limit: max-channel-count = 1
11-02 11:20:15.728 I/MediaCodecsXmlParser(26940): limit: sample-rate-ranges = 8000-48000
11-02 11:20:15.728 I/MediaCodecsXmlParser(26940): limit: bitrate-range = 64000
11-02 11:20:15.728 I/MediaCodecsXmlParser(26940): limit: max-channel-count = 1
11-02 11:20:15.728 I/MediaCodecsXmlParser(26940): limit: sample-rate-ranges = 8000-48000
11-02 11:20:15.728 I/MediaCodecsXmlParser(26940): limit: bitrate-range = 64000
11-02 11:20:15.728 I/MediaCodecsXmlParser(26940): limit: max-channel-count = 8
11-02 11:20:15.728 I/MediaCodecsXmlParser(26940): limit: sample-rate-ranges = 8000-96000
11-02 11:20:15.728 I/MediaCodecsXmlParser(26940): limit: bitrate-range = 32000-500000
11-02 11:20:15.728 I/MediaCodecsXmlParser(26940): limit: max-channel-count = 8
11-02 11:20:15.728 I/MediaCodecsXmlParser(26940): limit: sample-rate-ranges = 48000
11-02 11:20:15.728 I/MediaCodecsXmlParser(26940): limit: bitrate-range = 6000-510000
11-02 11:20:15.728 I/MediaCodecsXmlParser(26940): limit: max-channel-count = 8
11-02 11:20:15.728 I/MediaCodecsXmlParser(26940): limit: sample-rate-ranges = 8000-192000
11-02 11:20:15.728 I/MediaCodecsXmlParser(26940): limit: bitrate-range = 1-10000000
11-02 11:20:15.728 I/MediaCodecsXmlParser(26940): limit: max-channel-count = 8
11-02 11:20:15.728 I/MediaCodecsXmlParser(26940): limit: sample-rate-ranges = 1-655350
11-02 11:20:15.728 I/MediaCodecsXmlParser(26940): limit: bitrate-range = 1-21000000
11-02 11:20:15.728 I/MediaCodecsXmlParser(26940): limit: max-channel-count = 6
11-02 11:20:15.728 I/MediaCodecsXmlParser(26940): limit: sample-rate-ranges = 8000,11025,12000,16000,22050,24000,32000,44100,48000
11-02 11:20:15.729 I/MediaCodecsXmlParser(26940): limit: bitrate-range = 8000-960000
11-02 11:20:15.729 I/MediaCodecsXmlParser(26940): limit: max-channel-count = 1
11-02 11:20:15.729 I/MediaCodecsXmlParser(26940): limit: sample-rate-ranges = 8000
11-02 11:20:15.729 I/MediaCodecsXmlParser(26940): limit: bitrate-range = 4750-12200
11-02 11:20:15.729 I/MediaCodecsXmlParser(26940): limit: feature-bitrate-modes = CBR
11-02 11:20:15.729 I/MediaCodecsXmlParser(26940): limit: max-channel-count = 1
11-02 11:20:15.729 I/MediaCodecsXmlParser(26940): limit: sample-rate-ranges = 16000
11-02 11:20:15.729 I/MediaCodecsXmlParser(26940): limit: bitrate-range = 6600-23850
11-02 11:20:15.729 I/MediaCodecsXmlParser(26940): limit: feature-bitrate-modes = CBR
11-02 11:20:15.729 I/MediaCodecsXmlParser(26940): limit: max-channel-count = 2
11-02 11:20:15.729 I/MediaCodecsXmlParser(26940): limit: sample-rate-ranges = 1-655350
11-02 11:20:15.729 I/MediaCodecsXmlParser(26940): limit: bitrate-range = 1-21000000
11-02 11:20:15.729 I/MediaCodecsXmlParser(26940): limit: complexity-default = 5
11-02 11:20:15.729 I/MediaCodecsXmlParser(26940): limit: complexity-range = 0-8
11-02 11:20:15.729 I/MediaCodecsXmlParser(26940): limit: feature-bitrate-modes = CQ
11-02 11:20:15.729 I/MediaCodecsXmlParser(26940): limit: max-concurrent-instances = 10
11-02 11:20:15.729 I/MediaCodecsXmlParser(26940): limit: max-channel-count = 1
11-02 11:20:15.729 I/MediaCodecsXmlParser(26940): limit: sample-rate-ranges = 8000
11-02 11:20:15.730 I/MediaCodecsXmlParser(26940): limit: bitrate-range = 13000
11-02 11:20:15.730 I/MediaCodecsXmlParser(26940): limit: size-range = 96x96-1920x1088
11-02 11:20:15.730 I/MediaCodecsXmlParser(26940): limit: alignment = 2x2
11-02 11:20:15.730 I/MediaCodecsXmlParser(26940): limit: block-size = 16x16
11-02 11:20:15.730 I/MediaCodecsXmlParser(26940): limit: blocks-per-second-range = 1-244800
11-02 11:20:15.730 I/MediaCodecsXmlParser(26940): limit: bitrate-range = 1-20000000
11-02 11:20:15.730 I/MediaCodecsXmlParser(26940): limit: max-concurrent-instances = 8
11-02 11:20:15.730 I/MediaCodecsXmlParser(26940): limit: feature-can-swap-width-height = 0
11-02 11:20:15.730 I/MediaCodecsXmlParser(26940): limit: performance-point-1920x1088-range = 30-30
11-02 11:20:15.730 I/MediaCodecsXmlParser(26940): limit: size-range = 32x32-864x480
11-02 11:20:15.730 I/MediaCodecsXmlParser(26940): limit: alignment = 2x2
11-02 11:20:15.730 I/MediaCodecsXmlParser(26940): limit: block-size = 16x16
11-02 11:20:15.730 I/MediaCodecsXmlParser(26940): limit: blocks-per-second-range = 1-48600
11-02 11:20:15.730 I/MediaCodecsXmlParser(26940): limit: bitrate-range = 1-2000000
11-02 11:20:15.730 I/MediaCodecsXmlParser(26940): limit: max-concurrent-instances = 16
11-02 11:20:15.730 I/MediaCodecsXmlParser(26940): limit: performance-point-720x480-range = 30-30
11-02 11:20:15.730 I/MediaCodecsXmlParser(26940): limit: performance-point-720x576-range = 25-25
11-02 11:20:15.730 I/MediaCodecsXmlParser(26940): limit: size-range = 32x32-864x480
11-02 11:20:15.730 I/MediaCodecsXmlParser(26940): limit: alignment = 4x4
11-02 11:20:15.730 I/MediaCodecsXmlParser(26940): limit: block-size = 16x16
11-02 11:20:15.730 I/MediaCodecsXmlParser(26940): limit: blocks-per-second-range = 1-48600
11-02 11:20:15.730 I/MediaCodecsXmlParser(26940): limit: bitrate-range = 1-2000000
11-02 11:20:15.730 I/MediaCodecsXmlParser(26940): limit: max-concurrent-instances = 16
11-02 11:20:15.730 I/MediaCodecsXmlParser(26940): limit: performance-point-720x480-range = 30-30
11-02 11:20:15.730 I/MediaCodecsXmlParser(26940): limit: performance-point-720x576-range = 25-25
11-02 11:20:15.730 I/MediaCodecsXmlParser(26940): limit: size-range = 64x64-1920x1088
11-02 11:20:15.730 I/MediaCodecsXmlParser(26940): limit: alignment = 2x2
11-02 11:20:15.730 I/MediaCodecsXmlParser(26940): limit: block-size = 16x16
11-02 11:20:15.730 I/MediaCodecsXmlParser(26940): limit: blocks-per-second-range = 1-244800
11-02 11:20:15.730 I/MediaCodecsXmlParser(26940): limit: bitrate-range = 1-20000000
11-02 11:20:15.730 I/MediaCodecsXmlParser(26940): limit: feature-adaptive-playback = 0
11-02 11:20:15.730 I/MediaCodecsXmlParser(26940): limit: max-concurrent-instances = 8
11-02 11:20:15.731 I/MediaCodecsXmlParser(26940): limit: feature-can-swap-width-height = 0
11-02 11:20:15.731 I/MediaCodecsXmlParser(26940): limit: performance-point-1920x1088-range = 30-30
11-02 11:20:15.731 I/MediaCodecsXmlParser(26940): limit: size-range = 64x64-1920x1088
11-02 11:20:15.731 I/MediaCodecsXmlParser(26940): limit: alignment = 2x2
11-02 11:20:15.731 I/MediaCodecsXmlParser(26940): limit: block-size = 16x16
11-02 11:20:15.731 I/MediaCodecsXmlParser(26940): limit: blocks-per-second-range = 1-244800
11-02 11:20:15.731 I/MediaCodecsXmlParser(26940): limit: bitrate-range = 1-20000000
11-02 11:20:15.731 I/MediaCodecsXmlParser(26940): limit: feature-adaptive-playback = 0
11-02 11:20:15.731 I/MediaCodecsXmlParser(26940): limit: max-concurrent-instances = 8
11-02 11:20:15.731 I/MediaCodecsXmlParser(26940): limit: performance-point-1920x1088-range = 30-30
11-02 11:20:15.731 I/MediaCodecsXmlParser(26940): limit: size-range = 64x64-1920x1088
11-02 11:20:15.731 I/MediaCodecsXmlParser(26940): limit: alignment = 2x2
11-02 11:20:15.731 I/MediaCodecsXmlParser(26940): limit: block-size = 16x16
11-02 11:20:15.731 I/MediaCodecsXmlParser(26940): limit: blocks-per-second-range = 1-244800
11-02 11:20:15.731 I/MediaCodecsXmlParser(26940): limit: bitrate-range = 1-20000000
11-02 11:20:15.731 I/MediaCodecsXmlParser(26940): limit: feature-adaptive-playback = 0
11-02 11:20:15.731 I/MediaCodecsXmlParser(26940): limit: max-concurrent-instances = 8
11-02 11:20:15.731 I/MediaCodecsXmlParser(26940): limit: performance-point-1920x1088-range = 30-30
11-02 11:20:15.731 I/MediaCodecsXmlParser(26940): limit: size-range = 16x16-1920x1088
11-02 11:20:15.731 I/MediaCodecsXmlParser(26940): limit: alignment = 2x2
11-02 11:20:15.731 I/MediaCodecsXmlParser(26940): limit: block-size = 16x16
11-02 11:20:15.731 I/MediaCodecsXmlParser(26940): limit: blocks-per-second-range = 1-244800
11-02 11:20:15.731 I/MediaCodecsXmlParser(26940): limit: bitrate-range = 1-6000000
11-02 11:20:15.731 I/MediaCodecsXmlParser(26940): limit: max-concurrent-instances = 16
11-02 11:20:15.731 I/MediaCodecsXmlParser(26940): limit: performance-point-1920x1088-range = 30-30
11-02 11:20:15.731 I/MediaCodecsXmlParser(26940): limit: size-range = 16x16-1920x1088
11-02 11:20:15.731 I/MediaCodecsXmlParser(26940): limit: alignment = 2x2
11-02 11:20:15.731 I/MediaCodecsXmlParser(26940): limit: block-size = 16x16
11-02 11:20:15.731 I/MediaCodecsXmlParser(26940): limit: blocks-per-second-range = 1-244800
11-02 11:20:15.731 I/MediaCodecsXmlParser(26940): limit: bitrate-range = 1-6000000
11-02 11:20:15.731 I/MediaCodecsXmlParser(26940): limit: max-concurrent-instances = 16
11-02 11:20:15.731 I/MediaCodecsXmlParser(26940): limit: performance-point-1920x1088-range = 30-30
11-02 11:20:15.731 I/MediaCodecsXmlParser(26940): limit: size-range = 16x16-1920x1088
11-02 11:20:15.732 I/MediaCodecsXmlParser(26940): limit: alignment = 2x2
11-02 11:20:15.732 I/MediaCodecsXmlParser(26940): limit: block-size = 16x16
11-02 11:20:15.732 I/MediaCodecsXmlParser(26940): limit: blocks-per-second-range = 1-244800
11-02 11:20:15.732 I/MediaCodecsXmlParser(26940): limit: bitrate-range = 1-6000000
11-02 11:20:15.732 I/MediaCodecsXmlParser(26940): limit: max-concurrent-instances = 16
11-02 11:20:15.732 I/MediaCodecsXmlParser(26940): limit: performance-point-1920x1088-range = 30-30
11-02 11:20:15.732 I/MediaCodecsXmlParser(26940): limit: size-range = 16x16-1920x1088
11-02 11:20:15.732 I/MediaCodecsXmlParser(26940): limit: alignment = 2x2
11-02 11:20:15.732 I/MediaCodecsXmlParser(26940): limit: block-size = 16x16
11-02 11:20:15.732 I/MediaCodecsXmlParser(26940): limit: blocks-per-second-range = 1-244800
11-02 11:20:15.732 I/MediaCodecsXmlParser(26940): limit: bitrate-range = 1-6000000
11-02 11:20:15.732 I/MediaCodecsXmlParser(26940): limit: max-concurrent-instances = 16
11-02 11:20:15.732 I/MediaCodecsXmlParser(26940): limit: performance-point-1920x1088-range = 30-30
11-02 11:20:15.732 I/MediaCodecsXmlParser(26940): limit: size-range = 16x16-864x480
11-02 11:20:15.732 I/MediaCodecsXmlParser(26940): limit: alignment = 4x4
11-02 11:20:15.732 I/MediaCodecsXmlParser(26940): limit: block-size = 16x16
11-02 11:20:15.732 I/MediaCodecsXmlParser(26940): limit: blocks-per-second-range = 1-48600
11-02 11:20:15.732 I/MediaCodecsXmlParser(26940): limit: bitrate-range = 1-2000000
11-02 11:20:15.732 I/MediaCodecsXmlParser(26940): limit: max-concurrent-instances = 16
11-02 11:20:15.732 I/MediaCodecsXmlParser(26940): limit: performance-point-720x480-range = 30-30
11-02 11:20:15.733 I/MediaCodecsXmlParser(26940): limit: performance-point-720x576-range = 25-25
11-02 11:20:15.733 I/MediaCodecsXmlParser(26940): limit: size-range = 2x2-2048x2048
11-02 11:20:15.733 I/MediaCodecsXmlParser(26940): limit: alignment = 2x2
11-02 11:20:15.733 I/MediaCodecsXmlParser(26940): limit: block-size = 8x8
11-02 11:20:15.733 I/MediaCodecsXmlParser(26940): limit: block-count-range = 1-65536
11-02 11:20:15.733 I/MediaCodecsXmlParser(26940): limit: blocks-per-second-range = 1-491520
11-02 11:20:15.733 I/MediaCodecsXmlParser(26940): limit: bitrate-range = 1-5000000
11-02 11:20:15.733 I/MediaCodecsXmlParser(26940): limit: size-range = 2x2-2048x2048
11-02 11:20:15.733 I/MediaCodecsXmlParser(26940): limit: alignment = 2x2
11-02 11:20:15.733 I/MediaCodecsXmlParser(26940): limit: block-size = 16x16
11-02 11:20:15.733 I/MediaCodecsXmlParser(26940): limit: block-count-range = 1-16384
11-02 11:20:15.733 I/MediaCodecsXmlParser(26940): limit: blocks-per-second-range = 1-491520
11-02 11:20:15.733 I/MediaCodecsXmlParser(26940): limit: bitrate-range = 1-40000000
11-02 11:20:15.733 I/MediaCodecsXmlParser(26940): limit: feature-adaptive-playback = 0
11-02 11:20:15.733 I/MediaCodecsXmlParser(26940): limit: size-range = 2x2-352x288
11-02 11:20:15.733 I/MediaCodecsXmlParser(26940): limit: alignment = 2x2
11-02 11:20:15.733 I/MediaCodecsXmlParser(26940): limit: block-size = 16x16
11-02 11:20:15.733 I/MediaCodecsXmlParser(26940): limit: blocks-per-second-range = 12-11880
11-02 11:20:15.733 I/MediaCodecsXmlParser(26940): limit: bitrate-range = 1-384000
11-02 11:20:15.733 I/MediaCodecsXmlParser(26940): limit: feature-adaptive-playback = 0
11-02 11:20:15.734 I/MediaCodecsXmlParser(26940): limit: size-range = 2x2-352x288
11-02 11:20:15.734 I/MediaCodecsXmlParser(26940): limit: alignment = 2x2
11-02 11:20:15.734 I/MediaCodecsXmlParser(26940): limit: bitrate-range = 1-384000
11-02 11:20:15.734 I/MediaCodecsXmlParser(26940): limit: feature-adaptive-playback = 0
11-02 11:20:15.734 I/MediaCodecsXmlParser(26940): limit: size-range = 2x2-2048x2048
11-02 11:20:15.734 I/MediaCodecsXmlParser(26940): limit: alignment = 2x2
11-02 11:20:15.734 I/MediaCodecsXmlParser(26940): limit: block-size = 16x16
11-02 11:20:15.734 I/MediaCodecsXmlParser(26940): limit: block-count-range = 1-16384
11-02 11:20:15.734 I/MediaCodecsXmlParser(26940): limit: blocks-per-second-range = 1-108000
11-02 11:20:15.734 I/MediaCodecsXmlParser(26940): limit: bitrate-range = 1-40000000
11-02 11:20:15.734 I/MediaCodecsXmlParser(26940): limit: feature-adaptive-playback = 0
11-02 11:20:15.734 I/MediaCodecsXmlParser(26940): limit: size-range = 2x2-2048x2048
11-02 11:20:15.734 I/MediaCodecsXmlParser(26940): limit: alignment = 2x2
11-02 11:20:15.734 I/MediaCodecsXmlParser(26940): limit: block-size = 8x8
11-02 11:20:15.734 I/MediaCodecsXmlParser(26940): limit: block-count-range = 1-65536
11-02 11:20:15.734 I/MediaCodecsXmlParser(26940): limit: blocks-per-second-range = 1-491520
11-02 11:20:15.734 I/MediaCodecsXmlParser(26940): limit: bitrate-range = 1-5000000
11-02 11:20:15.734 I/MediaCodecsXmlParser(26940): limit: feature-adaptive-playback = 0
11-02 11:20:15.734 I/MediaCodecsXmlParser(26940): limit: size-range = 2x2-2048x2048
11-02 11:20:15.734 I/MediaCodecsXmlParser(26940): limit: alignment = 2x2
11-02 11:20:15.734 I/MediaCodecsXmlParser(26940): limit: block-size = 16x16
11-02 11:20:15.734 I/MediaCodecsXmlParser(26940): limit: block-count-range = 1-8192
11-02 11:20:15.734 I/MediaCodecsXmlParser(26940): limit: blocks-per-second-range = 1-500000
11-02 11:20:15.734 I/MediaCodecsXmlParser(26940): limit: bitrate-range = 1-40000000
11-02 11:20:15.734 I/MediaCodecsXmlParser(26940): limit: feature-adaptive-playback = 0
11-02 11:20:15.734 I/MediaCodecsXmlParser(26940): limit: size-range = 2x2-1280x1280
11-02 11:20:15.734 I/MediaCodecsXmlParser(26940): limit: alignment = 2x2
11-02 11:20:15.734 I/MediaCodecsXmlParser(26940): limit: block-size = 16x16
11-02 11:20:15.734 I/MediaCodecsXmlParser(26940): limit: block-count-range = 1-3600
11-02 11:20:15.734 I/MediaCodecsXmlParser(26940): limit: blocks-per-second-range = 1-108000
11-02 11:20:15.734 I/MediaCodecsXmlParser(26940): limit: bitrate-range = 1-5000000
11-02 11:20:15.734 I/MediaCodecsXmlParser(26940): limit: feature-adaptive-playback = 0
11-02 11:20:15.734 I/MediaCodecsXmlParser(26940): limit: size-range = 176x144-176x144
11-02 11:20:15.734 I/MediaCodecsXmlParser(26940): limit: alignment = 16x16
11-02 11:20:15.734 I/MediaCodecsXmlParser(26940): limit: bitrate-range = 1-128000
11-02 11:20:15.734 I/MediaCodecsXmlParser(26940): limit: size-range = 16x16-1808x1808
11-02 11:20:15.734 I/MediaCodecsXmlParser(26940): limit: alignment = 2x2
11-02 11:20:15.734 I/MediaCodecsXmlParser(26940): limit: block-size = 16x16
11-02 11:20:15.734 I/MediaCodecsXmlParser(26940): limit: block-count-range = 1-1620
11-02 11:20:15.734 I/MediaCodecsXmlParser(26940): limit: blocks-per-second-range = 1-40500
11-02 11:20:15.734 I/MediaCodecsXmlParser(26940): limit: bitrate-range = 1-2000000
11-02 11:20:15.734 I/MediaCodecsXmlParser(26940): limit: feature-intra-refresh = 0
11-02 11:20:15.734 I/MediaCodecsXmlParser(26940): limit: size-range = 16x16-176x144
11-02 11:20:15.734 I/MediaCodecsXmlParser(26940): limit: alignment = 16x16
11-02 11:20:15.734 I/MediaCodecsXmlParser(26940): limit: block-size = 16x16
11-02 11:20:15.734 I/MediaCodecsXmlParser(26940): limit: blocks-per-second-range = 12-1485
11-02 11:20:15.734 I/MediaCodecsXmlParser(26940): limit: bitrate-range = 1-64000
11-02 11:20:15.734 I/MediaCodecsXmlParser(26940): limit: size-range = 2x2-1280x1280
11-02 11:20:15.734 I/MediaCodecsXmlParser(26940): limit: alignment = 2x2
11-02 11:20:15.734 I/MediaCodecsXmlParser(26940): limit: block-size = 16x16
11-02 11:20:15.734 I/MediaCodecsXmlParser(26940): limit: block-count-range = 1-3600
11-02 11:20:15.734 I/MediaCodecsXmlParser(26940): limit: bitrate-range = 1-20000000
11-02 11:20:15.734 I/MediaCodecsXmlParser(26940): limit: feature-bitrate-modes = VBR,CBR
11-02 11:20:15.735 E/libc    (26940): Access denied finding property "vendor.sys.media.target.version"
11-02 11:20:15.735 I/MediaCodecsXmlParser(26940): getVendorXmlPath (/vendor/etc/media_codecs_performance.xml)
11-02 11:20:15.735 I/MediaCodecsXmlParser(26940): limit: measured-frame-rate-320x240-range = 377-377
11-02 11:20:15.735 I/MediaCodecsXmlParser(26940): limit: measured-frame-rate-720x480-range = 113-113
11-02 11:20:15.735 I/MediaCodecsXmlParser(26940): limit: measured-frame-rate-1280x720-range = 33-33
11-02 11:20:15.735 I/MediaCodecsXmlParser(26940): limit: measured-frame-rate-1920x1080-range = 18-18
11-02 11:20:15.735 I/MediaCodecsXmlParser(26940): limit: measured-frame-rate-176x144-range = 160-160
11-02 11:20:15.735 I/MediaCodecsXmlParser(26940): limit: measured-frame-rate-352x288-range = 86-86
11-02 11:20:15.735 I/MediaCodecsXmlParser(26940): limit: measured-frame-rate-176x144-range = 179-179
11-02 11:20:15.735 I/MediaCodecsXmlParser(26940): limit: measured-frame-rate-352x288-range = 84-84
11-02 11:20:15.735 I/MediaCodecsXmlParser(26940): limit: measured-frame-rate-640x480-range = 54-54
11-02 11:20:15.735 I/MediaCodecsXmlParser(26940): limit: measured-frame-rate-320x240-range = 208-208
11-02 11:20:15.735 I/MediaCodecsXmlParser(26940): limit: measured-frame-rate-720x480-range = 98-98
11-02 11:20:15.735 I/MediaCodecsXmlParser(26940): limit: measured-frame-rate-1280x720-range = 44-44
11-02 11:20:15.735 I/MediaCodecsXmlParser(26940): limit: measured-frame-rate-1920x1080-range = 21-21
11-02 11:20:15.735 I/MediaCodecsXmlParser(26940): limit: measured-frame-rate-176x144-range = 397-397
11-02 11:20:15.735 I/MediaCodecsXmlParser(26940): limit: measured-frame-rate-176x144-range = 413-413
11-02 11:20:15.735 I/MediaCodecsXmlParser(26940): limit: measured-frame-rate-320x180-range = 71-71
11-02 11:20:15.735 I/MediaCodecsXmlParser(26940): limit: measured-frame-rate-640x360-range = 37-37
11-02 11:20:15.735 I/MediaCodecsXmlParser(26940): limit: measured-frame-rate-1280x720-range = 21-21
11-02 11:20:15.735 I/MediaCodecsXmlParser(26940): limit: measured-frame-rate-1920x1080-range = 12-12
11-02 11:20:15.735 I/MediaCodecsXmlParser(26940): limit: measured-frame-rate-320x240-range = 396-405
11-02 11:20:15.735 I/MediaCodecsXmlParser(26940): limit: measured-frame-rate-720x480-range = 280-280
11-02 11:20:15.735 I/MediaCodecsXmlParser(26940): limit: measured-frame-rate-1280x720-range = 155-155
11-02 11:20:15.736 I/MediaCodecsXmlParser(26940): limit: measured-frame-rate-1920x1088-range = 57-57
11-02 11:20:15.736 I/MediaCodecsXmlParser(26940): limit: measured-frame-rate-1920x1080-range = 57-57
11-02 11:20:15.736 I/MediaCodecsXmlParser(26940): limit: measured-frame-rate-352x288-range = 337-337
11-02 11:20:15.736 I/MediaCodecsXmlParser(26940): limit: measured-frame-rate-640x360-range = 253-253
11-02 11:20:15.736 I/MediaCodecsXmlParser(26940): limit: measured-frame-rate-720x480-range = 200-200
11-02 11:20:15.736 I/MediaCodecsXmlParser(26940): limit: measured-frame-rate-1280x720-range = 91-91
11-02 11:20:15.736 I/MediaCodecsXmlParser(26940): limit: measured-frame-rate-1920x1088-range = 63-63
11-02 11:20:15.736 I/MediaCodecsXmlParser(26940): limit: measured-frame-rate-176x144-range = 392-394
11-02 11:20:15.736 I/MediaCodecsXmlParser(26940): limit: measured-frame-rate-352x288-range = 251-251
11-02 11:20:15.736 I/MediaCodecsXmlParser(26940): limit: measured-frame-rate-320x180-range = 360-360
11-02 11:20:15.736 I/MediaCodecsXmlParser(26940): limit: measured-frame-rate-320x240-range = 659-659
11-02 11:20:15.736 I/MediaCodecsXmlParser(26940): limit: measured-frame-rate-640x360-range = 370-370
11-02 11:20:15.736 I/MediaCodecsXmlParser(26940): limit: measured-frame-rate-1280x720-range = 162-162
11-02 11:20:15.736 I/MediaCodecsXmlParser(26940): limit: measured-frame-rate-1920x1080-range = 87-87
11-02 11:20:15.736 I/MediaCodecsXmlParser(26940): limit: measured-frame-rate-480x360-range = 232-232
11-02 11:20:15.736 I/MediaCodecsXmlParser(26940): limit: measured-frame-rate-176x144-range = 322-322
11-02 11:20:15.736 I/MediaCodecsXmlParser(26940): limit: measured-frame-rate-320x240-range = 250-250
11-02 11:20:15.736 I/MediaCodecsXmlParser(26940): limit: measured-frame-rate-720x480-range = 92-92
11-02 11:20:15.736 I/MediaCodecsXmlParser(26940): limit: measured-frame-rate-1280x720-range = 35-35
11-02 11:20:15.736 I/MediaCodecsXmlParser(26940): limit: measured-frame-rate-1920x1080-range = 15-15
11-02 11:20:15.736 I/MediaCodecsXmlParser(26940): limit: measured-frame-rate-320x240-range = 122-122
11-02 11:20:15.736 I/MediaCodecsXmlParser(26940): limit: measured-frame-rate-720x480-range = 68-68
11-02 11:20:15.736 I/MediaCodecsXmlParser(26940): limit: measured-frame-rate-1280x720-range = 32-32
11-02 11:20:15.736 I/MediaCodecsXmlParser(26940): limit: measured-frame-rate-1920x1080-range = 6-10
11-02 11:20:15.736 I/MediaCodecsXmlParser(26940): limit: measured-frame-rate-352x288-range = 226-226
11-02 11:20:15.736 I/MediaCodecsXmlParser(26940): limit: measured-frame-rate-640x360-range = 146-132
11-02 11:20:15.736 I/MediaCodecsXmlParser(26940): limit: measured-frame-rate-720x480-range = 183-183
11-02 11:20:15.736 I/MediaCodecsXmlParser(26940): limit: measured-frame-rate-1280x720-range = 83-83
11-02 11:20:15.736 I/MediaCodecsXmlParser(26940): limit: measured-frame-rate-1920x1080-range = 11-11
11-02 11:20:15.736 I/MediaCodecsXmlParser(26940): limit: measured-frame-rate-352x288-range = 170-180
11-02 11:20:15.736 I/MediaCodecsXmlParser(26940): limit: measured-frame-rate-640x360-range = 89-89
11-02 11:20:15.736 I/MediaCodecsXmlParser(26940): limit: measured-frame-rate-720x480-range = 73-73
11-02 11:20:15.736 I/MediaCodecsXmlParser(26940): limit: measured-frame-rate-1280x720-range = 32-32
11-02 11:20:15.736 I/MediaCodecsXmlParser(26940): limit: measured-frame-rate-1920x1080-range = 21-21
11-02 11:20:15.736 I/MediaCodecsXmlParser(26940): limit: measured-frame-rate-176x144-range = 430-450
11-02 11:20:15.736 I/MediaCodecsXmlParser(26940): limit: measured-frame-rate-176x144-range = 481-481
11-02 11:20:15.736 I/MediaCodecsXmlParser(26940): limit: measured-frame-rate-176x144-range = 212-241
11-02 11:20:15.736 I/MediaCodecsXmlParser(26940): limit: measured-frame-rate-352x288-range = 172-175
11-02 11:20:15.736 I/MediaCodecsXmlParser(26940): limit: measured-frame-rate-176x144-range = 896-955
11-02 11:20:15.736 I/MediaCodecsXmlParser(26940): limit: measured-frame-rate-352x288-range = 689-670
11-02 11:20:15.736 I/MediaCodecsXmlParser(26940): limit: measured-frame-rate-320x240-range = 1330-1330
11-02 11:20:15.736 I/MediaCodecsXmlParser(26940): limit: measured-frame-rate-320x180-range = 495-500
11-02 11:20:15.736 I/MediaCodecsXmlParser(26940): limit: measured-frame-rate-640x360-range = 146-149
11-02 11:20:15.736 I/MediaCodecsXmlParser(26940): limit: measured-frame-rate-1280x720-range = 31-31
11-02 11:20:15.736 I/MediaCodecsXmlParser(26940): limit: measured-frame-rate-1920x1080-range = 12-13
11-02 11:20:15.736 I/MediaCodecsXmlParser(26940): limit: measured-frame-rate-320x240-range = 330-381
11-02 11:20:15.737 I/MediaCodecsXmlParser(26940): limit: measured-frame-rate-640x360-range = 139-185
11-02 11:20:15.737 I/MediaCodecsXmlParser(26940): limit: measured-frame-rate-1280x720-range = 22-38
11-02 11:20:15.737 I/MediaCodecsXmlParser(26940): limit: measured-frame-rate-1920x1080-range = 9-18
11-02 11:20:15.737 I/MediaCodecsXmlParser(26940): limit: measured-frame-rate-320x180-range = 304-304
11-02 11:20:15.737 I/MediaCodecsXmlParser(26940): limit: measured-frame-rate-320x240-range = 511-511
11-02 11:20:15.737 I/MediaCodecsXmlParser(26940): limit: measured-frame-rate-640x360-range = 103-105
11-02 11:20:15.737 I/MediaCodecsXmlParser(26940): limit: measured-frame-rate-1280x720-range = 53-53
11-02 11:20:15.737 I/MediaCodecsXmlParser(26940): limit: measured-frame-rate-1920x1080-range = 29-31
11-02 11:20:15.740 W/VideoCapabilities(26940): Unsupported mime video/divx
11-02 11:20:15.743 W/VideoCapabilities(26940): Unsupported mime video/divx4
11-02 11:20:15.781 W/Utils   (26940): could not parse long range '146-132'
11-02 11:20:15.792 I/VideoCapabilities(26940): Unsupported profile 4 for video/mp4v-es
11-02 11:20:15.799 W/nedecraques.ap(26940): Long monitor contention with owner ExoPlayer:Playback (27561) at int android.media.MediaCodecList.native_getCodecCount()(MediaCodecList.java:-2) waiters=0 in java.util.List androidx.media3.exoplayer.mediacodec.MediaCodecUtil.getDecoderInfos(java.lang.String, boolean, boolean) for 6.181s
11-02 11:20:15.874 W/Looper  (26940): Slow Looper ExoPlayer:Playback: Long Msg: seq=342 plan=11:20:09.570  late=1ms wall=6301ms running=0ms h=android.os.Handler w=8
11-02 11:20:15.874 W/Looper  (26940): Slow Looper ExoPlayer:Playback: Long Msg: seq=344 plan=11:20:09.616  late=1ms wall=6255ms running=0ms h=android.os.Handler w=8
11-02 11:20:15.895 I/ServiceManager(26940): Waiting for service 'media.resource_manager' on '/dev/binder'...
11-02 11:20:15.899 I/ServiceManager(26940): Waiting for service 'media.resource_manager' on '/dev/binder'...
11-02 11:20:16.896 I/ServiceManager(26940): Waiting for service 'media.resource_manager' on '/dev/binder'...
11-02 11:20:16.901 I/ServiceManager(26940): Waiting for service 'media.resource_manager' on '/dev/binder'...
11-02 11:20:17.897 I/ServiceManager(26940): Waiting for service 'media.resource_manager' on '/dev/binder'...
11-02 11:20:17.902 I/ServiceManager(26940): Waiting for service 'media.resource_manager' on '/dev/binder'...
11-02 11:20:18.898 I/ServiceManager(26940): Waiting for service 'media.resource_manager' on '/dev/binder'...
11-02 11:20:18.902 I/ServiceManager(26940): Waiting for service 'media.resource_manager' on '/dev/binder'...
11-02 11:20:19.898 I/ServiceManager(26940): Waiting for service 'media.resource_manager' on '/dev/binder'...
11-02 11:20:19.903 I/ServiceManager(26940): Waiting for service 'media.resource_manager' on '/dev/binder'...
11-02 11:20:20.899 W/ServiceManager(26940): Service media.resource_manager didn't start. Returning NULL
11-02 11:20:20.899 E/MediaCodec(26940): Failed to get ResourceManagerService
11-02 11:20:20.904 I/OMXClient(26940): IOmx service obtained
11-02 11:20:20.904 W/ServiceManager(26940): Service media.resource_manager didn't start. Returning NULL
11-02 11:20:20.904 E/MediaCodec(26940): Failed to get ResourceManagerService
11-02 11:20:20.907 I/OMXClient(26940): IOmx service obtained
11-02 11:20:20.909 I/MediaCodec(26940): [OMX.google.h264.decoder] setting surface generation to 27586561
11-02 11:20:20.911 I/ACodec  (26940): codec does not support config priority (err -1010)
11-02 11:20:20.912 E/ACodec  (26940): [OMX.google.h264.decoder] setPortMode on output to DynamicANWBuffer failed w/ err -1010
11-02 11:20:20.913 I/ExtendedACodec(26940): setupVideoDecoder()
11-02 11:20:20.913 I/MediaCodec(26940): [OMX.google.h264.decoder] setting surface generation to 27586562
11-02 11:20:20.916 I/ACodec  (26940): codec does not support config priority (err -1010)
11-02 11:20:20.918 I/ACodec  (26940): codec does not support config priority (err -1010)
11-02 11:20:20.919 W/ExtendedACodec(26940): Failed to get extension for extradata parameter
11-02 11:20:20.919 E/ACodec  (26940): [OMX.google.h264.decoder] setPortMode on output to DynamicANWBuffer failed w/ err -1010
11-02 11:20:20.920 I/ExtendedACodec(26940): setupVideoDecoder()
11-02 11:20:20.922 I/ACodec  (26940): codec does not support config priority (err -1010)
11-02 11:20:20.923 W/ExtendedACodec(26940): Failed to get extension for extradata parameter
11-02 11:20:21.004 I/ServiceManager(26940): Waiting for service 'media.resource_manager' on '/dev/binder'...
11-02 11:20:21.013 I/ServiceManager(26940): Waiting for service 'media.resource_manager' on '/dev/binder'...
11-02 11:20:22.005 I/ServiceManager(26940): Waiting for service 'media.resource_manager' on '/dev/binder'...
11-02 11:20:22.014 I/ServiceManager(26940): Waiting for service 'media.resource_manager' on '/dev/binder'...
11-02 11:20:22.766 W/nedecraques.ap(26940): Accessing hidden method Lsun/misc/Unsafe;->getObject(Ljava/lang/Object;J)Ljava/lang/Object; (greylist, linking, allowed)
11-02 11:20:22.766 W/nedecraques.ap(26940): Accessing hidden method Lsun/misc/Unsafe;->putObject(Ljava/lang/Object;JLjava/lang/Object;)V (greylist, linking, allowed)
11-02 11:20:22.767 W/nedecraques.ap(26940): Accessing hidden method Lsun/misc/Unsafe;->putInt(Ljava/lang/Object;JI)V (greylist, linking, allowed)
11-02 11:20:22.767 W/nedecraques.ap(26940): Accessing hidden method Lsun/misc/Unsafe;->getInt(Ljava/lang/Object;J)I (greylist, linking, allowed)
11-02 11:20:22.823 I/NextApiService(26940): Fetching profile details from: ${httpUrl}
11-02 11:20:22.831 W/nedecraques.ap(26940): Accessing hidden method Lsun/misc/Unsafe;->getObject(Ljava/lang/Object;J)Ljava/lang/Object; (greylist, linking, allowed)
11-02 11:20:22.832 W/nedecraques.ap(26940): Accessing hidden method Lsun/misc/Unsafe;->putInt(Ljava/lang/Object;JI)V (greylist, linking, allowed)
11-02 11:20:22.832 W/nedecraques.ap(26940): Accessing hidden method Lsun/misc/Unsafe;->getInt(Ljava/lang/Object;J)I (greylist, linking, allowed)
11-02 11:20:23.005 I/ServiceManager(26940): Waiting for service 'media.resource_manager' on '/dev/binder'...
11-02 11:20:23.014 I/ServiceManager(26940): Waiting for service 'media.resource_manager' on '/dev/binder'...
11-02 11:20:24.006 I/ServiceManager(26940): Waiting for service 'media.resource_manager' on '/dev/binder'...
11-02 11:20:24.015 I/ServiceManager(26940): Waiting for service 'media.resource_manager' on '/dev/binder'...
11-02 11:20:25.007 I/ServiceManager(26940): Waiting for service 'media.resource_manager' on '/dev/binder'...
11-02 11:20:25.016 I/ServiceManager(26940): Waiting for service 'media.resource_manager' on '/dev/binder'...
11-02 11:20:26.007 W/ServiceManager(26940): Service media.resource_manager didn't start. Returning NULL
11-02 11:20:26.008 E/MediaCodec(26940): Failed to get ResourceManagerService
11-02 11:20:26.011 I/OMXClient(26940): IOmx service obtained
11-02 11:20:26.017 W/ServiceManager(26940): Service media.resource_manager didn't start. Returning NULL
11-02 11:20:26.017 E/MediaCodec(26940): Failed to get ResourceManagerService
11-02 11:20:26.020 I/OMXClient(26940): IOmx service obtained
11-02 11:20:26.023 I/ACodec  (26940): codec does not support config priority (err -2147483648)
11-02 11:20:26.024 I/ACodec  (26940): codec does not support config priority (err -2147483648)
11-02 11:20:26.026 I/ACodec  (26940): codec does not support config priority (err -2147483648)
11-02 11:20:26.026 I/ACodec  (26940): codec does not support config operating rate (err -2147483648)
11-02 11:20:26.026 I/ACodec  (26940): codec does not support config priority (err -2147483648)
11-02 11:20:26.027 I/ACodec  (26940): codec does not support config operating rate (err -2147483648)
11-02 11:20:26.029 W/ExtendedACodec(26940): Failed to get extension for extradata parameter
11-02 11:20:26.059 W/ExtendedACodec(26940): Failed to get extension for extradata parameter
11-02 11:20:26.070 W/Looper  (26940): Slow Looper ExoPlayer:Playback: Long Msg: seq=345 plan=11:20:09.617  late=6258ms wall=10192ms running=0ms h=android.os.Handler w=2
11-02 11:20:26.114 W/Looper  (26940): Slow Looper ExoPlayer:Playback: Long Msg: seq=343 plan=11:20:09.571  late=6303ms wall=10238ms running=0ms h=android.os.Handler w=2
11-02 11:20:26.611 W/AudioTrack(26940): getTimestamp_l(808): retrograde timestamp time corrected, 2435472289917761 < 2435472291845209
11-02 11:20:26.780 I/nedecraques.ap(26940): Background concurrent copying GC freed 2657(230KB) AllocSpace objects, 7(2948KB) LOS objects, 49% free, 18MB/37MB, paused 141us total 182.030ms
11-02 11:21:04.058 I/nedecraques.ap(26940): Background concurrent copying GC freed 6677(863KB) AllocSpace objects, 4(272KB) LOS objects, 39% free, 36MB/60MB, paused 151us total 120.193ms
11-02 11:21:31.386 W/AudioTrack(26940): getTimestamp_l(808): retrograde timestamp time corrected, 2435536891930237 < 2435537066435966
11-02 11:22:41.343 I/nedecraques.ap(26940): Background concurrent copying GC freed 17133(2076KB) AllocSpace objects, 8(544KB) LOS objects, 29% free, 58MB/82MB, paused 71us total 118.837ms
11-02 11:24:55.352 I/nedecraques.ap(26940): Background concurrent copying GC freed 15528(2681KB) AllocSpace objects, 12(736KB) LOS objects, 23% free, 78MB/102MB, paused 66us total 119.685ms
11-02 11:26:35.183 W/AudioTrack(26940): getTimestamp_l(808): retrograde timestamp time corrected, 2435840695626683 < 2435840863793819
11-02 11:27:33.387 W/AudioTrack(26940): getTimestamp_l(808): retrograde timestamp time corrected, 2435898806115151 < 2435899066689682
11-02 11:28:00.904 W/AudioTrack(26940): getTimestamp_l(808): retrograde timestamp time corrected, 2435926400219828 < 2435926575130609
11-02 11:36:32.250 W/InputEventReceiver(26940): App Input: Dispatching InputEvent took 162ms in main thread! (MotionEvent: event_seq=0, seq=1128567, action=ACTION_DOWN)
11-02 11:36:46.752 I/ExoPlayerImpl(26940): Init 688d74f [AndroidXMedia3/1.4.1] [olive, Redmi 8, Xiaomi, 29]
11-02 11:36:47.006 I/chatty  (26940): uid=11404(com.vitrinedecraques.app) identical 39 lines
11-02 11:36:47.349 I/HttpClientProvider(26940): getSessionCookies host=storage.googleapis.com -> nenhum
11-02 11:36:47.447 W/InputEventReceiver(26940): App Input: 671ms before dispatchInputEvent (MotionEvent: event_seq=16, seq=1128599, action=ACTION_UP)
11-02 11:36:47.454 I/Choreographer(26940): Skipped 43 frames!  The application may be doing too much work on its main thread.
11-02 11:36:47.465 I/OpenGLRenderer(26940): Davey! duration=745ms; Flags=1, IntendedVsync=2436452409690403, Vsync=2436452409690403, OldestInputEvent=2436452390177000, NewestInputEvent=2436452404690403, HandleInputStart=2436452410369419, AnimationStart=2436452419058846, PerformTraversalsStart=2436453045987960, DrawStart=2436453072291606, SyncQueued=2436453127238325, SyncStart=2436453127788481, IssueDrawCommandsStart=2436453129674627, SwapBuffers=2436453153983168, FrameCompleted=2436453156089887, DequeueBufferDuration=1560000, QueueBufferDuration=625000, 
11-02 11:36:47.487 W/Looper  (26940): Slow Looper main: doFrame is 718ms late because of 3 msg, msg 1 took 720ms (seq=7476 late=1ms h=android.view.Choreographer$FrameHandler c=android.view.Choreographer$FrameDisplayEventReceiver)
11-02 11:36:47.496 I/OpenGLRenderer(26940): Davey! duration=760ms; Flags=0, IntendedVsync=2436452426400263, Vsync=2436453143066901, OldestInputEvent=9223372036854775807, NewestInputEvent=0, HandleInputStart=2436453146727023, AnimationStart=2436453146782075, PerformTraversalsStart=2436453167915043, DrawStart=2436453168392075, SyncQueued=2436453174793950, SyncStart=2436453175884887, IssueDrawCommandsStart=2436453177116866, SwapBuffers=2436453185106710, FrameCompleted=2436453187507960, DequeueBufferDuration=1035000, QueueBufferDuration=764000, 
11-02 11:36:47.817 W/nedecraques.ap(26940): Accessing hidden method Lsun/misc/Unsafe;->getObject(Ljava/lang/Object;J)Ljava/lang/Object; (greylist, linking, allowed)
11-02 11:36:47.817 W/nedecraques.ap(26940): Accessing hidden method Lsun/misc/Unsafe;->putObject(Ljava/lang/Object;JLjava/lang/Object;)V (greylist, linking, allowed)
11-02 11:36:47.817 W/nedecraques.ap(26940): Accessing hidden method Lsun/misc/Unsafe;->putInt(Ljava/lang/Object;JI)V (greylist, linking, allowed)
11-02 11:36:47.818 W/nedecraques.ap(26940): Accessing hidden method Lsun/misc/Unsafe;->getInt(Ljava/lang/Object;J)I (greylist, linking, allowed)
11-02 11:36:47.818 W/nedecraques.ap(26940): Accessing hidden method Lsun/misc/Unsafe;->putObject(Ljava/lang/Object;JLjava/lang/Object;)V (greylist, linking, allowed)
11-02 11:36:47.906 I/NextApiService(26940): Fetching profile details from: ${httpUrl}
11-02 11:36:47.934 W/nedecraques.ap(26940): Accessing hidden method Lsun/misc/Unsafe;->getInt(Ljava/lang/Object;J)I (greylist, linking, allowed)
11-02 11:36:47.934 W/nedecraques.ap(26940): Accessing hidden method Lsun/misc/Unsafe;->getObject(Ljava/lang/Object;J)Ljava/lang/Object; (greylist, linking, allowed)
11-02 11:36:47.935 W/nedecraques.ap(26940): Accessing hidden method Lsun/misc/Unsafe;->putObject(Ljava/lang/Object;JLjava/lang/Object;)V (greylist, linking, allowed)
11-02 11:36:47.956 W/nedecraques.ap(26940): Accessing hidden method Lsun/misc/Unsafe;->getObject(Ljava/lang/Object;J)Ljava/lang/Object; (greylist, linking, allowed)
11-02 11:36:47.964 W/nedecraques.ap(26940): Accessing hidden method Lsun/misc/Unsafe;->putInt(Ljava/lang/Object;JI)V (greylist, linking, allowed)
11-02 11:36:48.114 I/ExoPlayerImpl(26940): Init 48c1ad7 [AndroidXMedia3/1.4.1] [olive, Redmi 8, Xiaomi, 29]
11-02 11:36:48.210 I/chatty  (26940): uid=11404(com.vitrinedecraques.app) identical 1 line
11-02 11:36:48.234 I/chatty  (26940): uid=11404(com.vitrinedecraques.app) identical 14 lines
11-02 11:36:48.243 I/chatty  (26940): uid=11404(com.vitrinedecraques.app) identical 2 lines
11-02 11:36:48.269 I/chatty  (26940): uid=11404(com.vitrinedecraques.app) identical 12 lines
11-02 11:36:48.374 I/nedecraques.ap(26940): Background young concurrent copying GC freed 112884(6154KB) AllocSpace objects, 7(316KB) LOS objects, 5% free, 96MB/102MB, paused 577us total 123.269ms
11-02 11:36:48.390 I/HttpClientProvider(26940): getSessionCookies host=storage.googleapis.com -> nenhum
11-02 11:36:51.917 E/ExoPlayerImplInternal(26940): Playback error
11-02 11:36:51.917 E/ExoPlayerImplInternal(26940):   androidx.media3.exoplayer.ExoPlaybackException: Source error
11-02 11:36:51.917 E/ExoPlayerImplInternal(26940):       at androidx.media3.exoplayer.ExoPlayerImplInternal.handleIoException(ExoPlayerImplInternal.java:736)
11-02 11:36:51.917 E/ExoPlayerImplInternal(26940):       at androidx.media3.exoplayer.ExoPlayerImplInternal.handleMessage(ExoPlayerImplInternal.java:708)
11-02 11:36:51.917 E/ExoPlayerImplInternal(26940):       at android.os.Handler.dispatchMessage(Handler.java:103)
11-02 11:36:51.917 E/ExoPlayerImplInternal(26940):       at android.os.Looper.loop(Looper.java:223)
11-02 11:36:51.917 E/ExoPlayerImplInternal(26940):       at android.os.HandlerThread.run(HandlerThread.java:67)
11-02 11:36:51.917 E/ExoPlayerImplInternal(26940):   Caused by: androidx.media3.datasource.HttpDataSource$InvalidResponseCodeException: Response code: 403
11-02 11:36:51.917 E/ExoPlayerImplInternal(26940):       at androidx.media3.datasource.DefaultHttpDataSource.open(DefaultHttpDataSource.java:397)
11-02 11:36:51.917 E/ExoPlayerImplInternal(26940):       at androidx.media3.datasource.DefaultDataSource.open(DefaultDataSource.java:275)
11-02 11:36:51.917 E/ExoPlayerImplInternal(26940):       at androidx.media3.datasource.StatsDataSource.open(StatsDataSource.java:86)
11-02 11:36:51.917 E/ExoPlayerImplInternal(26940):       at androidx.media3.exoplayer.source.ProgressiveMediaPeriod$ExtractingLoadable.load(ProgressiveMediaPeriod.java:1045)
11-02 11:36:51.917 E/ExoPlayerImplInternal(26940):       at androidx.media3.exoplayer.upstream.Loader$LoadTask.run(Loader.java:421)
11-02 11:36:51.917 E/ExoPlayerImplInternal(26940):       at java.util.concurrent.ThreadPoolExecutor.runWorker(ThreadPoolExecutor.java:1167)
11-02 11:36:51.917 E/ExoPlayerImplInternal(26940):       at java.util.concurrent.ThreadPoolExecutor$Worker.run(ThreadPoolExecutor.java:641)
11-02 11:36:51.917 E/ExoPlayerImplInternal(26940):       at java.lang.Thread.run(Thread.java:919)
11-02 11:36:52.664 E/ExoPlayerImplInternal(26940): Playback error
11-02 11:36:52.664 E/ExoPlayerImplInternal(26940):   androidx.media3.exoplayer.ExoPlaybackException: Source error
11-02 11:36:52.664 E/ExoPlayerImplInternal(26940):       at androidx.media3.exoplayer.ExoPlayerImplInternal.handleIoException(ExoPlayerImplInternal.java:736)
11-02 11:36:52.664 E/ExoPlayerImplInternal(26940):       at androidx.media3.exoplayer.ExoPlayerImplInternal.handleMessage(ExoPlayerImplInternal.java:708)
11-02 11:36:52.664 E/ExoPlayerImplInternal(26940):       at android.os.Handler.dispatchMessage(Handler.java:103)
11-02 11:36:52.664 E/ExoPlayerImplInternal(26940):       at android.os.Looper.loop(Looper.java:223)
11-02 11:36:52.664 E/ExoPlayerImplInternal(26940):       at android.os.HandlerThread.run(HandlerThread.java:67)
11-02 11:36:52.664 E/ExoPlayerImplInternal(26940):   Caused by: androidx.media3.datasource.HttpDataSource$InvalidResponseCodeException: Response code: 403
11-02 11:36:52.664 E/ExoPlayerImplInternal(26940):       at androidx.media3.datasource.DefaultHttpDataSource.open(DefaultHttpDataSource.java:397)
11-02 11:36:52.664 E/ExoPlayerImplInternal(26940):       at androidx.media3.datasource.DefaultDataSource.open(DefaultDataSource.java:275)
11-02 11:36:52.664 E/ExoPlayerImplInternal(26940):       at androidx.media3.datasource.StatsDataSource.open(StatsDataSource.java:86)
11-02 11:36:52.664 E/ExoPlayerImplInternal(26940):       at androidx.media3.exoplayer.source.ProgressiveMediaPeriod$ExtractingLoadable.load(ProgressiveMediaPeriod.java:1045)
11-02 11:36:52.664 E/ExoPlayerImplInternal(26940):       at androidx.media3.exoplayer.upstream.Loader$LoadTask.run(Loader.java:421)
11-02 11:36:52.664 E/ExoPlayerImplInternal(26940):       at java.util.concurrent.ThreadPoolExecutor.runWorker(ThreadPoolExecutor.java:1167)
11-02 11:36:52.664 E/ExoPlayerImplInternal(26940):       at java.util.concurrent.ThreadPoolExecutor$Worker.run(ThreadPoolExecutor.java:641)
11-02 11:36:52.664 E/ExoPlayerImplInternal(26940):       at java.lang.Thread.run(Thread.java:919)
11-02 11:37:06.999 W/nedecraques.ap(26940): Accessing hidden method Lsun/misc/Unsafe;->getObject(Ljava/lang/Object;J)Ljava/lang/Object; (greylist, linking, allowed)
11-02 11:37:07.000 W/nedecraques.ap(26940): Accessing hidden method Lsun/misc/Unsafe;->putObject(Ljava/lang/Object;JLjava/lang/Object;)V (greylist, linking, allowed)
11-02 11:37:07.001 W/nedecraques.ap(26940): Accessing hidden method Lsun/misc/Unsafe;->putInt(Ljava/lang/Object;JI)V (greylist, linking, allowed)
11-02 11:37:07.001 W/nedecraques.ap(26940): Accessing hidden method Lsun/misc/Unsafe;->getInt(Ljava/lang/Object;J)I (greylist, linking, allowed)
11-02 11:37:07.001 W/nedecraques.ap(26940): Accessing hidden method Lsun/misc/Unsafe;->getObject(Ljava/lang/Object;J)Ljava/lang/Object; (greylist, linking, allowed)
11-02 11:37:07.081 I/NextApiService(26940): Fetching profile details from: ${httpUrl}
11-02 11:37:07.088 W/AudioTrack(26940): getTimestamp_l(808): retrograde timestamp time corrected, 2436472767790869 < 2436472768369671
11-02 11:37:07.104 W/nedecraques.ap(26940): Accessing hidden method Lsun/misc/Unsafe;->getInt(Ljava/lang/Object;J)I (greylist, linking, allowed)
11-02 11:37:07.105 W/nedecraques.ap(26940): Accessing hidden method Lsun/misc/Unsafe;->getObject(Ljava/lang/Object;J)Ljava/lang/Object; (greylist, linking, allowed)
11-02 11:37:07.105 W/nedecraques.ap(26940): Accessing hidden method Lsun/misc/Unsafe;->putObject(Ljava/lang/Object;JLjava/lang/Object;)V (greylist, linking, allowed)
11-02 11:37:07.110 W/nedecraques.ap(26940): Accessing hidden method Lsun/misc/Unsafe;->putInt(Ljava/lang/Object;JI)V (greylist, linking, allowed)
11-02 11:37:07.405 I/ExoPlayerImpl(26940): Release 688d74f [AndroidXMedia3/1.4.1] [olive, Redmi 8, Xiaomi, 29] [media3.common, media3.exoplayer, media3.decoder, media3.ui, media3.datasource, media3.extractor]
11-02 11:37:07.425 I/ExoPlayerImpl(26940): Release 48c1ad7 [AndroidXMedia3/1.4.1] [olive, Redmi 8, Xiaomi, 29] [media3.common, media3.exoplayer, media3.decoder, media3.ui, media3.datasource, media3.extractor]
11-02 11:37:27.018 I/MediaCodec(26940): [OMX.google.h264.decoder] setting surface generation to 27586563
11-02 11:37:27.046 I/MediaCodec(26940): [OMX.google.h264.decoder] setting surface generation to 27586564
11-02 11:37:29.134 I/MediaCodec(26940): [OMX.google.h264.decoder] setting surface generation to 27586565
11-02 11:37:29.144 I/MediaCodec(26940): [OMX.google.h264.decoder] setting surface generation to 27586566
11-02 11:37:34.596 I/MediaCodec(26940): [OMX.google.h264.decoder] setting surface generation to 27586567
11-02 11:37:34.608 I/MediaCodec(26940): [OMX.google.h264.decoder] setting surface generation to 27586568
