--------- beginning of main
11-16 21:41:27.960 I/nedecraques.ap(15368): Late-enabling -Xcheck:jni
11-16 21:41:28.014 E/nedecraques.ap(15368): Unknown bits set in runtime_flags: 0x8000
11-16 21:41:33.344 I/Perf    (15368): Connecting to perf service.
11-16 21:41:33.442 I/FeatureParser(15368): can't find olive.xml in assets/device_features/,it may be in /system/etc/device_features
--------- beginning of system
11-16 21:41:33.474 W/Looper  (15368): Slow Looper main: Long Msg: seq=2 plan=21:41:28.148  late=8ms wall=5315ms running=0ms h=android.app.ActivityThread$H w=110
11-16 21:41:33.480 E/Perf    (15368): Fail to get file list com.vitrinedecraques.app
11-16 21:41:33.480 E/Perf    (15368): getFolderSize() : Exception_1 = java.lang.NullPointerException: Attempt to get length of null array
11-16 21:41:33.481 E/Perf    (15368): Fail to get file list com.vitrinedecraques.app
11-16 21:41:33.481 E/Perf    (15368): getFolderSize() : Exception_1 = java.lang.NullPointerException: Attempt to get length of null array
11-16 21:41:33.853 W/Looper  (15368): Slow Looper main: Activity com.vitrinedecraques.app/.MainActivity is 5318ms late (wall=377ms running=0ms ClientTransaction{ callbacks=[android.app.servertransaction.LaunchActivityItem] lifecycleRequest=android.app.servertransaction.ResumeActivityItem }) because of 2 msg, msg 2 took 5315ms (seq=2 late=8ms h=android.app.ActivityThread$H w=110)
11-16 21:41:33.854 W/Looper  (15368): Slow Looper main: Activity com.vitrinedecraques.app/.MainActivity is 5696ms late (wall=0ms running=0ms ClientTransaction{ callbacks=[android.app.servertransaction.TopResumedActivityChangeItem] }) because of 2 msg, msg 1 took 5315ms (seq=2 late=8ms h=android.app.ActivityThread$H w=110), msg 2 took 377ms (seq=3 late=5318ms h=android.app.ActivityThread$H w=159)
11-16 21:41:34.950 W/nedecraques.ap(15368): Accessing hidden method Lsun/misc/Unsafe;->getInt(Ljava/lang/Object;J)I (greylist, linking, allowed)
11-16 21:41:34.951 W/nedecraques.ap(15368): Accessing hidden method Lsun/misc/Unsafe;->getObject(Ljava/lang/Object;J)Ljava/lang/Object; (greylist, linking, allowed)
11-16 21:41:34.951 W/nedecraques.ap(15368): Accessing hidden method Lsun/misc/Unsafe;->getInt(Ljava/lang/Object;J)I (greylist, linking, allowed)
11-16 21:41:34.951 W/nedecraques.ap(15368): Accessing hidden method Lsun/misc/Unsafe;->putInt(Ljava/lang/Object;JI)V (greylist, linking, allowed)
11-16 21:41:34.952 W/nedecraques.ap(15368): Accessing hidden method Lsun/misc/Unsafe;->getLong(Ljava/lang/Object;J)J (greylist,core-platform-api, linking, allowed)
11-16 21:41:34.952 W/nedecraques.ap(15368): Accessing hidden method Lsun/misc/Unsafe;->getInt(Ljava/lang/Object;J)I (greylist, linking, allowed)
11-16 21:41:34.956 W/nedecraques.ap(15368): Accessing hidden method Lsun/misc/Unsafe;->putObject(Ljava/lang/Object;JLjava/lang/Object;)V (greylist, linking, allowed)
11-16 21:41:34.957 W/nedecraques.ap(15368): Accessing hidden method Lsun/misc/Unsafe;->objectFieldOffset(Ljava/lang/reflect/Field;)J (greylist,core-platform-api, linking, allowed)
11-16 21:41:34.959 W/nedecraques.ap(15368): Accessing hidden method Lsun/misc/Unsafe;->putObject(Ljava/lang/Object;JLjava/lang/Object;)V (greylist, linking, allowed)
11-16 21:41:34.960 W/nedecraques.ap(15368): Accessing hidden method Lsun/misc/Unsafe;->getInt(Ljava/lang/Object;J)I (greylist, linking, allowed)
11-16 21:41:34.960 W/nedecraques.ap(15368): Accessing hidden method Lsun/misc/Unsafe;->putLong(Ljava/lang/Object;JJ)V (greylist, linking, allowed)
11-16 21:41:34.967 W/nedecraques.ap(15368): Accessing hidden method Lsun/misc/Unsafe;->putLong(Ljava/lang/Object;JJ)V (greylist, linking, allowed)
11-16 21:41:34.970 W/nedecraques.ap(15368): Accessing hidden method Lsun/misc/Unsafe;->allocateInstance(Ljava/lang/Class;)Ljava/lang/Object; (greylist, linking, allowed)
11-16 21:41:34.972 W/nedecraques.ap(15368): Accessing hidden method Llibcore/io/Memory;->peekLong(JZ)J (greylist, reflection, allowed)
11-16 21:41:34.973 W/nedecraques.ap(15368): Accessing hidden method Llibcore/io/Memory;->pokeLong(JJZ)V (greylist, reflection, allowed)
11-16 21:41:34.973 W/nedecraques.ap(15368): Accessing hidden method Llibcore/io/Memory;->pokeInt(JIZ)V (greylist, reflection, allowed)
11-16 21:41:34.973 W/nedecraques.ap(15368): Accessing hidden method Llibcore/io/Memory;->peekInt(JZ)I (greylist, reflection, allowed)
11-16 21:41:34.973 W/nedecraques.ap(15368): Accessing hidden method Llibcore/io/Memory;->pokeByte(JB)V (greylist, reflection, allowed)
11-16 21:41:34.973 W/nedecraques.ap(15368): Accessing hidden method Llibcore/io/Memory;->peekByte(J)B (greylist, reflection, allowed)
11-16 21:41:34.973 W/nedecraques.ap(15368): Accessing hidden method Llibcore/io/Memory;->pokeByteArray(J[BII)V (greylist, reflection, allowed)
11-16 21:41:34.973 W/nedecraques.ap(15368): Accessing hidden method Llibcore/io/Memory;->peekByteArray(J[BII)V (greylist, reflection, allowed)
11-16 21:41:34.973 W/nedecraques.ap(15368): Accessing hidden method Lsun/misc/Unsafe;->arrayBaseOffset(Ljava/lang/Class;)I (greylist,core-platform-api, linking, allowed)
11-16 21:41:34.973 W/nedecraques.ap(15368): Accessing hidden method Lsun/misc/Unsafe;->arrayIndexScale(Ljava/lang/Class;)I (greylist, linking, allowed)
11-16 21:41:34.974 W/nedecraques.ap(15368): Accessing hidden method Lsun/misc/Unsafe;->getInt(Ljava/lang/Object;J)I (greylist, linking, allowed)
11-16 21:41:34.974 W/nedecraques.ap(15368): Accessing hidden method Lsun/misc/Unsafe;->getLong(Ljava/lang/Object;J)J (greylist,core-platform-api, linking, allowed)
11-16 21:41:34.975 W/nedecraques.ap(15368): Accessing hidden method Lsun/misc/Unsafe;->getInt(Ljava/lang/Object;J)I (greylist, reflection, allowed)
11-16 21:41:34.979 W/nedecraques.ap(15368): Accessing hidden method Lsun/misc/Unsafe;->putInt(Ljava/lang/Object;JI)V (greylist, reflection, allowed)
11-16 21:41:34.979 W/nedecraques.ap(15368): Accessing hidden method Lsun/misc/Unsafe;->getLong(Ljava/lang/Object;J)J (greylist,core-platform-api, reflection, allowed)
11-16 21:41:34.979 W/nedecraques.ap(15368): Accessing hidden method Lsun/misc/Unsafe;->putLong(Ljava/lang/Object;JJ)V (greylist, reflection, allowed)
11-16 21:41:34.979 W/nedecraques.ap(15368): Accessing hidden method Lsun/misc/Unsafe;->getObject(Ljava/lang/Object;J)Ljava/lang/Object; (greylist, reflection, allowed)
11-16 21:41:34.979 W/nedecraques.ap(15368): Accessing hidden method Lsun/misc/Unsafe;->putObject(Ljava/lang/Object;JLjava/lang/Object;)V (greylist, reflection, allowed)
11-16 21:41:34.979 W/nedecraques.ap(15368): Accessing hidden field Ljava/nio/Buffer;->address:J (greylist, reflection, allowed)
11-16 21:41:34.986 W/nedecraques.ap(15368): Accessing hidden method Lsun/misc/Unsafe;->putObject(Ljava/lang/Object;JLjava/lang/Object;)V (greylist, linking, allowed)
11-16 21:41:35.168 W/nedecraques.ap(15368): Accessing hidden method Landroid/view/View;->getViewRootImpl()Landroid/view/ViewRootImpl; (greylist, reflection, allowed)
11-16 21:41:35.168 W/nedecraques.ap(15368): Accessing hidden field Landroid/view/View$AttachInfo;->mVisibleInsets:Landroid/graphics/Rect; (greylist, reflection, allowed)
11-16 21:41:35.168 W/nedecraques.ap(15368): Accessing hidden field Landroid/view/ViewRootImpl;->mAttachInfo:Landroid/view/View$AttachInfo; (greylist, reflection, allowed)
11-16 21:41:35.235 I/AdrenoGLES(15368): QUALCOMM build                   : 9d44e36, Ie3bb699d95
11-16 21:41:35.235 I/AdrenoGLES(15368): Build Date                       : 09/29/20
11-16 21:41:35.235 I/AdrenoGLES(15368): OpenGL ES Shader Compiler Version: EV031.27.05.02
11-16 21:41:35.235 I/AdrenoGLES(15368): Local Branch                     : 
11-16 21:41:35.235 I/AdrenoGLES(15368): Remote Branch                    : refs/tags/AU_LINUX_ANDROID_LA.UM.8.6.2.R1.10.00.00.537.053
11-16 21:41:35.235 I/AdrenoGLES(15368): Remote Branch                    : NONE
11-16 21:41:35.235 I/AdrenoGLES(15368): Reconstruct Branch               : NOTHING
11-16 21:41:35.235 I/AdrenoGLES(15368): Build Config                     : S L 8.0.10 AArch64
11-16 21:41:35.281 I/AdrenoGLES(15368): PFP: 0x005ff112, ME: 0x005ff066
11-16 21:41:35.357 W/Gralloc3(15368): mapper 3.x is not supported
11-16 21:41:35.473 I/OpenGLRenderer(15368): Davey! duration=2028ms; Flags=1, IntendedVsync=379861873506904, Vsync=379862273506888, OldestInputEvent=9223372036854775807, NewestInputEvent=0, HandleInputStart=379862284851916, AnimationStart=379862284952384, PerformTraversalsStart=379862285255666, DrawStart=379863768243582, SyncQueued=379863784756446, SyncStart=379863785344311, IssueDrawCommandsStart=379863785473113, SwapBuffers=379863899714936, FrameCompleted=379863902450561, DequeueBufferDuration=184000, QueueBufferDuration=1242000, 
11-16 21:41:35.478 W/Looper  (15368): Slow Looper main: Long Msg: seq=7 plan=21:41:33.443  late=411ms wall=1620ms running=0ms h=android.view.Choreographer$FrameHandler c=android.view.Choreographer$FrameDisplayEventReceiver
11-16 21:41:35.479 W/Looper  (15368): Slow Looper main: doFrame is 411ms late because of 5 msg, msg 1 took 5315ms (seq=2 late=8ms h=android.app.ActivityThread$H w=110), msg 2 took 377ms (seq=3 late=5318ms h=android.app.ActivityThread$H w=159)
11-16 21:41:35.543 I/Choreographer(15368): Skipped 88 frames!  The application may be doing too much work on its main thread.
11-16 21:41:35.550 W/Looper  (15368): Slow Looper main: doFrame is 1482ms late because of 5 msg, msg 1 took 1620ms (seq=7 late=411ms h=android.view.Choreographer$FrameHandler c=android.view.Choreographer$FrameDisplayEventReceiver), msg 5 took 55ms (seq=11 late=1442ms h=android.os.Handler c=androidx.compose.ui.platform.AndroidUiDispatcher$dispatchCallback$1)
11-16 21:41:35.554 I/OpenGLRenderer(15368): Davey! duration=1492ms; Flags=0, IntendedVsync=379862491710222, Vsync=379863958376830, OldestInputEvent=9223372036854775807, NewestInputEvent=0, HandleInputStart=379863974651863, AnimationStart=379863974810248, PerformTraversalsStart=379863974817384, DrawStart=379863978403009, SyncQueued=379863979655196, SyncStart=379863980189884, IssueDrawCommandsStart=379863980276030, SwapBuffers=379863982145248, FrameCompleted=379863984394207, DequeueBufferDuration=107000, QueueBufferDuration=1136000, 
11-16 21:41:38.625 I/OpenGLRenderer(15368): Davey! duration=870ms; Flags=0, IntendedVsync=379866184133690, Vsync=379866184133690, OldestInputEvent=9223372036854775807, NewestInputEvent=0, HandleInputStart=379866188516914, AnimationStart=379866188530716, PerformTraversalsStart=379866844685664, DrawStart=379866845031706, SyncQueued=379867052662383, SyncStart=379867053144622, IssueDrawCommandsStart=379867053308216, SwapBuffers=379867054269362, FrameCompleted=379867055444049, DequeueBufferDuration=171000, QueueBufferDuration=385000, 
11-16 21:41:38.748 W/Looper  (15368): Slow Looper main: doFrame is 337ms late because of 2 msg, msg 1 took 865ms (seq=39 late=4ms h=android.view.Choreographer$FrameHandler c=android.view.Choreographer$FrameDisplayEventReceiver), msg 2 took 69ms (seq=40 late=284ms h=android.os.Handler c=androidx.compose.ui.platform.AndroidComposeViewAccessibilityDelegateCompat$$ExternalSyntheticLambda3)
11-16 21:41:39.923 W/nedecraques.ap(15368): Accessing hidden method Lsun/misc/Unsafe;->getInt(Ljava/lang/Object;J)I (greylist, linking, allowed)
11-16 21:41:39.923 W/nedecraques.ap(15368): Accessing hidden method Lsun/misc/Unsafe;->getObject(Ljava/lang/Object;J)Ljava/lang/Object; (greylist, linking, allowed)
11-16 21:41:39.923 W/nedecraques.ap(15368): Accessing hidden method Lsun/misc/Unsafe;->putObject(Ljava/lang/Object;JLjava/lang/Object;)V (greylist, linking, allowed)
11-16 21:41:39.936 W/nedecraques.ap(15368): Accessing hidden method Lsun/misc/Unsafe;->putInt(Ljava/lang/Object;JI)V (greylist, linking, allowed)
11-16 21:41:39.946 I/HttpClientProvider(15368): updateSessionCookies host=nice-hill-01a3a1010.2.azurestaticapps.net -> ${cookie.name}@${cookie.domain}${cookie.path}
11-16 21:41:40.046 W/nedecraques.ap(15368): Accessing hidden method Lsun/misc/Unsafe;->getObject(Ljava/lang/Object;J)Ljava/lang/Object; (greylist, linking, allowed)
11-16 21:41:40.046 W/nedecraques.ap(15368): Accessing hidden method Lsun/misc/Unsafe;->putObject(Ljava/lang/Object;JLjava/lang/Object;)V (greylist, linking, allowed)
11-16 21:41:40.047 W/nedecraques.ap(15368): Accessing hidden method Lsun/misc/Unsafe;->putInt(Ljava/lang/Object;JI)V (greylist, linking, allowed)
11-16 21:41:40.047 W/nedecraques.ap(15368): Accessing hidden method Lsun/misc/Unsafe;->getInt(Ljava/lang/Object;J)I (greylist, linking, allowed)
11-16 21:41:40.629 W/Looper  (15368): Slow Looper main: MotionEvent is 344ms late (event_seq=4, action=ACTION_DOWN) because of 1 msg, msg 1 took 651ms (seq=66 late=1ms h=android.view.Choreographer$FrameHandler c=android.view.Choreographer$FrameDisplayEventReceiver)
11-16 21:41:40.629 W/InputEventReceiver(15368): App Input: 344ms before dispatchInputEvent (MotionEvent: event_seq=4, seq=30874, action=ACTION_DOWN)
11-16 21:41:40.661 I/NextApiService(15368): GET /api/videos resolvedUrl=https://nice-hill-01a3a1010.2.azurestaticapps.net/api/videos?skip=0&take=6 skip=0 take=6
11-16 21:41:40.915 I/ExoPlayerImpl(15368): Init a2cacc4 [AndroidXMedia3/1.4.1] [olive, Redmi 8, Xiaomi, 29]
11-16 21:41:41.012 W/nedecraques.ap(15368): Accessing hidden method Landroid/media/AudioTrack;->getLatency()I (greylist, reflection, allowed)
11-16 21:41:41.372 I/chatty  (15368): uid=11417(com.vitrinedecraques.app) identical 26 lines
11-16 21:41:41.378 I/nedecraques.ap(15368): ProcessProfilingInfo new_methods=15279 is saved saved_to_disk=1 resolve_classes_delay=8000
11-16 21:41:41.402 I/chatty  (15368): uid=11417(com.vitrinedecraques.app) identical 9 lines
11-16 21:41:41.648 I/ExoPlayerImpl(15368): Init f698697 [AndroidXMedia3/1.4.1] [olive, Redmi 8, Xiaomi, 29]
11-16 21:41:41.695 W/Gralloc3(15368): allocator 3.x is not supported
11-16 21:41:41.750 I/chatty  (15368): uid=11417(com.vitrinedecraques.app) identical 25 lines
11-16 21:41:41.758 I/chatty  (15368): uid=11417(com.vitrinedecraques.app) identical 2 lines
11-16 21:41:41.765 I/chatty  (15368): uid=11417(com.vitrinedecraques.app) identical 2 lines
11-16 21:41:41.787 I/chatty  (15368): uid=11417(com.vitrinedecraques.app) identical 2 lines
11-16 21:41:41.982 I/nedecraques.ap(15368): NativeAlloc concurrent copying GC freed 70069(4968KB) AllocSpace objects, 30(2792KB) LOS objects, 63% free, 7018KB/18MB, paused 368us total 145.616ms
11-16 21:41:42.091 W/Looper  (15368): Slow Looper main: Long Msg: seq=69 plan=21:41:40.277  late=424ms wall=1389ms running=0ms h=android.view.Choreographer$FrameHandler c=android.view.Choreographer$FrameDisplayEventReceiver
11-16 21:41:42.092 W/Looper  (15368): Slow Looper main: doFrame is 424ms late because of 3 msg, msg 1 took 651ms (seq=66 late=1ms h=android.view.Choreographer$FrameHandler c=android.view.Choreographer$FrameDisplayEventReceiver)
11-16 21:41:42.092 I/OpenGLRenderer(15368): Davey! duration=1815ms; Flags=0, IntendedVsync=379868707125923, Vsync=379869123792573, OldestInputEvent=9223372036854775807, NewestInputEvent=0, HandleInputStart=379869131826496, AnimationStart=379869131903736, PerformTraversalsStart=379869207779048, DrawStart=379869210216080, SyncQueued=379870518512642, SyncStart=379870518974673, IssueDrawCommandsStart=379870519844256, SwapBuffers=379870521665090, FrameCompleted=379870522784985, DequeueBufferDuration=361000, QueueBufferDuration=508000, 
11-16 21:41:42.144 I/NextApiService(15368): Fetching profile details from: https://nice-hill-01a3a1010.2.azurestaticapps.net/api/atletas/cmfyh0u0b0002nassr4s60ds1
11-16 21:41:42.153 I/HttpClientProvider(15368): getSessionCookies host=nice-hill-01a3a1010.2.azurestaticapps.net -> ${cookie.name}@${cookie.domain}${cookie.path}
11-16 21:41:42.180 I/HttpClientProvider(15368): getSessionCookies host=nice-hill-01a3a1010.2.azurestaticapps.net -> ${cookie.name}@${cookie.domain}${cookie.path}
11-16 21:41:42.197 I/Choreographer(15368): Skipped 89 frames!  The application may be doing too much work on its main thread.
11-16 21:41:42.208 I/DpmTcmClient(15368): RegisterTcmMonitor from: $Proxy0
11-16 21:41:42.290 W/Looper  (15368): Slow Looper main: doFrame is 1486ms late because of 11 msg, msg 1 took 1389ms (seq=69 late=424ms h=android.view.Choreographer$FrameHandler c=android.view.Choreographer$FrameDisplayEventReceiver), msg 7 took 56ms (seq=75 late=1438ms h=android.os.Handler c=androidx.compose.ui.platform.AndroidUiDispatcher$dispatchCallback$1)
11-16 21:41:42.425 I/OpenGLRenderer(15368): Davey! duration=1713ms; Flags=1, IntendedVsync=379869141525312, Vsync=379870624858586, OldestInputEvent=9223372036854775807, NewestInputEvent=0, HandleInputStart=379870628213475, AnimationStart=379870628415142, PerformTraversalsStart=379870681728214, DrawStart=379870708816808, SyncQueued=379870717888839, SyncStart=379870718537746, IssueDrawCommandsStart=379870719541652, SwapBuffers=379870852659621, FrameCompleted=379870855397746, DequeueBufferDuration=324000, QueueBufferDuration=766000, 
11-16 21:41:46.001 W/nedecraques.ap(15368): Accessing hidden method Lsun/misc/Unsafe;->getObject(Ljava/lang/Object;J)Ljava/lang/Object; (greylist, linking, allowed)
11-16 21:41:46.001 W/nedecraques.ap(15368): Accessing hidden method Lsun/misc/Unsafe;->putObject(Ljava/lang/Object;JLjava/lang/Object;)V (greylist, linking, allowed)
11-16 21:41:46.002 W/nedecraques.ap(15368): Accessing hidden method Lsun/misc/Unsafe;->putInt(Ljava/lang/Object;JI)V (greylist, linking, allowed)
11-16 21:41:46.002 W/nedecraques.ap(15368): Accessing hidden method Lsun/misc/Unsafe;->getInt(Ljava/lang/Object;J)I (greylist, linking, allowed)
11-16 21:41:46.048 I/NextApiService(15368): Fetching profile details from: https://nice-hill-01a3a1010.2.azurestaticapps.net/api/atletas/cmfyh0u0b0002nassr4s60ds1
11-16 21:41:46.057 W/nedecraques.ap(15368): Accessing hidden method Lsun/misc/Unsafe;->getObject(Ljava/lang/Object;J)Ljava/lang/Object; (greylist, linking, allowed)
11-16 21:41:46.057 W/nedecraques.ap(15368): Accessing hidden method Lsun/misc/Unsafe;->putInt(Ljava/lang/Object;JI)V (greylist, linking, allowed)
11-16 21:41:46.057 W/nedecraques.ap(15368): Accessing hidden method Lsun/misc/Unsafe;->getInt(Ljava/lang/Object;J)I (greylist, linking, allowed)
11-16 21:41:46.867 W/VideoCapabilities(15368): Unsupported mime video/divx
11-16 21:41:46.869 W/VideoCapabilities(15368): Unsupported mime video/divx4
11-16 21:41:46.905 W/Utils   (15368): could not parse long range '146-132'
11-16 21:41:46.915 I/VideoCapabilities(15368): Unsupported profile 4 for video/mp4v-es
11-16 21:41:47.094 I/OMXClient(15368): IOmx service obtained
11-16 21:41:47.448 I/MediaCodec(15368): [OMX.qcom.video.decoder.avc] setting surface generation to 15736833
11-16 21:41:47.451 I/ExtendedACodec(15368): setupVideoDecoder()
11-16 21:41:47.457 I/ExtendedACodec(15368): Decoder will be in frame by frame mode
11-16 21:41:47.525 I/OMXClient(15368): IOmx service obtained
11-16 21:41:47.529 I/ACodec  (15368): codec does not support config priority (err -2147483648)
11-16 21:41:47.531 I/ACodec  (15368): codec does not support config priority (err -2147483648)
11-16 21:41:47.531 I/ACodec  (15368): codec does not support config operating rate (err -2147483648)
11-16 21:41:47.532 W/ExtendedACodec(15368): Failed to get extension for extradata parameter
11-16 21:41:48.842 I/OMXClient(15368): IOmx service obtained
11-16 21:41:48.861 I/MediaCodec(15368): [OMX.qcom.video.decoder.avc] setting surface generation to 15736834
11-16 21:41:48.862 I/ExtendedACodec(15368): setupVideoDecoder()
11-16 21:41:48.875 I/ExtendedACodec(15368): Decoder will be in frame by frame mode
11-16 21:41:48.917 I/OMXClient(15368): IOmx service obtained
11-16 21:41:48.921 I/ACodec  (15368): codec does not support config priority (err -2147483648)
11-16 21:41:48.922 I/ACodec  (15368): codec does not support config priority (err -2147483648)
11-16 21:41:48.922 I/ACodec  (15368): codec does not support config operating rate (err -2147483648)
11-16 21:41:48.923 W/ExtendedACodec(15368): Failed to get extension for extradata parameter
11-16 21:41:51.551 I/nedecraques.ap(15368): NativeAlloc concurrent copying GC freed 145925(7408KB) AllocSpace objects, 10(424KB) LOS objects, 54% free, 10219KB/21MB, paused 63us total 124.011ms
11-16 21:41:58.951 W/AudioTrack(15368): getTimestamp_l(173): retrograde timestamp time corrected, 379887363190656 < 379887368800083
11-16 21:42:10.895 I/nedecraques.ap(15368): Background concurrent copying GC freed 5016(391KB) AllocSpace objects, 0(0B) LOS objects, 49% free, 21MB/43MB, paused 61us total 114.531ms
11-16 21:42:29.283 W/AudioTrack(15368): getTimestamp_l(173): retrograde timestamp time corrected, 379917544828092 < 379917702336842
11-16 21:42:46.226 I/MediaCodec(15368): [OMX.qcom.video.decoder.avc] setting surface generation to 15736835
11-16 21:42:46.255 I/MediaCodec(15368): [OMX.qcom.video.decoder.avc] setting surface generation to 15736836
11-16 21:42:46.288 I/ExoPlayerImpl(15368): Release a2cacc4 [AndroidXMedia3/1.4.1] [olive, Redmi 8, Xiaomi, 29] [media3.common, media3.exoplayer, media3.decoder, media3.ui, media3.datasource, media3.extractor]
11-16 21:42:46.401 I/ExoPlayerImpl(15368): Release f698697 [AndroidXMedia3/1.4.1] [olive, Redmi 8, Xiaomi, 29] [media3.common, media3.exoplayer, media3.decoder, media3.ui, media3.datasource, media3.extractor]
11-16 21:42:46.731 I/Choreographer(15368): Skipped 36 frames!  The application may be doing too much work on its main thread.
11-16 21:42:46.822 I/OpenGLRenderer(15368): Davey! duration=714ms; Flags=0, IntendedVsync=379934538047921, Vsync=379934538047921, OldestInputEvent=9223372036854775807, NewestInputEvent=0, HandleInputStart=379934539177253, AnimationStart=379934539217930, PerformTraversalsStart=379934886243867, DrawStart=379934886470377, SyncQueued=379935159437357, SyncStart=379935159932773, IssueDrawCommandsStart=379935160845742, SwapBuffers=379935251858034, FrameCompleted=379935252824544, DequeueBufferDuration=172000, QueueBufferDuration=354000, 
11-16 21:42:46.824 W/Looper  (15368): Slow Looper main: doFrame is 607ms late because of 6 msg, msg 1 took 622ms (seq=1445 late=1ms h=android.view.Choreographer$FrameHandler c=android.view.Choreographer$FrameDisplayEventReceiver)
11-16 21:42:52.344 I/ExoPlayerImpl(15368): Init 37a61f [AndroidXMedia3/1.4.1] [olive, Redmi 8, Xiaomi, 29]
11-16 21:42:52.484 I/chatty  (15368): uid=11417(com.vitrinedecraques.app) identical 20 lines
11-16 21:42:52.496 I/chatty  (15368): uid=11417(com.vitrinedecraques.app) identical 1 line
11-16 21:42:52.534 I/chatty  (15368): uid=11417(com.vitrinedecraques.app) identical 12 lines
11-16 21:42:52.626 I/ExoPlayerImpl(15368): Init 464080e [AndroidXMedia3/1.4.1] [olive, Redmi 8, Xiaomi, 29]
11-16 21:42:52.748 I/chatty  (15368): uid=11417(com.vitrinedecraques.app) identical 41 lines
11-16 21:42:52.933 I/Choreographer(15368): Skipped 37 frames!  The application may be doing too much work on its main thread.
11-16 21:42:52.942 I/HttpClientProvider(15368): getSessionCookies host=nice-hill-01a3a1010.2.azurestaticapps.net -> ${cookie.name}@${cookie.domain}${cookie.path}
11-16 21:42:52.973 I/HttpClientProvider(15368): getSessionCookies host=nice-hill-01a3a1010.2.azurestaticapps.net -> ${cookie.name}@${cookie.domain}${cookie.path}
11-16 21:42:53.004 W/Looper  (15368): Slow Looper main: doFrame is 627ms late because of 5 msg, msg 1 took 643ms (seq=1726 h=android.view.Choreographer$FrameHandler c=android.view.Choreographer$FrameDisplayEventReceiver)
11-16 21:42:53.008 I/OpenGLRenderer(15368): Davey! duration=700ms; Flags=1, IntendedVsync=379940736951521, Vsync=379941353618163, OldestInputEvent=9223372036854775807, NewestInputEvent=0, HandleInputStart=379941364770635, AnimationStart=379941364851625, PerformTraversalsStart=379941410409646, DrawStart=379941429828812, SyncQueued=379941432873656, SyncStart=379941433363083, IssueDrawCommandsStart=379941433838083, SwapBuffers=379941436605115, FrameCompleted=379941438183656, DequeueBufferDuration=183000, QueueBufferDuration=363000, 
11-16 21:42:56.845 I/OMXClient(15368): IOmx service obtained
11-16 21:42:57.062 I/MediaCodec(15368): [OMX.qcom.video.decoder.avc] setting surface generation to 15736837
11-16 21:42:57.064 I/ExtendedACodec(15368): setupVideoDecoder()
11-16 21:42:57.069 I/ExtendedACodec(15368): Decoder will be in frame by frame mode
11-16 21:42:57.098 I/OMXClient(15368): IOmx service obtained
11-16 21:42:57.101 I/ACodec  (15368): codec does not support config priority (err -2147483648)
11-16 21:42:57.102 I/ACodec  (15368): codec does not support config priority (err -2147483648)
11-16 21:42:57.103 I/ACodec  (15368): codec does not support config operating rate (err -2147483648)
11-16 21:42:57.104 W/ExtendedACodec(15368): Failed to get extension for extradata parameter
11-16 21:42:57.121 I/OMXClient(15368): IOmx service obtained
11-16 21:42:57.141 I/MediaCodec(15368): [OMX.qcom.video.decoder.avc] setting surface generation to 15736838
11-16 21:42:57.143 I/ExtendedACodec(15368): setupVideoDecoder()
11-16 21:42:57.147 I/ExtendedACodec(15368): Decoder will be in frame by frame mode
11-16 21:42:57.178 I/OMXClient(15368): IOmx service obtained
11-16 21:42:57.181 I/ACodec  (15368): codec does not support config priority (err -2147483648)
11-16 21:42:57.182 I/ACodec  (15368): codec does not support config priority (err -2147483648)
11-16 21:42:57.182 I/ACodec  (15368): codec does not support config operating rate (err -2147483648)
11-16 21:42:57.183 W/ExtendedACodec(15368): Failed to get extension for extradata parameter
11-16 21:43:09.453 I/MediaCodec(15368): [OMX.qcom.video.decoder.avc] setting surface generation to 15736839
11-16 21:43:09.466 I/MediaCodec(15368): [OMX.qcom.video.decoder.avc] setting surface generation to 15736840
