--------- beginning of main
11-02 11:51:48.585 I/Perf    ( 1407): Connecting to perf service.
11-02 11:51:48.739 I/FeatureParser( 1407): can't find olive.xml in assets/device_features/,it may be in /system/etc/device_features
--------- beginning of system
11-02 11:51:48.772 W/Looper  ( 1407): Slow Looper main: Long Msg: seq=2 plan=11:51:43.672  late=2ms wall=5096ms running=0ms h=android.app.ActivityThread$H w=110
11-02 11:51:48.777 E/Perf    ( 1407): Fail to get file list com.vitrinedecraques.app
11-02 11:51:48.777 E/Perf    ( 1407): getFolderSize() : Exception_1 = java.lang.NullPointerException: Attempt to get length of null array
11-02 11:51:48.778 E/Perf    ( 1407): Fail to get file list com.vitrinedecraques.app
11-02 11:51:48.778 E/Perf    ( 1407): getFolderSize() : Exception_1 = java.lang.NullPointerException: Attempt to get length of null array
11-02 11:51:49.097 W/Looper  ( 1407): Slow Looper main: Activity com.vitrinedecraques.app/.MainActivity is 5049ms late (wall=323ms running=0ms ClientTransaction{ callbacks=[android.app.servertransaction.LaunchActivityItem] lifecycleRequest=android.app.servertransaction.ResumeActivityItem }) because of 1 msg, msg 1 took 5096ms (seq=2 late=2ms h=android.app.ActivityThread$H w=110)
11-02 11:51:49.099 W/Looper  ( 1407): Slow Looper main: Activity com.vitrinedecraques.app/.MainActivity is 5373ms late (wall=0ms running=0ms ClientTransaction{ callbacks=[android.app.servertransaction.TopResumedActivityChangeItem] }) because of 2 msg, msg 1 took 5096ms (seq=2 late=2ms h=android.app.ActivityThread$H w=110), msg 2 took 323ms (seq=3 late=5049ms h=android.app.ActivityThread$H w=159)
11-02 11:51:50.458 W/nedecraques.ap( 1407): Accessing hidden method Lsun/misc/Unsafe;->getInt(Ljava/lang/Object;J)I (greylist, linking, allowed)
11-02 11:51:50.459 W/nedecraques.ap( 1407): Accessing hidden method Lsun/misc/Unsafe;->getObject(Ljava/lang/Object;J)Ljava/lang/Object; (greylist, linking, allowed)
11-02 11:51:50.459 W/nedecraques.ap( 1407): Accessing hidden method Lsun/misc/Unsafe;->getInt(Ljava/lang/Object;J)I (greylist, linking, allowed)
11-02 11:51:50.459 W/nedecraques.ap( 1407): Accessing hidden method Lsun/misc/Unsafe;->putInt(Ljava/lang/Object;JI)V (greylist, linking, allowed)
11-02 11:51:50.460 W/nedecraques.ap( 1407): Accessing hidden method Lsun/misc/Unsafe;->getLong(Ljava/lang/Object;J)J (greylist,core-platform-api, linking, allowed)
11-02 11:51:50.460 W/nedecraques.ap( 1407): Accessing hidden method Lsun/misc/Unsafe;->getInt(Ljava/lang/Object;J)I (greylist, linking, allowed)
11-02 11:51:50.464 W/nedecraques.ap( 1407): Accessing hidden method Lsun/misc/Unsafe;->putObject(Ljava/lang/Object;JLjava/lang/Object;)V (greylist, linking, allowed)
11-02 11:51:50.466 W/nedecraques.ap( 1407): Accessing hidden method Lsun/misc/Unsafe;->objectFieldOffset(Ljava/lang/reflect/Field;)J (greylist,core-platform-api, linking, allowed)
11-02 11:51:50.467 W/nedecraques.ap( 1407): Accessing hidden method Lsun/misc/Unsafe;->putObject(Ljava/lang/Object;JLjava/lang/Object;)V (greylist, linking, allowed)
11-02 11:51:50.468 W/nedecraques.ap( 1407): Accessing hidden method Lsun/misc/Unsafe;->getInt(Ljava/lang/Object;J)I (greylist, linking, allowed)
11-02 11:51:50.468 W/nedecraques.ap( 1407): Accessing hidden method Lsun/misc/Unsafe;->putLong(Ljava/lang/Object;JJ)V (greylist, linking, allowed)
11-02 11:51:50.473 W/nedecraques.ap( 1407): Accessing hidden method Lsun/misc/Unsafe;->getInt(Ljava/lang/Object;J)I (greylist, linking, allowed)
11-02 11:51:50.473 I/chatty  ( 1407): uid=11404(com.vitrinedecraques.app) DefaultDispatch identical 1 line
11-02 11:51:50.474 W/nedecraques.ap( 1407): Accessing hidden method Lsun/misc/Unsafe;->getInt(Ljava/lang/Object;J)I (greylist, linking, allowed)
11-02 11:51:50.474 W/nedecraques.ap( 1407): Accessing hidden method Lsun/misc/Unsafe;->putLong(Ljava/lang/Object;JJ)V (greylist, linking, allowed)
11-02 11:51:50.475 W/nedecraques.ap( 1407): Accessing hidden method Lsun/misc/Unsafe;->allocateInstance(Ljava/lang/Class;)Ljava/lang/Object; (greylist, linking, allowed)
11-02 11:51:50.477 W/nedecraques.ap( 1407): Accessing hidden method Llibcore/io/Memory;->peekLong(JZ)J (greylist, reflection, allowed)
11-02 11:51:50.478 W/nedecraques.ap( 1407): Accessing hidden method Llibcore/io/Memory;->pokeLong(JJZ)V (greylist, reflection, allowed)
11-02 11:51:50.478 W/nedecraques.ap( 1407): Accessing hidden method Llibcore/io/Memory;->pokeInt(JIZ)V (greylist, reflection, allowed)
11-02 11:51:50.478 W/nedecraques.ap( 1407): Accessing hidden method Llibcore/io/Memory;->peekInt(JZ)I (greylist, reflection, allowed)
11-02 11:51:50.478 W/nedecraques.ap( 1407): Accessing hidden method Llibcore/io/Memory;->pokeByte(JB)V (greylist, reflection, allowed)
11-02 11:51:50.478 W/nedecraques.ap( 1407): Accessing hidden method Llibcore/io/Memory;->peekByte(J)B (greylist, reflection, allowed)
11-02 11:51:50.478 W/nedecraques.ap( 1407): Accessing hidden method Llibcore/io/Memory;->pokeByteArray(J[BII)V (greylist, reflection, allowed)
11-02 11:51:50.478 W/nedecraques.ap( 1407): Accessing hidden method Llibcore/io/Memory;->peekByteArray(J[BII)V (greylist, reflection, allowed)
11-02 11:51:50.478 W/nedecraques.ap( 1407): Accessing hidden method Lsun/misc/Unsafe;->arrayBaseOffset(Ljava/lang/Class;)I (greylist,core-platform-api, linking, allowed)
11-02 11:51:50.478 W/nedecraques.ap( 1407): Accessing hidden method Lsun/misc/Unsafe;->arrayIndexScale(Ljava/lang/Class;)I (greylist, linking, allowed)
11-02 11:51:50.478 W/nedecraques.ap( 1407): Accessing hidden method Lsun/misc/Unsafe;->getInt(Ljava/lang/Object;J)I (greylist, linking, allowed)
11-02 11:51:50.478 W/nedecraques.ap( 1407): Accessing hidden method Lsun/misc/Unsafe;->getLong(Ljava/lang/Object;J)J (greylist,core-platform-api, linking, allowed)
11-02 11:51:50.479 W/nedecraques.ap( 1407): Accessing hidden method Lsun/misc/Unsafe;->getInt(Ljava/lang/Object;J)I (greylist, reflection, allowed)
11-02 11:51:50.480 W/nedecraques.ap( 1407): Accessing hidden method Lsun/misc/Unsafe;->putInt(Ljava/lang/Object;JI)V (greylist, reflection, allowed)
11-02 11:51:50.480 W/nedecraques.ap( 1407): Accessing hidden method Lsun/misc/Unsafe;->getLong(Ljava/lang/Object;J)J (greylist,core-platform-api, reflection, allowed)
11-02 11:51:50.480 W/nedecraques.ap( 1407): Accessing hidden method Lsun/misc/Unsafe;->putLong(Ljava/lang/Object;JJ)V (greylist, reflection, allowed)
11-02 11:51:50.480 W/nedecraques.ap( 1407): Accessing hidden method Lsun/misc/Unsafe;->getObject(Ljava/lang/Object;J)Ljava/lang/Object; (greylist, reflection, allowed)
11-02 11:51:50.480 W/nedecraques.ap( 1407): Accessing hidden method Lsun/misc/Unsafe;->putObject(Ljava/lang/Object;JLjava/lang/Object;)V (greylist, reflection, allowed)
11-02 11:51:50.480 W/nedecraques.ap( 1407): Accessing hidden field Ljava/nio/Buffer;->address:J (greylist, reflection, allowed)
11-02 11:51:50.486 W/nedecraques.ap( 1407): Accessing hidden method Lsun/misc/Unsafe;->putObject(Ljava/lang/Object;JLjava/lang/Object;)V (greylist, linking, allowed)
11-02 11:51:50.658 W/nedecraques.ap( 1407): Accessing hidden method Landroid/view/View;->getViewRootImpl()Landroid/view/ViewRootImpl; (greylist, reflection, allowed)
11-02 11:51:50.658 W/nedecraques.ap( 1407): Accessing hidden field Landroid/view/View$AttachInfo;->mVisibleInsets:Landroid/graphics/Rect; (greylist, reflection, allowed)
11-02 11:51:50.659 W/nedecraques.ap( 1407): Accessing hidden field Landroid/view/ViewRootImpl;->mAttachInfo:Landroid/view/View$AttachInfo; (greylist, reflection, allowed)
11-02 11:51:50.701 I/AdrenoGLES( 1407): QUALCOMM build                   : 9d44e36, Ie3bb699d95
11-02 11:51:50.701 I/AdrenoGLES( 1407): Build Date                       : 09/29/20
11-02 11:51:50.701 I/AdrenoGLES( 1407): OpenGL ES Shader Compiler Version: EV031.27.05.02
11-02 11:51:50.701 I/AdrenoGLES( 1407): Local Branch                     : 
11-02 11:51:50.701 I/AdrenoGLES( 1407): Remote Branch                    : refs/tags/AU_LINUX_ANDROID_LA.UM.8.6.2.R1.10.00.00.537.053
11-02 11:51:50.701 I/AdrenoGLES( 1407): Remote Branch                    : NONE
11-02 11:51:50.701 I/AdrenoGLES( 1407): Reconstruct Branch               : NOTHING
11-02 11:51:50.701 I/AdrenoGLES( 1407): Build Config                     : S L 8.0.10 AArch64
11-02 11:51:50.720 I/AdrenoGLES( 1407): PFP: 0x005ff112, ME: 0x005ff066
11-02 11:51:50.796 W/Gralloc3( 1407): mapper 3.x is not supported
11-02 11:51:50.905 I/OpenGLRenderer( 1407): Davey! duration=2153ms; Flags=1, IntendedVsync=2437354441835436, Vsync=2437354775168756, OldestInputEvent=9223372036854775807, NewestInputEvent=0, HandleInputStart=2437354791593814, AnimationStart=2437354791701731, PerformTraversalsStart=2437354792016574, DrawStart=2437356466631209, SyncQueued=2437356484083449, SyncStart=2437356484818553, IssueDrawCommandsStart=2437356484937824, SwapBuffers=2437356594160740, FrameCompleted=2437356596155949, DequeueBufferDuration=131000, QueueBufferDuration=1073000, 
11-02 11:51:50.909 W/Looper  ( 1407): Slow Looper main: Long Msg: seq=10 plan=11:51:48.750  late=350ms wall=1807ms running=0ms h=android.view.Choreographer$FrameHandler c=android.view.Choreographer$FrameDisplayEventReceiver
11-02 11:51:50.910 W/Looper  ( 1407): Slow Looper main: doFrame is 350ms late because of 8 msg, msg 1 took 5096ms (seq=2 late=2ms h=android.app.ActivityThread$H w=110), msg 2 took 323ms (seq=3 late=5049ms h=android.app.ActivityThread$H w=159)
11-02 11:51:50.941 I/Choreographer( 1407): Skipped 97 frames!  The application may be doing too much work on its main thread.
11-02 11:51:50.949 W/Looper  ( 1407): Slow Looper main: doFrame is 1623ms late because of 5 msg, msg 1 took 1807ms (seq=10 late=350ms h=android.view.Choreographer$FrameHandler c=android.view.Choreographer$FrameDisplayEventReceiver)
11-02 11:51:50.953 I/OpenGLRenderer( 1407): Davey! duration=1633ms; Flags=0, IntendedVsync=2437355009947659, Vsync=2437356626614261, OldestInputEvent=9223372036854775807, NewestInputEvent=0, HandleInputStart=2437356633769022, AnimationStart=2437356633959126, PerformTraversalsStart=2437356633967615, DrawStart=2437356638334542, SyncQueued=2437356639708292, SyncStart=2437356640239438, IssueDrawCommandsStart=2437356640334074, SwapBuffers=2437356641800532, FrameCompleted=2437356644127511, DequeueBufferDuration=96000, QueueBufferDuration=1479000, 
11-02 11:51:51.011 W/ApiBaseUrlResolver( 1407): Falha ao detectar host canônico: null
11-02 11:51:51.013 I/HttpClientProvider( 1407): updateSessionCookies host=nice-hill-01a3a1010.2.azurestaticapps.net -> ${cookie.name}@${cookie.domain}${cookie.path}
11-02 11:51:51.134 W/nedecraques.ap( 1407): Accessing hidden method Lsun/misc/Unsafe;->getObject(Ljava/lang/Object;J)Ljava/lang/Object; (greylist, linking, allowed)
11-02 11:51:51.134 W/nedecraques.ap( 1407): Accessing hidden method Lsun/misc/Unsafe;->putObject(Ljava/lang/Object;JLjava/lang/Object;)V (greylist, linking, allowed)
11-02 11:51:51.135 W/nedecraques.ap( 1407): Accessing hidden method Lsun/misc/Unsafe;->putInt(Ljava/lang/Object;JI)V (greylist, linking, allowed)
11-02 11:51:51.135 W/nedecraques.ap( 1407): Accessing hidden method Lsun/misc/Unsafe;->getInt(Ljava/lang/Object;J)I (greylist, linking, allowed)
11-02 11:51:51.934 I/OpenGLRenderer( 1407): Davey! duration=877ms; Flags=0, IntendedVsync=2437356747736843, Vsync=2437356747736843, OldestInputEvent=9223372036854775807, NewestInputEvent=0, HandleInputStart=2437356748361730, AnimationStart=2437356748368917, PerformTraversalsStart=2437357265285896, DrawStart=2437357265570896, SyncQueued=2437357622044750, SyncStart=2437357622454750, IssueDrawCommandsStart=2437357622753969, SwapBuffers=2437357623866625, FrameCompleted=2437357625384750, DequeueBufferDuration=208000, QueueBufferDuration=629000, 
11-02 11:51:51.958 I/NextApiService( 1407): Fetching videos from: ${httpUrl}
11-02 11:51:52.307 I/ExoPlayerImpl( 1407): Init bd992c0 [AndroidXMedia3/1.4.1] [olive, Redmi 8, Xiaomi, 29]
11-02 11:51:52.415 W/nedecraques.ap( 1407): Accessing hidden method Landroid/media/AudioTrack;->getLatency()I (greylist, reflection, allowed)
11-02 11:51:52.915 I/chatty  ( 1407): uid=11404(com.vitrinedecraques.app) identical 41 lines
11-02 11:51:53.135 I/ExoPlayerImpl( 1407): Init fd5210 [AndroidXMedia3/1.4.1] [olive, Redmi 8, Xiaomi, 29]
11-02 11:51:53.201 W/Gralloc3( 1407): allocator 3.x is not supported
11-02 11:51:53.288 I/chatty  ( 1407): uid=11404(com.vitrinedecraques.app) identical 41 lines
11-02 11:51:53.565 I/OpenGLRenderer( 1407): Davey! duration=1622ms; Flags=0, IntendedVsync=2437357633288940, Vsync=2437357749955602, OldestInputEvent=9223372036854775807, NewestInputEvent=0, HandleInputStart=2437357764325844, AnimationStart=2437357764403709, PerformTraversalsStart=2437357877630688, DrawStart=2437357877947979, SyncQueued=2437359252381989, SyncStart=2437359253018239, IssueDrawCommandsStart=2437359254146052, SwapBuffers=2437359255371260, FrameCompleted=2437359256809594, DequeueBufferDuration=260000, QueueBufferDuration=302000, 
11-02 11:51:53.566 W/Looper  ( 1407): Slow Looper main: Long Msg: seq=40 plan=11:51:51.942  late=131ms wall=1491ms running=0ms h=android.view.Choreographer$FrameHandler c=android.view.Choreographer$FrameDisplayEventReceiver
11-02 11:51:53.620 I/NextApiService( 1407): Fetching profile details from: ${httpUrl}
11-02 11:51:53.623 I/HttpClientProvider( 1407): getSessionCookies host=pub-11c79f639e314f208bdf80d01ef7056c.r2.dev -> nenhum
11-02 11:51:53.647 I/HttpClientProvider( 1407): getSessionCookies host=pub-11c79f639e314f208bdf80d01ef7056c.r2.dev -> nenhum
11-02 11:51:53.671 I/Choreographer( 1407): Skipped 95 frames!  The application may be doing too much work on its main thread.
11-02 11:51:53.690 I/DpmTcmClient( 1407): RegisterTcmMonitor from: $Proxy0
11-02 11:51:53.775 W/Looper  ( 1407): Slow Looper main: doFrame is 1596ms late because of 11 msg, msg 1 took 1491ms (seq=40 late=131ms h=android.view.Choreographer$FrameHandler c=android.view.Choreographer$FrameDisplayEventReceiver), msg 7 took 102ms (seq=46 late=1495ms h=android.os.Handler c=androidx.compose.ui.platform.AndroidUiDispatcher$dispatchCallback$1)
11-02 11:51:54.191 I/OpenGLRenderer( 1407): Davey! duration=2114ms; Flags=1, IntendedVsync=2437357766956394, Vsync=2437359350289664, OldestInputEvent=9223372036854775807, NewestInputEvent=0, HandleInputStart=2437359363609437, AnimationStart=2437359363734646, PerformTraversalsStart=2437359405949333, DrawStart=2437359447791625, SyncQueued=2437359461220531, SyncStart=2437359462020062, IssueDrawCommandsStart=2437359463179125, SwapBuffers=2437359881203656, FrameCompleted=2437359882714854, DequeueBufferDuration=391000, QueueBufferDuration=435000, 
11-02 11:51:54.272 W/Looper  ( 1407): Slow Looper main: doFrame is 404ms late because of 21 msg, msg 1 took 356ms (seq=76 late=157ms h=android.view.Choreographer$FrameHandler c=android.view.Choreographer$FrameDisplayEventReceiver)
11-02 11:51:56.655 I/nedecraques.ap( 1407): ProcessProfilingInfo new_methods=15543 is saved saved_to_disk=1 resolve_classes_delay=8000
11-02 11:51:57.466 I/ServiceManager( 1407): Waiting for service 'media.player' on '/dev/binder'...
11-02 11:51:57.755 W/nedecraques.ap( 1407): Accessing hidden method Lsun/misc/Unsafe;->getObject(Ljava/lang/Object;J)Ljava/lang/Object; (greylist, linking, allowed)
11-02 11:51:57.755 W/nedecraques.ap( 1407): Accessing hidden method Lsun/misc/Unsafe;->putObject(Ljava/lang/Object;JLjava/lang/Object;)V (greylist, linking, allowed)
11-02 11:51:57.756 W/nedecraques.ap( 1407): Accessing hidden method Lsun/misc/Unsafe;->putInt(Ljava/lang/Object;JI)V (greylist, linking, allowed)
11-02 11:51:57.756 W/nedecraques.ap( 1407): Accessing hidden method Lsun/misc/Unsafe;->getInt(Ljava/lang/Object;J)I (greylist, linking, allowed)
11-02 11:51:57.811 I/NextApiService( 1407): Fetching profile details from: ${httpUrl}
11-02 11:51:57.821 W/nedecraques.ap( 1407): Accessing hidden method Lsun/misc/Unsafe;->getObject(Ljava/lang/Object;J)Ljava/lang/Object; (greylist, linking, allowed)
11-02 11:51:57.822 W/nedecraques.ap( 1407): Accessing hidden method Lsun/misc/Unsafe;->putInt(Ljava/lang/Object;JI)V (greylist, linking, allowed)
11-02 11:51:57.822 W/nedecraques.ap( 1407): Accessing hidden method Lsun/misc/Unsafe;->getInt(Ljava/lang/Object;J)I (greylist, linking, allowed)
11-02 11:51:58.467 I/ServiceManager( 1407): Waiting for service 'media.player' on '/dev/binder'...
11-02 11:51:59.468 I/ServiceManager( 1407): Waiting for service 'media.player' on '/dev/binder'...
11-02 11:52:00.468 I/ServiceManager( 1407): Waiting for service 'media.player' on '/dev/binder'...
11-02 11:52:01.469 I/ServiceManager( 1407): Waiting for service 'media.player' on '/dev/binder'...
11-02 11:52:02.470 W/ServiceManager( 1407): Service media.player didn't start. Returning NULL
11-02 11:52:02.576 I/OMXClient( 1407): IOmx service obtained
11-02 11:52:02.617 I/OMXClient( 1407): IOmx service obtained
11-02 11:52:02.658 I/OMXClient( 1407): IOmx service obtained
11-02 11:52:02.662 I/OMXClient( 1407): IOmx service obtained
11-02 11:52:02.673 I/OMXClient( 1407): IOmx service obtained
11-02 11:52:02.679 I/OMXClient( 1407): IOmx service obtained
11-02 11:52:02.685 I/OMXClient( 1407): IOmx service obtained
11-02 11:52:02.690 I/OMXClient( 1407): IOmx service obtained
11-02 11:52:02.696 I/OMXClient( 1407): IOmx service obtained
11-02 11:52:02.705 I/OMXClient( 1407): IOmx service obtained
11-02 11:52:02.720 I/OMXClient( 1407): IOmx service obtained
11-02 11:52:02.729 I/OMXClient( 1407): IOmx service obtained
11-02 11:52:02.739 I/OMXClient( 1407): IOmx service obtained
11-02 11:52:02.766 I/OMXClient( 1407): IOmx service obtained
11-02 11:52:02.775 I/OMXClient( 1407): IOmx service obtained
11-02 11:52:02.784 I/OMXClient( 1407): IOmx service obtained
11-02 11:52:02.794 I/OMXClient( 1407): IOmx service obtained
11-02 11:52:03.197 W/OmxInfoBuilder( 1407): Fail to add media type video/avc to codec OMX.qcom.video.decoder.avc
11-02 11:52:03.199 W/ServiceManagement( 1407): getService: found dead hwbinder service for android.hardware.media.omx@1.0::IOmx/default.
11-02 11:52:03.209 I/ServiceManagement( 1407): getService: Trying again for android.hardware.media.omx@1.0::IOmx/default...
11-02 11:52:03.386 I/OMXClient( 1407): IOmx service obtained
11-02 11:52:03.392 W/ExoPlayer:Playb( 1407): type=1400 audit(0.0:387394): avc: denied { read } for name="u:object_r:vendor_audio_prop:s0" dev="tmpfs" ino=17563 scontext=u:r:untrusted_app:s0:c124,c261,c512,c768 tcontext=u:object_r:vendor_audio_prop:s0 tclass=file permissive=0
11-02 11:52:03.409 E/libc    ( 1407): Access denied finding property "vendor.audio.record.aggregate.buffer.duration"
11-02 11:52:03.409 E/libc    ( 1407): Access denied finding property "persist.vendor.audio.debug.sf.noaudio"
11-02 11:52:03.410 E/libc    ( 1407): Access denied finding property "vendor.audio.use.sw.alac.decoder"
11-02 11:52:03.410 E/libc    ( 1407): Access denied finding property "vendor.audio.use.sw.ape.decoder"
11-02 11:52:03.410 E/libc    ( 1407): Access denied finding property "vendor.audio.use.sw.mpegh.decoder"
11-02 11:52:03.410 E/libc    ( 1407): Access denied finding property "vendor.audio.flac.sw.decoder.24bit"
11-02 11:52:03.410 E/libc    ( 1407): Access denied finding property "vendor.audio.hw.aac.encoder"
11-02 11:52:03.402 W/ExoPlayer:Playb( 1407): type=1400 audit(0.0:387395): avc: denied { read } for name="u:object_r:vendor_audio_prop:s0" dev="tmpfs" ino=17563 scontext=u:r:untrusted_app:s0:c124,c261,c512,c768 tcontext=u:object_r:vendor_audio_prop:s0 tclass=file permissive=0
11-02 11:52:03.413 I/OMXClient( 1407): IOmx service obtained
11-02 11:52:03.457 I/OMXClient( 1407): IOmx service obtained
11-02 11:52:03.467 I/OMXClient( 1407): IOmx service obtained
11-02 11:52:03.482 I/OMXClient( 1407): IOmx service obtained
11-02 11:52:03.488 I/OMXClient( 1407): IOmx service obtained
11-02 11:52:03.639 I/OMXClient( 1407): IOmx service obtained
11-02 11:52:03.649 I/OMXClient( 1407): IOmx service obtained
11-02 11:52:03.660 I/OMXClient( 1407): IOmx service obtained
11-02 11:52:03.665 I/OMXClient( 1407): IOmx service obtained
11-02 11:52:03.691 I/OMXClient( 1407): IOmx service obtained
11-02 11:52:03.698 I/OMXClient( 1407): IOmx service obtained
11-02 11:52:03.704 I/OMXClient( 1407): IOmx service obtained
11-02 11:52:03.725 W/OMXUtils( 1407): do not know color format 0x7fa30c04 = 2141391876
11-02 11:52:03.726 W/OMXUtils( 1407): do not know color format 0x7f000789 = 2130708361
11-02 11:52:03.731 I/OMXClient( 1407): IOmx service obtained
11-02 11:52:03.735 W/OMXUtils( 1407): do not know color format 0x7f000789 = 2130708361
11-02 11:52:03.737 I/OMXClient( 1407): IOmx service obtained
11-02 11:52:03.749 W/OMXUtils( 1407): do not know color format 0x7fa30c04 = 2141391876
11-02 11:52:03.750 W/OMXUtils( 1407): do not know color format 0x7f000789 = 2130708361
11-02 11:52:03.754 I/OMXClient( 1407): IOmx service obtained
11-02 11:52:03.758 W/OMXUtils( 1407): do not know color format 0x7f000789 = 2130708361
11-02 11:52:03.761 I/OMXClient( 1407): IOmx service obtained
11-02 11:52:03.766 W/OMXUtils( 1407): do not know color format 0x7fa30c04 = 2141391876
11-02 11:52:03.767 W/OMXUtils( 1407): do not know color format 0x7f000789 = 2130708361
11-02 11:52:03.771 I/OMXClient( 1407): IOmx service obtained
11-02 11:52:03.774 W/OMXUtils( 1407): do not know color format 0x7f000789 = 2130708361
11-02 11:52:03.778 I/OMXClient( 1407): IOmx service obtained
11-02 11:52:03.781 W/OMXUtils( 1407): do not know color format 0x7f000789 = 2130708361
11-02 11:52:03.785 I/Codec2Client( 1407): Available Codec2 services: "software"
11-02 11:52:03.786 I/Codec2Client( 1407): Creating a Codec2 client to service "software"
11-02 11:52:03.807 I/Codec2Client( 1407): Client to Codec2 service "software" created
11-02 11:52:03.825 I/MediaCodecsXmlParser( 1407): limit: max-channel-count = 2
11-02 11:52:03.825 I/MediaCodecsXmlParser( 1407): limit: sample-rate-ranges = 8000,11025,12000,16000,22050,24000,32000,44100,48000
11-02 11:52:03.825 I/MediaCodecsXmlParser( 1407): limit: bitrate-range = 8000-320000
11-02 11:52:03.825 I/MediaCodecsXmlParser( 1407): limit: max-channel-count = 1
11-02 11:52:03.826 I/MediaCodecsXmlParser( 1407): limit: sample-rate-ranges = 8000
11-02 11:52:03.826 I/MediaCodecsXmlParser( 1407): limit: bitrate-range = 4750-12200
11-02 11:52:03.826 I/MediaCodecsXmlParser( 1407): limit: max-channel-count = 1
11-02 11:52:03.826 I/MediaCodecsXmlParser( 1407): limit: sample-rate-ranges = 16000
11-02 11:52:03.826 I/MediaCodecsXmlParser( 1407): limit: bitrate-range = 6600-23850
11-02 11:52:03.826 I/MediaCodecsXmlParser( 1407): limit: max-channel-count = 8
11-02 11:52:03.826 I/MediaCodecsXmlParser( 1407): limit: sample-rate-ranges = 7350,8000,11025,12000,16000,22050,24000,32000,44100,48000
11-02 11:52:03.826 I/MediaCodecsXmlParser( 1407): limit: bitrate-range = 8000-960000
11-02 11:52:03.826 I/MediaCodecsXmlParser( 1407): limit: max-channel-count = 1
11-02 11:52:03.826 I/MediaCodecsXmlParser( 1407): limit: sample-rate-ranges = 8000-48000
11-02 11:52:03.826 I/MediaCodecsXmlParser( 1407): limit: bitrate-range = 64000
11-02 11:52:03.826 I/MediaCodecsXmlParser( 1407): limit: max-channel-count = 1
11-02 11:52:03.826 I/MediaCodecsXmlParser( 1407): limit: sample-rate-ranges = 8000-48000
11-02 11:52:03.826 I/MediaCodecsXmlParser( 1407): limit: bitrate-range = 64000
11-02 11:52:03.826 I/MediaCodecsXmlParser( 1407): limit: max-channel-count = 8
11-02 11:52:03.826 I/MediaCodecsXmlParser( 1407): limit: sample-rate-ranges = 8000-96000
11-02 11:52:03.826 I/MediaCodecsXmlParser( 1407): limit: bitrate-range = 32000-500000
11-02 11:52:03.826 I/MediaCodecsXmlParser( 1407): limit: max-channel-count = 8
11-02 11:52:03.826 I/MediaCodecsXmlParser( 1407): limit: sample-rate-ranges = 48000
11-02 11:52:03.826 I/MediaCodecsXmlParser( 1407): limit: bitrate-range = 6000-510000
11-02 11:52:03.826 I/MediaCodecsXmlParser( 1407): limit: max-channel-count = 8
11-02 11:52:03.826 I/MediaCodecsXmlParser( 1407): limit: sample-rate-ranges = 8000-96000
11-02 11:52:03.826 I/MediaCodecsXmlParser( 1407): limit: bitrate-range = 1-10000000
11-02 11:52:03.826 I/MediaCodecsXmlParser( 1407): limit: max-channel-count = 8
11-02 11:52:03.826 I/MediaCodecsXmlParser( 1407): limit: sample-rate-ranges = 1-655350
11-02 11:52:03.826 I/MediaCodecsXmlParser( 1407): limit: bitrate-range = 1-21000000
11-02 11:52:03.826 I/MediaCodecsXmlParser( 1407): limit: max-channel-count = 1
11-02 11:52:03.826 I/MediaCodecsXmlParser( 1407): limit: sample-rate-ranges = 8000
11-02 11:52:03.826 I/MediaCodecsXmlParser( 1407): limit: bitrate-range = 13000
11-02 11:52:03.826 I/MediaCodecsXmlParser( 1407): limit: size-range = 2x2-352x288
11-02 11:52:03.826 I/MediaCodecsXmlParser( 1407): limit: alignment = 2x2
11-02 11:52:03.826 I/MediaCodecsXmlParser( 1407): limit: block-size = 16x16
11-02 11:52:03.826 I/MediaCodecsXmlParser( 1407): limit: blocks-per-second-range = 12-11880
11-02 11:52:03.826 I/MediaCodecsXmlParser( 1407): limit: bitrate-range = 1-384000
11-02 11:52:03.826 I/MediaCodecsXmlParser( 1407): limit: feature-adaptive-playback = 0
11-02 11:52:03.827 I/MediaCodecsXmlParser( 1407): limit: size-range = 2x2-352x288
11-02 11:52:03.827 I/MediaCodecsXmlParser( 1407): limit: alignment = 2x2
11-02 11:52:03.827 I/MediaCodecsXmlParser( 1407): limit: bitrate-range = 1-384000
11-02 11:52:03.827 I/MediaCodecsXmlParser( 1407): limit: feature-adaptive-playback = 0
11-02 11:52:03.827 I/MediaCodecsXmlParser( 1407): limit: alignment = 2x2
11-02 11:52:03.827 I/MediaCodecsXmlParser( 1407): limit: block-size = 16x16
11-02 11:52:03.827 I/MediaCodecsXmlParser( 1407): limit: size-range = 2x2-4080x4080
11-02 11:52:03.827 I/MediaCodecsXmlParser( 1407): limit: block-count-range = 1-32768
11-02 11:52:03.827 I/MediaCodecsXmlParser( 1407): limit: blocks-per-second-range = 1-1966080
11-02 11:52:03.827 I/MediaCodecsXmlParser( 1407): limit: bitrate-range = 1-48000000
11-02 11:52:03.827 I/MediaCodecsXmlParser( 1407): limit: size-range = 2x2-2048x2048
11-02 11:52:03.827 I/MediaCodecsXmlParser( 1407): limit: block-count-range = 1-16384
11-02 11:52:03.827 I/MediaCodecsXmlParser( 1407): limit: blocks-per-second-range = 1-491520
11-02 11:52:03.827 I/MediaCodecsXmlParser( 1407): limit: bitrate-range = 1-40000000
11-02 11:52:03.827 I/MediaCodecsXmlParser( 1407): limit: feature-adaptive-playback = 0
11-02 11:52:03.827 I/MediaCodecsXmlParser( 1407): limit: alignment = 2x2
11-02 11:52:03.827 I/MediaCodecsXmlParser( 1407): limit: block-size = 8x8
11-02 11:52:03.827 I/MediaCodecsXmlParser( 1407): limit: size-range = 2x2-4096x4096
11-02 11:52:03.827 I/MediaCodecsXmlParser( 1407): limit: block-count-range = 1-196608
11-02 11:52:03.827 I/MediaCodecsXmlParser( 1407): limit: blocks-per-second-range = 1-2000000
11-02 11:52:03.827 I/MediaCodecsXmlParser( 1407): limit: bitrate-range = 1-10000000
11-02 11:52:03.827 I/MediaCodecsXmlParser( 1407): limit: size-range = 2x2-2048x2048
11-02 11:52:03.827 I/MediaCodecsXmlParser( 1407): limit: block-count-range = 1-65536
11-02 11:52:03.827 I/MediaCodecsXmlParser( 1407): limit: blocks-per-second-range = 1-491520
11-02 11:52:03.827 I/MediaCodecsXmlParser( 1407): limit: bitrate-range = 1-5000000
11-02 11:52:03.827 I/MediaCodecsXmlParser( 1407): limit: feature-adaptive-playback = 0
11-02 11:52:03.827 I/MediaCodecsXmlParser( 1407): limit: size-range = 2x2-2048x2048
11-02 11:52:03.827 I/MediaCodecsXmlParser( 1407): limit: alignment = 2x2
11-02 11:52:03.827 I/MediaCodecsXmlParser( 1407): limit: block-size = 16x16
11-02 11:52:03.827 I/MediaCodecsXmlParser( 1407): limit: block-count-range = 1-16384
11-02 11:52:03.827 I/MediaCodecsXmlParser( 1407): limit: blocks-per-second-range = 1-1000000
11-02 11:52:03.827 I/MediaCodecsXmlParser( 1407): limit: bitrate-range = 1-40000000
11-02 11:52:03.827 I/MediaCodecsXmlParser( 1407): limit: block-count-range = 1-8192
11-02 11:52:03.827 I/MediaCodecsXmlParser( 1407): limit: blocks-per-second-range = 1-1000000
11-02 11:52:03.827 I/MediaCodecsXmlParser( 1407): limit: bitrate-range = 1-40000000
11-02 11:52:03.827 I/MediaCodecsXmlParser( 1407): limit: feature-adaptive-playback = 0
11-02 11:52:03.828 I/chatty  ( 1407): uid=11404(com.vitrinedecraques.app) ExoPlayer:Playb identical 1 line
11-02 11:52:03.828 E/libc    ( 1407): Access denied finding property "vendor.sys.media.target.version"
11-02 11:52:03.828 I/MediaCodecsXmlParser( 1407): getVendorXmlPath (/vendor/etc/media_codecs_vendor.xml)
11-02 11:52:03.829 I/MediaCodecsXmlParser( 1407): limit: max-channel-count = 2
11-02 11:52:03.829 I/MediaCodecsXmlParser( 1407): limit: sample-rate-ranges = 8000,11025,12000,16000,22050,24000,32000,44100,48000
11-02 11:52:03.829 I/MediaCodecsXmlParser( 1407): limit: bitrate-range = 8000-320000
11-02 11:52:03.829 I/MediaCodecsXmlParser( 1407): limit: max-channel-count = 1
11-02 11:52:03.829 I/MediaCodecsXmlParser( 1407): limit: sample-rate-ranges = 8000
11-02 11:52:03.829 I/MediaCodecsXmlParser( 1407): limit: bitrate-range = 4750-12200
11-02 11:52:03.829 I/MediaCodecsXmlParser( 1407): limit: max-channel-count = 1
11-02 11:52:03.829 I/MediaCodecsXmlParser( 1407): limit: sample-rate-ranges = 16000
11-02 11:52:03.829 I/MediaCodecsXmlParser( 1407): limit: bitrate-range = 6600-23850
11-02 11:52:03.830 I/MediaCodecsXmlParser( 1407): limit: max-channel-count = 8
11-02 11:52:03.830 I/MediaCodecsXmlParser( 1407): limit: sample-rate-ranges = 7350,8000,11025,12000,16000,22050,24000,32000,44100,48000
11-02 11:52:03.830 I/MediaCodecsXmlParser( 1407): limit: bitrate-range = 8000-960000
11-02 11:52:03.830 I/MediaCodecsXmlParser( 1407): limit: max-channel-count = 1
11-02 11:52:03.830 I/MediaCodecsXmlParser( 1407): limit: sample-rate-ranges = 8000-48000
11-02 11:52:03.830 I/MediaCodecsXmlParser( 1407): limit: bitrate-range = 64000
11-02 11:52:03.830 I/MediaCodecsXmlParser( 1407): limit: max-channel-count = 1
11-02 11:52:03.830 I/MediaCodecsXmlParser( 1407): limit: sample-rate-ranges = 8000-48000
11-02 11:52:03.830 I/MediaCodecsXmlParser( 1407): limit: bitrate-range = 64000
11-02 11:52:03.830 I/MediaCodecsXmlParser( 1407): limit: max-channel-count = 8
11-02 11:52:03.830 I/MediaCodecsXmlParser( 1407): limit: sample-rate-ranges = 8000-96000
11-02 11:52:03.830 I/MediaCodecsXmlParser( 1407): limit: bitrate-range = 32000-500000
11-02 11:52:03.830 I/MediaCodecsXmlParser( 1407): limit: max-channel-count = 8
11-02 11:52:03.830 I/MediaCodecsXmlParser( 1407): limit: sample-rate-ranges = 48000
11-02 11:52:03.830 I/MediaCodecsXmlParser( 1407): limit: bitrate-range = 6000-510000
11-02 11:52:03.830 I/MediaCodecsXmlParser( 1407): limit: max-channel-count = 8
11-02 11:52:03.830 I/MediaCodecsXmlParser( 1407): limit: sample-rate-ranges = 8000-192000
11-02 11:52:03.830 I/MediaCodecsXmlParser( 1407): limit: bitrate-range = 1-10000000
11-02 11:52:03.830 I/MediaCodecsXmlParser( 1407): limit: max-channel-count = 8
11-02 11:52:03.830 I/MediaCodecsXmlParser( 1407): limit: sample-rate-ranges = 1-655350
11-02 11:52:03.830 I/MediaCodecsXmlParser( 1407): limit: bitrate-range = 1-21000000
11-02 11:52:03.830 I/MediaCodecsXmlParser( 1407): limit: max-channel-count = 6
11-02 11:52:03.830 I/MediaCodecsXmlParser( 1407): limit: sample-rate-ranges = 8000,11025,12000,16000,22050,24000,32000,44100,48000
11-02 11:52:03.830 I/MediaCodecsXmlParser( 1407): limit: bitrate-range = 8000-960000
11-02 11:52:03.830 I/MediaCodecsXmlParser( 1407): limit: max-channel-count = 1
11-02 11:52:03.830 I/MediaCodecsXmlParser( 1407): limit: sample-rate-ranges = 8000
11-02 11:52:03.830 I/MediaCodecsXmlParser( 1407): limit: bitrate-range = 4750-12200
11-02 11:52:03.830 I/MediaCodecsXmlParser( 1407): limit: feature-bitrate-modes = CBR
11-02 11:52:03.831 I/MediaCodecsXmlParser( 1407): limit: max-channel-count = 1
11-02 11:52:03.831 I/MediaCodecsXmlParser( 1407): limit: sample-rate-ranges = 16000
11-02 11:52:03.831 I/MediaCodecsXmlParser( 1407): limit: bitrate-range = 6600-23850
11-02 11:52:03.831 I/MediaCodecsXmlParser( 1407): limit: feature-bitrate-modes = CBR
11-02 11:52:03.831 I/MediaCodecsXmlParser( 1407): limit: max-channel-count = 2
11-02 11:52:03.831 I/MediaCodecsXmlParser( 1407): limit: sample-rate-ranges = 1-655350
11-02 11:52:03.831 I/MediaCodecsXmlParser( 1407): limit: bitrate-range = 1-21000000
11-02 11:52:03.831 I/MediaCodecsXmlParser( 1407): limit: complexity-default = 5
11-02 11:52:03.831 I/MediaCodecsXmlParser( 1407): limit: complexity-range = 0-8
11-02 11:52:03.831 I/MediaCodecsXmlParser( 1407): limit: feature-bitrate-modes = CQ
11-02 11:52:03.831 I/MediaCodecsXmlParser( 1407): limit: max-concurrent-instances = 10
11-02 11:52:03.831 I/MediaCodecsXmlParser( 1407): limit: max-channel-count = 1
11-02 11:52:03.832 I/MediaCodecsXmlParser( 1407): limit: sample-rate-ranges = 8000
11-02 11:52:03.832 I/MediaCodecsXmlParser( 1407): limit: bitrate-range = 13000
11-02 11:52:03.832 I/MediaCodecsXmlParser( 1407): limit: size-range = 96x96-1920x1088
11-02 11:52:03.832 I/MediaCodecsXmlParser( 1407): limit: alignment = 2x2
11-02 11:52:03.832 I/MediaCodecsXmlParser( 1407): limit: block-size = 16x16
11-02 11:52:03.832 I/MediaCodecsXmlParser( 1407): limit: blocks-per-second-range = 1-244800
11-02 11:52:03.832 I/MediaCodecsXmlParser( 1407): limit: bitrate-range = 1-20000000
11-02 11:52:03.832 I/MediaCodecsXmlParser( 1407): limit: max-concurrent-instances = 8
11-02 11:52:03.832 I/MediaCodecsXmlParser( 1407): limit: feature-can-swap-width-height = 0
11-02 11:52:03.832 I/MediaCodecsXmlParser( 1407): limit: performance-point-1920x1088-range = 30-30
11-02 11:52:03.832 I/MediaCodecsXmlParser( 1407): limit: size-range = 32x32-864x480
11-02 11:52:03.832 I/MediaCodecsXmlParser( 1407): limit: alignment = 2x2
11-02 11:52:03.832 I/MediaCodecsXmlParser( 1407): limit: block-size = 16x16
11-02 11:52:03.832 I/MediaCodecsXmlParser( 1407): limit: blocks-per-second-range = 1-48600
11-02 11:52:03.832 I/MediaCodecsXmlParser( 1407): limit: bitrate-range = 1-2000000
11-02 11:52:03.832 I/MediaCodecsXmlParser( 1407): limit: max-concurrent-instances = 16
11-02 11:52:03.832 I/MediaCodecsXmlParser( 1407): limit: performance-point-720x480-range = 30-30
11-02 11:52:03.832 I/MediaCodecsXmlParser( 1407): limit: performance-point-720x576-range = 25-25
11-02 11:52:03.832 I/MediaCodecsXmlParser( 1407): limit: size-range = 32x32-864x480
11-02 11:52:03.832 I/MediaCodecsXmlParser( 1407): limit: alignment = 4x4
11-02 11:52:03.832 I/MediaCodecsXmlParser( 1407): limit: block-size = 16x16
11-02 11:52:03.832 I/MediaCodecsXmlParser( 1407): limit: blocks-per-second-range = 1-48600
11-02 11:52:03.832 I/MediaCodecsXmlParser( 1407): limit: bitrate-range = 1-2000000
11-02 11:52:03.833 I/MediaCodecsXmlParser( 1407): limit: max-concurrent-instances = 16
11-02 11:52:03.833 I/MediaCodecsXmlParser( 1407): limit: performance-point-720x480-range = 30-30
11-02 11:52:03.833 I/MediaCodecsXmlParser( 1407): limit: performance-point-720x576-range = 25-25
11-02 11:52:03.833 I/MediaCodecsXmlParser( 1407): limit: size-range = 64x64-1920x1088
11-02 11:52:03.833 I/MediaCodecsXmlParser( 1407): limit: alignment = 2x2
11-02 11:52:03.833 I/MediaCodecsXmlParser( 1407): limit: block-size = 16x16
11-02 11:52:03.833 I/MediaCodecsXmlParser( 1407): limit: blocks-per-second-range = 1-244800
11-02 11:52:03.833 I/MediaCodecsXmlParser( 1407): limit: bitrate-range = 1-20000000
11-02 11:52:03.833 I/MediaCodecsXmlParser( 1407): limit: feature-adaptive-playback = 0
11-02 11:52:03.833 I/MediaCodecsXmlParser( 1407): limit: max-concurrent-instances = 8
11-02 11:52:03.833 I/MediaCodecsXmlParser( 1407): limit: feature-can-swap-width-height = 0
11-02 11:52:03.833 I/MediaCodecsXmlParser( 1407): limit: performance-point-1920x1088-range = 30-30
11-02 11:52:03.833 I/MediaCodecsXmlParser( 1407): limit: size-range = 64x64-1920x1088
11-02 11:52:03.833 I/MediaCodecsXmlParser( 1407): limit: alignment = 2x2
11-02 11:52:03.833 I/MediaCodecsXmlParser( 1407): limit: block-size = 16x16
11-02 11:52:03.833 I/MediaCodecsXmlParser( 1407): limit: blocks-per-second-range = 1-244800
11-02 11:52:03.833 I/MediaCodecsXmlParser( 1407): limit: bitrate-range = 1-20000000
11-02 11:52:03.833 I/MediaCodecsXmlParser( 1407): limit: feature-adaptive-playback = 0
11-02 11:52:03.833 I/MediaCodecsXmlParser( 1407): limit: max-concurrent-instances = 8
11-02 11:52:03.833 I/MediaCodecsXmlParser( 1407): limit: performance-point-1920x1088-range = 30-30
11-02 11:52:03.833 I/MediaCodecsXmlParser( 1407): limit: size-range = 64x64-1920x1088
11-02 11:52:03.833 I/MediaCodecsXmlParser( 1407): limit: alignment = 2x2
11-02 11:52:03.833 I/MediaCodecsXmlParser( 1407): limit: block-size = 16x16
11-02 11:52:03.833 I/MediaCodecsXmlParser( 1407): limit: blocks-per-second-range = 1-244800
11-02 11:52:03.833 I/MediaCodecsXmlParser( 1407): limit: bitrate-range = 1-20000000
11-02 11:52:03.833 I/MediaCodecsXmlParser( 1407): limit: feature-adaptive-playback = 0
11-02 11:52:03.833 I/MediaCodecsXmlParser( 1407): limit: max-concurrent-instances = 8
11-02 11:52:03.834 I/MediaCodecsXmlParser( 1407): limit: performance-point-1920x1088-range = 30-30
11-02 11:52:03.834 I/MediaCodecsXmlParser( 1407): limit: size-range = 16x16-1920x1088
11-02 11:52:03.834 I/MediaCodecsXmlParser( 1407): limit: alignment = 2x2
11-02 11:52:03.834 I/MediaCodecsXmlParser( 1407): limit: block-size = 16x16
11-02 11:52:03.834 I/MediaCodecsXmlParser( 1407): limit: blocks-per-second-range = 1-244800
11-02 11:52:03.834 I/MediaCodecsXmlParser( 1407): limit: bitrate-range = 1-6000000
11-02 11:52:03.834 I/MediaCodecsXmlParser( 1407): limit: max-concurrent-instances = 16
11-02 11:52:03.834 I/MediaCodecsXmlParser( 1407): limit: performance-point-1920x1088-range = 30-30
11-02 11:52:03.834 I/MediaCodecsXmlParser( 1407): limit: size-range = 16x16-1920x1088
11-02 11:52:03.834 I/MediaCodecsXmlParser( 1407): limit: alignment = 2x2
11-02 11:52:03.834 I/MediaCodecsXmlParser( 1407): limit: block-size = 16x16
11-02 11:52:03.834 I/MediaCodecsXmlParser( 1407): limit: blocks-per-second-range = 1-244800
11-02 11:52:03.834 I/MediaCodecsXmlParser( 1407): limit: bitrate-range = 1-6000000
11-02 11:52:03.834 I/MediaCodecsXmlParser( 1407): limit: max-concurrent-instances = 16
11-02 11:52:03.834 I/MediaCodecsXmlParser( 1407): limit: performance-point-1920x1088-range = 30-30
11-02 11:52:03.834 I/MediaCodecsXmlParser( 1407): limit: size-range = 16x16-1920x1088
11-02 11:52:03.834 I/MediaCodecsXmlParser( 1407): limit: alignment = 2x2
11-02 11:52:03.834 I/MediaCodecsXmlParser( 1407): limit: block-size = 16x16
11-02 11:52:03.834 I/MediaCodecsXmlParser( 1407): limit: blocks-per-second-range = 1-244800
11-02 11:52:03.834 I/MediaCodecsXmlParser( 1407): limit: bitrate-range = 1-6000000
11-02 11:52:03.834 I/MediaCodecsXmlParser( 1407): limit: max-concurrent-instances = 16
11-02 11:52:03.834 I/MediaCodecsXmlParser( 1407): limit: performance-point-1920x1088-range = 30-30
11-02 11:52:03.834 I/MediaCodecsXmlParser( 1407): limit: size-range = 16x16-1920x1088
11-02 11:52:03.834 I/MediaCodecsXmlParser( 1407): limit: alignment = 2x2
11-02 11:52:03.834 I/MediaCodecsXmlParser( 1407): limit: block-size = 16x16
11-02 11:52:03.834 I/MediaCodecsXmlParser( 1407): limit: blocks-per-second-range = 1-244800
11-02 11:52:03.834 I/MediaCodecsXmlParser( 1407): limit: bitrate-range = 1-6000000
11-02 11:52:03.834 I/MediaCodecsXmlParser( 1407): limit: max-concurrent-instances = 16
11-02 11:52:03.834 I/MediaCodecsXmlParser( 1407): limit: performance-point-1920x1088-range = 30-30
11-02 11:52:03.835 I/MediaCodecsXmlParser( 1407): limit: size-range = 16x16-864x480
11-02 11:52:03.835 I/MediaCodecsXmlParser( 1407): limit: alignment = 4x4
11-02 11:52:03.835 I/MediaCodecsXmlParser( 1407): limit: block-size = 16x16
11-02 11:52:03.835 I/MediaCodecsXmlParser( 1407): limit: blocks-per-second-range = 1-48600
11-02 11:52:03.835 I/MediaCodecsXmlParser( 1407): limit: bitrate-range = 1-2000000
11-02 11:52:03.835 I/MediaCodecsXmlParser( 1407): limit: max-concurrent-instances = 16
11-02 11:52:03.835 I/MediaCodecsXmlParser( 1407): limit: performance-point-720x480-range = 30-30
11-02 11:52:03.835 I/MediaCodecsXmlParser( 1407): limit: performance-point-720x576-range = 25-25
11-02 11:52:03.835 I/MediaCodecsXmlParser( 1407): limit: size-range = 2x2-2048x2048
11-02 11:52:03.835 I/MediaCodecsXmlParser( 1407): limit: alignment = 2x2
11-02 11:52:03.835 I/MediaCodecsXmlParser( 1407): limit: block-size = 8x8
11-02 11:52:03.835 I/MediaCodecsXmlParser( 1407): limit: block-count-range = 1-65536
11-02 11:52:03.835 I/MediaCodecsXmlParser( 1407): limit: blocks-per-second-range = 1-491520
11-02 11:52:03.835 I/MediaCodecsXmlParser( 1407): limit: bitrate-range = 1-5000000
11-02 11:52:03.835 I/MediaCodecsXmlParser( 1407): limit: size-range = 2x2-2048x2048
11-02 11:52:03.835 I/MediaCodecsXmlParser( 1407): limit: alignment = 2x2
11-02 11:52:03.835 I/MediaCodecsXmlParser( 1407): limit: block-size = 16x16
11-02 11:52:03.835 I/MediaCodecsXmlParser( 1407): limit: block-count-range = 1-16384
11-02 11:52:03.835 I/MediaCodecsXmlParser( 1407): limit: blocks-per-second-range = 1-491520
11-02 11:52:03.835 I/MediaCodecsXmlParser( 1407): limit: bitrate-range = 1-40000000
11-02 11:52:03.835 I/MediaCodecsXmlParser( 1407): limit: feature-adaptive-playback = 0
11-02 11:52:03.836 I/MediaCodecsXmlParser( 1407): limit: size-range = 2x2-352x288
11-02 11:52:03.836 I/MediaCodecsXmlParser( 1407): limit: alignment = 2x2
11-02 11:52:03.836 I/MediaCodecsXmlParser( 1407): limit: block-size = 16x16
11-02 11:52:03.836 I/MediaCodecsXmlParser( 1407): limit: blocks-per-second-range = 12-11880
11-02 11:52:03.836 I/MediaCodecsXmlParser( 1407): limit: bitrate-range = 1-384000
11-02 11:52:03.836 I/MediaCodecsXmlParser( 1407): limit: feature-adaptive-playback = 0
11-02 11:52:03.836 I/MediaCodecsXmlParser( 1407): limit: size-range = 2x2-352x288
11-02 11:52:03.836 I/MediaCodecsXmlParser( 1407): limit: alignment = 2x2
11-02 11:52:03.836 I/MediaCodecsXmlParser( 1407): limit: bitrate-range = 1-384000
11-02 11:52:03.836 I/MediaCodecsXmlParser( 1407): limit: feature-adaptive-playback = 0
11-02 11:52:03.836 I/MediaCodecsXmlParser( 1407): limit: size-range = 2x2-2048x2048
11-02 11:52:03.836 I/MediaCodecsXmlParser( 1407): limit: alignment = 2x2
11-02 11:52:03.836 I/MediaCodecsXmlParser( 1407): limit: block-size = 16x16
11-02 11:52:03.836 I/MediaCodecsXmlParser( 1407): limit: block-count-range = 1-16384
11-02 11:52:03.836 I/MediaCodecsXmlParser( 1407): limit: blocks-per-second-range = 1-108000
11-02 11:52:03.836 I/MediaCodecsXmlParser( 1407): limit: bitrate-range = 1-40000000
11-02 11:52:03.836 I/MediaCodecsXmlParser( 1407): limit: feature-adaptive-playback = 0
11-02 11:52:03.836 I/MediaCodecsXmlParser( 1407): limit: size-range = 2x2-2048x2048
11-02 11:52:03.836 I/MediaCodecsXmlParser( 1407): limit: alignment = 2x2
11-02 11:52:03.836 I/MediaCodecsXmlParser( 1407): limit: block-size = 8x8
11-02 11:52:03.836 I/MediaCodecsXmlParser( 1407): limit: block-count-range = 1-65536
11-02 11:52:03.836 I/MediaCodecsXmlParser( 1407): limit: blocks-per-second-range = 1-491520
11-02 11:52:03.836 I/MediaCodecsXmlParser( 1407): limit: bitrate-range = 1-5000000
11-02 11:52:03.836 I/MediaCodecsXmlParser( 1407): limit: feature-adaptive-playback = 0
11-02 11:52:03.836 I/MediaCodecsXmlParser( 1407): limit: size-range = 2x2-2048x2048
11-02 11:52:03.836 I/MediaCodecsXmlParser( 1407): limit: alignment = 2x2
11-02 11:52:03.836 I/MediaCodecsXmlParser( 1407): limit: block-size = 16x16
11-02 11:52:03.836 I/MediaCodecsXmlParser( 1407): limit: block-count-range = 1-8192
11-02 11:52:03.836 I/MediaCodecsXmlParser( 1407): limit: blocks-per-second-range = 1-500000
11-02 11:52:03.836 I/MediaCodecsXmlParser( 1407): limit: bitrate-range = 1-40000000
11-02 11:52:03.837 I/MediaCodecsXmlParser( 1407): limit: feature-adaptive-playback = 0
11-02 11:52:03.837 I/MediaCodecsXmlParser( 1407): limit: size-range = 2x2-1280x1280
11-02 11:52:03.837 I/MediaCodecsXmlParser( 1407): limit: alignment = 2x2
11-02 11:52:03.837 I/MediaCodecsXmlParser( 1407): limit: block-size = 16x16
11-02 11:52:03.837 I/MediaCodecsXmlParser( 1407): limit: block-count-range = 1-3600
11-02 11:52:03.837 I/MediaCodecsXmlParser( 1407): limit: blocks-per-second-range = 1-108000
11-02 11:52:03.837 I/MediaCodecsXmlParser( 1407): limit: bitrate-range = 1-5000000
11-02 11:52:03.837 I/MediaCodecsXmlParser( 1407): limit: feature-adaptive-playback = 0
11-02 11:52:03.837 I/MediaCodecsXmlParser( 1407): limit: size-range = 176x144-176x144
11-02 11:52:03.837 I/MediaCodecsXmlParser( 1407): limit: alignment = 16x16
11-02 11:52:03.837 I/MediaCodecsXmlParser( 1407): limit: bitrate-range = 1-128000
11-02 11:52:03.837 I/MediaCodecsXmlParser( 1407): limit: size-range = 16x16-1808x1808
11-02 11:52:03.837 I/MediaCodecsXmlParser( 1407): limit: alignment = 2x2
11-02 11:52:03.837 I/MediaCodecsXmlParser( 1407): limit: block-size = 16x16
11-02 11:52:03.837 I/MediaCodecsXmlParser( 1407): limit: block-count-range = 1-1620
11-02 11:52:03.837 I/MediaCodecsXmlParser( 1407): limit: blocks-per-second-range = 1-40500
11-02 11:52:03.837 I/MediaCodecsXmlParser( 1407): limit: bitrate-range = 1-2000000
11-02 11:52:03.837 I/MediaCodecsXmlParser( 1407): limit: feature-intra-refresh = 0
11-02 11:52:03.837 I/MediaCodecsXmlParser( 1407): limit: size-range = 16x16-176x144
11-02 11:52:03.837 I/MediaCodecsXmlParser( 1407): limit: alignment = 16x16
11-02 11:52:03.837 I/MediaCodecsXmlParser( 1407): limit: block-size = 16x16
11-02 11:52:03.837 I/MediaCodecsXmlParser( 1407): limit: blocks-per-second-range = 12-1485
11-02 11:52:03.837 I/MediaCodecsXmlParser( 1407): limit: bitrate-range = 1-64000
11-02 11:52:03.837 I/MediaCodecsXmlParser( 1407): limit: size-range = 2x2-1280x1280
11-02 11:52:03.837 I/MediaCodecsXmlParser( 1407): limit: alignment = 2x2
11-02 11:52:03.837 I/MediaCodecsXmlParser( 1407): limit: block-size = 16x16
11-02 11:52:03.837 I/MediaCodecsXmlParser( 1407): limit: block-count-range = 1-3600
11-02 11:52:03.837 I/MediaCodecsXmlParser( 1407): limit: bitrate-range = 1-20000000
11-02 11:52:03.837 I/MediaCodecsXmlParser( 1407): limit: feature-bitrate-modes = VBR,CBR
11-02 11:52:03.838 E/libc    ( 1407): Access denied finding property "vendor.sys.media.target.version"
11-02 11:52:03.838 I/MediaCodecsXmlParser( 1407): getVendorXmlPath (/vendor/etc/media_codecs_performance.xml)
11-02 11:52:03.838 I/MediaCodecsXmlParser( 1407): limit: measured-frame-rate-320x240-range = 377-377
11-02 11:52:03.838 I/MediaCodecsXmlParser( 1407): limit: measured-frame-rate-720x480-range = 113-113
11-02 11:52:03.838 I/MediaCodecsXmlParser( 1407): limit: measured-frame-rate-1280x720-range = 33-33
11-02 11:52:03.838 I/MediaCodecsXmlParser( 1407): limit: measured-frame-rate-1920x1080-range = 18-18
11-02 11:52:03.838 I/MediaCodecsXmlParser( 1407): limit: measured-frame-rate-176x144-range = 160-160
11-02 11:52:03.838 I/MediaCodecsXmlParser( 1407): limit: measured-frame-rate-352x288-range = 86-86
11-02 11:52:03.838 I/MediaCodecsXmlParser( 1407): limit: measured-frame-rate-176x144-range = 179-179
11-02 11:52:03.838 I/MediaCodecsXmlParser( 1407): limit: measured-frame-rate-352x288-range = 84-84
11-02 11:52:03.838 I/MediaCodecsXmlParser( 1407): limit: measured-frame-rate-640x480-range = 54-54
11-02 11:52:03.838 I/MediaCodecsXmlParser( 1407): limit: measured-frame-rate-320x240-range = 208-208
11-02 11:52:03.838 I/MediaCodecsXmlParser( 1407): limit: measured-frame-rate-720x480-range = 98-98
11-02 11:52:03.838 I/MediaCodecsXmlParser( 1407): limit: measured-frame-rate-1280x720-range = 44-44
11-02 11:52:03.838 I/MediaCodecsXmlParser( 1407): limit: measured-frame-rate-1920x1080-range = 21-21
11-02 11:52:03.839 I/MediaCodecsXmlParser( 1407): limit: measured-frame-rate-176x144-range = 397-397
11-02 11:52:03.839 I/MediaCodecsXmlParser( 1407): limit: measured-frame-rate-176x144-range = 413-413
11-02 11:52:03.839 I/MediaCodecsXmlParser( 1407): limit: measured-frame-rate-320x180-range = 71-71
11-02 11:52:03.839 I/MediaCodecsXmlParser( 1407): limit: measured-frame-rate-640x360-range = 37-37
11-02 11:52:03.839 I/MediaCodecsXmlParser( 1407): limit: measured-frame-rate-1280x720-range = 21-21
11-02 11:52:03.839 I/MediaCodecsXmlParser( 1407): limit: measured-frame-rate-1920x1080-range = 12-12
11-02 11:52:03.839 I/MediaCodecsXmlParser( 1407): limit: measured-frame-rate-320x240-range = 396-405
11-02 11:52:03.839 I/MediaCodecsXmlParser( 1407): limit: measured-frame-rate-720x480-range = 280-280
11-02 11:52:03.839 I/MediaCodecsXmlParser( 1407): limit: measured-frame-rate-1280x720-range = 155-155
11-02 11:52:03.839 I/MediaCodecsXmlParser( 1407): limit: measured-frame-rate-1920x1088-range = 57-57
11-02 11:52:03.839 I/MediaCodecsXmlParser( 1407): limit: measured-frame-rate-1920x1080-range = 57-57
11-02 11:52:03.839 I/MediaCodecsXmlParser( 1407): limit: measured-frame-rate-352x288-range = 337-337
11-02 11:52:03.839 I/MediaCodecsXmlParser( 1407): limit: measured-frame-rate-640x360-range = 253-253
11-02 11:52:03.839 I/MediaCodecsXmlParser( 1407): limit: measured-frame-rate-720x480-range = 200-200
11-02 11:52:03.839 I/MediaCodecsXmlParser( 1407): limit: measured-frame-rate-1280x720-range = 91-91
11-02 11:52:03.839 I/MediaCodecsXmlParser( 1407): limit: measured-frame-rate-1920x1088-range = 63-63
11-02 11:52:03.840 I/MediaCodecsXmlParser( 1407): limit: measured-frame-rate-176x144-range = 392-394
11-02 11:52:03.840 I/MediaCodecsXmlParser( 1407): limit: measured-frame-rate-352x288-range = 251-251
11-02 11:52:03.840 I/MediaCodecsXmlParser( 1407): limit: measured-frame-rate-320x180-range = 360-360
11-02 11:52:03.840 I/MediaCodecsXmlParser( 1407): limit: measured-frame-rate-320x240-range = 659-659
11-02 11:52:03.840 I/MediaCodecsXmlParser( 1407): limit: measured-frame-rate-640x360-range = 370-370
11-02 11:52:03.840 I/MediaCodecsXmlParser( 1407): limit: measured-frame-rate-1280x720-range = 162-162
11-02 11:52:03.840 I/MediaCodecsXmlParser( 1407): limit: measured-frame-rate-1920x1080-range = 87-87
11-02 11:52:03.840 I/MediaCodecsXmlParser( 1407): limit: measured-frame-rate-480x360-range = 232-232
11-02 11:52:03.840 I/MediaCodecsXmlParser( 1407): limit: measured-frame-rate-176x144-range = 322-322
11-02 11:52:03.840 I/MediaCodecsXmlParser( 1407): limit: measured-frame-rate-320x240-range = 250-250
11-02 11:52:03.840 I/MediaCodecsXmlParser( 1407): limit: measured-frame-rate-720x480-range = 92-92
11-02 11:52:03.840 I/MediaCodecsXmlParser( 1407): limit: measured-frame-rate-1280x720-range = 35-35
11-02 11:52:03.840 I/MediaCodecsXmlParser( 1407): limit: measured-frame-rate-1920x1080-range = 15-15
11-02 11:52:03.840 I/MediaCodecsXmlParser( 1407): limit: measured-frame-rate-320x240-range = 122-122
11-02 11:52:03.840 I/MediaCodecsXmlParser( 1407): limit: measured-frame-rate-720x480-range = 68-68
11-02 11:52:03.840 I/MediaCodecsXmlParser( 1407): limit: measured-frame-rate-1280x720-range = 32-32
11-02 11:52:03.840 I/MediaCodecsXmlParser( 1407): limit: measured-frame-rate-1920x1080-range = 6-10
11-02 11:52:03.840 I/MediaCodecsXmlParser( 1407): limit: measured-frame-rate-352x288-range = 226-226
11-02 11:52:03.840 I/MediaCodecsXmlParser( 1407): limit: measured-frame-rate-640x360-range = 146-132
11-02 11:52:03.840 I/MediaCodecsXmlParser( 1407): limit: measured-frame-rate-720x480-range = 183-183
11-02 11:52:03.840 I/MediaCodecsXmlParser( 1407): limit: measured-frame-rate-1280x720-range = 83-83
11-02 11:52:03.840 I/MediaCodecsXmlParser( 1407): limit: measured-frame-rate-1920x1080-range = 11-11
11-02 11:52:03.840 I/MediaCodecsXmlParser( 1407): limit: measured-frame-rate-352x288-range = 170-180
11-02 11:52:03.840 I/MediaCodecsXmlParser( 1407): limit: measured-frame-rate-640x360-range = 89-89
11-02 11:52:03.840 I/MediaCodecsXmlParser( 1407): limit: measured-frame-rate-720x480-range = 73-73
11-02 11:52:03.841 I/MediaCodecsXmlParser( 1407): limit: measured-frame-rate-1280x720-range = 32-32
11-02 11:52:03.841 I/MediaCodecsXmlParser( 1407): limit: measured-frame-rate-1920x1080-range = 21-21
11-02 11:52:03.841 I/MediaCodecsXmlParser( 1407): limit: measured-frame-rate-176x144-range = 430-450
11-02 11:52:03.841 I/MediaCodecsXmlParser( 1407): limit: measured-frame-rate-176x144-range = 481-481
11-02 11:52:03.841 I/MediaCodecsXmlParser( 1407): limit: measured-frame-rate-176x144-range = 212-241
11-02 11:52:03.841 I/MediaCodecsXmlParser( 1407): limit: measured-frame-rate-352x288-range = 172-175
11-02 11:52:03.841 I/MediaCodecsXmlParser( 1407): limit: measured-frame-rate-176x144-range = 896-955
11-02 11:52:03.841 I/MediaCodecsXmlParser( 1407): limit: measured-frame-rate-352x288-range = 689-670
11-02 11:52:03.841 I/MediaCodecsXmlParser( 1407): limit: measured-frame-rate-320x240-range = 1330-1330
11-02 11:52:03.841 I/MediaCodecsXmlParser( 1407): limit: measured-frame-rate-320x180-range = 495-500
11-02 11:52:03.841 I/MediaCodecsXmlParser( 1407): limit: measured-frame-rate-640x360-range = 146-149
11-02 11:52:03.841 I/MediaCodecsXmlParser( 1407): limit: measured-frame-rate-1280x720-range = 31-31
11-02 11:52:03.841 I/MediaCodecsXmlParser( 1407): limit: measured-frame-rate-1920x1080-range = 12-13
11-02 11:52:03.841 I/MediaCodecsXmlParser( 1407): limit: measured-frame-rate-320x240-range = 330-381
11-02 11:52:03.841 I/MediaCodecsXmlParser( 1407): limit: measured-frame-rate-640x360-range = 139-185
11-02 11:52:03.841 I/MediaCodecsXmlParser( 1407): limit: measured-frame-rate-1280x720-range = 22-38
11-02 11:52:03.841 I/MediaCodecsXmlParser( 1407): limit: measured-frame-rate-1920x1080-range = 9-18
11-02 11:52:03.841 I/MediaCodecsXmlParser( 1407): limit: measured-frame-rate-320x180-range = 304-304
11-02 11:52:03.841 I/MediaCodecsXmlParser( 1407): limit: measured-frame-rate-320x240-range = 511-511
11-02 11:52:03.841 I/MediaCodecsXmlParser( 1407): limit: measured-frame-rate-640x360-range = 103-105
11-02 11:52:03.841 I/MediaCodecsXmlParser( 1407): limit: measured-frame-rate-1280x720-range = 53-53
11-02 11:52:03.841 I/MediaCodecsXmlParser( 1407): limit: measured-frame-rate-1920x1080-range = 29-31
11-02 11:52:03.848 W/VideoCapabilities( 1407): Unsupported mime video/divx
11-02 11:52:03.853 W/VideoCapabilities( 1407): Unsupported mime video/divx4
11-02 11:52:03.888 W/Utils   ( 1407): could not parse long range '146-132'
11-02 11:52:03.896 I/VideoCapabilities( 1407): Unsupported profile 4 for video/mp4v-es
11-02 11:52:03.903 W/nedecraques.ap( 1407): Long monitor contention with owner ExoPlayer:Playback (2327) at int android.media.MediaCodecList.native_getCodecCount()(MediaCodecList.java:-2) waiters=0 in java.util.List androidx.media3.exoplayer.mediacodec.MediaCodecUtil.getDecoderInfos(java.lang.String, boolean, boolean) for 3.738s
11-02 11:52:03.976 W/Looper  ( 1407): Slow Looper ExoPlayer:Playback: Long Msg: seq=397 plan=11:51:57.412  late=2ms wall=6562ms running=0ms h=android.os.Handler w=8
11-02 11:52:03.978 W/Looper  ( 1407): Slow Looper ExoPlayer:Playback: Long Msg: seq=662 plan=11:52:00.160  late=1ms wall=3815ms running=0ms h=android.os.Handler w=8
11-02 11:52:03.982 I/ServiceManager( 1407): Waiting for service 'media.resource_manager' on '/dev/binder'...
11-02 11:52:03.983 I/ServiceManager( 1407): Waiting for service 'media.resource_manager' on '/dev/binder'...
11-02 11:52:04.983 I/ServiceManager( 1407): Waiting for service 'media.resource_manager' on '/dev/binder'...
11-02 11:52:04.985 I/ServiceManager( 1407): Waiting for service 'media.resource_manager' on '/dev/binder'...
11-02 11:52:05.984 I/ServiceManager( 1407): Waiting for service 'media.resource_manager' on '/dev/binder'...
11-02 11:52:05.985 I/ServiceManager( 1407): Waiting for service 'media.resource_manager' on '/dev/binder'...
11-02 11:52:06.985 I/ServiceManager( 1407): Waiting for service 'media.resource_manager' on '/dev/binder'...
11-02 11:52:06.986 I/ServiceManager( 1407): Waiting for service 'media.resource_manager' on '/dev/binder'...
11-02 11:52:07.986 I/ServiceManager( 1407): Waiting for service 'media.resource_manager' on '/dev/binder'...
11-02 11:52:07.987 I/ServiceManager( 1407): Waiting for service 'media.resource_manager' on '/dev/binder'...
11-02 11:52:08.987 W/ServiceManager( 1407): Service media.resource_manager didn't start. Returning NULL
11-02 11:52:08.987 E/MediaCodec( 1407): Failed to get ResourceManagerService
11-02 11:52:08.988 W/ServiceManager( 1407): Service media.resource_manager didn't start. Returning NULL
11-02 11:52:08.988 E/MediaCodec( 1407): Failed to get ResourceManagerService
11-02 11:52:08.994 I/OMXClient( 1407): IOmx service obtained
11-02 11:52:08.994 I/OMXClient( 1407): IOmx service obtained
11-02 11:52:08.999 I/MediaCodec( 1407): [OMX.google.h264.decoder] setting surface generation to 1440769
11-02 11:52:09.000 I/ACodec  ( 1407): codec does not support config priority (err -1010)
11-02 11:52:09.001 E/ACodec  ( 1407): [OMX.google.h264.decoder] setPortMode on output to DynamicANWBuffer failed w/ err -1010
11-02 11:52:09.001 I/ExtendedACodec( 1407): setupVideoDecoder()
11-02 11:52:09.003 I/ACodec  ( 1407): codec does not support config priority (err -1010)
11-02 11:52:09.004 W/ExtendedACodec( 1407): Failed to get extension for extradata parameter
11-02 11:52:09.012 I/MediaCodec( 1407): [OMX.google.h264.decoder] setting surface generation to 1440770
11-02 11:52:09.012 I/ACodec  ( 1407): codec does not support config priority (err -1010)
11-02 11:52:09.013 E/ACodec  ( 1407): [OMX.google.h264.decoder] setPortMode on output to DynamicANWBuffer failed w/ err -1010
11-02 11:52:09.013 I/ExtendedACodec( 1407): setupVideoDecoder()
11-02 11:52:09.015 I/ACodec  ( 1407): codec does not support config priority (err -1010)
11-02 11:52:09.016 W/ExtendedACodec( 1407): Failed to get extension for extradata parameter
11-02 11:52:09.107 I/ServiceManager( 1407): Waiting for service 'media.resource_manager' on '/dev/binder'...
11-02 11:52:09.108 I/ServiceManager( 1407): Waiting for service 'media.resource_manager' on '/dev/binder'...
11-02 11:52:10.108 I/ServiceManager( 1407): Waiting for service 'media.resource_manager' on '/dev/binder'...
11-02 11:52:10.109 I/ServiceManager( 1407): Waiting for service 'media.resource_manager' on '/dev/binder'...
11-02 11:52:11.109 I/ServiceManager( 1407): Waiting for service 'media.resource_manager' on '/dev/binder'...
11-02 11:52:11.110 I/ServiceManager( 1407): Waiting for service 'media.resource_manager' on '/dev/binder'...
11-02 11:52:12.111 I/ServiceManager( 1407): Waiting for service 'media.resource_manager' on '/dev/binder'...
11-02 11:52:12.112 I/ServiceManager( 1407): Waiting for service 'media.resource_manager' on '/dev/binder'...
11-02 11:52:13.112 I/ServiceManager( 1407): Waiting for service 'media.resource_manager' on '/dev/binder'...
11-02 11:52:13.113 I/ServiceManager( 1407): Waiting for service 'media.resource_manager' on '/dev/binder'...
11-02 11:52:14.113 W/ServiceManager( 1407): Service media.resource_manager didn't start. Returning NULL
11-02 11:52:14.113 E/MediaCodec( 1407): Failed to get ResourceManagerService
11-02 11:52:14.113 W/ServiceManager( 1407): Service media.resource_manager didn't start. Returning NULL
11-02 11:52:14.113 E/MediaCodec( 1407): Failed to get ResourceManagerService
11-02 11:52:14.116 I/OMXClient( 1407): IOmx service obtained
11-02 11:52:14.117 I/OMXClient( 1407): IOmx service obtained
11-02 11:52:14.122 I/ACodec  ( 1407): codec does not support config priority (err -2147483648)
11-02 11:52:14.123 I/ACodec  ( 1407): codec does not support config priority (err -2147483648)
11-02 11:52:14.123 I/ACodec  ( 1407): codec does not support config operating rate (err -2147483648)
11-02 11:52:14.124 W/ExtendedACodec( 1407): Failed to get extension for extradata parameter
11-02 11:52:14.125 I/ACodec  ( 1407): codec does not support config priority (err -2147483648)
11-02 11:52:14.126 I/ACodec  ( 1407): codec does not support config priority (err -2147483648)
11-02 11:52:14.126 I/ACodec  ( 1407): codec does not support config operating rate (err -2147483648)
11-02 11:52:14.127 W/ExtendedACodec( 1407): Failed to get extension for extradata parameter
11-02 11:52:14.141 W/Looper  ( 1407): Slow Looper ExoPlayer:Playback: Long Msg: seq=398 plan=11:51:57.413  late=6563ms wall=10164ms running=0ms h=android.os.Handler w=2
11-02 11:52:14.157 W/Looper  ( 1407): Slow Looper ExoPlayer:Playback: Long Msg: seq=663 plan=11:52:00.161  late=3817ms wall=10178ms running=0ms h=android.os.Handler w=2
11-02 11:52:14.488 I/nedecraques.ap( 1407): Background concurrent copying GC freed 59292(3209KB) AllocSpace objects, 6(2236KB) LOS objects, 49% free, 16MB/32MB, paused 284us total 156.001ms
11-02 11:52:34.584 I/nedecraques.ap( 1407): Background concurrent copying GC freed 12136(1090KB) AllocSpace objects, 8(384KB) LOS objects, 43% free, 31MB/55MB, paused 79us total 115.029ms
11-02 11:53:31.485 I/nedecraques.ap( 1407): Background concurrent copying GC freed 15445(1662KB) AllocSpace objects, 9(532KB) LOS objects, 31% free, 53MB/77MB, paused 69us total 116.893ms
11-02 11:55:25.699 I/nedecraques.ap( 1407): Background concurrent copying GC freed 10682(1991KB) AllocSpace objects, 10(600KB) LOS objects, 24% free, 74MB/98MB, paused 60us total 116.537ms
11-02 11:59:01.390 I/ExoPlayerImpl( 1407): Init 4c42117 [AndroidXMedia3/1.4.1] [olive, Redmi 8, Xiaomi, 29]
11-02 11:59:01.584 I/chatty  ( 1407): uid=11404(com.vitrinedecraques.app) identical 41 lines
11-02 11:59:01.742 I/HttpClientProvider( 1407): getSessionCookies host=storage.googleapis.com -> nenhum
11-02 11:59:01.813 W/InputEventReceiver( 1407): App Input: 388ms before dispatchInputEvent (MotionEvent: event_seq=12, seq=1128769, action=ACTION_UP)
11-02 11:59:01.846 W/Looper  ( 1407): Slow Looper main: doFrame is 441ms late because of 3 msg, msg 1 took 443ms (seq=3132 late=1ms h=android.view.Choreographer$FrameHandler c=android.view.Choreographer$FrameDisplayEventReceiver)
11-02 11:59:01.954 W/nedecraques.ap( 1407): Accessing hidden method Lsun/misc/Unsafe;->getObject(Ljava/lang/Object;J)Ljava/lang/Object; (greylist, linking, allowed)
11-02 11:59:01.955 W/nedecraques.ap( 1407): Accessing hidden method Lsun/misc/Unsafe;->putObject(Ljava/lang/Object;JLjava/lang/Object;)V (greylist, linking, allowed)
11-02 11:59:01.955 W/nedecraques.ap( 1407): Accessing hidden method Lsun/misc/Unsafe;->putInt(Ljava/lang/Object;JI)V (greylist, linking, allowed)
11-02 11:59:01.956 W/nedecraques.ap( 1407): Accessing hidden method Lsun/misc/Unsafe;->getInt(Ljava/lang/Object;J)I (greylist, linking, allowed)
11-02 11:59:02.024 I/NextApiService( 1407): Fetching profile details from: ${httpUrl}
11-02 11:59:02.049 W/nedecraques.ap( 1407): Accessing hidden method Lsun/misc/Unsafe;->getInt(Ljava/lang/Object;J)I (greylist, linking, allowed)
11-02 11:59:02.049 W/nedecraques.ap( 1407): Accessing hidden method Lsun/misc/Unsafe;->getObject(Ljava/lang/Object;J)Ljava/lang/Object; (greylist, linking, allowed)
11-02 11:59:02.050 W/nedecraques.ap( 1407): Accessing hidden method Lsun/misc/Unsafe;->putObject(Ljava/lang/Object;JLjava/lang/Object;)V (greylist, linking, allowed)
11-02 11:59:02.069 W/nedecraques.ap( 1407): Accessing hidden method Lsun/misc/Unsafe;->getObject(Ljava/lang/Object;J)Ljava/lang/Object; (greylist, linking, allowed)
11-02 11:59:02.078 W/nedecraques.ap( 1407): Accessing hidden method Lsun/misc/Unsafe;->getObject(Ljava/lang/Object;J)Ljava/lang/Object; (greylist, linking, allowed)
11-02 11:59:02.079 W/nedecraques.ap( 1407): Accessing hidden method Lsun/misc/Unsafe;->putInt(Ljava/lang/Object;JI)V (greylist, linking, allowed)
11-02 11:59:02.079 W/nedecraques.ap( 1407): Accessing hidden method Lsun/misc/Unsafe;->getObject(Ljava/lang/Object;J)Ljava/lang/Object; (greylist, linking, allowed)
11-02 11:59:02.185 I/ExoPlayerImpl( 1407): Init d028fc1 [AndroidXMedia3/1.4.1] [olive, Redmi 8, Xiaomi, 29]
11-02 11:59:02.314 I/chatty  ( 1407): uid=11404(com.vitrinedecraques.app) identical 40 lines
11-02 11:59:02.376 I/HttpClientProvider( 1407): getSessionCookies host=storage.googleapis.com -> nenhum
11-02 11:59:07.060 E/ExoPlayerImplInternal( 1407): Playback error
11-02 11:59:07.060 E/ExoPlayerImplInternal( 1407):   androidx.media3.exoplayer.ExoPlaybackException: Source error
11-02 11:59:07.060 E/ExoPlayerImplInternal( 1407):       at androidx.media3.exoplayer.ExoPlayerImplInternal.handleIoException(ExoPlayerImplInternal.java:736)
11-02 11:59:07.060 E/ExoPlayerImplInternal( 1407):       at androidx.media3.exoplayer.ExoPlayerImplInternal.handleMessage(ExoPlayerImplInternal.java:708)
11-02 11:59:07.060 E/ExoPlayerImplInternal( 1407):       at android.os.Handler.dispatchMessage(Handler.java:103)
11-02 11:59:07.060 E/ExoPlayerImplInternal( 1407):       at android.os.Looper.loop(Looper.java:223)
11-02 11:59:07.060 E/ExoPlayerImplInternal( 1407):       at android.os.HandlerThread.run(HandlerThread.java:67)
11-02 11:59:07.060 E/ExoPlayerImplInternal( 1407):   Caused by: androidx.media3.datasource.HttpDataSource$InvalidResponseCodeException: Response code: 403
11-02 11:59:07.060 E/ExoPlayerImplInternal( 1407):       at androidx.media3.datasource.DefaultHttpDataSource.open(DefaultHttpDataSource.java:397)
11-02 11:59:07.060 E/ExoPlayerImplInternal( 1407):       at androidx.media3.datasource.DefaultDataSource.open(DefaultDataSource.java:275)
11-02 11:59:07.060 E/ExoPlayerImplInternal( 1407):       at androidx.media3.datasource.StatsDataSource.open(StatsDataSource.java:86)
11-02 11:59:07.060 E/ExoPlayerImplInternal( 1407):       at androidx.media3.exoplayer.source.ProgressiveMediaPeriod$ExtractingLoadable.load(ProgressiveMediaPeriod.java:1045)
11-02 11:59:07.060 E/ExoPlayerImplInternal( 1407):       at androidx.media3.exoplayer.upstream.Loader$LoadTask.run(Loader.java:421)
11-02 11:59:07.060 E/ExoPlayerImplInternal( 1407):       at java.util.concurrent.ThreadPoolExecutor.runWorker(ThreadPoolExecutor.java:1167)
11-02 11:59:07.060 E/ExoPlayerImplInternal( 1407):       at java.util.concurrent.ThreadPoolExecutor$Worker.run(ThreadPoolExecutor.java:641)
11-02 11:59:07.060 E/ExoPlayerImplInternal( 1407):       at java.lang.Thread.run(Thread.java:919)
11-02 11:59:07.064 E/ExoPlayerImplInternal( 1407): Playback error
11-02 11:59:07.064 E/ExoPlayerImplInternal( 1407):   androidx.media3.exoplayer.ExoPlaybackException: Source error
11-02 11:59:07.064 E/ExoPlayerImplInternal( 1407):       at androidx.media3.exoplayer.ExoPlayerImplInternal.handleIoException(ExoPlayerImplInternal.java:736)
11-02 11:59:07.064 E/ExoPlayerImplInternal( 1407):       at androidx.media3.exoplayer.ExoPlayerImplInternal.handleMessage(ExoPlayerImplInternal.java:708)
11-02 11:59:07.064 E/ExoPlayerImplInternal( 1407):       at android.os.Handler.dispatchMessage(Handler.java:103)
11-02 11:59:07.064 E/ExoPlayerImplInternal( 1407):       at android.os.Looper.loop(Looper.java:223)
11-02 11:59:07.064 E/ExoPlayerImplInternal( 1407):       at android.os.HandlerThread.run(HandlerThread.java:67)
11-02 11:59:07.064 E/ExoPlayerImplInternal( 1407):   Caused by: androidx.media3.datasource.HttpDataSource$InvalidResponseCodeException: Response code: 403
11-02 11:59:07.064 E/ExoPlayerImplInternal( 1407):       at androidx.media3.datasource.DefaultHttpDataSource.open(DefaultHttpDataSource.java:397)
11-02 11:59:07.064 E/ExoPlayerImplInternal( 1407):       at androidx.media3.datasource.DefaultDataSource.open(DefaultDataSource.java:275)
11-02 11:59:07.064 E/ExoPlayerImplInternal( 1407):       at androidx.media3.datasource.StatsDataSource.open(StatsDataSource.java:86)
11-02 11:59:07.064 E/ExoPlayerImplInternal( 1407):       at androidx.media3.exoplayer.source.ProgressiveMediaPeriod$ExtractingLoadable.load(ProgressiveMediaPeriod.java:1045)
11-02 11:59:07.064 E/ExoPlayerImplInternal( 1407):       at androidx.media3.exoplayer.upstream.Loader$LoadTask.run(Loader.java:421)
11-02 11:59:07.064 E/ExoPlayerImplInternal( 1407):       at java.util.concurrent.ThreadPoolExecutor.runWorker(ThreadPoolExecutor.java:1167)
11-02 11:59:07.064 E/ExoPlayerImplInternal( 1407):       at java.util.concurrent.ThreadPoolExecutor$Worker.run(ThreadPoolExecutor.java:641)
11-02 11:59:07.064 E/ExoPlayerImplInternal( 1407):       at java.lang.Thread.run(Thread.java:919)
11-02 11:59:18.066 I/nedecraques.ap( 1407): Background young concurrent copying GC freed 171818(9094KB) AllocSpace objects, 8(384KB) LOS objects, 8% free, 90MB/98MB, paused 322us total 218.578ms
11-02 11:59:18.132 W/nedecraques.ap( 1407): Accessing hidden method Lsun/misc/Unsafe;->getObject(Ljava/lang/Object;J)Ljava/lang/Object; (greylist, linking, allowed)
11-02 11:59:18.132 W/nedecraques.ap( 1407): Accessing hidden method Lsun/misc/Unsafe;->putObject(Ljava/lang/Object;JLjava/lang/Object;)V (greylist, linking, allowed)
11-02 11:59:18.133 W/nedecraques.ap( 1407): Accessing hidden method Lsun/misc/Unsafe;->putInt(Ljava/lang/Object;JI)V (greylist, linking, allowed)
11-02 11:59:18.133 W/nedecraques.ap( 1407): Accessing hidden method Lsun/misc/Unsafe;->getInt(Ljava/lang/Object;J)I (greylist, linking, allowed)
11-02 11:59:18.242 I/NextApiService( 1407): Fetching profile details from: ${httpUrl}
11-02 11:59:18.252 W/nedecraques.ap( 1407): Accessing hidden method Lsun/misc/Unsafe;->getInt(Ljava/lang/Object;J)I (greylist, linking, allowed)
11-02 11:59:18.253 W/nedecraques.ap( 1407): Accessing hidden method Lsun/misc/Unsafe;->getObject(Ljava/lang/Object;J)Ljava/lang/Object; (greylist, linking, allowed)
11-02 11:59:18.253 W/nedecraques.ap( 1407): Accessing hidden method Lsun/misc/Unsafe;->putObject(Ljava/lang/Object;JLjava/lang/Object;)V (greylist, linking, allowed)
11-02 11:59:18.254 W/nedecraques.ap( 1407): Accessing hidden method Lsun/misc/Unsafe;->putInt(Ljava/lang/Object;JI)V (greylist, linking, allowed)
11-02 11:59:18.489 I/ExoPlayerImpl( 1407): Release 4c42117 [AndroidXMedia3/1.4.1] [olive, Redmi 8, Xiaomi, 29] [media3.common, media3.exoplayer, media3.decoder, media3.ui, media3.datasource, media3.extractor]
11-02 11:59:18.521 I/ExoPlayerImpl( 1407): Release d028fc1 [AndroidXMedia3/1.4.1] [olive, Redmi 8, Xiaomi, 29] [media3.common, media3.exoplayer, media3.decoder, media3.ui, media3.datasource, media3.extractor]
11-02 11:59:24.637 I/MediaCodec( 1407): [OMX.google.h264.decoder] setting surface generation to 1440771
11-02 11:59:24.679 I/MediaCodec( 1407): [OMX.google.h264.decoder] setting surface generation to 1440772
