--------- beginning of main
11-02 14:31:20.342 I/Perf    (30673): Connecting to perf service.
11-02 14:31:20.480 I/FeatureParser(30673): can't find olive.xml in assets/device_features/,it may be in /system/etc/device_features
--------- beginning of system
11-02 14:31:20.527 W/Looper  (30673): Slow Looper main: Long Msg: seq=2 plan=14:31:14.678  late=1ms wall=5842ms running=0ms h=android.app.ActivityThread$H w=110
11-02 14:31:20.590 E/Perf    (30673): Fail to get file list com.vitrinedecraques.app
11-02 14:31:20.590 E/Perf    (30673): getFolderSize() : Exception_1 = java.lang.NullPointerException: Attempt to get length of null array
11-02 14:31:20.591 E/Perf    (30673): Fail to get file list com.vitrinedecraques.app
11-02 14:31:20.591 E/Perf    (30673): getFolderSize() : Exception_1 = java.lang.NullPointerException: Attempt to get length of null array
11-02 14:31:21.023 W/Looper  (30673): Slow Looper main: Activity com.vitrinedecraques.app/.MainActivity is 5842ms late (wall=493ms running=0ms ClientTransaction{ callbacks=[android.app.servertransaction.LaunchActivityItem] lifecycleRequest=android.app.servertransaction.ResumeActivityItem }) because of 1 msg, msg 1 took 5842ms (seq=2 late=1ms h=android.app.ActivityThread$H w=110)
11-02 14:31:21.024 W/Looper  (30673): Slow Looper main: Activity com.vitrinedecraques.app/.MainActivity is 6334ms late (wall=0ms running=0ms ClientTransaction{ callbacks=[android.app.servertransaction.TopResumedActivityChangeItem] }) because of 2 msg, msg 1 took 5842ms (seq=2 late=1ms h=android.app.ActivityThread$H w=110), msg 2 took 493ms (seq=3 late=5842ms h=android.app.ActivityThread$H w=159)
11-02 14:31:21.026 I/Choreographer(30673): Skipped 32 frames!  The application may be doing too much work on its main thread.
11-02 14:31:22.382 W/nedecraques.ap(30673): Accessing hidden method Lsun/misc/Unsafe;->getInt(Ljava/lang/Object;J)I (greylist, linking, allowed)
11-02 14:31:22.383 W/nedecraques.ap(30673): Accessing hidden method Lsun/misc/Unsafe;->getObject(Ljava/lang/Object;J)Ljava/lang/Object; (greylist, linking, allowed)
11-02 14:31:22.383 W/nedecraques.ap(30673): Accessing hidden method Lsun/misc/Unsafe;->getInt(Ljava/lang/Object;J)I (greylist, linking, allowed)
11-02 14:31:22.383 W/nedecraques.ap(30673): Accessing hidden method Lsun/misc/Unsafe;->putInt(Ljava/lang/Object;JI)V (greylist, linking, allowed)
11-02 14:31:22.384 W/nedecraques.ap(30673): Accessing hidden method Lsun/misc/Unsafe;->getLong(Ljava/lang/Object;J)J (greylist,core-platform-api, linking, allowed)
11-02 14:31:22.389 W/nedecraques.ap(30673): Accessing hidden method Lsun/misc/Unsafe;->putObject(Ljava/lang/Object;JLjava/lang/Object;)V (greylist, linking, allowed)
11-02 14:31:22.396 W/nedecraques.ap(30673): Accessing hidden method Lsun/misc/Unsafe;->objectFieldOffset(Ljava/lang/reflect/Field;)J (greylist,core-platform-api, linking, allowed)
11-02 14:31:22.398 W/nedecraques.ap(30673): Accessing hidden method Lsun/misc/Unsafe;->putObject(Ljava/lang/Object;JLjava/lang/Object;)V (greylist, linking, allowed)
11-02 14:31:22.399 W/nedecraques.ap(30673): Accessing hidden method Lsun/misc/Unsafe;->getInt(Ljava/lang/Object;J)I (greylist, linking, allowed)
11-02 14:31:22.399 W/nedecraques.ap(30673): Accessing hidden method Lsun/misc/Unsafe;->putLong(Ljava/lang/Object;JJ)V (greylist, linking, allowed)
11-02 14:31:22.407 W/nedecraques.ap(30673): Accessing hidden method Lsun/misc/Unsafe;->getInt(Ljava/lang/Object;J)I (greylist, linking, allowed)
11-02 14:31:22.407 W/nedecraques.ap(30673): Accessing hidden method Lsun/misc/Unsafe;->putLong(Ljava/lang/Object;JJ)V (greylist, linking, allowed)
11-02 14:31:22.409 W/nedecraques.ap(30673): Accessing hidden method Lsun/misc/Unsafe;->allocateInstance(Ljava/lang/Class;)Ljava/lang/Object; (greylist, linking, allowed)
11-02 14:31:22.412 W/nedecraques.ap(30673): Accessing hidden method Llibcore/io/Memory;->peekLong(JZ)J (greylist, reflection, allowed)
11-02 14:31:22.412 W/nedecraques.ap(30673): Accessing hidden method Llibcore/io/Memory;->pokeLong(JJZ)V (greylist, reflection, allowed)
11-02 14:31:22.412 W/nedecraques.ap(30673): Accessing hidden method Llibcore/io/Memory;->pokeInt(JIZ)V (greylist, reflection, allowed)
11-02 14:31:22.412 W/nedecraques.ap(30673): Accessing hidden method Llibcore/io/Memory;->peekInt(JZ)I (greylist, reflection, allowed)
11-02 14:31:22.412 W/nedecraques.ap(30673): Accessing hidden method Llibcore/io/Memory;->pokeByte(JB)V (greylist, reflection, allowed)
11-02 14:31:22.412 W/nedecraques.ap(30673): Accessing hidden method Llibcore/io/Memory;->peekByte(J)B (greylist, reflection, allowed)
11-02 14:31:22.412 W/nedecraques.ap(30673): Accessing hidden method Llibcore/io/Memory;->pokeByteArray(J[BII)V (greylist, reflection, allowed)
11-02 14:31:22.412 W/nedecraques.ap(30673): Accessing hidden method Llibcore/io/Memory;->peekByteArray(J[BII)V (greylist, reflection, allowed)
11-02 14:31:22.413 W/nedecraques.ap(30673): Accessing hidden method Lsun/misc/Unsafe;->arrayBaseOffset(Ljava/lang/Class;)I (greylist,core-platform-api, linking, allowed)
11-02 14:31:22.414 W/nedecraques.ap(30673): Accessing hidden method Lsun/misc/Unsafe;->arrayIndexScale(Ljava/lang/Class;)I (greylist, linking, allowed)
11-02 14:31:22.414 W/nedecraques.ap(30673): Accessing hidden method Lsun/misc/Unsafe;->getInt(Ljava/lang/Object;J)I (greylist, linking, allowed)
11-02 14:31:22.414 W/nedecraques.ap(30673): Accessing hidden method Lsun/misc/Unsafe;->getLong(Ljava/lang/Object;J)J (greylist,core-platform-api, linking, allowed)
11-02 14:31:22.415 W/nedecraques.ap(30673): Accessing hidden method Lsun/misc/Unsafe;->getInt(Ljava/lang/Object;J)I (greylist, reflection, allowed)
11-02 14:31:22.415 W/nedecraques.ap(30673): Accessing hidden method Lsun/misc/Unsafe;->putInt(Ljava/lang/Object;JI)V (greylist, reflection, allowed)
11-02 14:31:22.415 W/nedecraques.ap(30673): Accessing hidden method Lsun/misc/Unsafe;->getLong(Ljava/lang/Object;J)J (greylist,core-platform-api, reflection, allowed)
11-02 14:31:22.415 W/nedecraques.ap(30673): Accessing hidden method Lsun/misc/Unsafe;->putLong(Ljava/lang/Object;JJ)V (greylist, reflection, allowed)
11-02 14:31:22.415 W/nedecraques.ap(30673): Accessing hidden method Lsun/misc/Unsafe;->getObject(Ljava/lang/Object;J)Ljava/lang/Object; (greylist, reflection, allowed)
11-02 14:31:22.416 W/nedecraques.ap(30673): Accessing hidden method Lsun/misc/Unsafe;->putObject(Ljava/lang/Object;JLjava/lang/Object;)V (greylist, reflection, allowed)
11-02 14:31:22.416 W/nedecraques.ap(30673): Accessing hidden field Ljava/nio/Buffer;->address:J (greylist, reflection, allowed)
11-02 14:31:22.423 W/nedecraques.ap(30673): Accessing hidden method Lsun/misc/Unsafe;->putObject(Ljava/lang/Object;JLjava/lang/Object;)V (greylist, linking, allowed)
11-02 14:31:22.633 W/nedecraques.ap(30673): Accessing hidden method Landroid/view/View;->getViewRootImpl()Landroid/view/ViewRootImpl; (greylist, reflection, allowed)
11-02 14:31:22.633 W/nedecraques.ap(30673): Accessing hidden field Landroid/view/View$AttachInfo;->mVisibleInsets:Landroid/graphics/Rect; (greylist, reflection, allowed)
11-02 14:31:22.633 W/nedecraques.ap(30673): Accessing hidden field Landroid/view/ViewRootImpl;->mAttachInfo:Landroid/view/View$AttachInfo; (greylist, reflection, allowed)
11-02 14:31:22.774 I/AdrenoGLES(30673): QUALCOMM build                   : 9d44e36, Ie3bb699d95
11-02 14:31:22.774 I/AdrenoGLES(30673): Build Date                       : 09/29/20
11-02 14:31:22.774 I/AdrenoGLES(30673): OpenGL ES Shader Compiler Version: EV031.27.05.02
11-02 14:31:22.774 I/AdrenoGLES(30673): Local Branch                     : 
11-02 14:31:22.774 I/AdrenoGLES(30673): Remote Branch                    : refs/tags/AU_LINUX_ANDROID_LA.UM.8.6.2.R1.10.00.00.537.053
11-02 14:31:22.774 I/AdrenoGLES(30673): Remote Branch                    : NONE
11-02 14:31:22.774 I/AdrenoGLES(30673): Reconstruct Branch               : NOTHING
11-02 14:31:22.774 I/AdrenoGLES(30673): Build Config                     : S L 8.0.10 AArch64
11-02 14:31:22.850 I/AdrenoGLES(30673): PFP: 0x005ff112, ME: 0x005ff066
11-02 14:31:22.893 W/Gralloc3(30673): mapper 3.x is not supported
11-02 14:31:23.012 I/OpenGLRenderer(30673): Davey! duration=2531ms; Flags=1, IntendedVsync=2446926170610744, Vsync=2446926703944056, OldestInputEvent=9223372036854775807, NewestInputEvent=0, HandleInputStart=2446926719139121, AnimationStart=2446926719286204, PerformTraversalsStart=2446926719692975, DrawStart=2446928561695266, SyncQueued=2446928581947558, SyncStart=2446928582390839, IssueDrawCommandsStart=2446928582516985, SwapBuffers=2446928699569172, FrameCompleted=2446928702526672, DequeueBufferDuration=136000, QueueBufferDuration=1653000, 
11-02 14:31:23.015 W/Looper  (30673): Slow Looper main: Long Msg: seq=12 plan=14:31:20.479  late=547ms wall=1987ms running=0ms h=android.view.Choreographer$FrameHandler c=android.view.Choreographer$FrameDisplayEventReceiver
11-02 14:31:23.015 W/Looper  (30673): Slow Looper main: doFrame is 547ms late because of 10 msg, msg 1 took 5842ms (seq=2 late=1ms h=android.app.ActivityThread$H w=110), msg 2 took 493ms (seq=3 late=5842ms h=android.app.ActivityThread$H w=159)
11-02 14:31:23.053 I/Choreographer(30673): Skipped 106 frames!  The application may be doing too much work on its main thread.
11-02 14:31:23.063 W/Looper  (30673): Slow Looper main: doFrame is 1772ms late because of 5 msg, msg 1 took 1987ms (seq=12 late=547ms h=android.view.Choreographer$FrameHandler c=android.view.Choreographer$FrameDisplayEventReceiver)
11-02 14:31:23.067 I/OpenGLRenderer(30673): Davey! duration=1784ms; Flags=0, IntendedVsync=2446926972606562, Vsync=2446928739273158, OldestInputEvent=9223372036854775807, NewestInputEvent=0, HandleInputStart=2446928746437037, AnimationStart=2446928746622506, PerformTraversalsStart=2446928746632506, DrawStart=2446928751414276, SyncQueued=2446928753057870, SyncStart=2446928753630839, IssueDrawCommandsStart=2446928753724120, SwapBuffers=2446928755489849, FrameCompleted=2446928758027141, DequeueBufferDuration=106000, QueueBufferDuration=1471000, 
11-02 14:31:23.136 W/ApiBaseUrlResolver(30673): Falha ao detectar host canônico: null
11-02 14:31:23.139 I/HttpClientProvider(30673): updateSessionCookies host=nice-hill-01a3a1010.2.azurestaticapps.net -> ${cookie.name}@${cookie.domain}${cookie.path}
11-02 14:31:23.278 W/nedecraques.ap(30673): Accessing hidden method Lsun/misc/Unsafe;->getObject(Ljava/lang/Object;J)Ljava/lang/Object; (greylist, linking, allowed)
11-02 14:31:23.279 W/nedecraques.ap(30673): Accessing hidden method Lsun/misc/Unsafe;->putObject(Ljava/lang/Object;JLjava/lang/Object;)V (greylist, linking, allowed)
11-02 14:31:23.280 W/nedecraques.ap(30673): Accessing hidden method Lsun/misc/Unsafe;->putInt(Ljava/lang/Object;JI)V (greylist, linking, allowed)
11-02 14:31:23.280 W/nedecraques.ap(30673): Accessing hidden method Lsun/misc/Unsafe;->getInt(Ljava/lang/Object;J)I (greylist, linking, allowed)
11-02 14:31:24.185 I/OpenGLRenderer(30673): Davey! duration=998ms; Flags=0, IntendedVsync=2446928877359183, Vsync=2446928877359183, OldestInputEvent=9223372036854775807, NewestInputEvent=0, HandleInputStart=2446928883397141, AnimationStart=2446928883404641, PerformTraversalsStart=2446929472032453, DrawStart=2446929472319172, SyncQueued=2446929873546359, SyncStart=2446929874022974, IssueDrawCommandsStart=2446929874382088, SwapBuffers=2446929875343911, FrameCompleted=2446929876578495, DequeueBufferDuration=156000, QueueBufferDuration=437000, 
11-02 14:31:24.303 I/NextApiService(30673): Fetching videos from: ${httpUrl}
11-02 14:31:24.566 I/ExoPlayerImpl(30673): Init bd992c0 [AndroidXMedia3/1.4.1] [olive, Redmi 8, Xiaomi, 29]
11-02 14:31:24.647 W/nedecraques.ap(30673): Accessing hidden method Landroid/media/AudioTrack;->getLatency()I (greylist, reflection, allowed)
11-02 14:31:25.147 I/chatty  (30673): uid=11404(com.vitrinedecraques.app) identical 39 lines
11-02 14:31:25.431 I/ExoPlayerImpl(30673): Init 7d675bd [AndroidXMedia3/1.4.1] [olive, Redmi 8, Xiaomi, 29]
11-02 14:31:25.513 W/Gralloc3(30673): allocator 3.x is not supported
11-02 14:31:25.605 I/chatty  (30673): uid=11404(com.vitrinedecraques.app) identical 39 lines
11-02 14:31:25.929 W/Looper  (30673): Slow Looper main: Long Msg: seq=41 plan=14:31:24.188  late=138ms wall=1602ms running=0ms h=android.view.Choreographer$FrameHandler c=android.view.Choreographer$FrameDisplayEventReceiver
11-02 14:31:25.930 I/OpenGLRenderer(30673): Davey! duration=1740ms; Flags=0, IntendedVsync=2446929879801924, Vsync=2446930013135252, OldestInputEvent=9223372036854775807, NewestInputEvent=0, HandleInputStart=2446930017610109, AnimationStart=2446930017680890, PerformTraversalsStart=2446930133925422, DrawStart=2446930134249588, SyncQueued=2446931617644952, SyncStart=2446931618164588, IssueDrawCommandsStart=2446931618976307, SwapBuffers=2446931619976046, FrameCompleted=2446931621004536, DequeueBufferDuration=213000, QueueBufferDuration=395000, 
11-02 14:31:25.983 I/NextApiService(30673): Fetching profile details from: ${httpUrl}
11-02 14:31:25.992 I/ExoPlayerImpl(30673): Init 86214b7 [AndroidXMedia3/1.4.1] [olive, Redmi 8, Xiaomi, 29]
11-02 14:31:26.080 I/chatty  (30673): uid=11404(com.vitrinedecraques.app) identical 24 lines
11-02 14:31:26.111 I/chatty  (30673): uid=11404(com.vitrinedecraques.app) identical 15 lines
11-02 14:31:26.184 I/ExoPlayerImpl(30673): Init 740ac93 [AndroidXMedia3/1.4.1] [olive, Redmi 8, Xiaomi, 29]
11-02 14:31:26.293 I/chatty  (30673): uid=11404(com.vitrinedecraques.app) identical 41 lines
11-02 14:31:26.427 I/HttpClientProvider(30673): getSessionCookies host=nice-hill-01a3a1010.2.azurestaticapps.net -> ${cookie.name}@${cookie.domain}${cookie.path}
11-02 14:31:26.451 I/HttpClientProvider(30673): getSessionCookies host=nice-hill-01a3a1010.2.azurestaticapps.net -> ${cookie.name}@${cookie.domain}${cookie.path}
11-02 14:31:26.493 I/DpmTcmClient(30673): RegisterTcmMonitor from: $Proxy0
11-02 14:31:26.508 I/HttpClientProvider(30673): getSessionCookies host=nice-hill-01a3a1010.2.azurestaticapps.net -> ${cookie.name}@${cookie.domain}${cookie.path}
11-02 14:31:26.520 I/HttpClientProvider(30673): getSessionCookies host=nice-hill-01a3a1010.2.azurestaticapps.net -> ${cookie.name}@${cookie.domain}${cookie.path}
11-02 14:31:26.535 I/Choreographer(30673): Skipped 131 frames!  The application may be doing too much work on its main thread.
11-02 14:31:26.613 I/ExoPlayerImpl(30673): Release bd992c0 [AndroidXMedia3/1.4.1] [olive, Redmi 8, Xiaomi, 29] [media3.common, media3.exoplayer, media3.decoder, media3.ui, media3.datasource]
11-02 14:31:26.632 I/ExoPlayerImpl(30673): Release 7d675bd [AndroidXMedia3/1.4.1] [olive, Redmi 8, Xiaomi, 29] [media3.common, media3.exoplayer, media3.decoder, media3.ui, media3.datasource]
11-02 14:31:26.734 W/Looper  (30673): Slow Looper main: doFrame is 2196ms late because of 15 msg, msg 1 took 1602ms (seq=41 late=138ms h=android.view.Choreographer$FrameHandler c=android.view.Choreographer$FrameDisplayEventReceiver), msg 7 took 603ms (seq=47 late=1603ms h=android.os.Handler c=androidx.compose.ui.platform.AndroidUiDispatcher$dispatchCallback$1)
11-02 14:31:26.948 I/OpenGLRenderer(30673): Davey! duration=2608ms; Flags=1, IntendedVsync=2446930030178422, Vsync=2446932213511668, OldestInputEvent=9223372036854775807, NewestInputEvent=0, HandleInputStart=2446932228063285, AnimationStart=2446932228224848, PerformTraversalsStart=2446932329237817, DrawStart=2446932350305004, SyncQueued=2446932423263390, SyncStart=2446932423757556, IssueDrawCommandsStart=2446932424904900, SwapBuffers=2446932637657452, FrameCompleted=2446932639090733, DequeueBufferDuration=137000, QueueBufferDuration=329000, 
11-02 14:31:27.673 I/nedecraques.ap(30673): Background young concurrent copying GC freed 119036(7027KB) AllocSpace objects, 27(752KB) LOS objects, 43% free, 9916KB/17MB, paused 431us total 109.799ms
11-02 14:31:28.401 I/nedecraques.ap(30673): ProcessProfilingInfo new_methods=15278 is saved saved_to_disk=1 resolve_classes_delay=8000
11-02 14:31:31.271 W/nedecraques.ap(30673): Accessing hidden method Lsun/misc/Unsafe;->getObject(Ljava/lang/Object;J)Ljava/lang/Object; (greylist, linking, allowed)
11-02 14:31:31.271 W/nedecraques.ap(30673): Accessing hidden method Lsun/misc/Unsafe;->putObject(Ljava/lang/Object;JLjava/lang/Object;)V (greylist, linking, allowed)
11-02 14:31:31.272 W/nedecraques.ap(30673): Accessing hidden method Lsun/misc/Unsafe;->putInt(Ljava/lang/Object;JI)V (greylist, linking, allowed)
11-02 14:31:31.272 W/nedecraques.ap(30673): Accessing hidden method Lsun/misc/Unsafe;->getInt(Ljava/lang/Object;J)I (greylist, linking, allowed)
11-02 14:31:31.317 I/NextApiService(30673): Fetching profile details from: ${httpUrl}
11-02 14:31:31.327 W/nedecraques.ap(30673): Accessing hidden method Lsun/misc/Unsafe;->getObject(Ljava/lang/Object;J)Ljava/lang/Object; (greylist, linking, allowed)
11-02 14:31:31.327 W/nedecraques.ap(30673): Accessing hidden method Lsun/misc/Unsafe;->putInt(Ljava/lang/Object;JI)V (greylist, linking, allowed)
11-02 14:31:31.327 W/nedecraques.ap(30673): Accessing hidden method Lsun/misc/Unsafe;->getInt(Ljava/lang/Object;J)I (greylist, linking, allowed)
11-02 14:31:33.631 E/ExoPlayerImplInternal(30673): Playback error
11-02 14:31:33.631 E/ExoPlayerImplInternal(30673):   androidx.media3.exoplayer.ExoPlaybackException: Source error
11-02 14:31:33.631 E/ExoPlayerImplInternal(30673):       at androidx.media3.exoplayer.ExoPlayerImplInternal.handleIoException(ExoPlayerImplInternal.java:736)
11-02 14:31:33.631 E/ExoPlayerImplInternal(30673):       at androidx.media3.exoplayer.ExoPlayerImplInternal.handleMessage(ExoPlayerImplInternal.java:708)
11-02 14:31:33.631 E/ExoPlayerImplInternal(30673):       at android.os.Handler.dispatchMessage(Handler.java:103)
11-02 14:31:33.631 E/ExoPlayerImplInternal(30673):       at android.os.Looper.loop(Looper.java:223)
11-02 14:31:33.631 E/ExoPlayerImplInternal(30673):       at android.os.HandlerThread.run(HandlerThread.java:67)
11-02 14:31:33.631 E/ExoPlayerImplInternal(30673):   Caused by: androidx.media3.datasource.HttpDataSource$InvalidResponseCodeException: Response code: 404
11-02 14:31:33.631 E/ExoPlayerImplInternal(30673):       at androidx.media3.datasource.DefaultHttpDataSource.open(DefaultHttpDataSource.java:397)
11-02 14:31:33.631 E/ExoPlayerImplInternal(30673):       at androidx.media3.datasource.DefaultDataSource.open(DefaultDataSource.java:275)
11-02 14:31:33.631 E/ExoPlayerImplInternal(30673):       at androidx.media3.datasource.StatsDataSource.open(StatsDataSource.java:86)
11-02 14:31:33.631 E/ExoPlayerImplInternal(30673):       at androidx.media3.exoplayer.source.ProgressiveMediaPeriod$ExtractingLoadable.load(ProgressiveMediaPeriod.java:1045)
11-02 14:31:33.631 E/ExoPlayerImplInternal(30673):       at androidx.media3.exoplayer.upstream.Loader$LoadTask.run(Loader.java:421)
11-02 14:31:33.631 E/ExoPlayerImplInternal(30673):       at java.util.concurrent.ThreadPoolExecutor.runWorker(ThreadPoolExecutor.java:1167)
11-02 14:31:33.631 E/ExoPlayerImplInternal(30673):       at java.util.concurrent.ThreadPoolExecutor$Worker.run(ThreadPoolExecutor.java:641)
11-02 14:31:33.631 E/ExoPlayerImplInternal(30673):       at java.lang.Thread.run(Thread.java:919)
11-02 14:31:34.556 E/ExoPlayerImplInternal(30673): Playback error
11-02 14:31:34.556 E/ExoPlayerImplInternal(30673):   androidx.media3.exoplayer.ExoPlaybackException: Source error
11-02 14:31:34.556 E/ExoPlayerImplInternal(30673):       at androidx.media3.exoplayer.ExoPlayerImplInternal.handleIoException(ExoPlayerImplInternal.java:736)
11-02 14:31:34.556 E/ExoPlayerImplInternal(30673):       at androidx.media3.exoplayer.ExoPlayerImplInternal.handleMessage(ExoPlayerImplInternal.java:708)
11-02 14:31:34.556 E/ExoPlayerImplInternal(30673):       at android.os.Handler.dispatchMessage(Handler.java:103)
11-02 14:31:34.556 E/ExoPlayerImplInternal(30673):       at android.os.Looper.loop(Looper.java:223)
11-02 14:31:34.556 E/ExoPlayerImplInternal(30673):       at android.os.HandlerThread.run(HandlerThread.java:67)
11-02 14:31:34.556 E/ExoPlayerImplInternal(30673):   Caused by: androidx.media3.datasource.HttpDataSource$InvalidResponseCodeException: Response code: 404
11-02 14:31:34.556 E/ExoPlayerImplInternal(30673):       at androidx.media3.datasource.DefaultHttpDataSource.open(DefaultHttpDataSource.java:397)
11-02 14:31:34.556 E/ExoPlayerImplInternal(30673):       at androidx.media3.datasource.DefaultDataSource.open(DefaultDataSource.java:275)
11-02 14:31:34.556 E/ExoPlayerImplInternal(30673):       at androidx.media3.datasource.StatsDataSource.open(StatsDataSource.java:86)
11-02 14:31:34.556 E/ExoPlayerImplInternal(30673):       at androidx.media3.exoplayer.source.ProgressiveMediaPeriod$ExtractingLoadable.load(ProgressiveMediaPeriod.java:1045)
11-02 14:31:34.556 E/ExoPlayerImplInternal(30673):       at androidx.media3.exoplayer.upstream.Loader$LoadTask.run(Loader.java:421)
11-02 14:31:34.556 E/ExoPlayerImplInternal(30673):       at java.util.concurrent.ThreadPoolExecutor.runWorker(ThreadPoolExecutor.java:1167)
11-02 14:31:34.556 E/ExoPlayerImplInternal(30673):       at java.util.concurrent.ThreadPoolExecutor$Worker.run(ThreadPoolExecutor.java:641)
11-02 14:31:34.556 E/ExoPlayerImplInternal(30673):       at java.lang.Thread.run(Thread.java:919)
11-02 14:31:41.877 E/ExoPlayerImplInternal(30673): Playback error
11-02 14:31:41.877 E/ExoPlayerImplInternal(30673):   androidx.media3.exoplayer.ExoPlaybackException: Source error
11-02 14:31:41.877 E/ExoPlayerImplInternal(30673):       at androidx.media3.exoplayer.ExoPlayerImplInternal.handleIoException(ExoPlayerImplInternal.java:736)
11-02 14:31:41.877 E/ExoPlayerImplInternal(30673):       at androidx.media3.exoplayer.ExoPlayerImplInternal.handleMessage(ExoPlayerImplInternal.java:708)
11-02 14:31:41.877 E/ExoPlayerImplInternal(30673):       at android.os.Handler.dispatchMessage(Handler.java:103)
11-02 14:31:41.877 E/ExoPlayerImplInternal(30673):       at android.os.Looper.loop(Looper.java:223)
11-02 14:31:41.877 E/ExoPlayerImplInternal(30673):       at android.os.HandlerThread.run(HandlerThread.java:67)
11-02 14:31:41.877 E/ExoPlayerImplInternal(30673):   Caused by: androidx.media3.datasource.HttpDataSource$InvalidResponseCodeException: Response code: 404
11-02 14:31:41.877 E/ExoPlayerImplInternal(30673):       at androidx.media3.datasource.DefaultHttpDataSource.open(DefaultHttpDataSource.java:397)
11-02 14:31:41.877 E/ExoPlayerImplInternal(30673):       at androidx.media3.datasource.DefaultDataSource.open(DefaultDataSource.java:275)
11-02 14:31:41.877 E/ExoPlayerImplInternal(30673):       at androidx.media3.datasource.StatsDataSource.open(StatsDataSource.java:86)
11-02 14:31:41.877 E/ExoPlayerImplInternal(30673):       at androidx.media3.exoplayer.source.ProgressiveMediaPeriod$ExtractingLoadable.load(ProgressiveMediaPeriod.java:1045)
11-02 14:31:41.877 E/ExoPlayerImplInternal(30673):       at androidx.media3.exoplayer.upstream.Loader$LoadTask.run(Loader.java:421)
11-02 14:31:41.877 E/ExoPlayerImplInternal(30673):       at java.util.concurrent.ThreadPoolExecutor.runWorker(ThreadPoolExecutor.java:1167)
11-02 14:31:41.877 E/ExoPlayerImplInternal(30673):       at java.util.concurrent.ThreadPoolExecutor$Worker.run(ThreadPoolExecutor.java:641)
11-02 14:31:41.877 E/ExoPlayerImplInternal(30673):       at java.lang.Thread.run(Thread.java:919)
11-02 14:31:46.928 I/ExoPlayerImpl(30673): Release 740ac93 [AndroidXMedia3/1.4.1] [olive, Redmi 8, Xiaomi, 29] [media3.common, media3.exoplayer, media3.decoder, media3.ui, media3.datasource]
11-02 14:31:46.937 I/ExoPlayerImpl(30673): Release 86214b7 [AndroidXMedia3/1.4.1] [olive, Redmi 8, Xiaomi, 29] [media3.common, media3.exoplayer, media3.decoder, media3.ui, media3.datasource]
