--------- beginning of main
11-02 14:05:50.615 I/nedecraques.ap(21595): Late-enabling -Xcheck:jni
11-02 14:05:50.661 E/nedecraques.ap(21595): Unknown bits set in runtime_flags: 0x8000
11-02 14:05:55.856 I/Perf    (21595): Connecting to perf service.
11-02 14:05:55.997 I/FeatureParser(21595): can't find olive.xml in assets/device_features/,it may be in /system/etc/device_features
--------- beginning of system
11-02 14:05:56.035 W/Looper  (21595): Slow Looper main: Long Msg: seq=2 plan=14:05:50.822  late=1ms wall=5206ms running=0ms h=android.app.ActivityThread$H w=110
11-02 14:05:56.037 E/Perf    (21595): Fail to get file list com.vitrinedecraques.app
11-02 14:05:56.037 E/Perf    (21595): getFolderSize() : Exception_1 = java.lang.NullPointerException: Attempt to get length of null array
11-02 14:05:56.037 E/Perf    (21595): Fail to get file list com.vitrinedecraques.app
11-02 14:05:56.037 E/Perf    (21595): getFolderSize() : Exception_1 = java.lang.NullPointerException: Attempt to get length of null array
11-02 14:05:56.137 I/chatty  (21595): uid=11404(com.vitrinedecraques.app) identical 1 line
11-02 14:05:56.314 W/Looper  (21595): Slow Looper main: Activity com.vitrinedecraques.app/.MainActivity is 5170ms late (wall=278ms running=0ms ClientTransaction{ callbacks=[android.app.servertransaction.LaunchActivityItem] lifecycleRequest=android.app.servertransaction.ResumeActivityItem }) because of 1 msg, msg 1 took 5206ms (seq=2 late=1ms h=android.app.ActivityThread$H w=110)
11-02 14:05:56.315 W/Looper  (21595): Slow Looper main: Activity com.vitrinedecraques.app/.MainActivity is 5448ms late (wall=1ms running=0ms ClientTransaction{ callbacks=[android.app.servertransaction.TopResumedActivityChangeItem] }) because of 2 msg, msg 1 took 5206ms (seq=2 late=1ms h=android.app.ActivityThread$H w=110), msg 2 took 278ms (seq=3 late=5170ms h=android.app.ActivityThread$H w=159)
11-02 14:05:57.471 W/nedecraques.ap(21595): Accessing hidden method Lsun/misc/Unsafe;->getInt(Ljava/lang/Object;J)I (greylist, linking, allowed)
11-02 14:05:57.471 W/nedecraques.ap(21595): Accessing hidden method Lsun/misc/Unsafe;->getObject(Ljava/lang/Object;J)Ljava/lang/Object; (greylist, linking, allowed)
11-02 14:05:57.472 W/nedecraques.ap(21595): Accessing hidden method Lsun/misc/Unsafe;->putInt(Ljava/lang/Object;JI)V (greylist, linking, allowed)
11-02 14:05:57.472 W/nedecraques.ap(21595): Accessing hidden method Lsun/misc/Unsafe;->getLong(Ljava/lang/Object;J)J (greylist,core-platform-api, linking, allowed)
11-02 14:05:57.477 W/nedecraques.ap(21595): Accessing hidden method Lsun/misc/Unsafe;->putObject(Ljava/lang/Object;JLjava/lang/Object;)V (greylist, linking, allowed)
11-02 14:05:57.479 W/nedecraques.ap(21595): Accessing hidden method Lsun/misc/Unsafe;->objectFieldOffset(Ljava/lang/reflect/Field;)J (greylist,core-platform-api, linking, allowed)
11-02 14:05:57.480 W/nedecraques.ap(21595): Accessing hidden method Lsun/misc/Unsafe;->putObject(Ljava/lang/Object;JLjava/lang/Object;)V (greylist, linking, allowed)
11-02 14:05:57.481 W/nedecraques.ap(21595): Accessing hidden method Lsun/misc/Unsafe;->getInt(Ljava/lang/Object;J)I (greylist, linking, allowed)
11-02 14:05:57.481 W/nedecraques.ap(21595): Accessing hidden method Lsun/misc/Unsafe;->putLong(Ljava/lang/Object;JJ)V (greylist, linking, allowed)
11-02 14:05:57.487 W/nedecraques.ap(21595): Accessing hidden method Lsun/misc/Unsafe;->getInt(Ljava/lang/Object;J)I (greylist, linking, allowed)
11-02 14:05:57.487 W/nedecraques.ap(21595): Accessing hidden method Lsun/misc/Unsafe;->getInt(Ljava/lang/Object;J)I (greylist, linking, allowed)
11-02 14:05:57.488 W/nedecraques.ap(21595): Accessing hidden method Lsun/misc/Unsafe;->putLong(Ljava/lang/Object;JJ)V (greylist, linking, allowed)
11-02 14:05:57.489 W/nedecraques.ap(21595): Accessing hidden method Lsun/misc/Unsafe;->allocateInstance(Ljava/lang/Class;)Ljava/lang/Object; (greylist, linking, allowed)
11-02 14:05:57.492 W/nedecraques.ap(21595): Accessing hidden method Llibcore/io/Memory;->peekLong(JZ)J (greylist, reflection, allowed)
11-02 14:05:57.492 W/nedecraques.ap(21595): Accessing hidden method Llibcore/io/Memory;->pokeLong(JJZ)V (greylist, reflection, allowed)
11-02 14:05:57.493 W/nedecraques.ap(21595): Accessing hidden method Llibcore/io/Memory;->pokeInt(JIZ)V (greylist, reflection, allowed)
11-02 14:05:57.493 W/nedecraques.ap(21595): Accessing hidden method Llibcore/io/Memory;->peekInt(JZ)I (greylist, reflection, allowed)
11-02 14:05:57.493 W/nedecraques.ap(21595): Accessing hidden method Llibcore/io/Memory;->pokeByte(JB)V (greylist, reflection, allowed)
11-02 14:05:57.493 W/nedecraques.ap(21595): Accessing hidden method Llibcore/io/Memory;->peekByte(J)B (greylist, reflection, allowed)
11-02 14:05:57.493 W/nedecraques.ap(21595): Accessing hidden method Llibcore/io/Memory;->pokeByteArray(J[BII)V (greylist, reflection, allowed)
11-02 14:05:57.493 W/nedecraques.ap(21595): Accessing hidden method Llibcore/io/Memory;->peekByteArray(J[BII)V (greylist, reflection, allowed)
11-02 14:05:57.493 W/nedecraques.ap(21595): Accessing hidden method Lsun/misc/Unsafe;->arrayBaseOffset(Ljava/lang/Class;)I (greylist,core-platform-api, linking, allowed)
11-02 14:05:57.493 W/nedecraques.ap(21595): Accessing hidden method Lsun/misc/Unsafe;->arrayIndexScale(Ljava/lang/Class;)I (greylist, linking, allowed)
11-02 14:05:57.494 W/nedecraques.ap(21595): Accessing hidden method Lsun/misc/Unsafe;->getInt(Ljava/lang/Object;J)I (greylist, linking, allowed)
11-02 14:05:57.494 W/nedecraques.ap(21595): Accessing hidden method Lsun/misc/Unsafe;->getLong(Ljava/lang/Object;J)J (greylist,core-platform-api, linking, allowed)
11-02 14:05:57.495 W/nedecraques.ap(21595): Accessing hidden method Lsun/misc/Unsafe;->getInt(Ljava/lang/Object;J)I (greylist, reflection, allowed)
11-02 14:05:57.495 W/nedecraques.ap(21595): Accessing hidden method Lsun/misc/Unsafe;->putInt(Ljava/lang/Object;JI)V (greylist, reflection, allowed)
11-02 14:05:57.495 W/nedecraques.ap(21595): Accessing hidden method Lsun/misc/Unsafe;->getLong(Ljava/lang/Object;J)J (greylist,core-platform-api, reflection, allowed)
11-02 14:05:57.495 W/nedecraques.ap(21595): Accessing hidden method Lsun/misc/Unsafe;->putLong(Ljava/lang/Object;JJ)V (greylist, reflection, allowed)
11-02 14:05:57.495 W/nedecraques.ap(21595): Accessing hidden method Lsun/misc/Unsafe;->getObject(Ljava/lang/Object;J)Ljava/lang/Object; (greylist, reflection, allowed)
11-02 14:05:57.496 W/nedecraques.ap(21595): Accessing hidden method Lsun/misc/Unsafe;->putObject(Ljava/lang/Object;JLjava/lang/Object;)V (greylist, reflection, allowed)
11-02 14:05:57.496 W/nedecraques.ap(21595): Accessing hidden field Ljava/nio/Buffer;->address:J (greylist, reflection, allowed)
11-02 14:05:57.503 W/nedecraques.ap(21595): Accessing hidden method Lsun/misc/Unsafe;->putObject(Ljava/lang/Object;JLjava/lang/Object;)V (greylist, linking, allowed)
11-02 14:05:57.711 W/nedecraques.ap(21595): Accessing hidden method Landroid/view/View;->getViewRootImpl()Landroid/view/ViewRootImpl; (greylist, reflection, allowed)
11-02 14:05:57.711 W/nedecraques.ap(21595): Accessing hidden field Landroid/view/View$AttachInfo;->mVisibleInsets:Landroid/graphics/Rect; (greylist, reflection, allowed)
11-02 14:05:57.711 W/nedecraques.ap(21595): Accessing hidden field Landroid/view/ViewRootImpl;->mAttachInfo:Landroid/view/View$AttachInfo; (greylist, reflection, allowed)
11-02 14:05:57.763 I/AdrenoGLES(21595): QUALCOMM build                   : 9d44e36, Ie3bb699d95
11-02 14:05:57.763 I/AdrenoGLES(21595): Build Date                       : 09/29/20
11-02 14:05:57.763 I/AdrenoGLES(21595): OpenGL ES Shader Compiler Version: EV031.27.05.02
11-02 14:05:57.763 I/AdrenoGLES(21595): Local Branch                     : 
11-02 14:05:57.763 I/AdrenoGLES(21595): Remote Branch                    : refs/tags/AU_LINUX_ANDROID_LA.UM.8.6.2.R1.10.00.00.537.053
11-02 14:05:57.763 I/AdrenoGLES(21595): Remote Branch                    : NONE
11-02 14:05:57.763 I/AdrenoGLES(21595): Reconstruct Branch               : NOTHING
11-02 14:05:57.763 I/AdrenoGLES(21595): Build Config                     : S L 8.0.10 AArch64
11-02 14:05:57.820 I/AdrenoGLES(21595): PFP: 0x005ff112, ME: 0x005ff066
11-02 14:05:57.860 W/Gralloc3(21595): mapper 3.x is not supported
11-02 14:05:57.949 I/OpenGLRenderer(21595): Davey! duration=1952ms; Flags=1, IntendedVsync=2445401686656784, Vsync=2445402003323438, OldestInputEvent=9223372036854775807, NewestInputEvent=0, HandleInputStart=2445402008378921, AnimationStart=2445402008495171, PerformTraversalsStart=2445402008835848, DrawStart=2445403531836994, SyncQueued=2445403548994389, SyncStart=2445403549737775, IssueDrawCommandsStart=2445403549857462, SwapBuffers=2445403637325275, FrameCompleted=2445403639811525, DequeueBufferDuration=217000, QueueBufferDuration=1452000, 
11-02 14:05:57.952 W/Looper  (21595): Slow Looper main: Long Msg: seq=10 plan=14:05:55.995  late=322ms wall=1634ms running=0ms h=android.view.Choreographer$FrameHandler c=android.view.Choreographer$FrameDisplayEventReceiver
11-02 14:05:57.953 W/Looper  (21595): Slow Looper main: doFrame is 322ms late because of 8 msg, msg 1 took 5206ms (seq=2 late=1ms h=android.app.ActivityThread$H w=110), msg 2 took 278ms (seq=3 late=5170ms h=android.app.ActivityThread$H w=159)
11-02 14:05:57.994 I/Choreographer(21595): Skipped 89 frames!  The application may be doing too much work on its main thread.
11-02 14:05:58.004 W/Looper  (21595): Slow Looper main: doFrame is 1498ms late because of 5 msg, msg 1 took 1634ms (seq=10 late=322ms h=android.view.Choreographer$FrameHandler c=android.view.Choreographer$FrameDisplayEventReceiver)
11-02 14:05:58.008 I/OpenGLRenderer(21595): Davey! duration=1510ms; Flags=0, IntendedVsync=2445402187912972, Vsync=2445403671246246, OldestInputEvent=9223372036854775807, NewestInputEvent=0, HandleInputStart=2445403687208608, AnimationStart=2445403687300066, PerformTraversalsStart=2445403687307723, DrawStart=2445403691555639, SyncQueued=2445403694131994, SyncStart=2445403694710119, IssueDrawCommandsStart=2445403694887566, SwapBuffers=2445403696695848, FrameCompleted=2445403699345744, DequeueBufferDuration=136000, QueueBufferDuration=1537000, 
11-02 14:05:58.081 W/ApiBaseUrlResolver(21595): Falha ao detectar host canônico: null
11-02 14:05:58.085 I/HttpClientProvider(21595): updateSessionCookies host=nice-hill-01a3a1010.2.azurestaticapps.net -> ${cookie.name}@${cookie.domain}${cookie.path}
11-02 14:05:58.245 W/nedecraques.ap(21595): Accessing hidden method Lsun/misc/Unsafe;->getObject(Ljava/lang/Object;J)Ljava/lang/Object; (greylist, linking, allowed)
11-02 14:05:58.245 W/nedecraques.ap(21595): Accessing hidden method Lsun/misc/Unsafe;->putObject(Ljava/lang/Object;JLjava/lang/Object;)V (greylist, linking, allowed)
11-02 14:05:58.246 W/nedecraques.ap(21595): Accessing hidden method Lsun/misc/Unsafe;->putInt(Ljava/lang/Object;JI)V (greylist, linking, allowed)
11-02 14:05:58.246 W/nedecraques.ap(21595): Accessing hidden method Lsun/misc/Unsafe;->getInt(Ljava/lang/Object;J)I (greylist, linking, allowed)
11-02 14:05:59.150 W/Looper  (21595): Slow Looper main: Long Msg: seq=33 plan=14:05:58.134  late=8ms wall=1005ms running=0ms h=android.view.Choreographer$FrameHandler c=android.view.Choreographer$FrameDisplayEventReceiver
11-02 14:05:59.150 I/OpenGLRenderer(21595): Davey! duration=1015ms; Flags=0, IntendedVsync=2445403825383251, Vsync=2445403825383251, OldestInputEvent=9223372036854775807, NewestInputEvent=0, HandleInputStart=2445403834119962, AnimationStart=2445403834129650, PerformTraversalsStart=2445404450600275, DrawStart=2445404450880066, SyncQueued=2445404837952045, SyncStart=2445404838280118, IssueDrawCommandsStart=2445404838702045, SwapBuffers=2445404839746212, FrameCompleted=2445404841191681, DequeueBufferDuration=214000, QueueBufferDuration=376000, 
11-02 14:05:59.281 I/NextApiService(21595): Fetching videos from: ${httpUrl}
11-02 14:05:59.548 I/ExoPlayerImpl(21595): Init b85159a [AndroidXMedia3/1.4.1] [olive, Redmi 8, Xiaomi, 29]
11-02 14:05:59.633 W/nedecraques.ap(21595): Accessing hidden method Landroid/media/AudioTrack;->getLatency()I (greylist, reflection, allowed)
11-02 14:05:59.992 I/chatty  (21595): uid=11404(com.vitrinedecraques.app) identical 11 lines
11-02 14:06:00.137 I/chatty  (21595): uid=11404(com.vitrinedecraques.app) identical 28 lines
11-02 14:06:00.364 I/ExoPlayerImpl(21595): Init f49d550 [AndroidXMedia3/1.4.1] [olive, Redmi 8, Xiaomi, 29]
11-02 14:06:00.504 I/chatty  (21595): uid=11404(com.vitrinedecraques.app) identical 39 lines
11-02 14:06:00.513 W/Gralloc3(21595): allocator 3.x is not supported
11-02 14:06:00.763 I/nedecraques.ap(21595): NativeAlloc concurrent copying GC freed 36761(3062KB) AllocSpace objects, 31(3548KB) LOS objects, 66% free, 6128KB/17MB, paused 109us total 116.153ms
11-02 14:06:00.813 W/Looper  (21595): Slow Looper main: Long Msg: seq=39 plan=14:05:59.154  late=153ms wall=1505ms running=0ms h=android.view.Choreographer$FrameHandler c=android.view.Choreographer$FrameDisplayEventReceiver
11-02 14:06:00.814 I/OpenGLRenderer(21595): Davey! duration=1660ms; Flags=0, IntendedVsync=2445404844607664, Vsync=2445404994607658, OldestInputEvent=9223372036854775807, NewestInputEvent=0, HandleInputStart=2445404997454649, AnimationStart=2445404997525483, PerformTraversalsStart=2445405109515743, DrawStart=2445405109824233, SyncQueued=2445406501445117, SyncStart=2445406501809336, IssueDrawCommandsStart=2445406502641784, SwapBuffers=2445406504541680, FrameCompleted=2445406505584909, DequeueBufferDuration=379000, QueueBufferDuration=381000, 
11-02 14:06:00.890 I/NextApiService(21595): Fetching profile details from: ${httpUrl}
11-02 14:06:00.902 I/ExoPlayerImpl(21595): Init 906d219 [AndroidXMedia3/1.4.1] [olive, Redmi 8, Xiaomi, 29]
11-02 14:06:01.043 I/chatty  (21595): uid=11404(com.vitrinedecraques.app) identical 41 lines
11-02 14:06:01.120 I/ExoPlayerImpl(21595): Init ca7f073 [AndroidXMedia3/1.4.1] [olive, Redmi 8, Xiaomi, 29]
11-02 14:06:01.171 I/chatty  (21595): uid=11404(com.vitrinedecraques.app) identical 6 lines
11-02 14:06:01.189 I/chatty  (21595): uid=11404(com.vitrinedecraques.app) identical 12 lines
11-02 14:06:01.194 I/chatty  (21595): uid=11404(com.vitrinedecraques.app) identical 2 lines
11-02 14:06:01.208 I/chatty  (21595): uid=11404(com.vitrinedecraques.app) identical 9 lines
11-02 14:06:01.230 I/chatty  (21595): uid=11404(com.vitrinedecraques.app) identical 3 lines
11-02 14:06:01.378 I/HttpClientProvider(21595): getSessionCookies host=nice-hill-01a3a1010.2.azurestaticapps.net -> ${cookie.name}@${cookie.domain}${cookie.path}
11-02 14:06:01.407 I/HttpClientProvider(21595): getSessionCookies host=nice-hill-01a3a1010.2.azurestaticapps.net -> ${cookie.name}@${cookie.domain}${cookie.path}
11-02 14:06:01.471 I/HttpClientProvider(21595): getSessionCookies host=nice-hill-01a3a1010.2.azurestaticapps.net -> ${cookie.name}@${cookie.domain}${cookie.path}
11-02 14:06:01.476 I/DpmTcmClient(21595): RegisterTcmMonitor from: $Proxy0
11-02 14:06:01.482 I/HttpClientProvider(21595): getSessionCookies host=nice-hill-01a3a1010.2.azurestaticapps.net -> ${cookie.name}@${cookie.domain}${cookie.path}
11-02 14:06:01.498 I/Choreographer(21595): Skipped 130 frames!  The application may be doing too much work on its main thread.
11-02 14:06:01.574 I/ExoPlayerImpl(21595): Release b85159a [AndroidXMedia3/1.4.1] [olive, Redmi 8, Xiaomi, 29] [media3.common, media3.exoplayer, media3.decoder, media3.ui, media3.datasource]
11-02 14:06:01.700 W/Looper  (21595): Slow Looper main: doFrame is 2177ms late because of 15 msg, msg 1 took 1505ms (seq=39 late=153ms h=android.view.Choreographer$FrameHandler c=android.view.Choreographer$FrameDisplayEventReceiver), msg 7 took 682ms (seq=45 late=1507ms h=android.os.Handler c=androidx.compose.ui.platform.AndroidUiDispatcher$dispatchCallback$1)
11-02 14:06:01.990 I/OpenGLRenderer(21595): Davey! duration=2669ms; Flags=1, IntendedVsync=2445405011700074, Vsync=2445407178366654, OldestInputEvent=9223372036854775807, NewestInputEvent=0, HandleInputStart=2445407190396315, AnimationStart=2445407190574596, PerformTraversalsStart=2445407272712617, DrawStart=2445407305967565, SyncQueued=2445407388549023, SyncStart=2445407389041575, IssueDrawCommandsStart=2445407390561107, SwapBuffers=2445407679394388, FrameCompleted=2445407681367357, DequeueBufferDuration=708000, QueueBufferDuration=478000, 
11-02 14:06:03.941 I/nedecraques.ap(21595): ProcessProfilingInfo new_methods=15599 is saved saved_to_disk=1 resolve_classes_delay=8000
11-02 14:06:05.255 I/ServiceManager(21595): Waiting for service 'media.player' on '/dev/binder'...
11-02 14:06:05.852 W/nedecraques.ap(21595): Accessing hidden method Lsun/misc/Unsafe;->getObject(Ljava/lang/Object;J)Ljava/lang/Object; (greylist, linking, allowed)
11-02 14:06:05.852 W/nedecraques.ap(21595): Accessing hidden method Lsun/misc/Unsafe;->putObject(Ljava/lang/Object;JLjava/lang/Object;)V (greylist, linking, allowed)
11-02 14:06:05.852 W/nedecraques.ap(21595): Accessing hidden method Lsun/misc/Unsafe;->putInt(Ljava/lang/Object;JI)V (greylist, linking, allowed)
11-02 14:06:05.852 W/nedecraques.ap(21595): Accessing hidden method Lsun/misc/Unsafe;->getInt(Ljava/lang/Object;J)I (greylist, linking, allowed)
11-02 14:06:05.903 I/NextApiService(21595): Fetching profile details from: ${httpUrl}
11-02 14:06:05.913 W/nedecraques.ap(21595): Accessing hidden method Lsun/misc/Unsafe;->getObject(Ljava/lang/Object;J)Ljava/lang/Object; (greylist, linking, allowed)
11-02 14:06:05.913 W/nedecraques.ap(21595): Accessing hidden method Lsun/misc/Unsafe;->putInt(Ljava/lang/Object;JI)V (greylist, linking, allowed)
11-02 14:06:05.913 W/nedecraques.ap(21595): Accessing hidden method Lsun/misc/Unsafe;->getInt(Ljava/lang/Object;J)I (greylist, linking, allowed)
11-02 14:06:06.255 I/ServiceManager(21595): Waiting for service 'media.player' on '/dev/binder'...
11-02 14:06:07.256 I/ServiceManager(21595): Waiting for service 'media.player' on '/dev/binder'...
11-02 14:06:08.256 I/ServiceManager(21595): Waiting for service 'media.player' on '/dev/binder'...
11-02 14:06:08.494 E/ExoPlayerImplInternal(21595): Playback error
11-02 14:06:08.494 E/ExoPlayerImplInternal(21595):   androidx.media3.exoplayer.ExoPlaybackException: Source error
11-02 14:06:08.494 E/ExoPlayerImplInternal(21595):       at androidx.media3.exoplayer.ExoPlayerImplInternal.handleIoException(ExoPlayerImplInternal.java:736)
11-02 14:06:08.494 E/ExoPlayerImplInternal(21595):       at androidx.media3.exoplayer.ExoPlayerImplInternal.handleMessage(ExoPlayerImplInternal.java:708)
11-02 14:06:08.494 E/ExoPlayerImplInternal(21595):       at android.os.Handler.dispatchMessage(Handler.java:103)
11-02 14:06:08.494 E/ExoPlayerImplInternal(21595):       at android.os.Looper.loop(Looper.java:223)
11-02 14:06:08.494 E/ExoPlayerImplInternal(21595):       at android.os.HandlerThread.run(HandlerThread.java:67)
11-02 14:06:08.494 E/ExoPlayerImplInternal(21595):   Caused by: androidx.media3.datasource.HttpDataSource$InvalidResponseCodeException: Response code: 500
11-02 14:06:08.494 E/ExoPlayerImplInternal(21595):       at androidx.media3.datasource.DefaultHttpDataSource.open(DefaultHttpDataSource.java:397)
11-02 14:06:08.494 E/ExoPlayerImplInternal(21595):       at androidx.media3.datasource.DefaultDataSource.open(DefaultDataSource.java:275)
11-02 14:06:08.494 E/ExoPlayerImplInternal(21595):       at androidx.media3.datasource.StatsDataSource.open(StatsDataSource.java:86)
11-02 14:06:08.494 E/ExoPlayerImplInternal(21595):       at androidx.media3.exoplayer.source.ProgressiveMediaPeriod$ExtractingLoadable.load(ProgressiveMediaPeriod.java:1045)
11-02 14:06:08.494 E/ExoPlayerImplInternal(21595):       at androidx.media3.exoplayer.upstream.Loader$LoadTask.run(Loader.java:421)
11-02 14:06:08.494 E/ExoPlayerImplInternal(21595):       at java.util.concurrent.ThreadPoolExecutor.runWorker(ThreadPoolExecutor.java:1167)
11-02 14:06:08.494 E/ExoPlayerImplInternal(21595):       at java.util.concurrent.ThreadPoolExecutor$Worker.run(ThreadPoolExecutor.java:641)
11-02 14:06:08.494 E/ExoPlayerImplInternal(21595):       at java.lang.Thread.run(Thread.java:919)
11-02 14:06:09.257 I/ServiceManager(21595): Waiting for service 'media.player' on '/dev/binder'...
11-02 14:06:09.349 E/ExoPlayerImplInternal(21595): Playback error
11-02 14:06:09.349 E/ExoPlayerImplInternal(21595):   androidx.media3.exoplayer.ExoPlaybackException: Source error
11-02 14:06:09.349 E/ExoPlayerImplInternal(21595):       at androidx.media3.exoplayer.ExoPlayerImplInternal.handleIoException(ExoPlayerImplInternal.java:736)
11-02 14:06:09.349 E/ExoPlayerImplInternal(21595):       at androidx.media3.exoplayer.ExoPlayerImplInternal.handleMessage(ExoPlayerImplInternal.java:708)
11-02 14:06:09.349 E/ExoPlayerImplInternal(21595):       at android.os.Handler.dispatchMessage(Handler.java:103)
11-02 14:06:09.349 E/ExoPlayerImplInternal(21595):       at android.os.Looper.loop(Looper.java:223)
11-02 14:06:09.349 E/ExoPlayerImplInternal(21595):       at android.os.HandlerThread.run(HandlerThread.java:67)
11-02 14:06:09.349 E/ExoPlayerImplInternal(21595):   Caused by: androidx.media3.datasource.HttpDataSource$InvalidResponseCodeException: Response code: 500
11-02 14:06:09.349 E/ExoPlayerImplInternal(21595):       at androidx.media3.datasource.DefaultHttpDataSource.open(DefaultHttpDataSource.java:397)
11-02 14:06:09.349 E/ExoPlayerImplInternal(21595):       at androidx.media3.datasource.DefaultDataSource.open(DefaultDataSource.java:275)
11-02 14:06:09.349 E/ExoPlayerImplInternal(21595):       at androidx.media3.datasource.StatsDataSource.open(StatsDataSource.java:86)
11-02 14:06:09.349 E/ExoPlayerImplInternal(21595):       at androidx.media3.exoplayer.source.ProgressiveMediaPeriod$ExtractingLoadable.load(ProgressiveMediaPeriod.java:1045)
11-02 14:06:09.349 E/ExoPlayerImplInternal(21595):       at androidx.media3.exoplayer.upstream.Loader$LoadTask.run(Loader.java:421)
11-02 14:06:09.349 E/ExoPlayerImplInternal(21595):       at java.util.concurrent.ThreadPoolExecutor.runWorker(ThreadPoolExecutor.java:1167)
11-02 14:06:09.349 E/ExoPlayerImplInternal(21595):       at java.util.concurrent.ThreadPoolExecutor$Worker.run(ThreadPoolExecutor.java:641)
11-02 14:06:09.349 E/ExoPlayerImplInternal(21595):       at java.lang.Thread.run(Thread.java:919)
11-02 14:06:10.258 W/ServiceManager(21595): Service media.player didn't start. Returning NULL
11-02 14:06:10.409 I/OMXClient(21595): IOmx service obtained
11-02 14:06:10.500 I/OMXClient(21595): IOmx service obtained
11-02 14:06:10.525 I/OMXClient(21595): IOmx service obtained
11-02 14:06:10.530 I/OMXClient(21595): IOmx service obtained
11-02 14:06:10.541 I/OMXClient(21595): IOmx service obtained
11-02 14:06:10.547 I/OMXClient(21595): IOmx service obtained
11-02 14:06:10.554 I/OMXClient(21595): IOmx service obtained
11-02 14:06:10.557 I/OMXClient(21595): IOmx service obtained
11-02 14:06:10.563 I/OMXClient(21595): IOmx service obtained
11-02 14:06:10.609 I/OMXClient(21595): IOmx service obtained
11-02 14:06:10.624 I/OMXClient(21595): IOmx service obtained
11-02 14:06:10.629 I/OMXClient(21595): IOmx service obtained
11-02 14:06:10.639 I/OMXClient(21595): IOmx service obtained
11-02 14:06:10.648 I/OMXClient(21595): IOmx service obtained
11-02 14:06:10.654 I/OMXClient(21595): IOmx service obtained
11-02 14:06:10.661 I/OMXClient(21595): IOmx service obtained
11-02 14:06:10.667 I/OMXClient(21595): IOmx service obtained
11-02 14:06:10.839 W/OmxInfoBuilder(21595): Fail to add media type video/avc to codec OMX.qcom.video.decoder.avc
11-02 14:06:10.844 I/ServiceManagement(21595): getService: Trying again for android.hardware.media.omx@1.0::IOmx/default...
11-02 14:06:11.039 I/OMXClient(21595): IOmx service obtained
11-02 14:06:11.042 W/ExoPlayer:Playb(21595): type=1400 audit(0.0:388669): avc: denied { read } for name="u:object_r:vendor_audio_prop:s0" dev="tmpfs" ino=17563 scontext=u:r:untrusted_app:s0:c124,c261,c512,c768 tcontext=u:object_r:vendor_audio_prop:s0 tclass=file permissive=0
11-02 14:06:11.054 E/libc    (21595): Access denied finding property "vendor.audio.record.aggregate.buffer.duration"
11-02 14:06:11.054 E/libc    (21595): Access denied finding property "persist.vendor.audio.debug.sf.noaudio"
11-02 14:06:11.042 W/ExoPlayer:Playb(21595): type=1400 audit(0.0:388670): avc: denied { read } for name="u:object_r:vendor_audio_prop:s0" dev="tmpfs" ino=17563 scontext=u:r:untrusted_app:s0:c124,c261,c512,c768 tcontext=u:object_r:vendor_audio_prop:s0 tclass=file permissive=0
11-02 14:06:11.042 I/chatty  (21595): uid=99457(u0_i9457) com.vitrinedecraques.app identical 2 lines
11-02 14:06:11.042 W/ExoPlayer:Playb(21595): type=1400 audit(0.0:388673): avc: denied { read } for name="u:object_r:vendor_audio_prop:s0" dev="tmpfs" ino=17563 scontext=u:r:untrusted_app:s0:c124,c261,c512,c768 tcontext=u:object_r:vendor_audio_prop:s0 tclass=file permissive=0
11-02 14:06:11.054 E/libc    (21595): Access denied finding property "vendor.audio.use.sw.alac.decoder"
11-02 14:06:11.055 E/libc    (21595): Access denied finding property "vendor.audio.use.sw.ape.decoder"
11-02 14:06:11.055 E/libc    (21595): Access denied finding property "vendor.audio.use.sw.mpegh.decoder"
11-02 14:06:11.055 E/libc    (21595): Access denied finding property "vendor.audio.flac.sw.decoder.24bit"
11-02 14:06:11.055 E/libc    (21595): Access denied finding property "vendor.audio.hw.aac.encoder"
11-02 14:06:11.057 I/OMXClient(21595): IOmx service obtained
11-02 14:06:11.075 I/OMXClient(21595): IOmx service obtained
11-02 14:06:11.089 I/OMXClient(21595): IOmx service obtained
11-02 14:06:11.104 I/OMXClient(21595): IOmx service obtained
11-02 14:06:11.111 I/OMXClient(21595): IOmx service obtained
11-02 14:06:11.240 I/OMXClient(21595): IOmx service obtained
11-02 14:06:11.250 I/OMXClient(21595): IOmx service obtained
11-02 14:06:11.262 I/OMXClient(21595): IOmx service obtained
11-02 14:06:11.267 I/OMXClient(21595): IOmx service obtained
11-02 14:06:11.291 I/OMXClient(21595): IOmx service obtained
11-02 14:06:11.298 I/OMXClient(21595): IOmx service obtained
11-02 14:06:11.305 I/OMXClient(21595): IOmx service obtained
11-02 14:06:11.333 W/OMXUtils(21595): do not know color format 0x7fa30c04 = 2141391876
11-02 14:06:11.334 W/OMXUtils(21595): do not know color format 0x7f000789 = 2130708361
11-02 14:06:11.340 I/OMXClient(21595): IOmx service obtained
11-02 14:06:11.344 W/OMXUtils(21595): do not know color format 0x7f000789 = 2130708361
11-02 14:06:11.347 I/OMXClient(21595): IOmx service obtained
11-02 14:06:11.359 W/OMXUtils(21595): do not know color format 0x7fa30c04 = 2141391876
11-02 14:06:11.359 W/OMXUtils(21595): do not know color format 0x7f000789 = 2130708361
11-02 14:06:11.363 I/OMXClient(21595): IOmx service obtained
11-02 14:06:11.367 W/OMXUtils(21595): do not know color format 0x7f000789 = 2130708361
11-02 14:06:11.370 I/OMXClient(21595): IOmx service obtained
11-02 14:06:11.376 W/OMXUtils(21595): do not know color format 0x7fa30c04 = 2141391876
11-02 14:06:11.376 W/OMXUtils(21595): do not know color format 0x7f000789 = 2130708361
11-02 14:06:11.381 I/OMXClient(21595): IOmx service obtained
11-02 14:06:11.384 W/OMXUtils(21595): do not know color format 0x7f000789 = 2130708361
11-02 14:06:11.387 I/OMXClient(21595): IOmx service obtained
11-02 14:06:11.391 W/OMXUtils(21595): do not know color format 0x7f000789 = 2130708361
11-02 14:06:11.396 I/Codec2Client(21595): Available Codec2 services: "software"
11-02 14:06:11.396 I/Codec2Client(21595): Creating a Codec2 client to service "software"
11-02 14:06:11.417 I/Codec2Client(21595): Client to Codec2 service "software" created
11-02 14:06:11.450 I/MediaCodecsXmlParser(21595): limit: max-channel-count = 2
11-02 14:06:11.451 I/MediaCodecsXmlParser(21595): limit: sample-rate-ranges = 8000,11025,12000,16000,22050,24000,32000,44100,48000
11-02 14:06:11.451 I/MediaCodecsXmlParser(21595): limit: bitrate-range = 8000-320000
11-02 14:06:11.451 I/MediaCodecsXmlParser(21595): limit: max-channel-count = 1
11-02 14:06:11.451 I/MediaCodecsXmlParser(21595): limit: sample-rate-ranges = 8000
11-02 14:06:11.451 I/MediaCodecsXmlParser(21595): limit: bitrate-range = 4750-12200
11-02 14:06:11.451 I/MediaCodecsXmlParser(21595): limit: max-channel-count = 1
11-02 14:06:11.451 I/MediaCodecsXmlParser(21595): limit: sample-rate-ranges = 16000
11-02 14:06:11.451 I/MediaCodecsXmlParser(21595): limit: bitrate-range = 6600-23850
11-02 14:06:11.451 I/MediaCodecsXmlParser(21595): limit: max-channel-count = 8
11-02 14:06:11.451 I/MediaCodecsXmlParser(21595): limit: sample-rate-ranges = 7350,8000,11025,12000,16000,22050,24000,32000,44100,48000
11-02 14:06:11.451 I/MediaCodecsXmlParser(21595): limit: bitrate-range = 8000-960000
11-02 14:06:11.451 I/MediaCodecsXmlParser(21595): limit: max-channel-count = 1
11-02 14:06:11.451 I/MediaCodecsXmlParser(21595): limit: sample-rate-ranges = 8000-48000
11-02 14:06:11.451 I/MediaCodecsXmlParser(21595): limit: bitrate-range = 64000
11-02 14:06:11.451 I/MediaCodecsXmlParser(21595): limit: max-channel-count = 1
11-02 14:06:11.451 I/MediaCodecsXmlParser(21595): limit: sample-rate-ranges = 8000-48000
11-02 14:06:11.451 I/MediaCodecsXmlParser(21595): limit: bitrate-range = 64000
11-02 14:06:11.451 I/MediaCodecsXmlParser(21595): limit: max-channel-count = 8
11-02 14:06:11.451 I/MediaCodecsXmlParser(21595): limit: sample-rate-ranges = 8000-96000
11-02 14:06:11.451 I/MediaCodecsXmlParser(21595): limit: bitrate-range = 32000-500000
11-02 14:06:11.451 I/MediaCodecsXmlParser(21595): limit: max-channel-count = 8
11-02 14:06:11.451 I/MediaCodecsXmlParser(21595): limit: sample-rate-ranges = 48000
11-02 14:06:11.451 I/MediaCodecsXmlParser(21595): limit: bitrate-range = 6000-510000
11-02 14:06:11.451 I/MediaCodecsXmlParser(21595): limit: max-channel-count = 8
11-02 14:06:11.451 I/MediaCodecsXmlParser(21595): limit: sample-rate-ranges = 8000-96000
11-02 14:06:11.451 I/MediaCodecsXmlParser(21595): limit: bitrate-range = 1-10000000
11-02 14:06:11.451 I/MediaCodecsXmlParser(21595): limit: max-channel-count = 8
11-02 14:06:11.452 I/MediaCodecsXmlParser(21595): limit: sample-rate-ranges = 1-655350
11-02 14:06:11.452 I/MediaCodecsXmlParser(21595): limit: bitrate-range = 1-21000000
11-02 14:06:11.452 I/MediaCodecsXmlParser(21595): limit: max-channel-count = 1
11-02 14:06:11.452 I/MediaCodecsXmlParser(21595): limit: sample-rate-ranges = 8000
11-02 14:06:11.452 I/MediaCodecsXmlParser(21595): limit: bitrate-range = 13000
11-02 14:06:11.452 I/MediaCodecsXmlParser(21595): limit: size-range = 2x2-352x288
11-02 14:06:11.452 I/MediaCodecsXmlParser(21595): limit: alignment = 2x2
11-02 14:06:11.452 I/MediaCodecsXmlParser(21595): limit: block-size = 16x16
11-02 14:06:11.452 I/MediaCodecsXmlParser(21595): limit: blocks-per-second-range = 12-11880
11-02 14:06:11.452 I/MediaCodecsXmlParser(21595): limit: bitrate-range = 1-384000
11-02 14:06:11.452 I/MediaCodecsXmlParser(21595): limit: feature-adaptive-playback = 0
11-02 14:06:11.452 I/MediaCodecsXmlParser(21595): limit: size-range = 2x2-352x288
11-02 14:06:11.452 I/MediaCodecsXmlParser(21595): limit: alignment = 2x2
11-02 14:06:11.452 I/MediaCodecsXmlParser(21595): limit: bitrate-range = 1-384000
11-02 14:06:11.452 I/MediaCodecsXmlParser(21595): limit: feature-adaptive-playback = 0
11-02 14:06:11.452 I/MediaCodecsXmlParser(21595): limit: alignment = 2x2
11-02 14:06:11.452 I/MediaCodecsXmlParser(21595): limit: block-size = 16x16
11-02 14:06:11.452 I/MediaCodecsXmlParser(21595): limit: size-range = 2x2-4080x4080
11-02 14:06:11.452 I/MediaCodecsXmlParser(21595): limit: block-count-range = 1-32768
11-02 14:06:11.452 I/MediaCodecsXmlParser(21595): limit: blocks-per-second-range = 1-1966080
11-02 14:06:11.452 I/MediaCodecsXmlParser(21595): limit: bitrate-range = 1-48000000
11-02 14:06:11.452 I/MediaCodecsXmlParser(21595): limit: size-range = 2x2-2048x2048
11-02 14:06:11.452 I/MediaCodecsXmlParser(21595): limit: block-count-range = 1-16384
11-02 14:06:11.453 I/MediaCodecsXmlParser(21595): limit: blocks-per-second-range = 1-491520
11-02 14:06:11.453 I/MediaCodecsXmlParser(21595): limit: bitrate-range = 1-40000000
11-02 14:06:11.453 I/MediaCodecsXmlParser(21595): limit: feature-adaptive-playback = 0
11-02 14:06:11.453 I/MediaCodecsXmlParser(21595): limit: alignment = 2x2
11-02 14:06:11.453 I/MediaCodecsXmlParser(21595): limit: block-size = 8x8
11-02 14:06:11.453 I/MediaCodecsXmlParser(21595): limit: size-range = 2x2-4096x4096
11-02 14:06:11.453 I/MediaCodecsXmlParser(21595): limit: block-count-range = 1-196608
11-02 14:06:11.453 I/MediaCodecsXmlParser(21595): limit: blocks-per-second-range = 1-2000000
11-02 14:06:11.453 I/MediaCodecsXmlParser(21595): limit: bitrate-range = 1-10000000
11-02 14:06:11.453 I/MediaCodecsXmlParser(21595): limit: size-range = 2x2-2048x2048
11-02 14:06:11.453 I/MediaCodecsXmlParser(21595): limit: block-count-range = 1-65536
11-02 14:06:11.453 I/MediaCodecsXmlParser(21595): limit: blocks-per-second-range = 1-491520
11-02 14:06:11.453 I/MediaCodecsXmlParser(21595): limit: bitrate-range = 1-5000000
11-02 14:06:11.453 I/MediaCodecsXmlParser(21595): limit: feature-adaptive-playback = 0
11-02 14:06:11.453 I/MediaCodecsXmlParser(21595): limit: size-range = 2x2-2048x2048
11-02 14:06:11.453 I/MediaCodecsXmlParser(21595): limit: alignment = 2x2
11-02 14:06:11.453 I/MediaCodecsXmlParser(21595): limit: block-size = 16x16
11-02 14:06:11.453 I/MediaCodecsXmlParser(21595): limit: block-count-range = 1-16384
11-02 14:06:11.453 I/MediaCodecsXmlParser(21595): limit: blocks-per-second-range = 1-1000000
11-02 14:06:11.453 I/MediaCodecsXmlParser(21595): limit: bitrate-range = 1-40000000
11-02 14:06:11.453 I/MediaCodecsXmlParser(21595): limit: block-count-range = 1-8192
11-02 14:06:11.453 I/MediaCodecsXmlParser(21595): limit: blocks-per-second-range = 1-1000000
11-02 14:06:11.453 I/MediaCodecsXmlParser(21595): limit: bitrate-range = 1-40000000
11-02 14:06:11.453 I/MediaCodecsXmlParser(21595): limit: feature-adaptive-playback = 0
11-02 14:06:11.454 I/chatty  (21595): uid=11404(com.vitrinedecraques.app) ExoPlayer:Playb identical 1 line
11-02 14:06:11.454 E/libc    (21595): Access denied finding property "vendor.sys.media.target.version"
11-02 14:06:11.454 I/MediaCodecsXmlParser(21595): getVendorXmlPath (/vendor/etc/media_codecs_vendor.xml)
11-02 14:06:11.455 I/MediaCodecsXmlParser(21595): limit: max-channel-count = 2
11-02 14:06:11.455 I/MediaCodecsXmlParser(21595): limit: sample-rate-ranges = 8000,11025,12000,16000,22050,24000,32000,44100,48000
11-02 14:06:11.455 I/MediaCodecsXmlParser(21595): limit: bitrate-range = 8000-320000
11-02 14:06:11.455 I/MediaCodecsXmlParser(21595): limit: max-channel-count = 1
11-02 14:06:11.455 I/MediaCodecsXmlParser(21595): limit: sample-rate-ranges = 8000
11-02 14:06:11.455 I/MediaCodecsXmlParser(21595): limit: bitrate-range = 4750-12200
11-02 14:06:11.455 I/MediaCodecsXmlParser(21595): limit: max-channel-count = 1
11-02 14:06:11.455 I/MediaCodecsXmlParser(21595): limit: sample-rate-ranges = 16000
11-02 14:06:11.455 I/MediaCodecsXmlParser(21595): limit: bitrate-range = 6600-23850
11-02 14:06:11.455 I/MediaCodecsXmlParser(21595): limit: max-channel-count = 8
11-02 14:06:11.455 I/MediaCodecsXmlParser(21595): limit: sample-rate-ranges = 7350,8000,11025,12000,16000,22050,24000,32000,44100,48000
11-02 14:06:11.455 I/MediaCodecsXmlParser(21595): limit: bitrate-range = 8000-960000
11-02 14:06:11.455 I/MediaCodecsXmlParser(21595): limit: max-channel-count = 1
11-02 14:06:11.455 I/MediaCodecsXmlParser(21595): limit: sample-rate-ranges = 8000-48000
11-02 14:06:11.455 I/MediaCodecsXmlParser(21595): limit: bitrate-range = 64000
11-02 14:06:11.455 I/MediaCodecsXmlParser(21595): limit: max-channel-count = 1
11-02 14:06:11.455 I/MediaCodecsXmlParser(21595): limit: sample-rate-ranges = 8000-48000
11-02 14:06:11.455 I/MediaCodecsXmlParser(21595): limit: bitrate-range = 64000
11-02 14:06:11.455 I/MediaCodecsXmlParser(21595): limit: max-channel-count = 8
11-02 14:06:11.455 I/MediaCodecsXmlParser(21595): limit: sample-rate-ranges = 8000-96000
11-02 14:06:11.455 I/MediaCodecsXmlParser(21595): limit: bitrate-range = 32000-500000
11-02 14:06:11.455 I/MediaCodecsXmlParser(21595): limit: max-channel-count = 8
11-02 14:06:11.455 I/MediaCodecsXmlParser(21595): limit: sample-rate-ranges = 48000
11-02 14:06:11.455 I/MediaCodecsXmlParser(21595): limit: bitrate-range = 6000-510000
11-02 14:06:11.455 I/MediaCodecsXmlParser(21595): limit: max-channel-count = 8
11-02 14:06:11.455 I/MediaCodecsXmlParser(21595): limit: sample-rate-ranges = 8000-192000
11-02 14:06:11.455 I/MediaCodecsXmlParser(21595): limit: bitrate-range = 1-10000000
11-02 14:06:11.455 I/MediaCodecsXmlParser(21595): limit: max-channel-count = 8
11-02 14:06:11.455 I/MediaCodecsXmlParser(21595): limit: sample-rate-ranges = 1-655350
11-02 14:06:11.456 I/MediaCodecsXmlParser(21595): limit: bitrate-range = 1-21000000
11-02 14:06:11.456 I/MediaCodecsXmlParser(21595): limit: max-channel-count = 6
11-02 14:06:11.456 I/MediaCodecsXmlParser(21595): limit: sample-rate-ranges = 8000,11025,12000,16000,22050,24000,32000,44100,48000
11-02 14:06:11.456 I/MediaCodecsXmlParser(21595): limit: bitrate-range = 8000-960000
11-02 14:06:11.456 I/MediaCodecsXmlParser(21595): limit: max-channel-count = 1
11-02 14:06:11.456 I/MediaCodecsXmlParser(21595): limit: sample-rate-ranges = 8000
11-02 14:06:11.456 I/MediaCodecsXmlParser(21595): limit: bitrate-range = 4750-12200
11-02 14:06:11.456 I/MediaCodecsXmlParser(21595): limit: feature-bitrate-modes = CBR
11-02 14:06:11.456 I/MediaCodecsXmlParser(21595): limit: max-channel-count = 1
11-02 14:06:11.456 I/MediaCodecsXmlParser(21595): limit: sample-rate-ranges = 16000
11-02 14:06:11.456 I/MediaCodecsXmlParser(21595): limit: bitrate-range = 6600-23850
11-02 14:06:11.456 I/MediaCodecsXmlParser(21595): limit: feature-bitrate-modes = CBR
11-02 14:06:11.456 I/MediaCodecsXmlParser(21595): limit: max-channel-count = 2
11-02 14:06:11.456 I/MediaCodecsXmlParser(21595): limit: sample-rate-ranges = 1-655350
11-02 14:06:11.456 I/MediaCodecsXmlParser(21595): limit: bitrate-range = 1-21000000
11-02 14:06:11.456 I/MediaCodecsXmlParser(21595): limit: complexity-default = 5
11-02 14:06:11.456 I/MediaCodecsXmlParser(21595): limit: complexity-range = 0-8
11-02 14:06:11.456 I/MediaCodecsXmlParser(21595): limit: feature-bitrate-modes = CQ
11-02 14:06:11.456 I/MediaCodecsXmlParser(21595): limit: max-concurrent-instances = 10
11-02 14:06:11.456 I/MediaCodecsXmlParser(21595): limit: max-channel-count = 1
11-02 14:06:11.457 I/MediaCodecsXmlParser(21595): limit: sample-rate-ranges = 8000
11-02 14:06:11.457 I/MediaCodecsXmlParser(21595): limit: bitrate-range = 13000
11-02 14:06:11.457 I/MediaCodecsXmlParser(21595): limit: size-range = 96x96-1920x1088
11-02 14:06:11.457 I/MediaCodecsXmlParser(21595): limit: alignment = 2x2
11-02 14:06:11.457 I/MediaCodecsXmlParser(21595): limit: block-size = 16x16
11-02 14:06:11.457 I/MediaCodecsXmlParser(21595): limit: blocks-per-second-range = 1-244800
11-02 14:06:11.457 I/MediaCodecsXmlParser(21595): limit: bitrate-range = 1-20000000
11-02 14:06:11.457 I/MediaCodecsXmlParser(21595): limit: max-concurrent-instances = 8
11-02 14:06:11.457 I/MediaCodecsXmlParser(21595): limit: feature-can-swap-width-height = 0
11-02 14:06:11.457 I/MediaCodecsXmlParser(21595): limit: performance-point-1920x1088-range = 30-30
11-02 14:06:11.457 I/MediaCodecsXmlParser(21595): limit: size-range = 32x32-864x480
11-02 14:06:11.457 I/MediaCodecsXmlParser(21595): limit: alignment = 2x2
11-02 14:06:11.457 I/MediaCodecsXmlParser(21595): limit: block-size = 16x16
11-02 14:06:11.457 I/MediaCodecsXmlParser(21595): limit: blocks-per-second-range = 1-48600
11-02 14:06:11.457 I/MediaCodecsXmlParser(21595): limit: bitrate-range = 1-2000000
11-02 14:06:11.457 I/MediaCodecsXmlParser(21595): limit: max-concurrent-instances = 16
11-02 14:06:11.457 I/MediaCodecsXmlParser(21595): limit: performance-point-720x480-range = 30-30
11-02 14:06:11.457 I/MediaCodecsXmlParser(21595): limit: performance-point-720x576-range = 25-25
11-02 14:06:11.457 I/MediaCodecsXmlParser(21595): limit: size-range = 32x32-864x480
11-02 14:06:11.457 I/MediaCodecsXmlParser(21595): limit: alignment = 4x4
11-02 14:06:11.457 I/MediaCodecsXmlParser(21595): limit: block-size = 16x16
11-02 14:06:11.457 I/MediaCodecsXmlParser(21595): limit: blocks-per-second-range = 1-48600
11-02 14:06:11.457 I/MediaCodecsXmlParser(21595): limit: bitrate-range = 1-2000000
11-02 14:06:11.457 I/MediaCodecsXmlParser(21595): limit: max-concurrent-instances = 16
11-02 14:06:11.457 I/MediaCodecsXmlParser(21595): limit: performance-point-720x480-range = 30-30
11-02 14:06:11.457 I/MediaCodecsXmlParser(21595): limit: performance-point-720x576-range = 25-25
11-02 14:06:11.457 I/MediaCodecsXmlParser(21595): limit: size-range = 64x64-1920x1088
11-02 14:06:11.457 I/MediaCodecsXmlParser(21595): limit: alignment = 2x2
11-02 14:06:11.457 I/MediaCodecsXmlParser(21595): limit: block-size = 16x16
11-02 14:06:11.457 I/MediaCodecsXmlParser(21595): limit: blocks-per-second-range = 1-244800
11-02 14:06:11.457 I/MediaCodecsXmlParser(21595): limit: bitrate-range = 1-20000000
11-02 14:06:11.457 I/MediaCodecsXmlParser(21595): limit: feature-adaptive-playback = 0
11-02 14:06:11.458 I/MediaCodecsXmlParser(21595): limit: max-concurrent-instances = 8
11-02 14:06:11.458 I/MediaCodecsXmlParser(21595): limit: feature-can-swap-width-height = 0
11-02 14:06:11.458 I/MediaCodecsXmlParser(21595): limit: performance-point-1920x1088-range = 30-30
11-02 14:06:11.458 I/MediaCodecsXmlParser(21595): limit: size-range = 64x64-1920x1088
11-02 14:06:11.458 I/MediaCodecsXmlParser(21595): limit: alignment = 2x2
11-02 14:06:11.458 I/MediaCodecsXmlParser(21595): limit: block-size = 16x16
11-02 14:06:11.458 I/MediaCodecsXmlParser(21595): limit: blocks-per-second-range = 1-244800
11-02 14:06:11.458 I/MediaCodecsXmlParser(21595): limit: bitrate-range = 1-20000000
11-02 14:06:11.458 I/MediaCodecsXmlParser(21595): limit: feature-adaptive-playback = 0
11-02 14:06:11.458 I/MediaCodecsXmlParser(21595): limit: max-concurrent-instances = 8
11-02 14:06:11.458 I/MediaCodecsXmlParser(21595): limit: performance-point-1920x1088-range = 30-30
11-02 14:06:11.458 I/MediaCodecsXmlParser(21595): limit: size-range = 64x64-1920x1088
11-02 14:06:11.458 I/MediaCodecsXmlParser(21595): limit: alignment = 2x2
11-02 14:06:11.458 I/MediaCodecsXmlParser(21595): limit: block-size = 16x16
11-02 14:06:11.458 I/MediaCodecsXmlParser(21595): limit: blocks-per-second-range = 1-244800
11-02 14:06:11.458 I/MediaCodecsXmlParser(21595): limit: bitrate-range = 1-20000000
11-02 14:06:11.458 I/MediaCodecsXmlParser(21595): limit: feature-adaptive-playback = 0
11-02 14:06:11.458 I/MediaCodecsXmlParser(21595): limit: max-concurrent-instances = 8
11-02 14:06:11.458 I/MediaCodecsXmlParser(21595): limit: performance-point-1920x1088-range = 30-30
11-02 14:06:11.458 I/MediaCodecsXmlParser(21595): limit: size-range = 16x16-1920x1088
11-02 14:06:11.458 I/MediaCodecsXmlParser(21595): limit: alignment = 2x2
11-02 14:06:11.458 I/MediaCodecsXmlParser(21595): limit: block-size = 16x16
11-02 14:06:11.458 I/MediaCodecsXmlParser(21595): limit: blocks-per-second-range = 1-244800
11-02 14:06:11.458 I/MediaCodecsXmlParser(21595): limit: bitrate-range = 1-6000000
11-02 14:06:11.458 I/MediaCodecsXmlParser(21595): limit: max-concurrent-instances = 16
11-02 14:06:11.458 I/MediaCodecsXmlParser(21595): limit: performance-point-1920x1088-range = 30-30
11-02 14:06:11.458 I/MediaCodecsXmlParser(21595): limit: size-range = 16x16-1920x1088
11-02 14:06:11.458 I/MediaCodecsXmlParser(21595): limit: alignment = 2x2
11-02 14:06:11.458 I/MediaCodecsXmlParser(21595): limit: block-size = 16x16
11-02 14:06:11.458 I/MediaCodecsXmlParser(21595): limit: blocks-per-second-range = 1-244800
11-02 14:06:11.458 I/MediaCodecsXmlParser(21595): limit: bitrate-range = 1-6000000
11-02 14:06:11.458 I/MediaCodecsXmlParser(21595): limit: max-concurrent-instances = 16
11-02 14:06:11.458 I/MediaCodecsXmlParser(21595): limit: performance-point-1920x1088-range = 30-30
11-02 14:06:11.459 I/MediaCodecsXmlParser(21595): limit: size-range = 16x16-1920x1088
11-02 14:06:11.459 I/MediaCodecsXmlParser(21595): limit: alignment = 2x2
11-02 14:06:11.459 I/MediaCodecsXmlParser(21595): limit: block-size = 16x16
11-02 14:06:11.459 I/MediaCodecsXmlParser(21595): limit: blocks-per-second-range = 1-244800
11-02 14:06:11.459 I/MediaCodecsXmlParser(21595): limit: bitrate-range = 1-6000000
11-02 14:06:11.459 I/MediaCodecsXmlParser(21595): limit: max-concurrent-instances = 16
11-02 14:06:11.459 I/MediaCodecsXmlParser(21595): limit: performance-point-1920x1088-range = 30-30
11-02 14:06:11.459 I/MediaCodecsXmlParser(21595): limit: size-range = 16x16-1920x1088
11-02 14:06:11.459 I/MediaCodecsXmlParser(21595): limit: alignment = 2x2
11-02 14:06:11.459 I/MediaCodecsXmlParser(21595): limit: block-size = 16x16
11-02 14:06:11.459 I/MediaCodecsXmlParser(21595): limit: blocks-per-second-range = 1-244800
11-02 14:06:11.459 I/MediaCodecsXmlParser(21595): limit: bitrate-range = 1-6000000
11-02 14:06:11.459 I/MediaCodecsXmlParser(21595): limit: max-concurrent-instances = 16
11-02 14:06:11.459 I/MediaCodecsXmlParser(21595): limit: performance-point-1920x1088-range = 30-30
11-02 14:06:11.459 I/MediaCodecsXmlParser(21595): limit: size-range = 16x16-864x480
11-02 14:06:11.459 I/MediaCodecsXmlParser(21595): limit: alignment = 4x4
11-02 14:06:11.459 I/MediaCodecsXmlParser(21595): limit: block-size = 16x16
11-02 14:06:11.459 I/MediaCodecsXmlParser(21595): limit: blocks-per-second-range = 1-48600
11-02 14:06:11.459 I/MediaCodecsXmlParser(21595): limit: bitrate-range = 1-2000000
11-02 14:06:11.459 I/MediaCodecsXmlParser(21595): limit: max-concurrent-instances = 16
11-02 14:06:11.459 I/MediaCodecsXmlParser(21595): limit: performance-point-720x480-range = 30-30
11-02 14:06:11.459 I/MediaCodecsXmlParser(21595): limit: performance-point-720x576-range = 25-25
11-02 14:06:11.459 I/MediaCodecsXmlParser(21595): limit: size-range = 2x2-2048x2048
11-02 14:06:11.459 I/MediaCodecsXmlParser(21595): limit: alignment = 2x2
11-02 14:06:11.459 I/MediaCodecsXmlParser(21595): limit: block-size = 8x8
11-02 14:06:11.459 I/MediaCodecsXmlParser(21595): limit: block-count-range = 1-65536
11-02 14:06:11.459 I/MediaCodecsXmlParser(21595): limit: blocks-per-second-range = 1-491520
11-02 14:06:11.459 I/MediaCodecsXmlParser(21595): limit: bitrate-range = 1-5000000
11-02 14:06:11.459 I/MediaCodecsXmlParser(21595): limit: size-range = 2x2-2048x2048
11-02 14:06:11.460 I/MediaCodecsXmlParser(21595): limit: alignment = 2x2
11-02 14:06:11.460 I/MediaCodecsXmlParser(21595): limit: block-size = 16x16
11-02 14:06:11.460 I/MediaCodecsXmlParser(21595): limit: block-count-range = 1-16384
11-02 14:06:11.460 I/MediaCodecsXmlParser(21595): limit: blocks-per-second-range = 1-491520
11-02 14:06:11.460 I/MediaCodecsXmlParser(21595): limit: bitrate-range = 1-40000000
11-02 14:06:11.460 I/MediaCodecsXmlParser(21595): limit: feature-adaptive-playback = 0
11-02 14:06:11.460 I/MediaCodecsXmlParser(21595): limit: size-range = 2x2-352x288
11-02 14:06:11.460 I/MediaCodecsXmlParser(21595): limit: alignment = 2x2
11-02 14:06:11.460 I/MediaCodecsXmlParser(21595): limit: block-size = 16x16
11-02 14:06:11.460 I/MediaCodecsXmlParser(21595): limit: blocks-per-second-range = 12-11880
11-02 14:06:11.460 I/MediaCodecsXmlParser(21595): limit: bitrate-range = 1-384000
11-02 14:06:11.460 I/MediaCodecsXmlParser(21595): limit: feature-adaptive-playback = 0
11-02 14:06:11.460 I/MediaCodecsXmlParser(21595): limit: size-range = 2x2-352x288
11-02 14:06:11.460 I/MediaCodecsXmlParser(21595): limit: alignment = 2x2
11-02 14:06:11.460 I/MediaCodecsXmlParser(21595): limit: bitrate-range = 1-384000
11-02 14:06:11.460 I/MediaCodecsXmlParser(21595): limit: feature-adaptive-playback = 0
11-02 14:06:11.460 I/MediaCodecsXmlParser(21595): limit: size-range = 2x2-2048x2048
11-02 14:06:11.460 I/MediaCodecsXmlParser(21595): limit: alignment = 2x2
11-02 14:06:11.460 I/MediaCodecsXmlParser(21595): limit: block-size = 16x16
11-02 14:06:11.460 I/MediaCodecsXmlParser(21595): limit: block-count-range = 1-16384
11-02 14:06:11.460 I/MediaCodecsXmlParser(21595): limit: blocks-per-second-range = 1-108000
11-02 14:06:11.460 I/MediaCodecsXmlParser(21595): limit: bitrate-range = 1-40000000
11-02 14:06:11.460 I/MediaCodecsXmlParser(21595): limit: feature-adaptive-playback = 0
11-02 14:06:11.460 I/MediaCodecsXmlParser(21595): limit: size-range = 2x2-2048x2048
11-02 14:06:11.460 I/MediaCodecsXmlParser(21595): limit: alignment = 2x2
11-02 14:06:11.460 I/MediaCodecsXmlParser(21595): limit: block-size = 8x8
11-02 14:06:11.460 I/MediaCodecsXmlParser(21595): limit: block-count-range = 1-65536
11-02 14:06:11.460 I/MediaCodecsXmlParser(21595): limit: blocks-per-second-range = 1-491520
11-02 14:06:11.460 I/MediaCodecsXmlParser(21595): limit: bitrate-range = 1-5000000
11-02 14:06:11.460 I/MediaCodecsXmlParser(21595): limit: feature-adaptive-playback = 0
11-02 14:06:11.460 I/MediaCodecsXmlParser(21595): limit: size-range = 2x2-2048x2048
11-02 14:06:11.460 I/MediaCodecsXmlParser(21595): limit: alignment = 2x2
11-02 14:06:11.461 I/MediaCodecsXmlParser(21595): limit: block-size = 16x16
11-02 14:06:11.461 I/MediaCodecsXmlParser(21595): limit: block-count-range = 1-8192
11-02 14:06:11.461 I/MediaCodecsXmlParser(21595): limit: blocks-per-second-range = 1-500000
11-02 14:06:11.461 I/MediaCodecsXmlParser(21595): limit: bitrate-range = 1-40000000
11-02 14:06:11.461 I/MediaCodecsXmlParser(21595): limit: feature-adaptive-playback = 0
11-02 14:06:11.461 I/MediaCodecsXmlParser(21595): limit: size-range = 2x2-1280x1280
11-02 14:06:11.461 I/MediaCodecsXmlParser(21595): limit: alignment = 2x2
11-02 14:06:11.461 I/MediaCodecsXmlParser(21595): limit: block-size = 16x16
11-02 14:06:11.461 I/MediaCodecsXmlParser(21595): limit: block-count-range = 1-3600
11-02 14:06:11.461 I/MediaCodecsXmlParser(21595): limit: blocks-per-second-range = 1-108000
11-02 14:06:11.461 I/MediaCodecsXmlParser(21595): limit: bitrate-range = 1-5000000
11-02 14:06:11.461 I/MediaCodecsXmlParser(21595): limit: feature-adaptive-playback = 0
11-02 14:06:11.461 I/MediaCodecsXmlParser(21595): limit: size-range = 176x144-176x144
11-02 14:06:11.461 I/MediaCodecsXmlParser(21595): limit: alignment = 16x16
11-02 14:06:11.461 I/MediaCodecsXmlParser(21595): limit: bitrate-range = 1-128000
11-02 14:06:11.461 I/MediaCodecsXmlParser(21595): limit: size-range = 16x16-1808x1808
11-02 14:06:11.461 I/MediaCodecsXmlParser(21595): limit: alignment = 2x2
11-02 14:06:11.461 I/MediaCodecsXmlParser(21595): limit: block-size = 16x16
11-02 14:06:11.461 I/MediaCodecsXmlParser(21595): limit: block-count-range = 1-1620
11-02 14:06:11.461 I/MediaCodecsXmlParser(21595): limit: blocks-per-second-range = 1-40500
11-02 14:06:11.461 I/MediaCodecsXmlParser(21595): limit: bitrate-range = 1-2000000
11-02 14:06:11.461 I/MediaCodecsXmlParser(21595): limit: feature-intra-refresh = 0
11-02 14:06:11.461 I/MediaCodecsXmlParser(21595): limit: size-range = 16x16-176x144
11-02 14:06:11.461 I/MediaCodecsXmlParser(21595): limit: alignment = 16x16
11-02 14:06:11.461 I/MediaCodecsXmlParser(21595): limit: block-size = 16x16
11-02 14:06:11.461 I/MediaCodecsXmlParser(21595): limit: blocks-per-second-range = 12-1485
11-02 14:06:11.461 I/MediaCodecsXmlParser(21595): limit: bitrate-range = 1-64000
11-02 14:06:11.461 I/MediaCodecsXmlParser(21595): limit: size-range = 2x2-1280x1280
11-02 14:06:11.461 I/MediaCodecsXmlParser(21595): limit: alignment = 2x2
11-02 14:06:11.461 I/MediaCodecsXmlParser(21595): limit: block-size = 16x16
11-02 14:06:11.461 I/MediaCodecsXmlParser(21595): limit: block-count-range = 1-3600
11-02 14:06:11.461 I/MediaCodecsXmlParser(21595): limit: bitrate-range = 1-20000000
11-02 14:06:11.461 I/MediaCodecsXmlParser(21595): limit: feature-bitrate-modes = VBR,CBR
11-02 14:06:11.462 E/libc    (21595): Access denied finding property "vendor.sys.media.target.version"
11-02 14:06:11.462 I/MediaCodecsXmlParser(21595): getVendorXmlPath (/vendor/etc/media_codecs_performance.xml)
11-02 14:06:11.462 I/MediaCodecsXmlParser(21595): limit: measured-frame-rate-320x240-range = 377-377
11-02 14:06:11.462 I/MediaCodecsXmlParser(21595): limit: measured-frame-rate-720x480-range = 113-113
11-02 14:06:11.462 I/MediaCodecsXmlParser(21595): limit: measured-frame-rate-1280x720-range = 33-33
11-02 14:06:11.462 I/MediaCodecsXmlParser(21595): limit: measured-frame-rate-1920x1080-range = 18-18
11-02 14:06:11.462 I/MediaCodecsXmlParser(21595): limit: measured-frame-rate-176x144-range = 160-160
11-02 14:06:11.462 I/MediaCodecsXmlParser(21595): limit: measured-frame-rate-352x288-range = 86-86
11-02 14:06:11.462 I/MediaCodecsXmlParser(21595): limit: measured-frame-rate-176x144-range = 179-179
11-02 14:06:11.462 I/MediaCodecsXmlParser(21595): limit: measured-frame-rate-352x288-range = 84-84
11-02 14:06:11.462 I/MediaCodecsXmlParser(21595): limit: measured-frame-rate-640x480-range = 54-54
11-02 14:06:11.462 I/MediaCodecsXmlParser(21595): limit: measured-frame-rate-320x240-range = 208-208
11-02 14:06:11.462 I/MediaCodecsXmlParser(21595): limit: measured-frame-rate-720x480-range = 98-98
11-02 14:06:11.462 I/MediaCodecsXmlParser(21595): limit: measured-frame-rate-1280x720-range = 44-44
11-02 14:06:11.462 I/MediaCodecsXmlParser(21595): limit: measured-frame-rate-1920x1080-range = 21-21
11-02 14:06:11.462 I/MediaCodecsXmlParser(21595): limit: measured-frame-rate-176x144-range = 397-397
11-02 14:06:11.462 I/MediaCodecsXmlParser(21595): limit: measured-frame-rate-176x144-range = 413-413
11-02 14:06:11.463 I/MediaCodecsXmlParser(21595): limit: measured-frame-rate-320x180-range = 71-71
11-02 14:06:11.463 I/MediaCodecsXmlParser(21595): limit: measured-frame-rate-640x360-range = 37-37
11-02 14:06:11.463 I/MediaCodecsXmlParser(21595): limit: measured-frame-rate-1280x720-range = 21-21
11-02 14:06:11.463 I/MediaCodecsXmlParser(21595): limit: measured-frame-rate-1920x1080-range = 12-12
11-02 14:06:11.463 I/MediaCodecsXmlParser(21595): limit: measured-frame-rate-320x240-range = 396-405
11-02 14:06:11.463 I/MediaCodecsXmlParser(21595): limit: measured-frame-rate-720x480-range = 280-280
11-02 14:06:11.463 I/MediaCodecsXmlParser(21595): limit: measured-frame-rate-1280x720-range = 155-155
11-02 14:06:11.463 I/MediaCodecsXmlParser(21595): limit: measured-frame-rate-1920x1088-range = 57-57
11-02 14:06:11.463 I/MediaCodecsXmlParser(21595): limit: measured-frame-rate-1920x1080-range = 57-57
11-02 14:06:11.463 I/MediaCodecsXmlParser(21595): limit: measured-frame-rate-352x288-range = 337-337
11-02 14:06:11.463 I/MediaCodecsXmlParser(21595): limit: measured-frame-rate-640x360-range = 253-253
11-02 14:06:11.463 I/MediaCodecsXmlParser(21595): limit: measured-frame-rate-720x480-range = 200-200
11-02 14:06:11.463 I/MediaCodecsXmlParser(21595): limit: measured-frame-rate-1280x720-range = 91-91
11-02 14:06:11.463 I/MediaCodecsXmlParser(21595): limit: measured-frame-rate-1920x1088-range = 63-63
11-02 14:06:11.463 I/MediaCodecsXmlParser(21595): limit: measured-frame-rate-176x144-range = 392-394
11-02 14:06:11.463 I/MediaCodecsXmlParser(21595): limit: measured-frame-rate-352x288-range = 251-251
11-02 14:06:11.463 I/MediaCodecsXmlParser(21595): limit: measured-frame-rate-320x180-range = 360-360
11-02 14:06:11.463 I/MediaCodecsXmlParser(21595): limit: measured-frame-rate-320x240-range = 659-659
11-02 14:06:11.463 I/MediaCodecsXmlParser(21595): limit: measured-frame-rate-640x360-range = 370-370
11-02 14:06:11.463 I/MediaCodecsXmlParser(21595): limit: measured-frame-rate-1280x720-range = 162-162
11-02 14:06:11.463 I/MediaCodecsXmlParser(21595): limit: measured-frame-rate-1920x1080-range = 87-87
11-02 14:06:11.463 I/MediaCodecsXmlParser(21595): limit: measured-frame-rate-480x360-range = 232-232
11-02 14:06:11.463 I/MediaCodecsXmlParser(21595): limit: measured-frame-rate-176x144-range = 322-322
11-02 14:06:11.463 I/MediaCodecsXmlParser(21595): limit: measured-frame-rate-320x240-range = 250-250
11-02 14:06:11.463 I/MediaCodecsXmlParser(21595): limit: measured-frame-rate-720x480-range = 92-92
11-02 14:06:11.463 I/MediaCodecsXmlParser(21595): limit: measured-frame-rate-1280x720-range = 35-35
11-02 14:06:11.463 I/MediaCodecsXmlParser(21595): limit: measured-frame-rate-1920x1080-range = 15-15
11-02 14:06:11.463 I/MediaCodecsXmlParser(21595): limit: measured-frame-rate-320x240-range = 122-122
11-02 14:06:11.463 I/MediaCodecsXmlParser(21595): limit: measured-frame-rate-720x480-range = 68-68
11-02 14:06:11.463 I/MediaCodecsXmlParser(21595): limit: measured-frame-rate-1280x720-range = 32-32
11-02 14:06:11.463 I/MediaCodecsXmlParser(21595): limit: measured-frame-rate-1920x1080-range = 6-10
11-02 14:06:11.463 I/MediaCodecsXmlParser(21595): limit: measured-frame-rate-352x288-range = 226-226
11-02 14:06:11.463 I/MediaCodecsXmlParser(21595): limit: measured-frame-rate-640x360-range = 146-132
11-02 14:06:11.464 I/MediaCodecsXmlParser(21595): limit: measured-frame-rate-720x480-range = 183-183
11-02 14:06:11.464 I/MediaCodecsXmlParser(21595): limit: measured-frame-rate-1280x720-range = 83-83
11-02 14:06:11.464 I/MediaCodecsXmlParser(21595): limit: measured-frame-rate-1920x1080-range = 11-11
11-02 14:06:11.464 I/MediaCodecsXmlParser(21595): limit: measured-frame-rate-352x288-range = 170-180
11-02 14:06:11.464 I/MediaCodecsXmlParser(21595): limit: measured-frame-rate-640x360-range = 89-89
11-02 14:06:11.464 I/MediaCodecsXmlParser(21595): limit: measured-frame-rate-720x480-range = 73-73
11-02 14:06:11.464 I/MediaCodecsXmlParser(21595): limit: measured-frame-rate-1280x720-range = 32-32
11-02 14:06:11.464 I/MediaCodecsXmlParser(21595): limit: measured-frame-rate-1920x1080-range = 21-21
11-02 14:06:11.464 I/MediaCodecsXmlParser(21595): limit: measured-frame-rate-176x144-range = 430-450
11-02 14:06:11.464 I/MediaCodecsXmlParser(21595): limit: measured-frame-rate-176x144-range = 481-481
11-02 14:06:11.464 I/MediaCodecsXmlParser(21595): limit: measured-frame-rate-176x144-range = 212-241
11-02 14:06:11.464 I/MediaCodecsXmlParser(21595): limit: measured-frame-rate-352x288-range = 172-175
11-02 14:06:11.464 I/MediaCodecsXmlParser(21595): limit: measured-frame-rate-176x144-range = 896-955
11-02 14:06:11.464 I/MediaCodecsXmlParser(21595): limit: measured-frame-rate-352x288-range = 689-670
11-02 14:06:11.464 I/MediaCodecsXmlParser(21595): limit: measured-frame-rate-320x240-range = 1330-1330
11-02 14:06:11.464 I/MediaCodecsXmlParser(21595): limit: measured-frame-rate-320x180-range = 495-500
11-02 14:06:11.464 I/MediaCodecsXmlParser(21595): limit: measured-frame-rate-640x360-range = 146-149
11-02 14:06:11.464 I/MediaCodecsXmlParser(21595): limit: measured-frame-rate-1280x720-range = 31-31
11-02 14:06:11.464 I/MediaCodecsXmlParser(21595): limit: measured-frame-rate-1920x1080-range = 12-13
11-02 14:06:11.464 I/MediaCodecsXmlParser(21595): limit: measured-frame-rate-320x240-range = 330-381
11-02 14:06:11.464 I/MediaCodecsXmlParser(21595): limit: measured-frame-rate-640x360-range = 139-185
11-02 14:06:11.464 I/MediaCodecsXmlParser(21595): limit: measured-frame-rate-1280x720-range = 22-38
11-02 14:06:11.464 I/MediaCodecsXmlParser(21595): limit: measured-frame-rate-1920x1080-range = 9-18
11-02 14:06:11.464 I/MediaCodecsXmlParser(21595): limit: measured-frame-rate-320x180-range = 304-304
11-02 14:06:11.464 I/MediaCodecsXmlParser(21595): limit: measured-frame-rate-320x240-range = 511-511
11-02 14:06:11.464 I/MediaCodecsXmlParser(21595): limit: measured-frame-rate-640x360-range = 103-105
11-02 14:06:11.464 I/MediaCodecsXmlParser(21595): limit: measured-frame-rate-1280x720-range = 53-53
11-02 14:06:11.464 I/MediaCodecsXmlParser(21595): limit: measured-frame-rate-1920x1080-range = 29-31
11-02 14:06:11.469 W/VideoCapabilities(21595): Unsupported mime video/divx
11-02 14:06:11.474 W/VideoCapabilities(21595): Unsupported mime video/divx4
11-02 14:06:11.510 W/Utils   (21595): could not parse long range '146-132'
11-02 14:06:11.518 I/VideoCapabilities(21595): Unsupported profile 4 for video/mp4v-es
11-02 14:06:11.605 W/Looper  (21595): Slow Looper ExoPlayer:Playback: Long Msg: seq=403 plan=14:06:05.241  late=3ms wall=6358ms running=0ms h=android.os.Handler w=8
11-02 14:06:11.615 I/ServiceManager(21595): Waiting for service 'media.resource_manager' on '/dev/binder'...
11-02 14:06:12.616 I/ServiceManager(21595): Waiting for service 'media.resource_manager' on '/dev/binder'...
11-02 14:06:13.617 I/ServiceManager(21595): Waiting for service 'media.resource_manager' on '/dev/binder'...
11-02 14:06:14.618 I/ServiceManager(21595): Waiting for service 'media.resource_manager' on '/dev/binder'...
11-02 14:06:15.618 I/ServiceManager(21595): Waiting for service 'media.resource_manager' on '/dev/binder'...
11-02 14:06:16.619 W/ServiceManager(21595): Service media.resource_manager didn't start. Returning NULL
11-02 14:06:16.620 E/MediaCodec(21595): Failed to get ResourceManagerService
11-02 14:06:16.720 I/OMXClient(21595): IOmx service obtained
11-02 14:06:16.725 I/MediaCodec(21595): [OMX.google.h264.decoder] setting surface generation to 22113281
11-02 14:06:16.726 I/ACodec  (21595): codec does not support config priority (err -1010)
11-02 14:06:16.727 E/ACodec  (21595): [OMX.google.h264.decoder] setPortMode on output to DynamicANWBuffer failed w/ err -1010
11-02 14:06:16.727 I/ExtendedACodec(21595): setupVideoDecoder()
11-02 14:06:16.728 I/ACodec  (21595): codec does not support config priority (err -1010)
11-02 14:06:16.729 W/ExtendedACodec(21595): Failed to get extension for extradata parameter
11-02 14:06:16.855 I/ServiceManager(21595): Waiting for service 'media.resource_manager' on '/dev/binder'...
11-02 14:06:17.855 I/ServiceManager(21595): Waiting for service 'media.resource_manager' on '/dev/binder'...
11-02 14:06:18.856 I/ServiceManager(21595): Waiting for service 'media.resource_manager' on '/dev/binder'...
11-02 14:06:19.857 I/ServiceManager(21595): Waiting for service 'media.resource_manager' on '/dev/binder'...
11-02 14:06:19.938 E/ExoPlayerImplInternal(21595): Playback error
11-02 14:06:19.938 E/ExoPlayerImplInternal(21595):   androidx.media3.exoplayer.ExoPlaybackException: Source error
11-02 14:06:19.938 E/ExoPlayerImplInternal(21595):       at androidx.media3.exoplayer.ExoPlayerImplInternal.handleIoException(ExoPlayerImplInternal.java:736)
11-02 14:06:19.938 E/ExoPlayerImplInternal(21595):       at androidx.media3.exoplayer.ExoPlayerImplInternal.handleMessage(ExoPlayerImplInternal.java:708)
11-02 14:06:19.938 E/ExoPlayerImplInternal(21595):       at android.os.Handler.dispatchMessage(Handler.java:103)
11-02 14:06:19.938 E/ExoPlayerImplInternal(21595):       at android.os.Looper.loop(Looper.java:223)
11-02 14:06:19.938 E/ExoPlayerImplInternal(21595):       at android.os.HandlerThread.run(HandlerThread.java:67)
11-02 14:06:19.938 E/ExoPlayerImplInternal(21595):   Caused by: androidx.media3.datasource.HttpDataSource$InvalidResponseCodeException: Response code: 500
11-02 14:06:19.938 E/ExoPlayerImplInternal(21595):       at androidx.media3.datasource.DefaultHttpDataSource.open(DefaultHttpDataSource.java:397)
11-02 14:06:19.938 E/ExoPlayerImplInternal(21595):       at androidx.media3.datasource.DefaultDataSource.open(DefaultDataSource.java:275)
11-02 14:06:19.938 E/ExoPlayerImplInternal(21595):       at androidx.media3.datasource.StatsDataSource.open(StatsDataSource.java:86)
11-02 14:06:19.938 E/ExoPlayerImplInternal(21595):       at androidx.media3.exoplayer.source.ProgressiveMediaPeriod$ExtractingLoadable.load(ProgressiveMediaPeriod.java:1045)
11-02 14:06:19.938 E/ExoPlayerImplInternal(21595):       at androidx.media3.exoplayer.upstream.Loader$LoadTask.run(Loader.java:421)
11-02 14:06:19.938 E/ExoPlayerImplInternal(21595):       at java.util.concurrent.ThreadPoolExecutor.runWorker(ThreadPoolExecutor.java:1167)
11-02 14:06:19.938 E/ExoPlayerImplInternal(21595):       at java.util.concurrent.ThreadPoolExecutor$Worker.run(ThreadPoolExecutor.java:641)
11-02 14:06:19.938 E/ExoPlayerImplInternal(21595):       at java.lang.Thread.run(Thread.java:919)
11-02 14:06:20.858 I/ServiceManager(21595): Waiting for service 'media.resource_manager' on '/dev/binder'...
11-02 14:06:21.167 W/nedecraques.ap(21595): Accessing hidden method Lsun/misc/Unsafe;->getObject(Ljava/lang/Object;J)Ljava/lang/Object; (greylist, linking, allowed)
11-02 14:06:21.168 W/nedecraques.ap(21595): Accessing hidden method Lsun/misc/Unsafe;->putObject(Ljava/lang/Object;JLjava/lang/Object;)V (greylist, linking, allowed)
11-02 14:06:21.168 W/nedecraques.ap(21595): Accessing hidden method Lsun/misc/Unsafe;->putInt(Ljava/lang/Object;JI)V (greylist, linking, allowed)
11-02 14:06:21.168 W/nedecraques.ap(21595): Accessing hidden method Lsun/misc/Unsafe;->getInt(Ljava/lang/Object;J)I (greylist, linking, allowed)
11-02 14:06:21.169 W/nedecraques.ap(21595): Accessing hidden method Lsun/misc/Unsafe;->putObject(Ljava/lang/Object;JLjava/lang/Object;)V (greylist, linking, allowed)
11-02 14:06:21.200 W/nedecraques.ap(21595): Accessing hidden method Lsun/misc/Unsafe;->getInt(Ljava/lang/Object;J)I (greylist, linking, allowed)
11-02 14:06:21.200 W/nedecraques.ap(21595): Accessing hidden method Lsun/misc/Unsafe;->getObject(Ljava/lang/Object;J)Ljava/lang/Object; (greylist, linking, allowed)
11-02 14:06:21.200 W/nedecraques.ap(21595): Accessing hidden method Lsun/misc/Unsafe;->putObject(Ljava/lang/Object;JLjava/lang/Object;)V (greylist, linking, allowed)
11-02 14:06:21.212 W/nedecraques.ap(21595): Accessing hidden method Lsun/misc/Unsafe;->getInt(Ljava/lang/Object;J)I (greylist, linking, allowed)
11-02 14:06:21.217 I/NextApiService(21595): Fetching profile details from: ${httpUrl}
11-02 14:06:21.217 W/nedecraques.ap(21595): Accessing hidden method Lsun/misc/Unsafe;->getObject(Ljava/lang/Object;J)Ljava/lang/Object; (greylist, linking, allowed)
11-02 14:06:21.217 W/nedecraques.ap(21595): Accessing hidden method Lsun/misc/Unsafe;->putInt(Ljava/lang/Object;JI)V (greylist, linking, allowed)
11-02 14:06:21.860 W/ServiceManager(21595): Service media.resource_manager didn't start. Returning NULL
11-02 14:06:21.860 E/MediaCodec(21595): Failed to get ResourceManagerService
11-02 14:06:21.863 I/OMXClient(21595): IOmx service obtained
11-02 14:06:21.867 I/ACodec  (21595): codec does not support config priority (err -2147483648)
11-02 14:06:21.868 I/ACodec  (21595): codec does not support config priority (err -2147483648)
11-02 14:06:21.868 I/ACodec  (21595): codec does not support config operating rate (err -2147483648)
11-02 14:06:21.870 W/ExtendedACodec(21595): Failed to get extension for extradata parameter
11-02 14:06:21.893 W/Looper  (21595): Slow Looper ExoPlayer:Playback: Long Msg: seq=404 plan=14:06:05.243  late=6362ms wall=10286ms running=0ms h=android.os.Handler w=2
11-02 14:06:21.965 I/MediaCodec(21595): [OMX.google.h264.decoder] setting surface generation to 22113282
11-02 14:06:21.977 I/ExoPlayerImpl(21595): Release f49d550 [AndroidXMedia3/1.4.1] [olive, Redmi 8, Xiaomi, 29] [media3.common, media3.exoplayer, media3.decoder, media3.ui, media3.datasource, media3.extractor]
11-02 14:06:22.101 I/Choreographer(21595): Skipped 35 frames!  The application may be doing too much work on its main thread.
11-02 14:06:22.103 W/Looper  (21595): Slow Looper main: doFrame is 593ms late because of 4 msg, msg 1 took 584ms (seq=816 late=5ms h=android.view.Choreographer$FrameHandler c=android.view.Choreographer$FrameDisplayEventReceiver)
11-02 14:06:25.104 I/ExoPlayerImpl(21595): Release 906d219 [AndroidXMedia3/1.4.1] [olive, Redmi 8, Xiaomi, 29] [media3.common, media3.exoplayer, media3.decoder, media3.ui, media3.datasource, media3.extractor]
