--------- beginning of main
10-30 20:36:01.903 I/nedecraques.ap( 3540): Late-enabling -Xcheck:jni
10-30 20:36:01.981 E/nedecraques.ap( 3540): Unknown bits set in runtime_flags: 0x8000
10-30 20:36:08.824 I/Perf    ( 3540): Connecting to perf service.
10-30 20:36:08.912 I/FeatureParser( 3540): can't find olive.xml in assets/device_features/,it may be in /system/etc/device_features
10-30 20:36:08.940 E/Perf    ( 3540): Fail to get file list com.vitrinedecraques.app
10-30 20:36:08.940 E/Perf    ( 3540): getFolderSize() : Exception_1 = java.lang.NullPointerException: Attempt to get length of null array
10-30 20:36:08.941 E/Perf    ( 3540): Fail to get file list com.vitrinedecraques.app
10-30 20:36:08.941 E/Perf    ( 3540): getFolderSize() : Exception_1 = java.lang.NullPointerException: Attempt to get length of null array
--------- beginning of system
10-30 20:36:08.943 W/Looper  ( 3540): Slow Looper main: Long Msg: seq=2 plan=20:36:02.131  late=5ms wall=6805ms running=0ms h=android.app.ActivityThread$H w=110
10-30 20:36:09.227 W/Looper  ( 3540): Slow Looper main: Activity com.vitrinedecraques.app/.MainActivity is 6772ms late (wall=283ms running=0ms ClientTransaction{ callbacks=[android.app.servertransaction.LaunchActivityItem] lifecycleRequest=android.app.servertransaction.ResumeActivityItem }) because of 1 msg, msg 1 took 6805ms (seq=2 late=5ms h=android.app.ActivityThread$H w=110)
10-30 20:36:09.228 W/Looper  ( 3540): Slow Looper main: Activity com.vitrinedecraques.app/.MainActivity is 7055ms late (wall=0ms running=0ms ClientTransaction{ callbacks=[android.app.servertransaction.TopResumedActivityChangeItem] }) because of 2 msg, msg 1 took 6805ms (seq=2 late=5ms h=android.app.ActivityThread$H w=110), msg 2 took 283ms (seq=3 late=6772ms h=android.app.ActivityThread$H w=159)
10-30 20:36:09.047 I/chatty  ( 3540): uid=11401(com.vitrinedecraques.app) identical 1 line
10-30 20:36:10.706 W/nedecraques.ap( 3540): Accessing hidden method Landroid/view/View;->getViewRootImpl()Landroid/view/ViewRootImpl; (greylist, reflection, allowed)
10-30 20:36:10.706 W/nedecraques.ap( 3540): Accessing hidden field Landroid/view/View$AttachInfo;->mVisibleInsets:Landroid/graphics/Rect; (greylist, reflection, allowed)
10-30 20:36:10.706 W/nedecraques.ap( 3540): Accessing hidden field Landroid/view/ViewRootImpl;->mAttachInfo:Landroid/view/View$AttachInfo; (greylist, reflection, allowed)
10-30 20:36:10.753 I/AdrenoGLES( 3540): QUALCOMM build                   : 9d44e36, Ie3bb699d95
10-30 20:36:10.753 I/AdrenoGLES( 3540): Build Date                       : 09/29/20
10-30 20:36:10.753 I/AdrenoGLES( 3540): OpenGL ES Shader Compiler Version: EV031.27.05.02
10-30 20:36:10.753 I/AdrenoGLES( 3540): Local Branch                     : 
10-30 20:36:10.753 I/AdrenoGLES( 3540): Remote Branch                    : refs/tags/AU_LINUX_ANDROID_LA.UM.8.6.2.R1.10.00.00.537.053
10-30 20:36:10.753 I/AdrenoGLES( 3540): Remote Branch                    : NONE
10-30 20:36:10.753 I/AdrenoGLES( 3540): Reconstruct Branch               : NOTHING
10-30 20:36:10.753 I/AdrenoGLES( 3540): Build Config                     : S L 8.0.10 AArch64
10-30 20:36:10.787 I/AdrenoGLES( 3540): PFP: 0x005ff112, ME: 0x005ff066
10-30 20:36:10.834 W/Gralloc3( 3540): mapper 3.x is not supported
10-30 20:36:11.062 I/OpenGLRenderer( 3540): Davey! duration=2145ms; Flags=1, IntendedVsync=2215196528754426, Vsync=2215196828754414, OldestInputEvent=9223372036854775807, NewestInputEvent=0, HandleInputStart=2215196842594394, AnimationStart=2215196842698873, PerformTraversalsStart=2215196842998873, DrawStart=2215198427581841, SyncQueued=2215198443630539, SyncStart=2215198444069029, IssueDrawCommandsStart=2215198444158404, SwapBuffers=2215198670281945, FrameCompleted=2215198674256424, DequeueBufferDuration=105000, QueueBufferDuration=2289000, 
10-30 20:36:11.066 W/Looper  ( 3540): Slow Looper main: Long Msg: seq=10 plan=20:36:08.915  late=314ms wall=1834ms running=0ms h=android.view.Choreographer$FrameHandler c=android.view.Choreographer$FrameDisplayEventReceiver
10-30 20:36:11.066 W/Looper  ( 3540): Slow Looper main: doFrame is 314ms late because of 8 msg, msg 1 took 6805ms (seq=2 late=5ms h=android.app.ActivityThread$H w=110), msg 2 took 283ms (seq=3 late=6772ms h=android.app.ActivityThread$H w=159)
10-30 20:36:11.121 I/Choreographer( 3540): Skipped 103 frames!  The application may be doing too much work on its main thread.
10-30 20:36:11.131 W/Looper  ( 3540): Slow Looper main: doFrame is 1720ms late because of 5 msg, msg 1 took 1834ms (seq=10 late=314ms h=android.view.Choreographer$FrameHandler c=android.view.Choreographer$FrameDisplayEventReceiver)
10-30 20:36:11.135 I/OpenGLRenderer( 3540): Davey! duration=1734ms; Flags=0, IntendedVsync=2215197013287538, Vsync=2215198729954136, OldestInputEvent=9223372036854775807, NewestInputEvent=0, HandleInputStart=2215198736310747, AnimationStart=2215198736485591, PerformTraversalsStart=2215198736493456, DrawStart=2215198741830174, SyncQueued=2215198743316008, SyncStart=2215198743702414, IssueDrawCommandsStart=2215198743787674, SwapBuffers=2215198745349549, FrameCompleted=2215198747791685, DequeueBufferDuration=85000, QueueBufferDuration=1466000, 
10-30 20:36:11.173 W/ApiBaseUrlResolver( 3540): Falha ao detectar host canônico: null
10-30 20:36:11.175 I/HttpClientProvider( 3540): updateSessionCookies host=nice-hill-01a3a1010.2.azurestaticapps.net -> nenhum
10-30 20:36:14.268 I/OpenGLRenderer( 3540): Davey! duration=924ms; Flags=0, IntendedVsync=2215200956085306, Vsync=2215200956085306, OldestInputEvent=9223372036854775807, NewestInputEvent=0, HandleInputStart=2215200957454757, AnimationStart=2215200957468142, PerformTraversalsStart=2215201686751423, DrawStart=2215201687056840, SyncQueued=2215201877833454, SyncStart=2215201878337725, IssueDrawCommandsStart=2215201878500277, SwapBuffers=2215201879547621, FrameCompleted=2215201880867257, DequeueBufferDuration=184000, QueueBufferDuration=405000, 
10-30 20:36:14.391 W/Looper  ( 3540): Slow Looper main: doFrame is 323ms late because of 2 msg, msg 1 took 921ms (seq=41 late=1ms h=android.view.Choreographer$FrameHandler c=android.view.Choreographer$FrameDisplayEventReceiver), msg 2 took 68ms (seq=42 late=265ms h=android.os.Handler c=androidx.compose.ui.platform.AndroidComposeViewAccessibilityDelegateCompat$$ExternalSyntheticLambda3)
10-30 20:36:16.861 I/nedecraques.ap( 3540): ProcessProfilingInfo new_methods=12178 is saved saved_to_disk=1 resolve_classes_delay=8000
10-30 20:36:27.847 I/HttpClientProvider( 3540): getSessionCookies host=nice-hill-01a3a1010.2.azurestaticapps.net -> nenhum
10-30 20:36:27.848 I/AuthApiService( 3540): Cookies antes do login: nenhum
10-30 20:36:27.850 I/AuthApiService( 3540): Buscando CSRF token em https://nice-hill-01a3a1010.2.azurestaticapps.net/api/auth/csrf
10-30 20:36:27.968 W/IInputConnectionWrapper( 3540): requestCursorAnchorInfo on inactive InputConnection
10-30 20:36:28.370 W/RenderInspector( 3540): DequeueBuffer time out on com.vitrinedecraques.app/com.vitrinedecraques.app.MainActivity, count=2, avg=20 ms, max=23 ms.
10-30 20:36:29.371 W/RenderInspector( 3540): DequeueBuffer time out on com.vitrinedecraques.app/com.vitrinedecraques.app.MainActivity, count=1, avg=17 ms, max=17 ms.
10-30 20:36:32.611 I/AuthApiService( 3540): Resposta do CSRF: code=200 bodyLength=-1
10-30 20:36:32.642 I/AuthApiService( 3540): CSRF token carregado (64 chars) para host=nice-hill-01a3a1010.2.azurestaticapps.net
10-30 20:36:32.642 I/HttpClientProvider( 3540): getSessionCookies host=nice-hill-01a3a1010.2.azurestaticapps.net -> nenhum
10-30 20:36:32.643 I/AuthApiService( 3540): Cookies após obter CSRF: nenhum
10-30 20:36:32.646 I/AuthApiService( 3540): Enviando login POST para https://nice-hill-01a3a1010.2.azurestaticapps.net/api/auth/callback/credentials?json=true
10-30 20:36:35.687 W/RenderInspector( 3540): DequeueBuffer time out on com.vitrinedecraques.app/com.vitrinedecraques.app.MainActivity, count=1, avg=16 ms, max=16 ms.
10-30 20:36:36.920 I/AuthApiService( 3540): Resposta final: code=200 url=https://nice-hill-01a3a1010.2.azurestaticapps.net/login?callbackUrl=https%3A%2F%2Fnice-hill-01a3a1010.2.azurestaticapps.net%2F&error=CredentialsSignin setCookie=[]
10-30 20:36:36.920 I/AuthApiService( 3540): Resposta redirect#1: code=302 url=https://nice-hill-01a3a1010.2.azurestaticapps.net/api/auth/signin?error=CredentialsSignin setCookie=[]
10-30 20:36:36.920 I/AuthApiService( 3540): Resposta redirect#2: code=302 url=https://nice-hill-01a3a1010.2.azurestaticapps.net/api/auth/error?error=CredentialsSignin&provider=credentials setCookie=[]
10-30 20:36:36.922 I/AuthApiService( 3540): Resposta redirect#3: code=302 url=https://nice-hill-01a3a1010.2.azurestaticapps.net/api/auth/callback/credentials?json=true setCookie=[__Secure-next-auth.callback-url=***; domain=nice-hill-01a3a1010.2.azurestaticapps.net; path=/; secure; samesite=lax; httponly]
10-30 20:37:06.953 I/HttpClientProvider( 3540): getSessionCookies host=nice-hill-01a3a1010.2.azurestaticapps.net -> nenhum
10-30 20:37:06.953 I/AuthApiService( 3540): Cookies antes do login: nenhum
10-30 20:37:06.954 I/AuthApiService( 3540): Buscando CSRF token em https://nice-hill-01a3a1010.2.azurestaticapps.net/api/auth/csrf
10-30 20:37:07.028 W/IInputConnectionWrapper( 3540): requestCursorAnchorInfo on inactive InputConnection
10-30 20:37:07.599 I/AuthApiService( 3540): Resposta do CSRF: code=200 bodyLength=-1
10-30 20:37:07.603 I/AuthApiService( 3540): CSRF token carregado (64 chars) para host=nice-hill-01a3a1010.2.azurestaticapps.net
10-30 20:37:07.604 I/HttpClientProvider( 3540): getSessionCookies host=nice-hill-01a3a1010.2.azurestaticapps.net -> nenhum
10-30 20:37:07.604 I/AuthApiService( 3540): Cookies após obter CSRF: nenhum
10-30 20:37:07.606 I/AuthApiService( 3540): Enviando login POST para https://nice-hill-01a3a1010.2.azurestaticapps.net/api/auth/callback/credentials?json=true
10-30 20:37:11.979 I/AuthApiService( 3540): Resposta final: code=200 url=https://nice-hill-01a3a1010.2.azurestaticapps.net/ setCookie=[]
10-30 20:37:11.980 I/AuthApiService( 3540): Resposta redirect#1: code=302 url=https://nice-hill-01a3a1010.2.azurestaticapps.net/api/auth/callback/credentials?json=true setCookie=[__Secure-next-auth.session-token=***; expires=Sat, 29 Nov 2025 23:37:13 GMT; domain=nice-hill-01a3a1010.2.azurestaticapps.net; path=/; secure; samesite=lax; httponly]
10-30 20:37:11.987 I/AuthApiService( 3540): Cookie de sessão capturado da resposta 302: __Secure-next-auth.session-token domínio=nice-hill-01a3a1010.2.azurestaticapps.net path=/
10-30 20:37:11.987 I/AuthApiService( 3540): Cookies de sessão extraídos: ${cookie.name}@${cookie.domain}${cookie.path}
10-30 20:37:11.990 I/AuthApiService( 3540): Buscando sessão em https://nice-hill-01a3a1010.2.azurestaticapps.net/api/auth/session
10-30 20:37:12.556 I/AuthApiService( 3540): Resposta da sessão: code=200 bodyLength=-1
10-30 20:37:12.570 I/AuthApiService( 3540): Sessão carregada: user=aspepper@gmail.com expires=2025-11-29T23:37:16.263Z
10-30 20:37:12.571 I/AuthRepository( 3540): Persistindo 1 cookies após login
10-30 20:37:12.574 I/HttpClientProvider( 3540): updateSessionCookies host=nice-hill-01a3a1010.2.azurestaticapps.net -> ${cookie.name}@${cookie.domain}${cookie.path}
10-30 20:37:12.656 W/nedecraques.ap( 3540): Accessing hidden method Lsun/misc/Unsafe;->getInt(Ljava/lang/Object;J)I (greylist, linking, allowed)
10-30 20:37:12.657 W/nedecraques.ap( 3540): Accessing hidden method Lsun/misc/Unsafe;->getObject(Ljava/lang/Object;J)Ljava/lang/Object; (greylist, linking, allowed)
10-30 20:37:12.657 W/nedecraques.ap( 3540): Accessing hidden method Lsun/misc/Unsafe;->putInt(Ljava/lang/Object;JI)V (greylist, linking, allowed)
10-30 20:37:12.658 W/nedecraques.ap( 3540): Accessing hidden method Lsun/misc/Unsafe;->getLong(Ljava/lang/Object;J)J (greylist,core-platform-api, linking, allowed)
10-30 20:37:12.662 W/nedecraques.ap( 3540): Accessing hidden method Lsun/misc/Unsafe;->putObject(Ljava/lang/Object;JLjava/lang/Object;)V (greylist, linking, allowed)
10-30 20:37:12.664 W/nedecraques.ap( 3540): Accessing hidden method Lsun/misc/Unsafe;->objectFieldOffset(Ljava/lang/reflect/Field;)J (greylist,core-platform-api, linking, allowed)
10-30 20:37:12.665 W/nedecraques.ap( 3540): Accessing hidden method Lsun/misc/Unsafe;->putObject(Ljava/lang/Object;JLjava/lang/Object;)V (greylist, linking, allowed)
10-30 20:37:12.666 W/nedecraques.ap( 3540): Accessing hidden method Lsun/misc/Unsafe;->putLong(Ljava/lang/Object;JJ)V (greylist, linking, allowed)
10-30 20:37:12.672 W/nedecraques.ap( 3540): Accessing hidden method Lsun/misc/Unsafe;->putLong(Ljava/lang/Object;JJ)V (greylist, linking, allowed)
10-30 20:37:12.673 W/nedecraques.ap( 3540): Accessing hidden method Lsun/misc/Unsafe;->allocateInstance(Ljava/lang/Class;)Ljava/lang/Object; (greylist, linking, allowed)
10-30 20:37:12.676 W/nedecraques.ap( 3540): Accessing hidden method Llibcore/io/Memory;->peekLong(JZ)J (greylist, reflection, allowed)
10-30 20:37:12.676 W/nedecraques.ap( 3540): Accessing hidden method Llibcore/io/Memory;->pokeLong(JJZ)V (greylist, reflection, allowed)
10-30 20:37:12.676 W/nedecraques.ap( 3540): Accessing hidden method Llibcore/io/Memory;->pokeInt(JIZ)V (greylist, reflection, allowed)
10-30 20:37:12.676 W/nedecraques.ap( 3540): Accessing hidden method Llibcore/io/Memory;->peekInt(JZ)I (greylist, reflection, allowed)
10-30 20:37:12.676 W/nedecraques.ap( 3540): Accessing hidden method Llibcore/io/Memory;->pokeByte(JB)V (greylist, reflection, allowed)
10-30 20:37:12.676 W/nedecraques.ap( 3540): Accessing hidden method Llibcore/io/Memory;->peekByte(J)B (greylist, reflection, allowed)
10-30 20:37:12.676 W/nedecraques.ap( 3540): Accessing hidden method Llibcore/io/Memory;->pokeByteArray(J[BII)V (greylist, reflection, allowed)
10-30 20:37:12.676 W/nedecraques.ap( 3540): Accessing hidden method Llibcore/io/Memory;->peekByteArray(J[BII)V (greylist, reflection, allowed)
10-30 20:37:12.677 W/nedecraques.ap( 3540): Accessing hidden method Lsun/misc/Unsafe;->arrayBaseOffset(Ljava/lang/Class;)I (greylist,core-platform-api, linking, allowed)
10-30 20:37:12.677 W/nedecraques.ap( 3540): Accessing hidden method Lsun/misc/Unsafe;->arrayIndexScale(Ljava/lang/Class;)I (greylist, linking, allowed)
10-30 20:37:12.677 W/nedecraques.ap( 3540): Accessing hidden method Lsun/misc/Unsafe;->getInt(Ljava/lang/Object;J)I (greylist, linking, allowed)
10-30 20:37:12.677 W/nedecraques.ap( 3540): Accessing hidden method Lsun/misc/Unsafe;->getObject(Ljava/lang/Object;J)Ljava/lang/Object; (greylist, linking, allowed)
10-30 20:37:12.678 W/nedecraques.ap( 3540): Accessing hidden method Lsun/misc/Unsafe;->getInt(Ljava/lang/Object;J)I (greylist, reflection, allowed)
10-30 20:37:12.678 W/nedecraques.ap( 3540): Accessing hidden method Lsun/misc/Unsafe;->putInt(Ljava/lang/Object;JI)V (greylist, reflection, allowed)
10-30 20:37:12.678 W/nedecraques.ap( 3540): Accessing hidden method Lsun/misc/Unsafe;->getLong(Ljava/lang/Object;J)J (greylist,core-platform-api, reflection, allowed)
10-30 20:37:12.679 W/nedecraques.ap( 3540): Accessing hidden method Lsun/misc/Unsafe;->putLong(Ljava/lang/Object;JJ)V (greylist, reflection, allowed)
10-30 20:37:12.679 W/nedecraques.ap( 3540): Accessing hidden method Lsun/misc/Unsafe;->getObject(Ljava/lang/Object;J)Ljava/lang/Object; (greylist, reflection, allowed)
10-30 20:37:12.679 W/nedecraques.ap( 3540): Accessing hidden method Lsun/misc/Unsafe;->putObject(Ljava/lang/Object;JLjava/lang/Object;)V (greylist, reflection, allowed)
10-30 20:37:12.679 W/nedecraques.ap( 3540): Accessing hidden field Ljava/nio/Buffer;->address:J (greylist, reflection, allowed)
10-30 20:37:12.686 W/nedecraques.ap( 3540): Accessing hidden method Lsun/misc/Unsafe;->putObject(Ljava/lang/Object;JLjava/lang/Object;)V (greylist, linking, allowed)
10-30 20:37:12.713 I/HttpClientProvider( 3540): updateSessionCookies host=nice-hill-01a3a1010.2.azurestaticapps.net -> ${cookie.name}@${cookie.domain}${cookie.path}
10-30 20:37:13.270 I/NextApiService( 3540): Fetching videos from: ${httpUrl}
10-30 20:37:16.418 I/ExoPlayerImpl( 3540): Init c9bf798 [AndroidXMedia3/1.4.1] [olive, Redmi 8, Xiaomi, 29]
10-30 20:37:16.539 W/nedecraques.ap( 3540): Accessing hidden method Landroid/media/AudioTrack;->getLatency()I (greylist, reflection, allowed)
10-30 20:37:16.821 I/chatty  ( 3540): uid=11401(com.vitrinedecraques.app) identical 11 lines
10-30 20:37:16.966 I/chatty  ( 3540): uid=11401(com.vitrinedecraques.app) identical 28 lines
10-30 20:37:17.122 I/ExoPlayerImpl( 3540): Init 71fad1f [AndroidXMedia3/1.4.1] [olive, Redmi 8, Xiaomi, 29]
10-30 20:37:17.231 I/chatty  ( 3540): uid=11401(com.vitrinedecraques.app) identical 41 lines
10-30 20:37:17.394 W/Looper  ( 3540): Slow Looper main: Long Msg: seq=3075 plan=20:37:16.217  late=13ms wall=1163ms running=0ms h=android.view.Choreographer$FrameHandler c=android.view.Choreographer$FrameDisplayEventReceiver
10-30 20:37:17.397 I/NextApiService( 3540): Fetching profile details from: ${httpUrl}
10-30 20:37:17.399 I/HttpClientProvider( 3540): getSessionCookies host=pub-11c79f639e314f208bdf80d01ef7056c.r2.dev -> nenhum
10-30 20:37:17.442 I/HttpClientProvider( 3540): getSessionCookies host=pub-11c79f639e314f208bdf80d01ef7056c.r2.dev -> nenhum
10-30 20:37:17.453 I/OpenGLRenderer( 3540): Davey! duration=1236ms; Flags=0, IntendedVsync=2215263829637481, Vsync=2215263829637481, OldestInputEvent=9223372036854775807, NewestInputEvent=0, HandleInputStart=2215263842456087, AnimationStart=2215263842503066, PerformTraversalsStart=2215263926446556, DrawStart=2215263926528014, SyncQueued=2215265003829212, SyncStart=2215265004340982, IssueDrawCommandsStart=2215265004883222, SwapBuffers=2215265064689784, FrameCompleted=2215265066187493, DequeueBufferDuration=129000, QueueBufferDuration=778000, 
10-30 20:37:17.455 I/Choreographer( 3540): Skipped 73 frames!  The application may be doing too much work on its main thread.
10-30 20:37:17.460 W/nedecraques.ap( 3540): Accessing hidden method Lsun/misc/Unsafe;->getInt(Ljava/lang/Object;J)I (greylist, linking, allowed)
10-30 20:37:17.461 W/nedecraques.ap( 3540): Accessing hidden method Lsun/misc/Unsafe;->getObject(Ljava/lang/Object;J)Ljava/lang/Object; (greylist, linking, allowed)
10-30 20:37:17.461 W/nedecraques.ap( 3540): Accessing hidden method Lsun/misc/Unsafe;->putObject(Ljava/lang/Object;JLjava/lang/Object;)V (greylist, linking, allowed)
10-30 20:37:17.462 W/nedecraques.ap( 3540): Accessing hidden method Lsun/misc/Unsafe;->putInt(Ljava/lang/Object;JI)V (greylist, linking, allowed)
10-30 20:37:17.463 I/DpmTcmClient( 3540): RegisterTcmMonitor from: $Proxy0
10-30 20:37:17.495 W/Looper  ( 3540): Slow Looper main: doFrame is 1222ms late because of 11 msg, msg 1 took 1163ms (seq=3075 late=13ms h=android.view.Choreographer$FrameHandler c=android.view.Choreographer$FrameDisplayEventReceiver), msg 6 took 60ms (seq=3080 late=1165ms h=android.os.Handler c=androidx.compose.ui.platform.AndroidUiDispatcher$dispatchCallback$1)
10-30 20:37:17.500 I/OpenGLRenderer( 3540): Davey! duration=1266ms; Flags=1, IntendedVsync=2215263846342369, Vsync=2215265063008987, OldestInputEvent=9223372036854775807, NewestInputEvent=0, HandleInputStart=2215265069705982, AnimationStart=2215265069785253, PerformTraversalsStart=2215265070450045, DrawStart=2215265104000045, SyncQueued=2215265106181139, SyncStart=2215265106806243, IssueDrawCommandsStart=2215265107643795, SwapBuffers=2215265111605097, FrameCompleted=2215265112968795, DequeueBufferDuration=156000, QueueBufferDuration=324000, 
10-30 20:37:17.517 W/nedecraques.ap( 3540): Accessing hidden method Lsun/misc/Unsafe;->putInt(Ljava/lang/Object;JI)V (greylist, linking, allowed)
10-30 20:37:17.517 W/nedecraques.ap( 3540): Accessing hidden method Lsun/misc/Unsafe;->getInt(Ljava/lang/Object;J)I (greylist, linking, allowed)
10-30 20:37:17.523 W/nedecraques.ap( 3540): Accessing hidden method Lsun/misc/Unsafe;->getObject(Ljava/lang/Object;J)Ljava/lang/Object; (greylist, linking, allowed)
10-30 20:37:17.523 W/nedecraques.ap( 3540): Accessing hidden method Lsun/misc/Unsafe;->putObject(Ljava/lang/Object;JLjava/lang/Object;)V (greylist, linking, allowed)
10-30 20:37:19.396 W/Gralloc3( 3540): allocator 3.x is not supported
10-30 20:37:20.702 I/ServiceManager( 3540): Waiting for service 'media.player' on '/dev/binder'...
10-30 20:37:21.703 I/ServiceManager( 3540): Waiting for service 'media.player' on '/dev/binder'...
10-30 20:37:22.704 I/ServiceManager( 3540): Waiting for service 'media.player' on '/dev/binder'...
10-30 20:37:23.704 I/ServiceManager( 3540): Waiting for service 'media.player' on '/dev/binder'...
10-30 20:37:24.706 I/ServiceManager( 3540): Waiting for service 'media.player' on '/dev/binder'...
10-30 20:37:25.708 W/ServiceManager( 3540): Service media.player didn't start. Returning NULL
10-30 20:37:25.830 I/OMXClient( 3540): IOmx service obtained
10-30 20:37:25.893 I/OMXClient( 3540): IOmx service obtained
10-30 20:37:25.905 I/OMXClient( 3540): IOmx service obtained
10-30 20:37:25.910 I/OMXClient( 3540): IOmx service obtained
10-30 20:37:25.918 I/OMXClient( 3540): IOmx service obtained
10-30 20:37:25.923 I/OMXClient( 3540): IOmx service obtained
10-30 20:37:25.928 I/OMXClient( 3540): IOmx service obtained
10-30 20:37:25.934 I/OMXClient( 3540): IOmx service obtained
10-30 20:37:25.938 I/OMXClient( 3540): IOmx service obtained
10-30 20:37:25.944 I/OMXClient( 3540): IOmx service obtained
10-30 20:37:25.948 I/OMXClient( 3540): IOmx service obtained
10-30 20:37:25.957 I/OMXClient( 3540): IOmx service obtained
10-30 20:37:25.962 I/OMXClient( 3540): IOmx service obtained
10-30 20:37:25.975 I/OMXClient( 3540): IOmx service obtained
10-30 20:37:25.981 I/OMXClient( 3540): IOmx service obtained
10-30 20:37:25.986 I/OMXClient( 3540): IOmx service obtained
10-30 20:37:25.991 I/OMXClient( 3540): IOmx service obtained
10-30 20:37:26.252 W/OmxInfoBuilder( 3540): Fail to add media type video/avc to codec OMX.qcom.video.decoder.avc
10-30 20:37:26.283 I/ServiceManagement( 3540): getService: Trying again for android.hardware.media.omx@1.0::IOmx/default...
10-30 20:37:26.473 I/OMXClient( 3540): IOmx service obtained
10-30 20:37:26.479 E/libc    ( 3540): Access denied finding property "vendor.audio.record.aggregate.buffer.duration"
10-30 20:37:26.480 E/libc    ( 3540): Access denied finding property "persist.vendor.audio.debug.sf.noaudio"
10-30 20:37:26.470 W/ExoPlayer:Playb( 3540): type=1400 audit(0.0:351047): avc: denied { read } for name="u:object_r:vendor_audio_prop:s0" dev="tmpfs" ino=17563 scontext=u:r:untrusted_app:s0:c121,c261,c512,c768 tcontext=u:object_r:vendor_audio_prop:s0 tclass=file permissive=0
10-30 20:37:26.480 E/libc    ( 3540): Access denied finding property "vendor.audio.use.sw.alac.decoder"
10-30 20:37:26.480 E/libc    ( 3540): Access denied finding property "vendor.audio.use.sw.ape.decoder"
10-30 20:37:26.480 E/libc    ( 3540): Access denied finding property "vendor.audio.use.sw.mpegh.decoder"
10-30 20:37:26.480 E/libc    ( 3540): Access denied finding property "vendor.audio.flac.sw.decoder.24bit"
10-30 20:37:26.480 E/libc    ( 3540): Access denied finding property "vendor.audio.hw.aac.encoder"
10-30 20:37:26.470 W/ExoPlayer:Playb( 3540): type=1400 audit(0.0:351048): avc: denied { read } for name="u:object_r:vendor_audio_prop:s0" dev="tmpfs" ino=17563 scontext=u:r:untrusted_app:s0:c121,c261,c512,c768 tcontext=u:object_r:vendor_audio_prop:s0 tclass=file permissive=0
10-30 20:37:26.470 W/ExoPlayer:Playb( 3540): type=1400 audit(0.0:351049): avc: denied { read } for name="u:object_r:vendor_audio_prop:s0" dev="tmpfs" ino=17563 scontext=u:r:untrusted_app:s0:c121,c261,c512,c768 tcontext=u:object_r:vendor_audio_prop:s0 tclass=file permissive=0
10-30 20:37:26.470 I/chatty  ( 3540): uid=1036(auditd) com.vitrinedecraques.app identical 2 lines
10-30 20:37:26.470 W/ExoPlayer:Playb( 3540): type=1400 audit(0.0:351052): avc: denied { read } for name="u:object_r:vendor_audio_prop:s0" dev="tmpfs" ino=17563 scontext=u:r:untrusted_app:s0:c121,c261,c512,c768 tcontext=u:object_r:vendor_audio_prop:s0 tclass=file permissive=0
10-30 20:37:26.470 W/ExoPlayer:Playb( 3540): type=1400 audit(0.0:351053): avc: denied { read } for name="u:object_r:vendor_audio_prop:s0" dev="tmpfs" ino=17563 scontext=u:r:untrusted_app:s0:c121,c261,c512,c768 tcontext=u:object_r:vendor_audio_prop:s0 tclass=file permissive=0
10-30 20:37:26.483 I/OMXClient( 3540): IOmx service obtained
10-30 20:37:26.506 I/OMXClient( 3540): IOmx service obtained
10-30 20:37:26.519 I/OMXClient( 3540): IOmx service obtained
10-30 20:37:26.531 I/OMXClient( 3540): IOmx service obtained
10-30 20:37:26.537 I/OMXClient( 3540): IOmx service obtained
10-30 20:37:26.677 I/OMXClient( 3540): IOmx service obtained
10-30 20:37:26.688 I/OMXClient( 3540): IOmx service obtained
10-30 20:37:26.702 I/OMXClient( 3540): IOmx service obtained
10-30 20:37:26.708 I/OMXClient( 3540): IOmx service obtained
10-30 20:37:26.731 I/OMXClient( 3540): IOmx service obtained
10-30 20:37:26.738 I/OMXClient( 3540): IOmx service obtained
10-30 20:37:26.745 I/OMXClient( 3540): IOmx service obtained
10-30 20:37:26.760 W/OMXUtils( 3540): do not know color format 0x7fa30c04 = 2141391876
10-30 20:37:26.761 W/OMXUtils( 3540): do not know color format 0x7f000789 = 2130708361
10-30 20:37:26.768 I/OMXClient( 3540): IOmx service obtained
10-30 20:37:26.772 W/OMXUtils( 3540): do not know color format 0x7f000789 = 2130708361
10-30 20:37:26.776 I/OMXClient( 3540): IOmx service obtained
10-30 20:37:26.790 W/OMXUtils( 3540): do not know color format 0x7fa30c04 = 2141391876
10-30 20:37:26.790 W/OMXUtils( 3540): do not know color format 0x7f000789 = 2130708361
10-30 20:37:26.795 I/OMXClient( 3540): IOmx service obtained
10-30 20:37:26.800 W/OMXUtils( 3540): do not know color format 0x7f000789 = 2130708361
10-30 20:37:26.804 I/OMXClient( 3540): IOmx service obtained
10-30 20:37:26.812 W/OMXUtils( 3540): do not know color format 0x7fa30c04 = 2141391876
10-30 20:37:26.812 W/OMXUtils( 3540): do not know color format 0x7f000789 = 2130708361
10-30 20:37:26.817 I/OMXClient( 3540): IOmx service obtained
10-30 20:37:26.819 W/OMXUtils( 3540): do not know color format 0x7f000789 = 2130708361
10-30 20:37:26.822 I/OMXClient( 3540): IOmx service obtained
10-30 20:37:26.826 W/OMXUtils( 3540): do not know color format 0x7f000789 = 2130708361
10-30 20:37:26.851 I/Codec2Client( 3540): Available Codec2 services: "software"
10-30 20:37:26.851 I/Codec2Client( 3540): Creating a Codec2 client to service "software"
10-30 20:37:26.874 I/Codec2Client( 3540): Client to Codec2 service "software" created
10-30 20:37:26.937 I/MediaCodecsXmlParser( 3540): limit: max-channel-count = 2
10-30 20:37:26.937 I/MediaCodecsXmlParser( 3540): limit: sample-rate-ranges = 8000,11025,12000,16000,22050,24000,32000,44100,48000
10-30 20:37:26.937 I/MediaCodecsXmlParser( 3540): limit: bitrate-range = 8000-320000
10-30 20:37:26.938 I/MediaCodecsXmlParser( 3540): limit: max-channel-count = 1
10-30 20:37:26.938 I/MediaCodecsXmlParser( 3540): limit: sample-rate-ranges = 8000
10-30 20:37:26.938 I/MediaCodecsXmlParser( 3540): limit: bitrate-range = 4750-12200
10-30 20:37:26.938 I/MediaCodecsXmlParser( 3540): limit: max-channel-count = 1
10-30 20:37:26.938 I/MediaCodecsXmlParser( 3540): limit: sample-rate-ranges = 16000
10-30 20:37:26.938 I/MediaCodecsXmlParser( 3540): limit: bitrate-range = 6600-23850
10-30 20:37:26.938 I/MediaCodecsXmlParser( 3540): limit: max-channel-count = 8
10-30 20:37:26.938 I/MediaCodecsXmlParser( 3540): limit: sample-rate-ranges = 7350,8000,11025,12000,16000,22050,24000,32000,44100,48000
10-30 20:37:26.938 I/MediaCodecsXmlParser( 3540): limit: bitrate-range = 8000-960000
10-30 20:37:26.938 I/MediaCodecsXmlParser( 3540): limit: max-channel-count = 1
10-30 20:37:26.938 I/MediaCodecsXmlParser( 3540): limit: sample-rate-ranges = 8000-48000
10-30 20:37:26.938 I/MediaCodecsXmlParser( 3540): limit: bitrate-range = 64000
10-30 20:37:26.938 I/MediaCodecsXmlParser( 3540): limit: max-channel-count = 1
10-30 20:37:26.938 I/MediaCodecsXmlParser( 3540): limit: sample-rate-ranges = 8000-48000
10-30 20:37:26.938 I/MediaCodecsXmlParser( 3540): limit: bitrate-range = 64000
10-30 20:37:26.938 I/MediaCodecsXmlParser( 3540): limit: max-channel-count = 8
10-30 20:37:26.938 I/MediaCodecsXmlParser( 3540): limit: sample-rate-ranges = 8000-96000
10-30 20:37:26.938 I/MediaCodecsXmlParser( 3540): limit: bitrate-range = 32000-500000
10-30 20:37:26.938 I/MediaCodecsXmlParser( 3540): limit: max-channel-count = 8
10-30 20:37:26.938 I/MediaCodecsXmlParser( 3540): limit: sample-rate-ranges = 48000
10-30 20:37:26.938 I/MediaCodecsXmlParser( 3540): limit: bitrate-range = 6000-510000
10-30 20:37:26.938 I/MediaCodecsXmlParser( 3540): limit: max-channel-count = 8
10-30 20:37:26.938 I/MediaCodecsXmlParser( 3540): limit: sample-rate-ranges = 8000-96000
10-30 20:37:26.938 I/MediaCodecsXmlParser( 3540): limit: bitrate-range = 1-10000000
10-30 20:37:26.938 I/MediaCodecsXmlParser( 3540): limit: max-channel-count = 8
10-30 20:37:26.938 I/MediaCodecsXmlParser( 3540): limit: sample-rate-ranges = 1-655350
10-30 20:37:26.938 I/MediaCodecsXmlParser( 3540): limit: bitrate-range = 1-21000000
10-30 20:37:26.938 I/MediaCodecsXmlParser( 3540): limit: max-channel-count = 1
10-30 20:37:26.938 I/MediaCodecsXmlParser( 3540): limit: sample-rate-ranges = 8000
10-30 20:37:26.938 I/MediaCodecsXmlParser( 3540): limit: bitrate-range = 13000
10-30 20:37:26.938 I/MediaCodecsXmlParser( 3540): limit: size-range = 2x2-352x288
10-30 20:37:26.938 I/MediaCodecsXmlParser( 3540): limit: alignment = 2x2
10-30 20:37:26.938 I/MediaCodecsXmlParser( 3540): limit: block-size = 16x16
10-30 20:37:26.939 I/MediaCodecsXmlParser( 3540): limit: blocks-per-second-range = 12-11880
10-30 20:37:26.939 I/MediaCodecsXmlParser( 3540): limit: bitrate-range = 1-384000
10-30 20:37:26.939 I/MediaCodecsXmlParser( 3540): limit: feature-adaptive-playback = 0
10-30 20:37:26.939 I/MediaCodecsXmlParser( 3540): limit: size-range = 2x2-352x288
10-30 20:37:26.939 I/MediaCodecsXmlParser( 3540): limit: alignment = 2x2
10-30 20:37:26.939 I/MediaCodecsXmlParser( 3540): limit: bitrate-range = 1-384000
10-30 20:37:26.939 I/MediaCodecsXmlParser( 3540): limit: feature-adaptive-playback = 0
10-30 20:37:26.939 I/MediaCodecsXmlParser( 3540): limit: alignment = 2x2
10-30 20:37:26.939 I/MediaCodecsXmlParser( 3540): limit: block-size = 16x16
10-30 20:37:26.939 I/MediaCodecsXmlParser( 3540): limit: size-range = 2x2-4080x4080
10-30 20:37:26.939 I/MediaCodecsXmlParser( 3540): limit: block-count-range = 1-32768
10-30 20:37:26.939 I/MediaCodecsXmlParser( 3540): limit: blocks-per-second-range = 1-1966080
10-30 20:37:26.939 I/MediaCodecsXmlParser( 3540): limit: bitrate-range = 1-48000000
10-30 20:37:26.939 I/MediaCodecsXmlParser( 3540): limit: size-range = 2x2-2048x2048
10-30 20:37:26.939 I/MediaCodecsXmlParser( 3540): limit: block-count-range = 1-16384
10-30 20:37:26.939 I/MediaCodecsXmlParser( 3540): limit: blocks-per-second-range = 1-491520
10-30 20:37:26.939 I/MediaCodecsXmlParser( 3540): limit: bitrate-range = 1-40000000
10-30 20:37:26.939 I/MediaCodecsXmlParser( 3540): limit: feature-adaptive-playback = 0
10-30 20:37:26.939 I/MediaCodecsXmlParser( 3540): limit: alignment = 2x2
10-30 20:37:26.939 I/MediaCodecsXmlParser( 3540): limit: block-size = 8x8
10-30 20:37:26.939 I/MediaCodecsXmlParser( 3540): limit: size-range = 2x2-4096x4096
10-30 20:37:26.939 I/MediaCodecsXmlParser( 3540): limit: block-count-range = 1-196608
10-30 20:37:26.939 I/MediaCodecsXmlParser( 3540): limit: blocks-per-second-range = 1-2000000
10-30 20:37:26.939 I/MediaCodecsXmlParser( 3540): limit: bitrate-range = 1-10000000
10-30 20:37:26.939 I/MediaCodecsXmlParser( 3540): limit: size-range = 2x2-2048x2048
10-30 20:37:26.939 I/MediaCodecsXmlParser( 3540): limit: block-count-range = 1-65536
10-30 20:37:26.939 I/MediaCodecsXmlParser( 3540): limit: blocks-per-second-range = 1-491520
10-30 20:37:26.939 I/MediaCodecsXmlParser( 3540): limit: bitrate-range = 1-5000000
10-30 20:37:26.939 I/MediaCodecsXmlParser( 3540): limit: feature-adaptive-playback = 0
10-30 20:37:26.939 I/MediaCodecsXmlParser( 3540): limit: size-range = 2x2-2048x2048
10-30 20:37:26.939 I/MediaCodecsXmlParser( 3540): limit: alignment = 2x2
10-30 20:37:26.939 I/MediaCodecsXmlParser( 3540): limit: block-size = 16x16
10-30 20:37:26.939 I/MediaCodecsXmlParser( 3540): limit: block-count-range = 1-16384
10-30 20:37:26.939 I/MediaCodecsXmlParser( 3540): limit: blocks-per-second-range = 1-1000000
10-30 20:37:26.939 I/MediaCodecsXmlParser( 3540): limit: bitrate-range = 1-40000000
10-30 20:37:26.939 I/MediaCodecsXmlParser( 3540): limit: block-count-range = 1-8192
10-30 20:37:26.940 I/MediaCodecsXmlParser( 3540): limit: blocks-per-second-range = 1-1000000
10-30 20:37:26.940 I/MediaCodecsXmlParser( 3540): limit: bitrate-range = 1-40000000
10-30 20:37:26.940 I/MediaCodecsXmlParser( 3540): limit: feature-adaptive-playback = 0
10-30 20:37:26.940 I/chatty  ( 3540): uid=11401(com.vitrinedecraques.app) ExoPlayer:Playb identical 1 line
10-30 20:37:26.940 E/libc    ( 3540): Access denied finding property "vendor.sys.media.target.version"
10-30 20:37:26.940 I/MediaCodecsXmlParser( 3540): getVendorXmlPath (/vendor/etc/media_codecs_vendor.xml)
10-30 20:37:26.941 I/MediaCodecsXmlParser( 3540): limit: max-channel-count = 2
10-30 20:37:26.941 I/MediaCodecsXmlParser( 3540): limit: sample-rate-ranges = 8000,11025,12000,16000,22050,24000,32000,44100,48000
10-30 20:37:26.941 I/MediaCodecsXmlParser( 3540): limit: bitrate-range = 8000-320000
10-30 20:37:26.941 I/MediaCodecsXmlParser( 3540): limit: max-channel-count = 1
10-30 20:37:26.941 I/MediaCodecsXmlParser( 3540): limit: sample-rate-ranges = 8000
10-30 20:37:26.941 I/MediaCodecsXmlParser( 3540): limit: bitrate-range = 4750-12200
10-30 20:37:26.941 I/MediaCodecsXmlParser( 3540): limit: max-channel-count = 1
10-30 20:37:26.941 I/MediaCodecsXmlParser( 3540): limit: sample-rate-ranges = 16000
10-30 20:37:26.941 I/MediaCodecsXmlParser( 3540): limit: bitrate-range = 6600-23850
10-30 20:37:26.941 I/MediaCodecsXmlParser( 3540): limit: max-channel-count = 8
10-30 20:37:26.941 I/MediaCodecsXmlParser( 3540): limit: sample-rate-ranges = 7350,8000,11025,12000,16000,22050,24000,32000,44100,48000
10-30 20:37:26.941 I/MediaCodecsXmlParser( 3540): limit: bitrate-range = 8000-960000
10-30 20:37:26.941 I/MediaCodecsXmlParser( 3540): limit: max-channel-count = 1
10-30 20:37:26.941 I/MediaCodecsXmlParser( 3540): limit: sample-rate-ranges = 8000-48000
10-30 20:37:26.941 I/MediaCodecsXmlParser( 3540): limit: bitrate-range = 64000
10-30 20:37:26.941 I/MediaCodecsXmlParser( 3540): limit: max-channel-count = 1
10-30 20:37:26.941 I/MediaCodecsXmlParser( 3540): limit: sample-rate-ranges = 8000-48000
10-30 20:37:26.941 I/MediaCodecsXmlParser( 3540): limit: bitrate-range = 64000
10-30 20:37:26.941 I/MediaCodecsXmlParser( 3540): limit: max-channel-count = 8
10-30 20:37:26.941 I/MediaCodecsXmlParser( 3540): limit: sample-rate-ranges = 8000-96000
10-30 20:37:26.941 I/MediaCodecsXmlParser( 3540): limit: bitrate-range = 32000-500000
10-30 20:37:26.941 I/MediaCodecsXmlParser( 3540): limit: max-channel-count = 8
10-30 20:37:26.941 I/MediaCodecsXmlParser( 3540): limit: sample-rate-ranges = 48000
10-30 20:37:26.942 I/MediaCodecsXmlParser( 3540): limit: bitrate-range = 6000-510000
10-30 20:37:26.942 I/MediaCodecsXmlParser( 3540): limit: max-channel-count = 8
10-30 20:37:26.942 I/MediaCodecsXmlParser( 3540): limit: sample-rate-ranges = 8000-192000
10-30 20:37:26.942 I/MediaCodecsXmlParser( 3540): limit: bitrate-range = 1-10000000
10-30 20:37:26.942 I/MediaCodecsXmlParser( 3540): limit: max-channel-count = 8
10-30 20:37:26.942 I/MediaCodecsXmlParser( 3540): limit: sample-rate-ranges = 1-655350
10-30 20:37:26.942 I/MediaCodecsXmlParser( 3540): limit: bitrate-range = 1-21000000
10-30 20:37:26.942 I/MediaCodecsXmlParser( 3540): limit: max-channel-count = 6
10-30 20:37:26.942 I/MediaCodecsXmlParser( 3540): limit: sample-rate-ranges = 8000,11025,12000,16000,22050,24000,32000,44100,48000
10-30 20:37:26.942 I/MediaCodecsXmlParser( 3540): limit: bitrate-range = 8000-960000
10-30 20:37:26.942 I/MediaCodecsXmlParser( 3540): limit: max-channel-count = 1
10-30 20:37:26.942 I/MediaCodecsXmlParser( 3540): limit: sample-rate-ranges = 8000
10-30 20:37:26.942 I/MediaCodecsXmlParser( 3540): limit: bitrate-range = 4750-12200
10-30 20:37:26.942 I/MediaCodecsXmlParser( 3540): limit: feature-bitrate-modes = CBR
10-30 20:37:26.942 I/MediaCodecsXmlParser( 3540): limit: max-channel-count = 1
10-30 20:37:26.942 I/MediaCodecsXmlParser( 3540): limit: sample-rate-ranges = 16000
10-30 20:37:26.942 I/MediaCodecsXmlParser( 3540): limit: bitrate-range = 6600-23850
10-30 20:37:26.942 I/MediaCodecsXmlParser( 3540): limit: feature-bitrate-modes = CBR
10-30 20:37:26.942 I/MediaCodecsXmlParser( 3540): limit: max-channel-count = 2
10-30 20:37:26.942 I/MediaCodecsXmlParser( 3540): limit: sample-rate-ranges = 1-655350
10-30 20:37:26.942 I/MediaCodecsXmlParser( 3540): limit: bitrate-range = 1-21000000
10-30 20:37:26.942 I/MediaCodecsXmlParser( 3540): limit: complexity-default = 5
10-30 20:37:26.942 I/MediaCodecsXmlParser( 3540): limit: complexity-range = 0-8
10-30 20:37:26.942 I/MediaCodecsXmlParser( 3540): limit: feature-bitrate-modes = CQ
10-30 20:37:26.942 I/MediaCodecsXmlParser( 3540): limit: max-concurrent-instances = 10
10-30 20:37:26.942 I/MediaCodecsXmlParser( 3540): limit: max-channel-count = 1
10-30 20:37:26.942 I/MediaCodecsXmlParser( 3540): limit: sample-rate-ranges = 8000
10-30 20:37:26.943 I/MediaCodecsXmlParser( 3540): limit: bitrate-range = 13000
10-30 20:37:26.943 I/MediaCodecsXmlParser( 3540): limit: size-range = 96x96-1920x1088
10-30 20:37:26.943 I/MediaCodecsXmlParser( 3540): limit: alignment = 2x2
10-30 20:37:26.943 I/MediaCodecsXmlParser( 3540): limit: block-size = 16x16
10-30 20:37:26.943 I/MediaCodecsXmlParser( 3540): limit: blocks-per-second-range = 1-244800
10-30 20:37:26.943 I/MediaCodecsXmlParser( 3540): limit: bitrate-range = 1-20000000
10-30 20:37:26.943 I/MediaCodecsXmlParser( 3540): limit: max-concurrent-instances = 8
10-30 20:37:26.943 I/MediaCodecsXmlParser( 3540): limit: feature-can-swap-width-height = 0
10-30 20:37:26.943 I/MediaCodecsXmlParser( 3540): limit: performance-point-1920x1088-range = 30-30
10-30 20:37:26.943 I/MediaCodecsXmlParser( 3540): limit: size-range = 32x32-864x480
10-30 20:37:26.943 I/MediaCodecsXmlParser( 3540): limit: alignment = 2x2
10-30 20:37:26.943 I/MediaCodecsXmlParser( 3540): limit: block-size = 16x16
10-30 20:37:26.943 I/MediaCodecsXmlParser( 3540): limit: blocks-per-second-range = 1-48600
10-30 20:37:26.943 I/MediaCodecsXmlParser( 3540): limit: bitrate-range = 1-2000000
10-30 20:37:26.943 I/MediaCodecsXmlParser( 3540): limit: max-concurrent-instances = 16
10-30 20:37:26.943 I/MediaCodecsXmlParser( 3540): limit: performance-point-720x480-range = 30-30
10-30 20:37:26.943 I/MediaCodecsXmlParser( 3540): limit: performance-point-720x576-range = 25-25
10-30 20:37:26.943 I/MediaCodecsXmlParser( 3540): limit: size-range = 32x32-864x480
10-30 20:37:26.943 I/MediaCodecsXmlParser( 3540): limit: alignment = 4x4
10-30 20:37:26.943 I/MediaCodecsXmlParser( 3540): limit: block-size = 16x16
10-30 20:37:26.943 I/MediaCodecsXmlParser( 3540): limit: blocks-per-second-range = 1-48600
10-30 20:37:26.943 I/MediaCodecsXmlParser( 3540): limit: bitrate-range = 1-2000000
10-30 20:37:26.943 I/MediaCodecsXmlParser( 3540): limit: max-concurrent-instances = 16
10-30 20:37:26.943 I/MediaCodecsXmlParser( 3540): limit: performance-point-720x480-range = 30-30
10-30 20:37:26.943 I/MediaCodecsXmlParser( 3540): limit: performance-point-720x576-range = 25-25
10-30 20:37:26.943 I/MediaCodecsXmlParser( 3540): limit: size-range = 64x64-1920x1088
10-30 20:37:26.943 I/MediaCodecsXmlParser( 3540): limit: alignment = 2x2
10-30 20:37:26.943 I/MediaCodecsXmlParser( 3540): limit: block-size = 16x16
10-30 20:37:26.943 I/MediaCodecsXmlParser( 3540): limit: blocks-per-second-range = 1-244800
10-30 20:37:26.943 I/MediaCodecsXmlParser( 3540): limit: bitrate-range = 1-20000000
10-30 20:37:26.943 I/MediaCodecsXmlParser( 3540): limit: feature-adaptive-playback = 0
10-30 20:37:26.943 I/MediaCodecsXmlParser( 3540): limit: max-concurrent-instances = 8
10-30 20:37:26.943 I/MediaCodecsXmlParser( 3540): limit: feature-can-swap-width-height = 0
10-30 20:37:26.943 I/MediaCodecsXmlParser( 3540): limit: performance-point-1920x1088-range = 30-30
10-30 20:37:26.943 I/MediaCodecsXmlParser( 3540): limit: size-range = 64x64-1920x1088
10-30 20:37:26.943 I/MediaCodecsXmlParser( 3540): limit: alignment = 2x2
10-30 20:37:26.943 I/MediaCodecsXmlParser( 3540): limit: block-size = 16x16
10-30 20:37:26.944 I/MediaCodecsXmlParser( 3540): limit: blocks-per-second-range = 1-244800
10-30 20:37:26.944 I/MediaCodecsXmlParser( 3540): limit: bitrate-range = 1-20000000
10-30 20:37:26.944 I/MediaCodecsXmlParser( 3540): limit: feature-adaptive-playback = 0
10-30 20:37:26.944 I/MediaCodecsXmlParser( 3540): limit: max-concurrent-instances = 8
10-30 20:37:26.944 I/MediaCodecsXmlParser( 3540): limit: performance-point-1920x1088-range = 30-30
10-30 20:37:26.944 I/MediaCodecsXmlParser( 3540): limit: size-range = 64x64-1920x1088
10-30 20:37:26.944 I/MediaCodecsXmlParser( 3540): limit: alignment = 2x2
10-30 20:37:26.944 I/MediaCodecsXmlParser( 3540): limit: block-size = 16x16
10-30 20:37:26.944 I/MediaCodecsXmlParser( 3540): limit: blocks-per-second-range = 1-244800
10-30 20:37:26.944 I/MediaCodecsXmlParser( 3540): limit: bitrate-range = 1-20000000
10-30 20:37:26.944 I/MediaCodecsXmlParser( 3540): limit: feature-adaptive-playback = 0
10-30 20:37:26.944 I/MediaCodecsXmlParser( 3540): limit: max-concurrent-instances = 8
10-30 20:37:26.944 I/MediaCodecsXmlParser( 3540): limit: performance-point-1920x1088-range = 30-30
10-30 20:37:26.944 I/MediaCodecsXmlParser( 3540): limit: size-range = 16x16-1920x1088
10-30 20:37:26.944 I/MediaCodecsXmlParser( 3540): limit: alignment = 2x2
10-30 20:37:26.944 I/MediaCodecsXmlParser( 3540): limit: block-size = 16x16
10-30 20:37:26.944 I/MediaCodecsXmlParser( 3540): limit: blocks-per-second-range = 1-244800
10-30 20:37:26.944 I/MediaCodecsXmlParser( 3540): limit: bitrate-range = 1-6000000
10-30 20:37:26.944 I/MediaCodecsXmlParser( 3540): limit: max-concurrent-instances = 16
10-30 20:37:26.944 I/MediaCodecsXmlParser( 3540): limit: performance-point-1920x1088-range = 30-30
10-30 20:37:26.944 I/MediaCodecsXmlParser( 3540): limit: size-range = 16x16-1920x1088
10-30 20:37:26.944 I/MediaCodecsXmlParser( 3540): limit: alignment = 2x2
10-30 20:37:26.944 I/MediaCodecsXmlParser( 3540): limit: block-size = 16x16
10-30 20:37:26.944 I/MediaCodecsXmlParser( 3540): limit: blocks-per-second-range = 1-244800
10-30 20:37:26.944 I/MediaCodecsXmlParser( 3540): limit: bitrate-range = 1-6000000
10-30 20:37:26.944 I/MediaCodecsXmlParser( 3540): limit: max-concurrent-instances = 16
10-30 20:37:26.944 I/MediaCodecsXmlParser( 3540): limit: performance-point-1920x1088-range = 30-30
10-30 20:37:26.944 I/MediaCodecsXmlParser( 3540): limit: size-range = 16x16-1920x1088
10-30 20:37:26.944 I/MediaCodecsXmlParser( 3540): limit: alignment = 2x2
10-30 20:37:26.944 I/MediaCodecsXmlParser( 3540): limit: block-size = 16x16
10-30 20:37:26.944 I/MediaCodecsXmlParser( 3540): limit: blocks-per-second-range = 1-244800
10-30 20:37:26.944 I/MediaCodecsXmlParser( 3540): limit: bitrate-range = 1-6000000
10-30 20:37:26.944 I/MediaCodecsXmlParser( 3540): limit: max-concurrent-instances = 16
10-30 20:37:26.944 I/MediaCodecsXmlParser( 3540): limit: performance-point-1920x1088-range = 30-30
10-30 20:37:26.944 I/MediaCodecsXmlParser( 3540): limit: size-range = 16x16-1920x1088
10-30 20:37:26.944 I/MediaCodecsXmlParser( 3540): limit: alignment = 2x2
10-30 20:37:26.944 I/MediaCodecsXmlParser( 3540): limit: block-size = 16x16
10-30 20:37:26.944 I/MediaCodecsXmlParser( 3540): limit: blocks-per-second-range = 1-244800
10-30 20:37:26.944 I/MediaCodecsXmlParser( 3540): limit: bitrate-range = 1-6000000
10-30 20:37:26.944 I/MediaCodecsXmlParser( 3540): limit: max-concurrent-instances = 16
10-30 20:37:26.944 I/MediaCodecsXmlParser( 3540): limit: performance-point-1920x1088-range = 30-30
10-30 20:37:26.945 I/MediaCodecsXmlParser( 3540): limit: size-range = 16x16-864x480
10-30 20:37:26.945 I/MediaCodecsXmlParser( 3540): limit: alignment = 4x4
10-30 20:37:26.945 I/MediaCodecsXmlParser( 3540): limit: block-size = 16x16
10-30 20:37:26.945 I/MediaCodecsXmlParser( 3540): limit: blocks-per-second-range = 1-48600
10-30 20:37:26.945 I/MediaCodecsXmlParser( 3540): limit: bitrate-range = 1-2000000
10-30 20:37:26.945 I/MediaCodecsXmlParser( 3540): limit: max-concurrent-instances = 16
10-30 20:37:26.945 I/MediaCodecsXmlParser( 3540): limit: performance-point-720x480-range = 30-30
10-30 20:37:26.945 I/MediaCodecsXmlParser( 3540): limit: performance-point-720x576-range = 25-25
10-30 20:37:26.945 I/MediaCodecsXmlParser( 3540): limit: size-range = 2x2-2048x2048
10-30 20:37:26.945 I/MediaCodecsXmlParser( 3540): limit: alignment = 2x2
10-30 20:37:26.945 I/MediaCodecsXmlParser( 3540): limit: block-size = 8x8
10-30 20:37:26.945 I/MediaCodecsXmlParser( 3540): limit: block-count-range = 1-65536
10-30 20:37:26.945 I/MediaCodecsXmlParser( 3540): limit: blocks-per-second-range = 1-491520
10-30 20:37:26.945 I/MediaCodecsXmlParser( 3540): limit: bitrate-range = 1-5000000
10-30 20:37:26.945 I/MediaCodecsXmlParser( 3540): limit: size-range = 2x2-2048x2048
10-30 20:37:26.945 I/MediaCodecsXmlParser( 3540): limit: alignment = 2x2
10-30 20:37:26.945 I/MediaCodecsXmlParser( 3540): limit: block-size = 16x16
10-30 20:37:26.945 I/MediaCodecsXmlParser( 3540): limit: block-count-range = 1-16384
10-30 20:37:26.945 I/MediaCodecsXmlParser( 3540): limit: blocks-per-second-range = 1-491520
10-30 20:37:26.945 I/MediaCodecsXmlParser( 3540): limit: bitrate-range = 1-40000000
10-30 20:37:26.945 I/MediaCodecsXmlParser( 3540): limit: feature-adaptive-playback = 0
10-30 20:37:26.945 I/MediaCodecsXmlParser( 3540): limit: size-range = 2x2-352x288
10-30 20:37:26.945 I/MediaCodecsXmlParser( 3540): limit: alignment = 2x2
10-30 20:37:26.945 I/MediaCodecsXmlParser( 3540): limit: block-size = 16x16
10-30 20:37:26.945 I/MediaCodecsXmlParser( 3540): limit: blocks-per-second-range = 12-11880
10-30 20:37:26.945 I/MediaCodecsXmlParser( 3540): limit: bitrate-range = 1-384000
10-30 20:37:26.945 I/MediaCodecsXmlParser( 3540): limit: feature-adaptive-playback = 0
10-30 20:37:26.945 I/MediaCodecsXmlParser( 3540): limit: size-range = 2x2-352x288
10-30 20:37:26.945 I/MediaCodecsXmlParser( 3540): limit: alignment = 2x2
10-30 20:37:26.946 I/MediaCodecsXmlParser( 3540): limit: bitrate-range = 1-384000
10-30 20:37:26.946 I/MediaCodecsXmlParser( 3540): limit: feature-adaptive-playback = 0
10-30 20:37:26.946 I/MediaCodecsXmlParser( 3540): limit: size-range = 2x2-2048x2048
10-30 20:37:26.946 I/MediaCodecsXmlParser( 3540): limit: alignment = 2x2
10-30 20:37:26.946 I/MediaCodecsXmlParser( 3540): limit: block-size = 16x16
10-30 20:37:26.946 I/MediaCodecsXmlParser( 3540): limit: block-count-range = 1-16384
10-30 20:37:26.946 I/MediaCodecsXmlParser( 3540): limit: blocks-per-second-range = 1-108000
10-30 20:37:26.946 I/MediaCodecsXmlParser( 3540): limit: bitrate-range = 1-40000000
10-30 20:37:26.946 I/MediaCodecsXmlParser( 3540): limit: feature-adaptive-playback = 0
10-30 20:37:26.946 I/MediaCodecsXmlParser( 3540): limit: size-range = 2x2-2048x2048
10-30 20:37:26.946 I/MediaCodecsXmlParser( 3540): limit: alignment = 2x2
10-30 20:37:26.946 I/MediaCodecsXmlParser( 3540): limit: block-size = 8x8
10-30 20:37:26.946 I/MediaCodecsXmlParser( 3540): limit: block-count-range = 1-65536
10-30 20:37:26.946 I/MediaCodecsXmlParser( 3540): limit: blocks-per-second-range = 1-491520
10-30 20:37:26.946 I/MediaCodecsXmlParser( 3540): limit: bitrate-range = 1-5000000
10-30 20:37:26.946 I/MediaCodecsXmlParser( 3540): limit: feature-adaptive-playback = 0
10-30 20:37:26.946 I/MediaCodecsXmlParser( 3540): limit: size-range = 2x2-2048x2048
10-30 20:37:26.946 I/MediaCodecsXmlParser( 3540): limit: alignment = 2x2
10-30 20:37:26.946 I/MediaCodecsXmlParser( 3540): limit: block-size = 16x16
10-30 20:37:26.946 I/MediaCodecsXmlParser( 3540): limit: block-count-range = 1-8192
10-30 20:37:26.946 I/MediaCodecsXmlParser( 3540): limit: blocks-per-second-range = 1-500000
10-30 20:37:26.946 I/MediaCodecsXmlParser( 3540): limit: bitrate-range = 1-40000000
10-30 20:37:26.946 I/MediaCodecsXmlParser( 3540): limit: feature-adaptive-playback = 0
10-30 20:37:26.946 I/MediaCodecsXmlParser( 3540): limit: size-range = 2x2-1280x1280
10-30 20:37:26.946 I/MediaCodecsXmlParser( 3540): limit: alignment = 2x2
10-30 20:37:26.946 I/MediaCodecsXmlParser( 3540): limit: block-size = 16x16
10-30 20:37:26.946 I/MediaCodecsXmlParser( 3540): limit: block-count-range = 1-3600
10-30 20:37:26.946 I/MediaCodecsXmlParser( 3540): limit: blocks-per-second-range = 1-108000
10-30 20:37:26.946 I/MediaCodecsXmlParser( 3540): limit: bitrate-range = 1-5000000
10-30 20:37:26.946 I/MediaCodecsXmlParser( 3540): limit: feature-adaptive-playback = 0
10-30 20:37:26.946 I/MediaCodecsXmlParser( 3540): limit: size-range = 176x144-176x144
10-30 20:37:26.946 I/MediaCodecsXmlParser( 3540): limit: alignment = 16x16
10-30 20:37:26.946 I/MediaCodecsXmlParser( 3540): limit: bitrate-range = 1-128000
10-30 20:37:26.946 I/MediaCodecsXmlParser( 3540): limit: size-range = 16x16-1808x1808
10-30 20:37:26.946 I/MediaCodecsXmlParser( 3540): limit: alignment = 2x2
10-30 20:37:26.946 I/MediaCodecsXmlParser( 3540): limit: block-size = 16x16
10-30 20:37:26.946 I/MediaCodecsXmlParser( 3540): limit: block-count-range = 1-1620
10-30 20:37:26.946 I/MediaCodecsXmlParser( 3540): limit: blocks-per-second-range = 1-40500
10-30 20:37:26.946 I/MediaCodecsXmlParser( 3540): limit: bitrate-range = 1-2000000
10-30 20:37:26.946 I/MediaCodecsXmlParser( 3540): limit: feature-intra-refresh = 0
10-30 20:37:26.946 I/MediaCodecsXmlParser( 3540): limit: size-range = 16x16-176x144
10-30 20:37:26.946 I/MediaCodecsXmlParser( 3540): limit: alignment = 16x16
10-30 20:37:26.947 I/MediaCodecsXmlParser( 3540): limit: block-size = 16x16
10-30 20:37:26.947 I/MediaCodecsXmlParser( 3540): limit: blocks-per-second-range = 12-1485
10-30 20:37:26.947 I/MediaCodecsXmlParser( 3540): limit: bitrate-range = 1-64000
10-30 20:37:26.947 I/MediaCodecsXmlParser( 3540): limit: size-range = 2x2-1280x1280
10-30 20:37:26.947 I/MediaCodecsXmlParser( 3540): limit: alignment = 2x2
10-30 20:37:26.947 I/MediaCodecsXmlParser( 3540): limit: block-size = 16x16
10-30 20:37:26.947 I/MediaCodecsXmlParser( 3540): limit: block-count-range = 1-3600
10-30 20:37:26.947 I/MediaCodecsXmlParser( 3540): limit: bitrate-range = 1-20000000
10-30 20:37:26.947 I/MediaCodecsXmlParser( 3540): limit: feature-bitrate-modes = VBR,CBR
10-30 20:37:26.947 E/libc    ( 3540): Access denied finding property "vendor.sys.media.target.version"
10-30 20:37:26.947 I/MediaCodecsXmlParser( 3540): getVendorXmlPath (/vendor/etc/media_codecs_performance.xml)
10-30 20:37:26.948 I/MediaCodecsXmlParser( 3540): limit: measured-frame-rate-320x240-range = 377-377
10-30 20:37:26.948 I/MediaCodecsXmlParser( 3540): limit: measured-frame-rate-720x480-range = 113-113
10-30 20:37:26.948 I/MediaCodecsXmlParser( 3540): limit: measured-frame-rate-1280x720-range = 33-33
10-30 20:37:26.948 I/MediaCodecsXmlParser( 3540): limit: measured-frame-rate-1920x1080-range = 18-18
10-30 20:37:26.948 I/MediaCodecsXmlParser( 3540): limit: measured-frame-rate-176x144-range = 160-160
10-30 20:37:26.948 I/MediaCodecsXmlParser( 3540): limit: measured-frame-rate-352x288-range = 86-86
10-30 20:37:26.948 I/MediaCodecsXmlParser( 3540): limit: measured-frame-rate-176x144-range = 179-179
10-30 20:37:26.948 I/MediaCodecsXmlParser( 3540): limit: measured-frame-rate-352x288-range = 84-84
10-30 20:37:26.948 I/MediaCodecsXmlParser( 3540): limit: measured-frame-rate-640x480-range = 54-54
10-30 20:37:26.948 I/MediaCodecsXmlParser( 3540): limit: measured-frame-rate-320x240-range = 208-208
10-30 20:37:26.948 I/MediaCodecsXmlParser( 3540): limit: measured-frame-rate-720x480-range = 98-98
10-30 20:37:26.948 I/MediaCodecsXmlParser( 3540): limit: measured-frame-rate-1280x720-range = 44-44
10-30 20:37:26.948 I/MediaCodecsXmlParser( 3540): limit: measured-frame-rate-1920x1080-range = 21-21
10-30 20:37:26.948 I/MediaCodecsXmlParser( 3540): limit: measured-frame-rate-176x144-range = 397-397
10-30 20:37:26.948 I/MediaCodecsXmlParser( 3540): limit: measured-frame-rate-176x144-range = 413-413
10-30 20:37:26.948 I/MediaCodecsXmlParser( 3540): limit: measured-frame-rate-320x180-range = 71-71
10-30 20:37:26.948 I/MediaCodecsXmlParser( 3540): limit: measured-frame-rate-640x360-range = 37-37
10-30 20:37:26.948 I/MediaCodecsXmlParser( 3540): limit: measured-frame-rate-1280x720-range = 21-21
10-30 20:37:26.948 I/MediaCodecsXmlParser( 3540): limit: measured-frame-rate-1920x1080-range = 12-12
10-30 20:37:26.948 I/MediaCodecsXmlParser( 3540): limit: measured-frame-rate-320x240-range = 396-405
10-30 20:37:26.948 I/MediaCodecsXmlParser( 3540): limit: measured-frame-rate-720x480-range = 280-280
10-30 20:37:26.948 I/MediaCodecsXmlParser( 3540): limit: measured-frame-rate-1280x720-range = 155-155
10-30 20:37:26.948 I/MediaCodecsXmlParser( 3540): limit: measured-frame-rate-1920x1088-range = 57-57
10-30 20:37:26.948 I/MediaCodecsXmlParser( 3540): limit: measured-frame-rate-1920x1080-range = 57-57
10-30 20:37:26.948 I/MediaCodecsXmlParser( 3540): limit: measured-frame-rate-352x288-range = 337-337
10-30 20:37:26.948 I/MediaCodecsXmlParser( 3540): limit: measured-frame-rate-640x360-range = 253-253
10-30 20:37:26.948 I/MediaCodecsXmlParser( 3540): limit: measured-frame-rate-720x480-range = 200-200
10-30 20:37:26.948 I/MediaCodecsXmlParser( 3540): limit: measured-frame-rate-1280x720-range = 91-91
10-30 20:37:26.948 I/MediaCodecsXmlParser( 3540): limit: measured-frame-rate-1920x1088-range = 63-63
10-30 20:37:26.948 I/MediaCodecsXmlParser( 3540): limit: measured-frame-rate-176x144-range = 392-394
10-30 20:37:26.949 I/MediaCodecsXmlParser( 3540): limit: measured-frame-rate-352x288-range = 251-251
10-30 20:37:26.949 I/MediaCodecsXmlParser( 3540): limit: measured-frame-rate-320x180-range = 360-360
10-30 20:37:26.949 I/MediaCodecsXmlParser( 3540): limit: measured-frame-rate-320x240-range = 659-659
10-30 20:37:26.949 I/MediaCodecsXmlParser( 3540): limit: measured-frame-rate-640x360-range = 370-370
10-30 20:37:26.949 I/MediaCodecsXmlParser( 3540): limit: measured-frame-rate-1280x720-range = 162-162
10-30 20:37:26.949 I/MediaCodecsXmlParser( 3540): limit: measured-frame-rate-1920x1080-range = 87-87
10-30 20:37:26.949 I/MediaCodecsXmlParser( 3540): limit: measured-frame-rate-480x360-range = 232-232
10-30 20:37:26.949 I/MediaCodecsXmlParser( 3540): limit: measured-frame-rate-176x144-range = 322-322
10-30 20:37:26.949 I/MediaCodecsXmlParser( 3540): limit: measured-frame-rate-320x240-range = 250-250
10-30 20:37:26.949 I/MediaCodecsXmlParser( 3540): limit: measured-frame-rate-720x480-range = 92-92
10-30 20:37:26.949 I/MediaCodecsXmlParser( 3540): limit: measured-frame-rate-1280x720-range = 35-35
10-30 20:37:26.949 I/MediaCodecsXmlParser( 3540): limit: measured-frame-rate-1920x1080-range = 15-15
10-30 20:37:26.949 I/MediaCodecsXmlParser( 3540): limit: measured-frame-rate-320x240-range = 122-122
10-30 20:37:26.949 I/MediaCodecsXmlParser( 3540): limit: measured-frame-rate-720x480-range = 68-68
10-30 20:37:26.949 I/MediaCodecsXmlParser( 3540): limit: measured-frame-rate-1280x720-range = 32-32
10-30 20:37:26.949 I/MediaCodecsXmlParser( 3540): limit: measured-frame-rate-1920x1080-range = 6-10
10-30 20:37:26.949 I/MediaCodecsXmlParser( 3540): limit: measured-frame-rate-352x288-range = 226-226
10-30 20:37:26.949 I/MediaCodecsXmlParser( 3540): limit: measured-frame-rate-640x360-range = 146-132
10-30 20:37:26.949 I/MediaCodecsXmlParser( 3540): limit: measured-frame-rate-720x480-range = 183-183
10-30 20:37:26.949 I/MediaCodecsXmlParser( 3540): limit: measured-frame-rate-1280x720-range = 83-83
10-30 20:37:26.949 I/MediaCodecsXmlParser( 3540): limit: measured-frame-rate-1920x1080-range = 11-11
10-30 20:37:26.949 I/MediaCodecsXmlParser( 3540): limit: measured-frame-rate-352x288-range = 170-180
10-30 20:37:26.949 I/MediaCodecsXmlParser( 3540): limit: measured-frame-rate-640x360-range = 89-89
10-30 20:37:26.949 I/MediaCodecsXmlParser( 3540): limit: measured-frame-rate-720x480-range = 73-73
10-30 20:37:26.949 I/MediaCodecsXmlParser( 3540): limit: measured-frame-rate-1280x720-range = 32-32
10-30 20:37:26.949 I/MediaCodecsXmlParser( 3540): limit: measured-frame-rate-1920x1080-range = 21-21
10-30 20:37:26.949 I/MediaCodecsXmlParser( 3540): limit: measured-frame-rate-176x144-range = 430-450
10-30 20:37:26.949 I/MediaCodecsXmlParser( 3540): limit: measured-frame-rate-176x144-range = 481-481
10-30 20:37:26.949 I/MediaCodecsXmlParser( 3540): limit: measured-frame-rate-176x144-range = 212-241
10-30 20:37:26.949 I/MediaCodecsXmlParser( 3540): limit: measured-frame-rate-352x288-range = 172-175
10-30 20:37:26.949 I/MediaCodecsXmlParser( 3540): limit: measured-frame-rate-176x144-range = 896-955
10-30 20:37:26.949 I/MediaCodecsXmlParser( 3540): limit: measured-frame-rate-352x288-range = 689-670
10-30 20:37:26.949 I/MediaCodecsXmlParser( 3540): limit: measured-frame-rate-320x240-range = 1330-1330
10-30 20:37:26.949 I/MediaCodecsXmlParser( 3540): limit: measured-frame-rate-320x180-range = 495-500
10-30 20:37:26.949 I/MediaCodecsXmlParser( 3540): limit: measured-frame-rate-640x360-range = 146-149
10-30 20:37:26.949 I/MediaCodecsXmlParser( 3540): limit: measured-frame-rate-1280x720-range = 31-31
10-30 20:37:26.950 I/MediaCodecsXmlParser( 3540): limit: measured-frame-rate-1920x1080-range = 12-13
10-30 20:37:26.950 I/MediaCodecsXmlParser( 3540): limit: measured-frame-rate-320x240-range = 330-381
10-30 20:37:26.950 I/MediaCodecsXmlParser( 3540): limit: measured-frame-rate-640x360-range = 139-185
10-30 20:37:26.950 I/MediaCodecsXmlParser( 3540): limit: measured-frame-rate-1280x720-range = 22-38
10-30 20:37:26.950 I/MediaCodecsXmlParser( 3540): limit: measured-frame-rate-1920x1080-range = 9-18
10-30 20:37:26.950 I/MediaCodecsXmlParser( 3540): limit: measured-frame-rate-320x180-range = 304-304
10-30 20:37:26.950 I/MediaCodecsXmlParser( 3540): limit: measured-frame-rate-320x240-range = 511-511
10-30 20:37:26.950 I/MediaCodecsXmlParser( 3540): limit: measured-frame-rate-640x360-range = 103-105
10-30 20:37:26.950 I/MediaCodecsXmlParser( 3540): limit: measured-frame-rate-1280x720-range = 53-53
10-30 20:37:26.950 I/MediaCodecsXmlParser( 3540): limit: measured-frame-rate-1920x1080-range = 29-31
10-30 20:37:26.953 W/VideoCapabilities( 3540): Unsupported mime video/divx
10-30 20:37:26.958 W/VideoCapabilities( 3540): Unsupported mime video/divx4
10-30 20:37:26.989 W/Utils   ( 3540): could not parse long range '146-132'
10-30 20:37:26.997 I/VideoCapabilities( 3540): Unsupported profile 4 for video/mp4v-es
10-30 20:37:27.002 W/nedecraques.ap( 3540): Long monitor contention with owner ExoPlayer:Playback (5437) at int android.media.MediaCodecList.native_getCodecCount()(MediaCodecList.java:-2) waiters=0 in java.util.List androidx.media3.exoplayer.mediacodec.MediaCodecUtil.getDecoderInfos(java.lang.String, boolean, boolean) for 2.814s
10-30 20:37:27.078 W/Looper  ( 3540): Slow Looper ExoPlayer:Playback: Long Msg: seq=684 plan=20:37:24.185  late=1ms wall=2890ms running=0ms h=android.os.Handler w=8
10-30 20:37:27.078 W/Looper  ( 3540): Slow Looper ExoPlayer:Playback: Long Msg: seq=348 plan=20:37:20.675  late=1ms wall=6400ms running=0ms h=android.os.Handler w=8
10-30 20:37:27.084 I/ServiceManager( 3540): Waiting for service 'media.resource_manager' on '/dev/binder'...
10-30 20:37:27.086 I/ServiceManager( 3540): Waiting for service 'media.resource_manager' on '/dev/binder'...
10-30 20:37:28.085 I/ServiceManager( 3540): Waiting for service 'media.resource_manager' on '/dev/binder'...
10-30 20:37:28.087 I/ServiceManager( 3540): Waiting for service 'media.resource_manager' on '/dev/binder'...
10-30 20:37:29.086 I/ServiceManager( 3540): Waiting for service 'media.resource_manager' on '/dev/binder'...
10-30 20:37:29.088 I/ServiceManager( 3540): Waiting for service 'media.resource_manager' on '/dev/binder'...
10-30 20:37:30.087 I/ServiceManager( 3540): Waiting for service 'media.resource_manager' on '/dev/binder'...
10-30 20:37:30.089 I/ServiceManager( 3540): Waiting for service 'media.resource_manager' on '/dev/binder'...
10-30 20:37:31.088 I/ServiceManager( 3540): Waiting for service 'media.resource_manager' on '/dev/binder'...
10-30 20:37:31.089 I/ServiceManager( 3540): Waiting for service 'media.resource_manager' on '/dev/binder'...
10-30 20:37:32.090 W/ServiceManager( 3540): Service media.resource_manager didn't start. Returning NULL
10-30 20:37:32.090 E/MediaCodec( 3540): Failed to get ResourceManagerService
10-30 20:37:32.091 W/ServiceManager( 3540): Service media.resource_manager didn't start. Returning NULL
10-30 20:37:32.091 E/MediaCodec( 3540): Failed to get ResourceManagerService
10-30 20:37:32.096 I/OMXClient( 3540): IOmx service obtained
10-30 20:37:32.099 I/OMXClient( 3540): IOmx service obtained
10-30 20:37:32.104 I/MediaCodec( 3540): [OMX.google.h264.decoder] setting surface generation to 3624961
10-30 20:37:32.104 I/MediaCodec( 3540): [OMX.google.h264.decoder] setting surface generation to 3624962
10-30 20:37:32.106 I/ACodec  ( 3540): codec does not support config priority (err -1010)
10-30 20:37:32.106 I/ACodec  ( 3540): codec does not support config priority (err -1010)
10-30 20:37:32.107 E/ACodec  ( 3540): [OMX.google.h264.decoder] setPortMode on output to DynamicANWBuffer failed w/ err -1010
10-30 20:37:32.107 I/ExtendedACodec( 3540): setupVideoDecoder()
10-30 20:37:32.108 E/ACodec  ( 3540): [OMX.google.h264.decoder] setPortMode on output to DynamicANWBuffer failed w/ err -1010
10-30 20:37:32.108 I/ExtendedACodec( 3540): setupVideoDecoder()
10-30 20:37:32.111 I/ACodec  ( 3540): codec does not support config priority (err -1010)
10-30 20:37:32.111 I/ACodec  ( 3540): codec does not support config priority (err -1010)
10-30 20:37:32.114 W/ExtendedACodec( 3540): Failed to get extension for extradata parameter
10-30 20:37:32.115 W/ExtendedACodec( 3540): Failed to get extension for extradata parameter
10-30 20:37:32.247 I/ServiceManager( 3540): Waiting for service 'media.resource_manager' on '/dev/binder'...
10-30 20:37:32.256 I/ServiceManager( 3540): Waiting for service 'media.resource_manager' on '/dev/binder'...
10-30 20:37:33.248 I/ServiceManager( 3540): Waiting for service 'media.resource_manager' on '/dev/binder'...
10-30 20:37:33.257 I/ServiceManager( 3540): Waiting for service 'media.resource_manager' on '/dev/binder'...
10-30 20:37:34.248 I/ServiceManager( 3540): Waiting for service 'media.resource_manager' on '/dev/binder'...
10-30 20:37:34.258 I/ServiceManager( 3540): Waiting for service 'media.resource_manager' on '/dev/binder'...
10-30 20:37:35.249 I/ServiceManager( 3540): Waiting for service 'media.resource_manager' on '/dev/binder'...
10-30 20:37:35.258 I/ServiceManager( 3540): Waiting for service 'media.resource_manager' on '/dev/binder'...
10-30 20:37:36.250 I/ServiceManager( 3540): Waiting for service 'media.resource_manager' on '/dev/binder'...
10-30 20:37:36.259 I/ServiceManager( 3540): Waiting for service 'media.resource_manager' on '/dev/binder'...
10-30 20:37:37.251 W/ServiceManager( 3540): Service media.resource_manager didn't start. Returning NULL
10-30 20:37:37.251 E/MediaCodec( 3540): Failed to get ResourceManagerService
10-30 20:37:37.255 I/OMXClient( 3540): IOmx service obtained
10-30 20:37:37.260 W/ServiceManager( 3540): Service media.resource_manager didn't start. Returning NULL
10-30 20:37:37.260 E/MediaCodec( 3540): Failed to get ResourceManagerService
10-30 20:37:37.263 I/ACodec  ( 3540): codec does not support config priority (err -2147483648)
10-30 20:37:37.264 I/OMXClient( 3540): IOmx service obtained
10-30 20:37:37.265 I/ACodec  ( 3540): codec does not support config priority (err -2147483648)
10-30 20:37:37.266 I/ACodec  ( 3540): codec does not support config operating rate (err -2147483648)
10-30 20:37:37.268 W/ExtendedACodec( 3540): Failed to get extension for extradata parameter
10-30 20:37:37.273 I/ACodec  ( 3540): codec does not support config priority (err -2147483648)
10-30 20:37:37.275 I/ACodec  ( 3540): codec does not support config priority (err -2147483648)
10-30 20:37:37.275 I/ACodec  ( 3540): codec does not support config operating rate (err -2147483648)
10-30 20:37:37.277 W/ExtendedACodec( 3540): Failed to get extension for extradata parameter
10-30 20:37:37.317 W/Looper  ( 3540): Slow Looper ExoPlayer:Playback: Long Msg: seq=349 plan=20:37:20.676  late=6402ms wall=10236ms running=0ms h=android.os.Handler w=2
10-30 20:37:37.322 W/Looper  ( 3540): Slow Looper ExoPlayer:Playback: Long Msg: seq=685 plan=20:37:24.186  late=2892ms wall=10241ms running=0ms h=android.os.Handler w=2
10-30 20:37:37.630 I/nedecraques.ap( 3540): Background concurrent copying GC freed 16087(897KB) AllocSpace objects, 4(2056KB) LOS objects, 50% free, 19MB/38MB, paused 209us total 146.607ms
10-30 20:38:18.367 I/ServiceManager( 3540): Waiting for service 'media.resource_manager' on '/dev/binder'...
10-30 20:38:19.367 I/ServiceManager( 3540): Waiting for service 'media.resource_manager' on '/dev/binder'...
10-30 20:38:20.368 I/ServiceManager( 3540): Waiting for service 'media.resource_manager' on '/dev/binder'...
10-30 20:38:21.369 I/ServiceManager( 3540): Waiting for service 'media.resource_manager' on '/dev/binder'...
10-30 20:38:22.369 I/ServiceManager( 3540): Waiting for service 'media.resource_manager' on '/dev/binder'...
10-30 20:38:23.370 W/ServiceManager( 3540): Service media.resource_manager didn't start. Returning NULL
10-30 20:38:23.370 E/MediaCodec( 3540): Failed to get ResourceManagerService
10-30 20:38:23.374 I/OMXClient( 3540): IOmx service obtained
10-30 20:38:23.380 I/MediaCodec( 3540): [OMX.google.h264.decoder] setting surface generation to 3624963
10-30 20:38:23.382 I/ACodec  ( 3540): codec does not support config priority (err -1010)
10-30 20:38:23.383 E/ACodec  ( 3540): [OMX.google.h264.decoder] setPortMode on output to DynamicANWBuffer failed w/ err -1010
10-30 20:38:23.384 I/ExtendedACodec( 3540): setupVideoDecoder()
10-30 20:38:23.388 I/ACodec  ( 3540): codec does not support config priority (err -1010)
10-30 20:38:23.391 W/ExtendedACodec( 3540): Failed to get extension for extradata parameter
10-30 20:38:23.434 I/ServiceManager( 3540): Waiting for service 'media.resource_manager' on '/dev/binder'...
10-30 20:38:24.435 I/ServiceManager( 3540): Waiting for service 'media.resource_manager' on '/dev/binder'...
10-30 20:38:25.435 I/ServiceManager( 3540): Waiting for service 'media.resource_manager' on '/dev/binder'...
10-30 20:38:26.436 I/ServiceManager( 3540): Waiting for service 'media.resource_manager' on '/dev/binder'...
10-30 20:38:27.437 I/ServiceManager( 3540): Waiting for service 'media.resource_manager' on '/dev/binder'...
10-30 20:38:28.438 W/ServiceManager( 3540): Service media.resource_manager didn't start. Returning NULL
10-30 20:38:28.438 E/MediaCodec( 3540): Failed to get ResourceManagerService
10-30 20:38:28.442 I/OMXClient( 3540): IOmx service obtained
10-30 20:38:28.446 I/ACodec  ( 3540): codec does not support config priority (err -2147483648)
10-30 20:38:28.449 I/ACodec  ( 3540): codec does not support config priority (err -2147483648)
10-30 20:38:28.449 I/ACodec  ( 3540): codec does not support config operating rate (err -2147483648)
10-30 20:38:28.451 W/ExtendedACodec( 3540): Failed to get extension for extradata parameter
10-30 20:38:28.495 W/Looper  ( 3540): Slow Looper ExoPlayer:Playback: Long Msg: seq=4323 plan=20:38:18.333  late=15ms wall=10132ms running=0ms h=android.os.Handler w=2
10-30 20:38:41.813 I/nedecraques.ap( 3540): Background concurrent copying GC freed 5449(949KB) AllocSpace objects, 2(136KB) LOS objects, 39% free, 37MB/61MB, paused 98us total 158.210ms
10-30 20:38:42.247 W/AudioTrack( 3540): getTimestamp_l(744): retrograde timestamp time corrected, 2215349688612773 < 2215349849304752
10-30 20:40:07.481 I/nedecraques.ap( 3540): Background concurrent copying GC freed 22057(2175KB) AllocSpace objects, 4(272KB) LOS objects, 29% free, 58MB/82MB, paused 65us total 138.617ms
10-30 20:40:14.478 W/AudioTrack( 3540): getTimestamp_l(744): retrograde timestamp time corrected, 2215441919207321 < 2215442072838050
10-30 20:40:34.373 W/AudioTrack( 3540): getTimestamp_l(744): retrograde timestamp time corrected, 2215461797215543 < 2215461975402366
10-30 20:41:52.779 W/AudioTrack( 3540): getTimestamp_l(744): retrograde timestamp time corrected, 2215540203433586 < 2215540378517284
10-30 20:42:34.772 W/AudioTrack( 3540): getTimestamp_l(744): retrograde timestamp time corrected, 2215582211490913 < 2215582367681955
10-30 20:42:59.365 W/AudioTrack( 3540): getTimestamp_l(744): retrograde timestamp time corrected, 2215606803038248 < 2215606967146217
10-30 20:43:08.668 I/ServiceManager( 3540): Waiting for service 'media.resource_manager' on '/dev/binder'...
10-30 20:43:09.668 I/ServiceManager( 3540): Waiting for service 'media.resource_manager' on '/dev/binder'...
10-30 20:43:10.669 I/ServiceManager( 3540): Waiting for service 'media.resource_manager' on '/dev/binder'...
10-30 20:43:11.670 I/ServiceManager( 3540): Waiting for service 'media.resource_manager' on '/dev/binder'...
10-30 20:43:12.671 I/ServiceManager( 3540): Waiting for service 'media.resource_manager' on '/dev/binder'...
10-30 20:43:13.671 W/ServiceManager( 3540): Service media.resource_manager didn't start. Returning NULL
10-30 20:43:13.671 E/MediaCodec( 3540): Failed to get ResourceManagerService
10-30 20:43:13.676 I/OMXClient( 3540): IOmx service obtained
10-30 20:43:13.682 I/MediaCodec( 3540): [OMX.google.h264.decoder] setting surface generation to 3624964
10-30 20:43:13.683 I/ACodec  ( 3540): codec does not support config priority (err -1010)
10-30 20:43:13.685 E/ACodec  ( 3540): [OMX.google.h264.decoder] setPortMode on output to DynamicANWBuffer failed w/ err -1010
10-30 20:43:13.686 I/ExtendedACodec( 3540): setupVideoDecoder()
10-30 20:43:13.688 I/ACodec  ( 3540): codec does not support config priority (err -1010)
10-30 20:43:13.691 W/ExtendedACodec( 3540): Failed to get extension for extradata parameter
10-30 20:43:13.726 I/ServiceManager( 3540): Waiting for service 'media.resource_manager' on '/dev/binder'...
10-30 20:43:14.726 I/ServiceManager( 3540): Waiting for service 'media.resource_manager' on '/dev/binder'...
10-30 20:43:15.727 I/ServiceManager( 3540): Waiting for service 'media.resource_manager' on '/dev/binder'...
10-30 20:43:16.728 I/ServiceManager( 3540): Waiting for service 'media.resource_manager' on '/dev/binder'...
10-30 20:43:17.728 I/ServiceManager( 3540): Waiting for service 'media.resource_manager' on '/dev/binder'...
10-30 20:43:18.729 W/ServiceManager( 3540): Service media.resource_manager didn't start. Returning NULL
10-30 20:43:18.729 E/MediaCodec( 3540): Failed to get ResourceManagerService
10-30 20:43:18.733 I/OMXClient( 3540): IOmx service obtained
10-30 20:43:18.737 I/ACodec  ( 3540): codec does not support config priority (err -2147483648)
10-30 20:43:18.739 I/ACodec  ( 3540): codec does not support config priority (err -2147483648)
10-30 20:43:18.739 I/ACodec  ( 3540): codec does not support config operating rate (err -2147483648)
10-30 20:43:18.741 W/ExtendedACodec( 3540): Failed to get extension for extradata parameter
10-30 20:43:18.782 W/Looper  ( 3540): Slow Looper ExoPlayer:Playback: Long Msg: seq=31545 plan=20:43:08.661  late=2ms wall=10115ms running=0ms h=android.os.Handler w=2
10-30 20:43:22.145 W/AudioTrack( 3540): getTimestamp_l(745): retrograde timestamp time corrected, 2215629741242718 < 2215629745354125
10-30 20:43:33.223 W/AudioTrack( 3540): getTimestamp_l(745): retrograde timestamp time corrected, 2215640821216933 < 2215640825123599
10-30 20:43:51.816 W/AudioTrack( 3540): getTimestamp_l(745): retrograde timestamp time corrected, 2215659243765103 < 2215659407794269
10-30 20:43:59.988 I/ServiceManager( 3540): Waiting for service 'media.resource_manager' on '/dev/binder'...
10-30 20:44:00.989 I/ServiceManager( 3540): Waiting for service 'media.resource_manager' on '/dev/binder'...
10-30 20:44:01.990 I/ServiceManager( 3540): Waiting for service 'media.resource_manager' on '/dev/binder'...
10-30 20:44:02.991 I/ServiceManager( 3540): Waiting for service 'media.resource_manager' on '/dev/binder'...
10-30 20:44:03.992 I/ServiceManager( 3540): Waiting for service 'media.resource_manager' on '/dev/binder'...
10-30 20:44:04.993 W/ServiceManager( 3540): Service media.resource_manager didn't start. Returning NULL
10-30 20:44:04.993 E/MediaCodec( 3540): Failed to get ResourceManagerService
10-30 20:44:04.998 I/OMXClient( 3540): IOmx service obtained
10-30 20:44:05.002 I/MediaCodec( 3540): [OMX.google.h264.decoder] setting surface generation to 3624965
10-30 20:44:05.004 I/ACodec  ( 3540): codec does not support config priority (err -1010)
10-30 20:44:05.004 E/ACodec  ( 3540): [OMX.google.h264.decoder] setPortMode on output to DynamicANWBuffer failed w/ err -1010
10-30 20:44:05.005 I/ExtendedACodec( 3540): setupVideoDecoder()
10-30 20:44:05.022 I/ACodec  ( 3540): codec does not support config priority (err -1010)
10-30 20:44:05.025 W/ExtendedACodec( 3540): Failed to get extension for extradata parameter
10-30 20:44:05.057 I/ServiceManager( 3540): Waiting for service 'media.resource_manager' on '/dev/binder'...
10-30 20:44:06.058 I/ServiceManager( 3540): Waiting for service 'media.resource_manager' on '/dev/binder'...
10-30 20:44:07.058 I/ServiceManager( 3540): Waiting for service 'media.resource_manager' on '/dev/binder'...
10-30 20:44:08.060 I/ServiceManager( 3540): Waiting for service 'media.resource_manager' on '/dev/binder'...
10-30 20:44:09.061 I/ServiceManager( 3540): Waiting for service 'media.resource_manager' on '/dev/binder'...
10-30 20:44:10.062 W/ServiceManager( 3540): Service media.resource_manager didn't start. Returning NULL
10-30 20:44:10.062 E/MediaCodec( 3540): Failed to get ResourceManagerService
10-30 20:44:10.064 I/OMXClient( 3540): IOmx service obtained
10-30 20:44:10.068 I/ACodec  ( 3540): codec does not support config priority (err -2147483648)
10-30 20:44:10.070 I/ACodec  ( 3540): codec does not support config priority (err -2147483648)
10-30 20:44:10.071 I/ACodec  ( 3540): codec does not support config operating rate (err -2147483648)
10-30 20:44:10.072 W/ExtendedACodec( 3540): Failed to get extension for extradata parameter
10-30 20:44:10.105 W/Looper  ( 3540): Slow Looper ExoPlayer:Playback: Long Msg: seq=35536 plan=20:43:59.979  late=5ms wall=10119ms running=0ms h=android.os.Handler w=2
10-30 20:44:45.195 W/AudioTrack( 3540): getTimestamp_l(746): retrograde timestamp time corrected, 2215712643396332 < 2215712798277582
10-30 20:45:02.007 W/AudioTrack( 3540): getTimestamp_l(746): retrograde timestamp time corrected, 2215729435254086 < 2215729609796639
10-30 20:45:10.812 I/ServiceManager( 3540): Waiting for service 'media.resource_manager' on '/dev/binder'...
10-30 20:45:11.813 I/ServiceManager( 3540): Waiting for service 'media.resource_manager' on '/dev/binder'...
10-30 20:45:12.814 I/ServiceManager( 3540): Waiting for service 'media.resource_manager' on '/dev/binder'...
10-30 20:45:13.815 I/ServiceManager( 3540): Waiting for service 'media.resource_manager' on '/dev/binder'...
10-30 20:45:14.816 I/ServiceManager( 3540): Waiting for service 'media.resource_manager' on '/dev/binder'...
10-30 20:45:15.816 W/ServiceManager( 3540): Service media.resource_manager didn't start. Returning NULL
10-30 20:45:15.816 E/MediaCodec( 3540): Failed to get ResourceManagerService
10-30 20:45:15.820 I/OMXClient( 3540): IOmx service obtained
10-30 20:45:15.824 I/MediaCodec( 3540): [OMX.google.h264.decoder] setting surface generation to 3624966
10-30 20:45:15.825 I/ACodec  ( 3540): codec does not support config priority (err -1010)
10-30 20:45:15.826 E/ACodec  ( 3540): [OMX.google.h264.decoder] setPortMode on output to DynamicANWBuffer failed w/ err -1010
10-30 20:45:15.827 I/ExtendedACodec( 3540): setupVideoDecoder()
10-30 20:45:15.829 I/ACodec  ( 3540): codec does not support config priority (err -1010)
10-30 20:45:15.831 W/ExtendedACodec( 3540): Failed to get extension for extradata parameter
10-30 20:45:15.872 I/ServiceManager( 3540): Waiting for service 'media.resource_manager' on '/dev/binder'...
10-30 20:45:16.873 I/ServiceManager( 3540): Waiting for service 'media.resource_manager' on '/dev/binder'...
10-30 20:45:17.873 I/ServiceManager( 3540): Waiting for service 'media.resource_manager' on '/dev/binder'...
10-30 20:45:18.874 I/ServiceManager( 3540): Waiting for service 'media.resource_manager' on '/dev/binder'...
10-30 20:45:19.874 I/ServiceManager( 3540): Waiting for service 'media.resource_manager' on '/dev/binder'...
10-30 20:45:20.875 W/ServiceManager( 3540): Service media.resource_manager didn't start. Returning NULL
10-30 20:45:20.875 E/MediaCodec( 3540): Failed to get ResourceManagerService
10-30 20:45:20.878 I/OMXClient( 3540): IOmx service obtained
10-30 20:45:20.882 I/ACodec  ( 3540): codec does not support config priority (err -2147483648)
10-30 20:45:20.883 I/ACodec  ( 3540): codec does not support config priority (err -2147483648)
10-30 20:45:20.884 I/ACodec  ( 3540): codec does not support config operating rate (err -2147483648)
10-30 20:45:20.885 W/ExtendedACodec( 3540): Failed to get extension for extradata parameter
10-30 20:45:20.919 W/Looper  ( 3540): Slow Looper ExoPlayer:Playback: Long Msg: seq=41395 plan=20:45:10.803  late=6ms wall=10107ms running=0ms h=android.os.Handler w=2
10-30 20:45:21.169 W/AudioTrack( 3540): getTimestamp_l(747): retrograde timestamp time corrected, 2215748764804912 < 2215748767974392
10-30 20:45:57.330 I/ServiceManager( 3540): Waiting for service 'media.resource_manager' on '/dev/binder'...
10-30 20:45:58.331 I/ServiceManager( 3540): Waiting for service 'media.resource_manager' on '/dev/binder'...
10-30 20:45:59.332 I/ServiceManager( 3540): Waiting for service 'media.resource_manager' on '/dev/binder'...
10-30 20:46:00.333 I/ServiceManager( 3540): Waiting for service 'media.resource_manager' on '/dev/binder'...
10-30 20:46:01.333 I/ServiceManager( 3540): Waiting for service 'media.resource_manager' on '/dev/binder'...
10-30 20:46:02.334 W/ServiceManager( 3540): Service media.resource_manager didn't start. Returning NULL
10-30 20:46:02.334 E/MediaCodec( 3540): Failed to get ResourceManagerService
10-30 20:46:02.338 I/OMXClient( 3540): IOmx service obtained
10-30 20:46:02.343 I/MediaCodec( 3540): [OMX.google.h264.decoder] setting surface generation to 3624967
10-30 20:46:02.345 I/ACodec  ( 3540): codec does not support config priority (err -1010)
10-30 20:46:02.346 E/ACodec  ( 3540): [OMX.google.h264.decoder] setPortMode on output to DynamicANWBuffer failed w/ err -1010
10-30 20:46:02.347 I/ExtendedACodec( 3540): setupVideoDecoder()
10-30 20:46:02.350 I/ACodec  ( 3540): codec does not support config priority (err -1010)
10-30 20:46:02.353 W/ExtendedACodec( 3540): Failed to get extension for extradata parameter
10-30 20:46:02.393 I/ServiceManager( 3540): Waiting for service 'media.resource_manager' on '/dev/binder'...
10-30 20:46:03.394 I/ServiceManager( 3540): Waiting for service 'media.resource_manager' on '/dev/binder'...
10-30 20:46:04.395 I/ServiceManager( 3540): Waiting for service 'media.resource_manager' on '/dev/binder'...
10-30 20:46:05.396 I/ServiceManager( 3540): Waiting for service 'media.resource_manager' on '/dev/binder'...
10-30 20:46:06.396 I/ServiceManager( 3540): Waiting for service 'media.resource_manager' on '/dev/binder'...
10-30 20:46:07.397 W/ServiceManager( 3540): Service media.resource_manager didn't start. Returning NULL
10-30 20:46:07.397 E/MediaCodec( 3540): Failed to get ResourceManagerService
10-30 20:46:07.401 I/OMXClient( 3540): IOmx service obtained
10-30 20:46:07.405 I/ACodec  ( 3540): codec does not support config priority (err -2147483648)
10-30 20:46:07.408 I/ACodec  ( 3540): codec does not support config priority (err -2147483648)
10-30 20:46:07.408 I/ACodec  ( 3540): codec does not support config operating rate (err -2147483648)
10-30 20:46:07.409 W/ExtendedACodec( 3540): Failed to get extension for extradata parameter
10-30 20:46:07.427 W/Looper  ( 3540): Slow Looper ExoPlayer:Playback: Long Msg: seq=44949 plan=20:45:57.319  late=7ms wall=10099ms running=0ms h=android.os.Handler w=2
10-30 20:46:27.245 W/AudioTrack( 3540): getTimestamp_l(748): retrograde timestamp time corrected, 2215814667974523 < 2215814846107023
10-30 20:47:00.671 W/AudioTrack( 3540): getTimestamp_l(748): retrograde timestamp time corrected, 2215848103368260 < 2215848269972218
10-30 20:47:21.241 W/AudioTrack( 3540): getTimestamp_l(748): retrograde timestamp time corrected, 2215868682263513 < 2215868844135387
10-30 20:48:10.928 W/AudioTrack( 3540): getTimestamp_l(748): retrograde timestamp time corrected, 2215918356453598 < 2215918530490473
10-30 20:48:42.345 W/AudioTrack( 3540): getTimestamp_l(748): retrograde timestamp time corrected, 2215949768124263 < 2215949947103221
10-30 20:48:57.256 W/AudioTrack( 3540): getTimestamp_l(748): retrograde timestamp time corrected, 2215964689955976 < 2215964858209778
10-30 20:49:23.164 I/nedecraques.ap( 3540): WaitForGcToComplete blocked Background on ProfileSaver for 12.283ms
10-30 20:49:52.765 W/AudioTrack( 3540): getTimestamp_l(748): retrograde timestamp time corrected, 2216020200569288 < 2216020364558090
10-30 20:50:22.674 W/AudioTrack( 3540): getTimestamp_l(748): retrograde timestamp time corrected, 2216050113777037 < 2216050276478443
10-30 20:50:37.577 W/AudioTrack( 3540): getTimestamp_l(748): retrograde timestamp time corrected, 2216065005966719 < 2216065172762552
10-30 20:51:00.142 W/AudioTrack( 3540): getTimestamp_l(748): retrograde timestamp time corrected, 2216087571953846 < 2216087744529210
10-30 20:51:02.915 I/MediaCodec( 3540): [OMX.google.h264.decoder] setting surface generation to 3624968
10-30 20:51:02.940 I/MediaCodec( 3540): [OMX.google.h264.decoder] setting surface generation to 3624969
