--------- beginning of main
10-19 19:43:26.946 I/nedecraques.ap(24000): Late-enabling -Xcheck:jni
10-19 19:43:26.998 E/nedecraques.ap(24000): Unknown bits set in runtime_flags: 0x8000
10-19 19:43:32.458 I/Perf    (24000): Connecting to perf service.
10-19 19:43:32.535 I/FeatureParser(24000): can't find olive.xml in assets/device_features/,it may be in /system/etc/device_features
--------- beginning of system
10-19 19:43:32.569 W/Looper  (24000): Slow Looper main: Long Msg: seq=2 plan=19:43:27.133  late=1ms wall=5432ms running=0ms h=android.app.ActivityThread$H w=110
10-19 19:43:32.576 E/Perf    (24000): Fail to get file list com.vitrinedecraques.app
10-19 19:43:32.577 E/Perf    (24000): getFolderSize() : Exception_1 = java.lang.NullPointerException: Attempt to get length of null array
10-19 19:43:32.577 E/Perf    (24000): Fail to get file list com.vitrinedecraques.app
10-19 19:43:32.577 E/Perf    (24000): getFolderSize() : Exception_1 = java.lang.NullPointerException: Attempt to get length of null array
10-19 19:43:32.850 W/Looper  (24000): Slow Looper main: Activity com.vitrinedecraques.app/.MainActivity is 5381ms late (wall=279ms running=0ms ClientTransaction{ callbacks=[android.app.servertransaction.LaunchActivityItem] lifecycleRequest=android.app.servertransaction.ResumeActivityItem }) because of 1 msg, msg 1 took 5432ms (seq=2 late=1ms h=android.app.ActivityThread$H w=110)
10-19 19:43:32.851 W/Looper  (24000): Slow Looper main: Activity com.vitrinedecraques.app/.MainActivity is 5660ms late (wall=1ms running=0ms ClientTransaction{ callbacks=[android.app.servertransaction.TopResumedActivityChangeItem] }) because of 2 msg, msg 1 took 5432ms (seq=2 late=1ms h=android.app.ActivityThread$H w=110), msg 2 took 279ms (seq=3 late=5381ms h=android.app.ActivityThread$H w=159)
10-19 19:43:34.068 W/nedecraques.ap(24000): Accessing hidden method Lsun/misc/Unsafe;->getInt(Ljava/lang/Object;J)I (greylist, linking, allowed)
10-19 19:43:34.068 W/nedecraques.ap(24000): Accessing hidden method Lsun/misc/Unsafe;->getObject(Ljava/lang/Object;J)Ljava/lang/Object; (greylist, linking, allowed)
10-19 19:43:34.069 W/nedecraques.ap(24000): Accessing hidden method Lsun/misc/Unsafe;->putInt(Ljava/lang/Object;JI)V (greylist, linking, allowed)
10-19 19:43:34.070 W/nedecraques.ap(24000): Accessing hidden method Lsun/misc/Unsafe;->getLong(Ljava/lang/Object;J)J (greylist,core-platform-api, linking, allowed)
10-19 19:43:34.075 W/nedecraques.ap(24000): Accessing hidden method Lsun/misc/Unsafe;->putObject(Ljava/lang/Object;JLjava/lang/Object;)V (greylist, linking, allowed)
10-19 19:43:34.077 W/nedecraques.ap(24000): Accessing hidden method Lsun/misc/Unsafe;->objectFieldOffset(Ljava/lang/reflect/Field;)J (greylist,core-platform-api, linking, allowed)
10-19 19:43:34.079 W/nedecraques.ap(24000): Accessing hidden method Lsun/misc/Unsafe;->putObject(Ljava/lang/Object;JLjava/lang/Object;)V (greylist, linking, allowed)
10-19 19:43:34.080 W/nedecraques.ap(24000): Accessing hidden method Lsun/misc/Unsafe;->getInt(Ljava/lang/Object;J)I (greylist, linking, allowed)
10-19 19:43:34.080 W/nedecraques.ap(24000): Accessing hidden method Lsun/misc/Unsafe;->putLong(Ljava/lang/Object;JJ)V (greylist, linking, allowed)
10-19 19:43:34.083 W/nedecraques.ap(24000): Accessing hidden method Lsun/misc/Unsafe;->getLong(Ljava/lang/Object;J)J (greylist,core-platform-api, linking, allowed)
10-19 19:43:34.088 W/nedecraques.ap(24000): Accessing hidden method Lsun/misc/Unsafe;->putLong(Ljava/lang/Object;JJ)V (greylist, linking, allowed)
10-19 19:43:34.090 W/nedecraques.ap(24000): Accessing hidden method Lsun/misc/Unsafe;->allocateInstance(Ljava/lang/Class;)Ljava/lang/Object; (greylist, linking, allowed)
10-19 19:43:34.093 W/nedecraques.ap(24000): Accessing hidden method Llibcore/io/Memory;->peekLong(JZ)J (greylist, reflection, allowed)
10-19 19:43:34.094 W/nedecraques.ap(24000): Accessing hidden method Llibcore/io/Memory;->pokeLong(JJZ)V (greylist, reflection, allowed)
10-19 19:43:34.094 W/nedecraques.ap(24000): Accessing hidden method Llibcore/io/Memory;->pokeInt(JIZ)V (greylist, reflection, allowed)
10-19 19:43:34.094 W/nedecraques.ap(24000): Accessing hidden method Llibcore/io/Memory;->peekInt(JZ)I (greylist, reflection, allowed)
10-19 19:43:34.094 W/nedecraques.ap(24000): Accessing hidden method Llibcore/io/Memory;->pokeByte(JB)V (greylist, reflection, allowed)
10-19 19:43:34.094 W/nedecraques.ap(24000): Accessing hidden method Llibcore/io/Memory;->peekByte(J)B (greylist, reflection, allowed)
10-19 19:43:34.094 W/nedecraques.ap(24000): Accessing hidden method Llibcore/io/Memory;->pokeByteArray(J[BII)V (greylist, reflection, allowed)
10-19 19:43:34.094 W/nedecraques.ap(24000): Accessing hidden method Llibcore/io/Memory;->peekByteArray(J[BII)V (greylist, reflection, allowed)
10-19 19:43:34.095 W/nedecraques.ap(24000): Accessing hidden method Lsun/misc/Unsafe;->arrayBaseOffset(Ljava/lang/Class;)I (greylist,core-platform-api, linking, allowed)
10-19 19:43:34.095 W/nedecraques.ap(24000): Accessing hidden method Lsun/misc/Unsafe;->arrayIndexScale(Ljava/lang/Class;)I (greylist, linking, allowed)
10-19 19:43:34.095 W/nedecraques.ap(24000): Accessing hidden method Lsun/misc/Unsafe;->getInt(Ljava/lang/Object;J)I (greylist, linking, allowed)
10-19 19:43:34.096 W/nedecraques.ap(24000): Accessing hidden method Lsun/misc/Unsafe;->getInt(Ljava/lang/Object;J)I (greylist, reflection, allowed)
10-19 19:43:34.097 W/nedecraques.ap(24000): Accessing hidden method Lsun/misc/Unsafe;->putInt(Ljava/lang/Object;JI)V (greylist, reflection, allowed)
10-19 19:43:34.097 W/nedecraques.ap(24000): Accessing hidden method Lsun/misc/Unsafe;->getLong(Ljava/lang/Object;J)J (greylist,core-platform-api, reflection, allowed)
10-19 19:43:34.097 W/nedecraques.ap(24000): Accessing hidden method Lsun/misc/Unsafe;->putLong(Ljava/lang/Object;JJ)V (greylist, reflection, allowed)
10-19 19:43:34.097 W/nedecraques.ap(24000): Accessing hidden method Lsun/misc/Unsafe;->getObject(Ljava/lang/Object;J)Ljava/lang/Object; (greylist, reflection, allowed)
10-19 19:43:34.097 W/nedecraques.ap(24000): Accessing hidden method Lsun/misc/Unsafe;->putObject(Ljava/lang/Object;JLjava/lang/Object;)V (greylist, reflection, allowed)
10-19 19:43:34.097 W/nedecraques.ap(24000): Accessing hidden field Ljava/nio/Buffer;->address:J (greylist, reflection, allowed)
10-19 19:43:34.106 W/nedecraques.ap(24000): Accessing hidden method Lsun/misc/Unsafe;->putObject(Ljava/lang/Object;JLjava/lang/Object;)V (greylist, linking, allowed)
10-19 19:43:34.291 W/nedecraques.ap(24000): Accessing hidden method Landroid/view/View;->getViewRootImpl()Landroid/view/ViewRootImpl; (greylist, reflection, allowed)
10-19 19:43:34.291 W/nedecraques.ap(24000): Accessing hidden field Landroid/view/View$AttachInfo;->mVisibleInsets:Landroid/graphics/Rect; (greylist, reflection, allowed)
10-19 19:43:34.291 W/nedecraques.ap(24000): Accessing hidden field Landroid/view/ViewRootImpl;->mAttachInfo:Landroid/view/View$AttachInfo; (greylist, reflection, allowed)
10-19 19:43:34.338 I/AdrenoGLES(24000): QUALCOMM build                   : 9d44e36, Ie3bb699d95
10-19 19:43:34.338 I/AdrenoGLES(24000): Build Date                       : 09/29/20
10-19 19:43:34.338 I/AdrenoGLES(24000): OpenGL ES Shader Compiler Version: EV031.27.05.02
10-19 19:43:34.338 I/AdrenoGLES(24000): Local Branch                     : 
10-19 19:43:34.338 I/AdrenoGLES(24000): Remote Branch                    : refs/tags/AU_LINUX_ANDROID_LA.UM.8.6.2.R1.10.00.00.537.053
10-19 19:43:34.338 I/AdrenoGLES(24000): Remote Branch                    : NONE
10-19 19:43:34.338 I/AdrenoGLES(24000): Reconstruct Branch               : NOTHING
10-19 19:43:34.338 I/AdrenoGLES(24000): Build Config                     : S L 8.0.10 AArch64
10-19 19:43:34.394 I/AdrenoGLES(24000): PFP: 0x005ff112, ME: 0x005ff066
10-19 19:43:34.433 W/Gralloc3(24000): mapper 3.x is not supported
10-19 19:43:34.517 I/OpenGLRenderer(24000): Davey! duration=1976ms; Flags=1, IntendedVsync=1268183117087026, Vsync=1268183417087014, OldestInputEvent=9223372036854775807, NewestInputEvent=0, HandleInputStart=1268183429440078, AnimationStart=1268183429551640, PerformTraversalsStart=1268183429862786, DrawStart=1268184991843567, SyncQueued=1268185007955025, SyncStart=1268185008448827, IssueDrawCommandsStart=1268185008614921, SwapBuffers=1268185091275181, FrameCompleted=1268185094125806, DequeueBufferDuration=106000, QueueBufferDuration=1535000, 
10-19 19:43:34.520 W/Looper  (24000): Slow Looper main: Long Msg: seq=7 plan=19:43:32.540  late=312ms wall=1667ms running=0ms h=android.view.Choreographer$FrameHandler c=android.view.Choreographer$FrameDisplayEventReceiver
10-19 19:43:34.520 W/Looper  (24000): Slow Looper main: doFrame is 312ms late because of 5 msg, msg 1 took 5432ms (seq=2 late=1ms h=android.app.ActivityThread$H w=110), msg 2 took 279ms (seq=3 late=5381ms h=android.app.ActivityThread$H w=159)
10-19 19:43:34.571 I/Choreographer(24000): Skipped 91 frames!  The application may be doing too much work on its main thread.
10-19 19:43:34.582 W/Looper  (24000): Slow Looper main: doFrame is 1530ms late because of 5 msg, msg 1 took 1667ms (seq=7 late=312ms h=android.view.Choreographer$FrameHandler c=android.view.Choreographer$FrameDisplayEventReceiver)
10-19 19:43:34.587 I/OpenGLRenderer(24000): Davey! duration=1546ms; Flags=0, IntendedVsync=1268183618290542, Vsync=1268185134957148, OldestInputEvent=9223372036854775807, NewestInputEvent=0, HandleInputStart=1268185150552213, AnimationStart=1268185150686327, PerformTraversalsStart=1268185150694556, DrawStart=1268185156106483, SyncQueued=1268185158800390, SyncStart=1268185159235494, IssueDrawCommandsStart=1268185159368619, SwapBuffers=1268185161346379, FrameCompleted=1268185164793619, DequeueBufferDuration=106000, QueueBufferDuration=2165000, 
10-19 19:43:34.654 W/ApiBaseUrlResolver(24000): Falha ao detectar host canônico: null
10-19 19:43:34.657 I/HttpClientProvider(24000): updateSessionCookies host=nice-hill-01a3a1010.2.azurestaticapps.net -> ${cookie.name}@${cookie.domain}${cookie.path}
10-19 19:43:34.840 W/nedecraques.ap(24000): Accessing hidden method Lsun/misc/Unsafe;->getObject(Ljava/lang/Object;J)Ljava/lang/Object; (greylist, linking, allowed)
10-19 19:43:34.840 W/nedecraques.ap(24000): Accessing hidden method Lsun/misc/Unsafe;->putObject(Ljava/lang/Object;JLjava/lang/Object;)V (greylist, linking, allowed)
10-19 19:43:34.840 W/nedecraques.ap(24000): Accessing hidden method Lsun/misc/Unsafe;->putInt(Ljava/lang/Object;JI)V (greylist, linking, allowed)
10-19 19:43:34.840 W/nedecraques.ap(24000): Accessing hidden method Lsun/misc/Unsafe;->getInt(Ljava/lang/Object;J)I (greylist, linking, allowed)
10-19 19:43:35.549 I/OpenGLRenderer(24000): Davey! duration=854ms; Flags=0, IntendedVsync=1268185272389748, Vsync=1268185272389748, OldestInputEvent=9223372036854775807, NewestInputEvent=0, HandleInputStart=1268185278406171, AnimationStart=1268185278413463, PerformTraversalsStart=1268185794565077, DrawStart=1268185794847317, SyncQueued=1268186122920702, SyncStart=1268186123608619, IssueDrawCommandsStart=1268186124006066, SwapBuffers=1268186125118671, FrameCompleted=1268186127131327, DequeueBufferDuration=229000, QueueBufferDuration=946000, 
10-19 19:43:35.945 I/ExoPlayerImpl(24000): Init 308bdf2 [AndroidXMedia3/1.4.1] [olive, Redmi 8, Xiaomi, 29]
10-19 19:43:36.022 W/nedecraques.ap(24000): Accessing hidden method Landroid/media/AudioTrack;->getLatency()I (greylist, reflection, allowed)
10-19 19:43:36.346 I/chatty  (24000): uid=11390(com.vitrinedecraques.app) identical 6 lines
10-19 19:43:36.427 I/chatty  (24000): uid=11390(com.vitrinedecraques.app) identical 3 lines
10-19 19:43:36.511 I/chatty  (24000): uid=11390(com.vitrinedecraques.app) identical 23 lines
10-19 19:43:36.530 I/chatty  (24000): uid=11390(com.vitrinedecraques.app) identical 1 line
10-19 19:43:36.720 I/HttpClientProvider(24000): getSessionCookies host=pub-11c79f639e314f208bdf80d01ef7056c.r2.dev -> nenhum
10-19 19:43:36.771 I/DpmTcmClient(24000): RegisterTcmMonitor from: $Proxy0
10-19 19:43:36.820 I/ExoPlayerImpl(24000): Init fd5210 [AndroidXMedia3/1.4.1] [olive, Redmi 8, Xiaomi, 29]
10-19 19:43:36.905 W/Gralloc3(24000): allocator 3.x is not supported
10-19 19:43:36.961 I/chatty  (24000): uid=11390(com.vitrinedecraques.app) identical 27 lines
10-19 19:43:36.996 I/chatty  (24000): uid=11390(com.vitrinedecraques.app) identical 12 lines
10-19 19:43:37.063 I/HttpClientProvider(24000): getSessionCookies host=pub-11c79f639e314f208bdf80d01ef7056c.r2.dev -> nenhum
10-19 19:43:37.300 W/Looper  (24000): Slow Looper main: Long Msg: seq=36 plan=19:43:35.564  late=123ms wall=1612ms running=0ms h=android.view.Choreographer$FrameHandler c=android.view.Choreographer$FrameDisplayEventReceiver
10-19 19:43:37.300 I/OpenGLRenderer(24000): Davey! duration=1736ms; Flags=0, IntendedVsync=1268186141238182, Vsync=1268186257904844, OldestInputEvent=9223372036854775807, NewestInputEvent=0, HandleInputStart=1268186264229816, AnimationStart=1268186264309816, PerformTraversalsStart=1268186376220806, DrawStart=1268186376615806, SyncQueued=1268187874933462, SyncStart=1268187875433201, IssueDrawCommandsStart=1268187876322680, SwapBuffers=1268187877278982, FrameCompleted=1268187878284451, DequeueBufferDuration=279000, QueueBufferDuration=385000, 
10-19 19:43:37.366 I/ExoPlayerImpl(24000): Init 392bb50 [AndroidXMedia3/1.4.1] [olive, Redmi 8, Xiaomi, 29]
10-19 19:43:37.473 I/chatty  (24000): uid=11390(com.vitrinedecraques.app) identical 34 lines
10-19 19:43:37.494 I/chatty  (24000): uid=11390(com.vitrinedecraques.app) identical 4 lines
10-19 19:43:37.530 I/HttpClientProvider(24000): getSessionCookies host=example.com -> nenhum
10-19 19:43:37.652 I/Choreographer(24000): Skipped 117 frames!  The application may be doing too much work on its main thread.
10-19 19:43:37.800 W/Looper  (24000): Slow Looper main: doFrame is 1956ms late because of 13 msg, msg 1 took 1612ms (seq=36 late=123ms h=android.view.Choreographer$FrameHandler c=android.view.Choreographer$FrameDisplayEventReceiver), msg 7 took 349ms (seq=42 late=1615ms h=android.os.Handler c=androidx.compose.ui.platform.AndroidUiDispatcher$dispatchCallback$1)
10-19 19:43:38.058 I/OpenGLRenderer(24000): Davey! duration=2360ms; Flags=1, IntendedVsync=1268186274901159, Vsync=1268188224901081, OldestInputEvent=9223372036854775807, NewestInputEvent=0, HandleInputStart=1268188231862264, AnimationStart=1268188231976274, PerformTraversalsStart=1268188296256378, DrawStart=1268188326054139, SyncQueued=1268188375291222, SyncStart=1268188375762576, IssueDrawCommandsStart=1268188377065284, SwapBuffers=1268188634550076, FrameCompleted=1268188636366013, DequeueBufferDuration=294000, QueueBufferDuration=426000, 
10-19 19:43:39.030 W/nedecraques.ap(24000): Accessing hidden method Lsun/misc/Unsafe;->getObject(Ljava/lang/Object;J)Ljava/lang/Object; (greylist, linking, allowed)
10-19 19:43:39.031 W/nedecraques.ap(24000): Accessing hidden method Lsun/misc/Unsafe;->putObject(Ljava/lang/Object;JLjava/lang/Object;)V (greylist, linking, allowed)
10-19 19:43:39.031 W/nedecraques.ap(24000): Accessing hidden method Lsun/misc/Unsafe;->putInt(Ljava/lang/Object;JI)V (greylist, linking, allowed)
10-19 19:43:39.031 W/nedecraques.ap(24000): Accessing hidden method Lsun/misc/Unsafe;->getInt(Ljava/lang/Object;J)I (greylist, linking, allowed)
10-19 19:43:39.064 I/ExoPlayerImpl(24000): Release 392bb50 [AndroidXMedia3/1.4.1] [olive, Redmi 8, Xiaomi, 29] [media3.common, media3.exoplayer, media3.decoder, media3.ui, media3.datasource, media3.extractor]
10-19 19:43:39.068 I/HttpClientProvider(24000): getSessionCookies host=storage.googleapis.com -> nenhum
10-19 19:43:39.075 W/MessageQueue(24000): Handler (android.os.Handler) {1271ffd} sending message to a Handler on a dead thread
10-19 19:43:39.075 W/MessageQueue(24000): java.lang.IllegalStateException: Handler (android.os.Handler) {1271ffd} sending message to a Handler on a dead thread
10-19 19:43:39.075 W/MessageQueue(24000): 	at android.os.MessageQueue.enqueueMessage(MessageQueue.java:561)
10-19 19:43:39.075 W/MessageQueue(24000): 	at android.os.Handler.enqueueMessage(Handler.java:754)
10-19 19:43:39.075 W/MessageQueue(24000): 	at android.os.Handler.sendMessageAtTime(Handler.java:703)
10-19 19:43:39.075 W/MessageQueue(24000): 	at android.os.Handler.sendMessageDelayed(Handler.java:673)
10-19 19:43:39.075 W/MessageQueue(24000): 	at android.os.Handler.sendMessage(Handler.java:611)
10-19 19:43:39.075 W/MessageQueue(24000): 	at android.os.Message.sendToTarget(Message.java:474)
10-19 19:43:39.075 W/MessageQueue(24000): 	at androidx.media3.common.util.SystemHandlerWrapper$SystemMessage.sendToTarget(SystemHandlerWrapper.java:160)
10-19 19:43:39.075 W/MessageQueue(24000): 	at androidx.media3.exoplayer.ExoPlayerImplInternal.setMediaSources(ExoPlayerImplInternal.java:400)
10-19 19:43:39.075 W/MessageQueue(24000): 	at androidx.media3.exoplayer.ExoPlayerImpl.setMediaSourcesInternal(ExoPlayerImpl.java:2393)
10-19 19:43:39.075 W/MessageQueue(24000): 	at androidx.media3.exoplayer.ExoPlayerImpl.setMediaSources(ExoPlayerImpl.java:633)
10-19 19:43:39.075 W/MessageQueue(24000): 	at androidx.media3.exoplayer.ExoPlayerImpl.setMediaItems(ExoPlayerImpl.java:596)
10-19 19:43:39.075 W/MessageQueue(24000): 	at androidx.media3.common.BasePlayer.setMediaItems(BasePlayer.java:56)
10-19 19:43:39.075 W/MessageQueue(24000): 	at androidx.media3.common.BasePlayer.setMediaItem(BasePlayer.java:41)
10-19 19:43:39.075 W/MessageQueue(24000): 	at com.vitrinedecraques.app.ui.feed.FeedScreenKt.FeedVideoCard$lambda$80$lambda$79(FeedScreen.kt:541)
10-19 19:43:39.075 W/MessageQueue(24000): 	at com.vitrinedecraques.app.ui.feed.FeedScreenKt.$r8$lambda$JvNjg41AkVdpGZ8Q9DidMUiJ0G4(Unknown Source:0)
10-19 19:43:39.075 W/MessageQueue(24000): 	at com.vitrinedecraques.app.ui.feed.FeedScreenKt$$ExternalSyntheticLambda22.invoke(D8$$SyntheticClass:0)
10-19 19:43:39.075 W/MessageQueue(24000): 	at androidx.compose.runtime.DisposableEffectImpl.onRemembered(Effects.kt:83)
10-19 19:43:39.075 W/MessageQueue(24000): 	at androidx.compose.runtime.CompositionImpl$RememberEventDispatcher.dispatchRememberObservers(Composition.kt:1364)
10-19 19:43:39.075 W/MessageQueue(24000): 	at androidx.compose.runtime.CompositionImpl.applyChangesInLocked(Composition.kt:992)
10-19 19:43:39.075 W/MessageQueue(24000): 	at androidx.compose.runtime.CompositionImpl.applyChanges(Composition.kt:1013)
10-19 19:43:39.075 W/MessageQueue(24000): 	at androidx.compose.runtime.Recomposer$runRecomposeAndApplyChanges$2$1.invoke(Recomposer.kt:685)
10-19 19:43:39.075 W/MessageQueue(24000): 	at androidx.compose.runtime.Recomposer$runRecomposeAndApplyChanges$2$1.invoke(Recomposer.kt:585)
10-19 19:43:39.075 W/MessageQueue(24000): 	at androidx.compose.ui.platform.AndroidUiFrameClock$withFrameNanos$2$callback$1.doFrame(AndroidUiFrameClock.android.kt:41)
10-19 19:43:39.075 W/MessageQueue(24000): 	at androidx.compose.ui.platform.AndroidUiDispatcher.performFrameDispatch(AndroidUiDispatcher.android.kt:109)
10-19 19:43:39.075 W/MessageQueue(24000): 	at androidx.compose.ui.platform.AndroidUiDispatcher.access$performFrameDispatch(AndroidUiDispatcher.android.kt:41)
10-19 19:43:39.075 W/MessageQueue(24000): 	at androidx.compose.ui.platform.AndroidUiDispatcher$dispatchCallback$1.doFrame(AndroidUiDispatcher.android.kt:69)
10-19 19:43:39.075 W/MessageQueue(24000): 	at android.view.Choreographer$CallbackRecord.run(Choreographer.java:1029)
10-19 19:43:39.075 W/MessageQueue(24000): 	at android.view.Choreographer.doCallbacks(Choreographer.java:854)
10-19 19:43:39.075 W/MessageQueue(24000): 	at android.view.Choreographer.doFrame(Choreographer.java:785)
10-19 19:43:39.075 W/MessageQueue(24000): 	at android.view.Choreographer$FrameDisplayEventReceiver.run(Choreographer.java:1016)
10-19 19:43:39.075 W/MessageQueue(24000): 	at android.os.Handler.handleCallback(Handler.java:883)
10-19 19:43:39.075 W/MessageQueue(24000): 	at android.os.Handler.dispatchMessage(Handler.java:100)
10-19 19:43:39.075 W/MessageQueue(24000): 	at android.os.Looper.loop(Looper.java:223)
10-19 19:43:39.075 W/MessageQueue(24000): 	at android.app.ActivityThread.main(ActivityThread.java:7562)
10-19 19:43:39.075 W/MessageQueue(24000): 	at java.lang.reflect.Method.invoke(Native Method)
10-19 19:43:39.075 W/MessageQueue(24000): 	at com.android.internal.os.RuntimeInit$MethodAndArgsCaller.run(RuntimeInit.java:539)
10-19 19:43:39.075 W/MessageQueue(24000): 	at com.android.internal.os.ZygoteInit.main(ZygoteInit.java:950)
10-19 19:43:39.078 W/MessageQueue(24000): Handler (android.os.Handler) {1271ffd} sending message to a Handler on a dead thread
10-19 19:43:39.078 W/MessageQueue(24000): java.lang.IllegalStateException: Handler (android.os.Handler) {1271ffd} sending message to a Handler on a dead thread
10-19 19:43:39.078 W/MessageQueue(24000): 	at android.os.MessageQueue.enqueueMessage(MessageQueue.java:561)
10-19 19:43:39.078 W/MessageQueue(24000): 	at android.os.Handler.enqueueMessage(Handler.java:754)
10-19 19:43:39.078 W/MessageQueue(24000): 	at android.os.Handler.sendMessageAtTime(Handler.java:703)
10-19 19:43:39.078 W/MessageQueue(24000): 	at android.os.Handler.sendMessageDelayed(Handler.java:673)
10-19 19:43:39.078 W/MessageQueue(24000): 	at android.os.Handler.sendMessage(Handler.java:611)
10-19 19:43:39.078 W/MessageQueue(24000): 	at android.os.Message.sendToTarget(Message.java:474)
10-19 19:43:39.078 W/MessageQueue(24000): 	at androidx.media3.common.util.SystemHandlerWrapper$SystemMessage.sendToTarget(SystemHandlerWrapper.java:160)
10-19 19:43:39.078 W/MessageQueue(24000): 	at androidx.media3.exoplayer.ExoPlayerImplInternal.prepare(ExoPlayerImplInternal.java:342)
10-19 19:43:39.078 W/MessageQueue(24000): 	at androidx.media3.exoplayer.ExoPlayerImpl.prepare(ExoPlayerImpl.java:566)
10-19 19:43:39.078 W/MessageQueue(24000): 	at com.vitrinedecraques.app.ui.feed.FeedScreenKt.FeedVideoCard$lambda$80$lambda$79(FeedScreen.kt:542)
10-19 19:43:39.078 W/MessageQueue(24000): 	at com.vitrinedecraques.app.ui.feed.FeedScreenKt.$r8$lambda$JvNjg41AkVdpGZ8Q9DidMUiJ0G4(Unknown Source:0)
10-19 19:43:39.078 W/MessageQueue(24000): 	at com.vitrinedecraques.app.ui.feed.FeedScreenKt$$ExternalSyntheticLambda22.invoke(D8$$SyntheticClass:0)
10-19 19:43:39.078 W/MessageQueue(24000): 	at androidx.compose.runtime.DisposableEffectImpl.onRemembered(Effects.kt:83)
10-19 19:43:39.078 W/MessageQueue(24000): 	at androidx.compose.runtime.CompositionImpl$RememberEventDispatcher.dispatchRememberObservers(Composition.kt:1364)
10-19 19:43:39.078 W/MessageQueue(24000): 	at androidx.compose.runtime.CompositionImpl.applyChangesInLocked(Composition.kt:992)
10-19 19:43:39.078 W/MessageQueue(24000): 	at androidx.compose.runtime.CompositionImpl.applyChanges(Composition.kt:1013)
10-19 19:43:39.078 W/MessageQueue(24000): 	at androidx.compose.runtime.Recomposer$runRecomposeAndApplyChanges$2$1.invoke(Recomposer.kt:685)
10-19 19:43:39.078 W/MessageQueue(24000): 	at androidx.compose.runtime.Recomposer$runRecomposeAndApplyChanges$2$1.invoke(Recomposer.kt:585)
10-19 19:43:39.078 W/MessageQueue(24000): 	at androidx.compose.ui.platform.AndroidUiFrameClock$withFrameNanos$2$callback$1.doFrame(AndroidUiFrameClock.android.kt:41)
10-19 19:43:39.078 W/MessageQueue(24000): 	at androidx.compose.ui.platform.AndroidUiDispatcher.performFrameDispatch(AndroidUiDispatcher.android.kt:109)
10-19 19:43:39.078 W/MessageQueue(24000): 	at androidx.compose.ui.platform.AndroidUiDispatcher.access$performFrameDispatch(AndroidUiDispatcher.android.kt:41)
10-19 19:43:39.078 W/MessageQueue(24000): 	at androidx.compose.ui.platform.AndroidUiDispatcher$dispatchCallback$1.doFrame(AndroidUiDispatcher.android.kt:69)
10-19 19:43:39.078 W/MessageQueue(24000): 	at android.view.Choreographer$CallbackRecord.run(Choreographer.java:1029)
10-19 19:43:39.078 W/MessageQueue(24000): 	at android.view.Choreographer.doCallbacks(Choreographer.java:854)
10-19 19:43:39.078 W/MessageQueue(24000): 	at android.view.Choreographer.doFrame(Choreographer.java:785)
10-19 19:43:39.078 W/MessageQueue(24000): 	at android.view.Choreographer$FrameDisplayEventReceiver.run(Choreographer.java:1016)
10-19 19:43:39.078 W/MessageQueue(24000): 	at android.os.Handler.handleCallback(Handler.java:883)
10-19 19:43:39.078 W/MessageQueue(24000): 	at android.os.Handler.dispatchMessage(Handler.java:100)
10-19 19:43:39.078 W/MessageQueue(24000): 	at android.os.Looper.loop(Looper.java:223)
10-19 19:43:39.078 W/MessageQueue(24000): 	at android.app.ActivityThread.main(ActivityThread.java:7562)
10-19 19:43:39.078 W/MessageQueue(24000): 	at java.lang.reflect.Method.invoke(Native Method)
10-19 19:43:39.078 W/MessageQueue(24000): 	at com.android.internal.os.RuntimeInit$MethodAndArgsCaller.run(RuntimeInit.java:539)
10-19 19:43:39.078 W/MessageQueue(24000): 	at com.android.internal.os.ZygoteInit.main(ZygoteInit.java:950)
10-19 19:43:39.084 I/nedecraques.ap(24000): Background young concurrent copying GC freed 110754(6884KB) AllocSpace objects, 31(848KB) LOS objects, 43% free, 10MB/17MB, paused 348us total 106.305ms
10-19 19:43:39.139 W/nedecraques.ap(24000): Accessing hidden method Lsun/misc/Unsafe;->getInt(Ljava/lang/Object;J)I (greylist, linking, allowed)
10-19 19:43:39.140 W/nedecraques.ap(24000): Accessing hidden method Lsun/misc/Unsafe;->getObject(Ljava/lang/Object;J)Ljava/lang/Object; (greylist, linking, allowed)
10-19 19:43:39.140 W/nedecraques.ap(24000): Accessing hidden method Lsun/misc/Unsafe;->putObject(Ljava/lang/Object;JLjava/lang/Object;)V (greylist, linking, allowed)
10-19 19:43:39.156 W/nedecraques.ap(24000): Accessing hidden method Lsun/misc/Unsafe;->getInt(Ljava/lang/Object;J)I (greylist, linking, allowed)
10-19 19:43:39.164 W/nedecraques.ap(24000): Accessing hidden method Lsun/misc/Unsafe;->putInt(Ljava/lang/Object;JI)V (greylist, linking, allowed)
10-19 19:43:39.229 W/nedecraques.ap(24000): Accessing hidden method Lsun/misc/Unsafe;->putObject(Ljava/lang/Object;JLjava/lang/Object;)V (greylist, linking, allowed)
10-19 19:43:39.229 W/nedecraques.ap(24000): Accessing hidden method Lsun/misc/Unsafe;->putInt(Ljava/lang/Object;JI)V (greylist, linking, allowed)
10-19 19:43:39.230 W/nedecraques.ap(24000): Accessing hidden method Lsun/misc/Unsafe;->getInt(Ljava/lang/Object;J)I (greylist, linking, allowed)
10-19 19:43:39.552 W/VideoCapabilities(24000): Unsupported mime video/divx
10-19 19:43:39.554 W/VideoCapabilities(24000): Unsupported mime video/divx4
10-19 19:43:39.581 W/Utils   (24000): could not parse long range '146-132'
10-19 19:43:39.590 I/VideoCapabilities(24000): Unsupported profile 4 for video/mp4v-es
10-19 19:43:39.661 I/OMXClient(24000): IOmx service obtained
10-19 19:43:40.017 I/MediaCodec(24000): [OMX.qcom.video.decoder.avc] setting surface generation to 24576001
10-19 19:43:40.020 I/ExtendedACodec(24000): setupVideoDecoder()
10-19 19:43:40.028 I/ExtendedACodec(24000): Decoder will be in frame by frame mode
10-19 19:43:40.083 I/OMXClient(24000): IOmx service obtained
10-19 19:43:40.087 I/ACodec  (24000): codec does not support config priority (err -2147483648)
10-19 19:43:40.088 I/ACodec  (24000): codec does not support config priority (err -2147483648)
10-19 19:43:40.088 I/ACodec  (24000): codec does not support config operating rate (err -2147483648)
10-19 19:43:40.090 W/ExtendedACodec(24000): Failed to get extension for extradata parameter
10-19 19:43:40.523 I/nedecraques.ap(24000): ProcessProfilingInfo new_methods=17306 is saved saved_to_disk=1 resolve_classes_delay=8000
10-19 19:43:41.272 I/OMXClient(24000): IOmx service obtained
10-19 19:43:41.291 I/MediaCodec(24000): [OMX.qcom.video.decoder.avc] setting surface generation to 24576002
10-19 19:43:41.293 I/ExtendedACodec(24000): setupVideoDecoder()
10-19 19:43:41.300 I/ExtendedACodec(24000): Decoder will be in frame by frame mode
10-19 19:43:41.333 I/OMXClient(24000): IOmx service obtained
10-19 19:43:41.336 I/ACodec  (24000): codec does not support config priority (err -2147483648)
10-19 19:43:41.338 I/ACodec  (24000): codec does not support config priority (err -2147483648)
10-19 19:43:41.338 I/ACodec  (24000): codec does not support config operating rate (err -2147483648)
10-19 19:43:41.340 W/ExtendedACodec(24000): Failed to get extension for extradata parameter
10-19 19:43:45.933 I/nedecraques.ap(24000): Background concurrent copying GC freed 2980(257KB) AllocSpace objects, 6(2880KB) LOS objects, 49% free, 15MB/30MB, paused 102us total 124.433ms
10-19 19:43:50.673 I/MediaCodec(24000): [OMX.qcom.video.decoder.avc] setting surface generation to 24576003
10-19 19:43:50.709 I/MediaCodec(24000): [OMX.qcom.video.decoder.avc] setting surface generation to 24576004
10-19 19:43:51.815 I/MediaCodec(24000): [OMX.qcom.video.decoder.avc] setting surface generation to 24576005
10-19 19:43:51.817 I/MediaCodec(24000): [OMX.qcom.video.decoder.avc] setting surface generation to 24576006
10-19 19:43:55.935 I/MediaCodec(24000): [OMX.qcom.video.decoder.avc] setting surface generation to 24576007
10-19 19:43:55.959 I/MediaCodec(24000): [OMX.qcom.video.decoder.avc] setting surface generation to 24576008
