--------- beginning of main
10-19 18:15:07.891 I/nedecraques.ap( 9747): Late-enabling -Xcheck:jni
10-19 18:15:07.985 E/nedecraques.ap( 9747): Unknown bits set in runtime_flags: 0x8000
10-19 18:15:13.493 I/Perf    ( 9747): Connecting to perf service.
10-19 18:15:13.623 I/FeatureParser( 9747): can't find olive.xml in assets/device_features/,it may be in /system/etc/device_features
--------- beginning of system
10-19 18:15:13.661 W/Looper  ( 9747): Slow Looper main: Long Msg: seq=2 plan=18:15:08.132  late=5ms wall=5522ms running=0ms h=android.app.ActivityThread$H w=110
10-19 18:15:13.668 E/Perf    ( 9747): Fail to get file list com.vitrinedecraques.app
10-19 18:15:13.668 E/Perf    ( 9747): getFolderSize() : Exception_1 = java.lang.NullPointerException: Attempt to get length of null array
10-19 18:15:13.669 E/Perf    ( 9747): Fail to get file list com.vitrinedecraques.app
10-19 18:15:13.669 E/Perf    ( 9747): getFolderSize() : Exception_1 = java.lang.NullPointerException: Attempt to get length of null array
10-19 18:15:13.990 W/Looper  ( 9747): Slow Looper main: Activity com.vitrinedecraques.app/.MainActivity is 5492ms late (wall=328ms running=0ms ClientTransaction{ callbacks=[android.app.servertransaction.LaunchActivityItem] lifecycleRequest=android.app.servertransaction.ResumeActivityItem }) because of 1 msg, msg 1 took 5522ms (seq=2 late=5ms h=android.app.ActivityThread$H w=110)
10-19 18:15:13.991 W/Looper  ( 9747): Slow Looper main: Activity com.vitrinedecraques.app/.MainActivity is 5819ms late (wall=0ms running=0ms ClientTransaction{ callbacks=[android.app.servertransaction.TopResumedActivityChangeItem] }) because of 2 msg, msg 1 took 5522ms (seq=2 late=5ms h=android.app.ActivityThread$H w=110), msg 2 took 328ms (seq=3 late=5492ms h=android.app.ActivityThread$H w=159)
10-19 18:15:13.775 I/chatty  ( 9747): uid=11390(com.vitrinedecraques.app) identical 1 line
10-19 18:15:15.192 W/nedecraques.ap( 9747): Accessing hidden method Lsun/misc/Unsafe;->getInt(Ljava/lang/Object;J)I (greylist, linking, allowed)
10-19 18:15:15.194 W/nedecraques.ap( 9747): Accessing hidden method Lsun/misc/Unsafe;->getObject(Ljava/lang/Object;J)Ljava/lang/Object; (greylist, linking, allowed)
10-19 18:15:15.199 W/nedecraques.ap( 9747): Accessing hidden method Lsun/misc/Unsafe;->putInt(Ljava/lang/Object;JI)V (greylist, linking, allowed)
10-19 18:15:15.199 W/nedecraques.ap( 9747): Accessing hidden method Lsun/misc/Unsafe;->getLong(Ljava/lang/Object;J)J (greylist,core-platform-api, linking, allowed)
10-19 18:15:15.204 W/nedecraques.ap( 9747): Accessing hidden method Lsun/misc/Unsafe;->putObject(Ljava/lang/Object;JLjava/lang/Object;)V (greylist, linking, allowed)
10-19 18:15:15.207 W/nedecraques.ap( 9747): Accessing hidden method Lsun/misc/Unsafe;->objectFieldOffset(Ljava/lang/reflect/Field;)J (greylist,core-platform-api, linking, allowed)
10-19 18:15:15.208 W/nedecraques.ap( 9747): Accessing hidden method Lsun/misc/Unsafe;->putObject(Ljava/lang/Object;JLjava/lang/Object;)V (greylist, linking, allowed)
10-19 18:15:15.210 W/nedecraques.ap( 9747): Accessing hidden method Lsun/misc/Unsafe;->putLong(Ljava/lang/Object;JJ)V (greylist, linking, allowed)
10-19 18:15:15.212 W/nedecraques.ap( 9747): Accessing hidden method Lsun/misc/Unsafe;->getInt(Ljava/lang/Object;J)I (greylist, linking, allowed)
10-19 18:15:15.213 W/nedecraques.ap( 9747): Accessing hidden method Lsun/misc/Unsafe;->getLong(Ljava/lang/Object;J)J (greylist,core-platform-api, linking, allowed)
10-19 18:15:15.213 W/nedecraques.ap( 9747): Accessing hidden method Lsun/misc/Unsafe;->getInt(Ljava/lang/Object;J)I (greylist, linking, allowed)
10-19 18:15:15.218 W/nedecraques.ap( 9747): Accessing hidden method Lsun/misc/Unsafe;->putLong(Ljava/lang/Object;JJ)V (greylist, linking, allowed)
10-19 18:15:15.219 W/nedecraques.ap( 9747): Accessing hidden method Lsun/misc/Unsafe;->allocateInstance(Ljava/lang/Class;)Ljava/lang/Object; (greylist, linking, allowed)
10-19 18:15:15.222 W/nedecraques.ap( 9747): Accessing hidden method Llibcore/io/Memory;->peekLong(JZ)J (greylist, reflection, allowed)
10-19 18:15:15.223 W/nedecraques.ap( 9747): Accessing hidden method Llibcore/io/Memory;->pokeLong(JJZ)V (greylist, reflection, allowed)
10-19 18:15:15.223 W/nedecraques.ap( 9747): Accessing hidden method Llibcore/io/Memory;->pokeInt(JIZ)V (greylist, reflection, allowed)
10-19 18:15:15.223 W/nedecraques.ap( 9747): Accessing hidden method Llibcore/io/Memory;->peekInt(JZ)I (greylist, reflection, allowed)
10-19 18:15:15.223 W/nedecraques.ap( 9747): Accessing hidden method Llibcore/io/Memory;->pokeByte(JB)V (greylist, reflection, allowed)
10-19 18:15:15.223 W/nedecraques.ap( 9747): Accessing hidden method Llibcore/io/Memory;->peekByte(J)B (greylist, reflection, allowed)
10-19 18:15:15.223 W/nedecraques.ap( 9747): Accessing hidden method Llibcore/io/Memory;->pokeByteArray(J[BII)V (greylist, reflection, allowed)
10-19 18:15:15.223 W/nedecraques.ap( 9747): Accessing hidden method Llibcore/io/Memory;->peekByteArray(J[BII)V (greylist, reflection, allowed)
10-19 18:15:15.223 W/nedecraques.ap( 9747): Accessing hidden method Lsun/misc/Unsafe;->arrayBaseOffset(Ljava/lang/Class;)I (greylist,core-platform-api, linking, allowed)
10-19 18:15:15.223 W/nedecraques.ap( 9747): Accessing hidden method Lsun/misc/Unsafe;->arrayIndexScale(Ljava/lang/Class;)I (greylist, linking, allowed)
10-19 18:15:15.224 W/nedecraques.ap( 9747): Accessing hidden method Lsun/misc/Unsafe;->getInt(Ljava/lang/Object;J)I (greylist, linking, allowed)
10-19 18:15:15.225 W/nedecraques.ap( 9747): Accessing hidden method Lsun/misc/Unsafe;->getInt(Ljava/lang/Object;J)I (greylist, reflection, allowed)
10-19 18:15:15.225 W/nedecraques.ap( 9747): Accessing hidden method Lsun/misc/Unsafe;->putInt(Ljava/lang/Object;JI)V (greylist, reflection, allowed)
10-19 18:15:15.225 W/nedecraques.ap( 9747): Accessing hidden method Lsun/misc/Unsafe;->getLong(Ljava/lang/Object;J)J (greylist,core-platform-api, reflection, allowed)
10-19 18:15:15.225 W/nedecraques.ap( 9747): Accessing hidden method Lsun/misc/Unsafe;->putLong(Ljava/lang/Object;JJ)V (greylist, reflection, allowed)
10-19 18:15:15.225 W/nedecraques.ap( 9747): Accessing hidden method Lsun/misc/Unsafe;->getObject(Ljava/lang/Object;J)Ljava/lang/Object; (greylist, reflection, allowed)
10-19 18:15:15.225 W/nedecraques.ap( 9747): Accessing hidden method Lsun/misc/Unsafe;->putObject(Ljava/lang/Object;JLjava/lang/Object;)V (greylist, reflection, allowed)
10-19 18:15:15.226 W/nedecraques.ap( 9747): Accessing hidden field Ljava/nio/Buffer;->address:J (greylist, reflection, allowed)
10-19 18:15:15.232 W/nedecraques.ap( 9747): Accessing hidden method Lsun/misc/Unsafe;->putObject(Ljava/lang/Object;JLjava/lang/Object;)V (greylist, linking, allowed)
10-19 18:15:15.401 W/nedecraques.ap( 9747): Accessing hidden method Landroid/view/View;->getViewRootImpl()Landroid/view/ViewRootImpl; (greylist, reflection, allowed)
10-19 18:15:15.402 W/nedecraques.ap( 9747): Accessing hidden field Landroid/view/View$AttachInfo;->mVisibleInsets:Landroid/graphics/Rect; (greylist, reflection, allowed)
10-19 18:15:15.402 W/nedecraques.ap( 9747): Accessing hidden field Landroid/view/ViewRootImpl;->mAttachInfo:Landroid/view/View$AttachInfo; (greylist, reflection, allowed)
10-19 18:15:15.458 I/AdrenoGLES( 9747): QUALCOMM build                   : 9d44e36, Ie3bb699d95
10-19 18:15:15.458 I/AdrenoGLES( 9747): Build Date                       : 09/29/20
10-19 18:15:15.458 I/AdrenoGLES( 9747): OpenGL ES Shader Compiler Version: EV031.27.05.02
10-19 18:15:15.458 I/AdrenoGLES( 9747): Local Branch                     : 
10-19 18:15:15.458 I/AdrenoGLES( 9747): Remote Branch                    : refs/tags/AU_LINUX_ANDROID_LA.UM.8.6.2.R1.10.00.00.537.053
10-19 18:15:15.458 I/AdrenoGLES( 9747): Remote Branch                    : NONE
10-19 18:15:15.458 I/AdrenoGLES( 9747): Reconstruct Branch               : NOTHING
10-19 18:15:15.458 I/AdrenoGLES( 9747): Build Config                     : S L 8.0.10 AArch64
10-19 18:15:15.484 I/AdrenoGLES( 9747): PFP: 0x005ff112, ME: 0x005ff066
10-19 18:15:15.526 W/Gralloc3( 9747): mapper 3.x is not supported
10-19 18:15:15.712 I/OpenGLRenderer( 9747): Davey! duration=2084ms; Flags=1, IntendedVsync=1262884204023996, Vsync=1262884554023982, OldestInputEvent=9223372036854775807, NewestInputEvent=0, HandleInputStart=1262884570078714, AnimationStart=1262884570216318, PerformTraversalsStart=1262884570609860, DrawStart=1262886083298974, SyncQueued=1262886099355797, SyncStart=1262886099797099, IssueDrawCommandsStart=1262886099892255, SwapBuffers=1262886286845484, FrameCompleted=1262886289261317, DequeueBufferDuration=330000, QueueBufferDuration=1318000, 
10-19 18:15:15.717 W/Looper  ( 9747): Slow Looper main: Long Msg: seq=7 plan=18:15:13.627  late=365ms wall=1722ms running=0ms h=android.view.Choreographer$FrameHandler c=android.view.Choreographer$FrameDisplayEventReceiver
10-19 18:15:15.717 W/Looper  ( 9747): Slow Looper main: doFrame is 365ms late because of 5 msg, msg 1 took 5522ms (seq=2 late=5ms h=android.app.ActivityThread$H w=110), msg 2 took 328ms (seq=3 late=5492ms h=android.app.ActivityThread$H w=159)
10-19 18:15:15.769 I/Choreographer( 9747): Skipped 94 frames!  The application may be doing too much work on its main thread.
10-19 18:15:15.778 W/Looper  ( 9747): Slow Looper main: doFrame is 1574ms late because of 5 msg, msg 1 took 1722ms (seq=7 late=365ms h=android.view.Choreographer$FrameHandler c=android.view.Choreographer$FrameDisplayEventReceiver)
10-19 18:15:15.783 I/OpenGLRenderer( 9747): Davey! duration=1586ms; Flags=0, IntendedVsync=1262884772099100, Vsync=1262886338765704, OldestInputEvent=9223372036854775807, NewestInputEvent=0, HandleInputStart=1262886348628557, AnimationStart=1262886348732828, PerformTraversalsStart=1262886348746161, DrawStart=1262886353727671, SyncQueued=1262886355059546, SyncStart=1262886355486734, IssueDrawCommandsStart=1262886355572359, SwapBuffers=1262886357081474, FrameCompleted=1262886359507359, DequeueBufferDuration=100000, QueueBufferDuration=1488000, 
10-19 18:15:15.837 W/ApiBaseUrlResolver( 9747): Falha ao detectar host canônico: null
10-19 18:15:15.840 I/HttpClientProvider( 9747): updateSessionCookies host=nice-hill-01a3a1010.2.azurestaticapps.net -> ${cookie.name}@${cookie.domain}${cookie.path}
10-19 18:15:15.961 W/nedecraques.ap( 9747): Accessing hidden method Lsun/misc/Unsafe;->getObject(Ljava/lang/Object;J)Ljava/lang/Object; (greylist, linking, allowed)
10-19 18:15:15.961 W/nedecraques.ap( 9747): Accessing hidden method Lsun/misc/Unsafe;->putObject(Ljava/lang/Object;JLjava/lang/Object;)V (greylist, linking, allowed)
10-19 18:15:15.961 W/nedecraques.ap( 9747): Accessing hidden method Lsun/misc/Unsafe;->putInt(Ljava/lang/Object;JI)V (greylist, linking, allowed)
10-19 18:15:15.961 W/nedecraques.ap( 9747): Accessing hidden method Lsun/misc/Unsafe;->getInt(Ljava/lang/Object;J)I (greylist, linking, allowed)
10-19 18:15:16.774 I/OpenGLRenderer( 9747): Davey! duration=892ms; Flags=0, IntendedVsync=1262886459616848, Vsync=1262886459616848, OldestInputEvent=9223372036854775807, NewestInputEvent=0, HandleInputStart=1262886466816682, AnimationStart=1262886466823036, PerformTraversalsStart=1262886978458296, DrawStart=1262886978767619, SyncQueued=1262887348494754, SyncStart=1262887348941421, IssueDrawCommandsStart=1262887349312932, SwapBuffers=1262887350413869, FrameCompleted=1262887352122984, DequeueBufferDuration=151000, QueueBufferDuration=749000, 
10-19 18:15:17.110 I/ExoPlayerImpl( 9747): Init fc4cc43 [AndroidXMedia3/1.4.1] [olive, Redmi 8, Xiaomi, 29]
10-19 18:15:17.192 W/nedecraques.ap( 9747): Accessing hidden method Landroid/media/AudioTrack;->getLatency()I (greylist, reflection, allowed)
10-19 18:15:17.540 I/chatty  ( 9747): uid=11390(com.vitrinedecraques.app) identical 6 lines
10-19 18:15:17.666 I/chatty  ( 9747): uid=11390(com.vitrinedecraques.app) identical 32 lines
10-19 18:15:17.903 I/DpmTcmClient( 9747): RegisterTcmMonitor from: $Proxy0
10-19 18:15:17.946 I/ExoPlayerImpl( 9747): Init 1a308d1 [AndroidXMedia3/1.4.1] [olive, Redmi 8, Xiaomi, 29]
10-19 18:15:18.044 I/chatty  ( 9747): uid=11390(com.vitrinedecraques.app) identical 2 lines
10-19 18:15:18.047 W/Gralloc3( 9747): allocator 3.x is not supported
10-19 18:15:18.097 I/chatty  ( 9747): uid=11390(com.vitrinedecraques.app) identical 32 lines
10-19 18:15:18.107 I/chatty  ( 9747): uid=11390(com.vitrinedecraques.app) identical 1 line
10-19 18:15:18.465 W/Looper  ( 9747): Slow Looper main: Long Msg: seq=36 plan=18:15:16.784  late=83ms wall=1597ms running=0ms h=android.view.Choreographer$FrameHandler c=android.view.Choreographer$FrameDisplayEventReceiver
10-19 18:15:18.466 I/OpenGLRenderer( 9747): Davey! duration=1681ms; Flags=0, IntendedVsync=1262887361875369, Vsync=1262887428542033, OldestInputEvent=9223372036854775807, NewestInputEvent=0, HandleInputStart=1262887444555015, AnimationStart=1262887444635484, PerformTraversalsStart=1262887559198921, DrawStart=1262887559517723, SyncQueued=1262889039907723, SyncStart=1262889040389598, IssueDrawCommandsStart=1262889041377618, SwapBuffers=1262889042802879, FrameCompleted=1262889043831993, DequeueBufferDuration=350000, QueueBufferDuration=376000, 
10-19 18:15:18.558 I/Choreographer( 9747): Skipped 101 frames!  The application may be doing too much work on its main thread.
10-19 18:15:18.634 W/Looper  ( 9747): Slow Looper main: doFrame is 1691ms late because of 12 msg, msg 1 took 1597ms (seq=36 late=83ms h=android.view.Choreographer$FrameHandler c=android.view.Choreographer$FrameDisplayEventReceiver), msg 7 took 72ms (seq=42 late=1609ms h=android.os.Handler c=androidx.compose.ui.platform.AndroidComposeViewAccessibilityDelegateCompat$$ExternalSyntheticLambda3)
10-19 18:15:18.963 I/OpenGLRenderer( 9747): Davey! duration=2095ms; Flags=1, IntendedVsync=1262887445417222, Vsync=1262889128750488, OldestInputEvent=9223372036854775807, NewestInputEvent=0, HandleInputStart=1262889137760639, AnimationStart=1262889137946941, PerformTraversalsStart=1262889173456733, DrawStart=1262889199497931, SyncQueued=1262889209991108, SyncStart=1262889210689806, IssueDrawCommandsStart=1262889211573972, SwapBuffers=1262889539706264, FrameCompleted=1262889541342045, DequeueBufferDuration=300000, QueueBufferDuration=408000, 
10-19 18:15:19.034 W/Looper  ( 9747): Slow Looper main: doFrame is 301ms late because of 7 msg, msg 1 took 262ms (seq=86 late=132ms h=android.view.Choreographer$FrameHandler c=android.view.Choreographer$FrameDisplayEventReceiver)
10-19 18:15:20.713 W/VideoCapabilities( 9747): Unsupported mime video/divx
10-19 18:15:20.714 W/VideoCapabilities( 9747): Unsupported mime video/divx4
10-19 18:15:20.755 W/Utils   ( 9747): could not parse long range '146-132'
10-19 18:15:20.769 I/VideoCapabilities( 9747): Unsupported profile 4 for video/mp4v-es
10-19 18:15:20.833 I/nedecraques.ap( 9747): Background young concurrent copying GC freed 109755(6724KB) AllocSpace objects, 33(1000KB) LOS objects, 43% free, 10MB/17MB, paused 4.399ms total 103.552ms
10-19 18:15:20.901 I/OMXClient( 9747): IOmx service obtained
10-19 18:15:20.901 I/OMXClient( 9747): IOmx service obtained
10-19 18:15:21.297 I/MediaCodec( 9747): [OMX.qcom.video.decoder.avc] setting surface generation to 9980929
10-19 18:15:21.301 I/ExtendedACodec( 9747): setupVideoDecoder()
10-19 18:15:21.306 I/MediaCodec( 9747): [OMX.qcom.video.decoder.avc] setting surface generation to 9980930
10-19 18:15:21.308 I/ExtendedACodec( 9747): Decoder will be in frame by frame mode
10-19 18:15:21.308 I/ExtendedACodec( 9747): setupVideoDecoder()
10-19 18:15:21.316 I/ExtendedACodec( 9747): Decoder will be in frame by frame mode
10-19 18:15:21.384 I/OMXClient( 9747): IOmx service obtained
10-19 18:15:21.388 I/ACodec  ( 9747): codec does not support config priority (err -2147483648)
10-19 18:15:21.389 I/ACodec  ( 9747): codec does not support config priority (err -2147483648)
10-19 18:15:21.389 I/ACodec  ( 9747): codec does not support config operating rate (err -2147483648)
10-19 18:15:21.390 W/ExtendedACodec( 9747): Failed to get extension for extradata parameter
10-19 18:15:21.395 I/OMXClient( 9747): IOmx service obtained
10-19 18:15:21.398 I/ACodec  ( 9747): codec does not support config priority (err -2147483648)
10-19 18:15:21.399 I/ACodec  ( 9747): codec does not support config priority (err -2147483648)
10-19 18:15:21.399 I/ACodec  ( 9747): codec does not support config operating rate (err -2147483648)
10-19 18:15:21.400 W/ExtendedACodec( 9747): Failed to get extension for extradata parameter
10-19 18:15:21.455 W/RenderInspector( 9747): DequeueBuffer time out on com.vitrinedecraques.app/com.vitrinedecraques.app.MainActivity, count=1, avg=17 ms, max=17 ms.
10-19 18:15:21.531 I/nedecraques.ap( 9747): ProcessProfilingInfo new_methods=16101 is saved saved_to_disk=1 resolve_classes_delay=8000
10-19 18:15:23.124 W/nedecraques.ap( 9747): Accessing hidden method Lsun/misc/Unsafe;->getObject(Ljava/lang/Object;J)Ljava/lang/Object; (greylist, linking, allowed)
10-19 18:15:23.125 W/nedecraques.ap( 9747): Accessing hidden method Lsun/misc/Unsafe;->putObject(Ljava/lang/Object;JLjava/lang/Object;)V (greylist, linking, allowed)
10-19 18:15:23.125 W/nedecraques.ap( 9747): Accessing hidden method Lsun/misc/Unsafe;->putInt(Ljava/lang/Object;JI)V (greylist, linking, allowed)
10-19 18:15:23.125 W/nedecraques.ap( 9747): Accessing hidden method Lsun/misc/Unsafe;->getInt(Ljava/lang/Object;J)I (greylist, linking, allowed)
10-19 18:15:23.190 W/nedecraques.ap( 9747): Accessing hidden method Lsun/misc/Unsafe;->getObject(Ljava/lang/Object;J)Ljava/lang/Object; (greylist, linking, allowed)
10-19 18:15:23.190 W/nedecraques.ap( 9747): Accessing hidden method Lsun/misc/Unsafe;->putInt(Ljava/lang/Object;JI)V (greylist, linking, allowed)
10-19 18:15:23.190 W/nedecraques.ap( 9747): Accessing hidden method Lsun/misc/Unsafe;->getInt(Ljava/lang/Object;J)I (greylist, linking, allowed)
10-19 18:15:23.827 W/AudioTrack( 9747): getTimestamp_l(471): retrograde timestamp time corrected, 1262894392101054 < 1262894394544023
10-19 18:15:26.045 I/nedecraques.ap( 9747): Background concurrent copying GC freed 2706(209KB) AllocSpace objects, 7(2948KB) LOS objects, 49% free, 14MB/29MB, paused 70us total 113.892ms
10-19 18:15:33.255 W/InputEventReceiver( 9747): App Input: Dispatching InputEvent took 197ms in main thread! (MotionEvent: event_seq=0, seq=224143, action=ACTION_DOWN)
10-19 18:15:33.309 I/ExoPlayerImpl( 9747): Init c247b32 [AndroidXMedia3/1.4.1] [olive, Redmi 8, Xiaomi, 29]
10-19 18:15:33.488 I/chatty  ( 9747): uid=11390(com.vitrinedecraques.app) identical 4 lines
10-19 18:15:33.541 I/chatty  ( 9747): uid=11390(com.vitrinedecraques.app) identical 6 lines
10-19 18:15:33.578 I/chatty  ( 9747): uid=11390(com.vitrinedecraques.app) identical 1 line
10-19 18:15:33.608 I/chatty  ( 9747): uid=11390(com.vitrinedecraques.app) identical 6 lines
10-19 18:15:33.853 I/Choreographer( 9747): Skipped 34 frames!  The application may be doing too much work on its main thread.
10-19 18:15:33.938 W/Looper  ( 9747): Slow Looper main: doFrame is 578ms late because of 3 msg, msg 1 took 570ms (seq=786 late=12ms h=android.os.Handler c=androidx.compose.ui.platform.AndroidUiDispatcher$dispatchCallback$1)
10-19 18:15:34.019 W/nedecraques.ap( 9747): Accessing hidden method Lsun/misc/Unsafe;->getObject(Ljava/lang/Object;J)Ljava/lang/Object; (greylist, linking, allowed)
10-19 18:15:34.019 W/nedecraques.ap( 9747): Accessing hidden method Lsun/misc/Unsafe;->putObject(Ljava/lang/Object;JLjava/lang/Object;)V (greylist, linking, allowed)
10-19 18:15:34.019 W/nedecraques.ap( 9747): Accessing hidden method Lsun/misc/Unsafe;->putInt(Ljava/lang/Object;JI)V (greylist, linking, allowed)
10-19 18:15:34.019 W/nedecraques.ap( 9747): Accessing hidden method Lsun/misc/Unsafe;->getInt(Ljava/lang/Object;J)I (greylist, linking, allowed)
10-19 18:15:34.095 W/nedecraques.ap( 9747): Accessing hidden method Lsun/misc/Unsafe;->getInt(Ljava/lang/Object;J)I (greylist, linking, allowed)
10-19 18:15:34.096 W/nedecraques.ap( 9747): Accessing hidden method Lsun/misc/Unsafe;->getObject(Ljava/lang/Object;J)Ljava/lang/Object; (greylist, linking, allowed)
10-19 18:15:34.096 W/nedecraques.ap( 9747): Accessing hidden method Lsun/misc/Unsafe;->putObject(Ljava/lang/Object;JLjava/lang/Object;)V (greylist, linking, allowed)
10-19 18:15:34.112 W/nedecraques.ap( 9747): Accessing hidden method Lsun/misc/Unsafe;->getObject(Ljava/lang/Object;J)Ljava/lang/Object; (greylist, linking, allowed)
10-19 18:15:34.119 W/nedecraques.ap( 9747): Accessing hidden method Lsun/misc/Unsafe;->putInt(Ljava/lang/Object;JI)V (greylist, linking, allowed)
10-19 18:15:34.190 I/ExoPlayerImpl( 9747): Init 3d68baa [AndroidXMedia3/1.4.1] [olive, Redmi 8, Xiaomi, 29]
10-19 18:15:34.264 I/chatty  ( 9747): uid=11390(com.vitrinedecraques.app) identical 6 lines
10-19 18:15:34.289 I/chatty  ( 9747): uid=11390(com.vitrinedecraques.app) identical 10 lines
10-19 18:15:34.302 I/chatty  ( 9747): uid=11390(com.vitrinedecraques.app) identical 5 lines
10-19 18:15:34.308 I/chatty  ( 9747): uid=11390(com.vitrinedecraques.app) identical 1 line
10-19 18:15:34.550 W/InputEventReceiver( 9747): App Input: 367ms before dispatchInputEvent (MotionEvent: event_seq=14, seq=224183, action=ACTION_UP)
10-19 18:15:34.573 W/Looper  ( 9747): Slow Looper main: doFrame is 364ms late because of 14 msg, msg 1 took 369ms (seq=836 late=32ms h=android.view.Choreographer$FrameHandler c=android.view.Choreographer$FrameDisplayEventReceiver)
10-19 18:15:34.674 W/nedecraques.ap( 9747): Accessing hidden method Lsun/misc/Unsafe;->getObject(Ljava/lang/Object;J)Ljava/lang/Object; (greylist, linking, allowed)
10-19 18:15:34.674 W/nedecraques.ap( 9747): Accessing hidden method Lsun/misc/Unsafe;->putObject(Ljava/lang/Object;JLjava/lang/Object;)V (greylist, linking, allowed)
10-19 18:15:34.674 W/nedecraques.ap( 9747): Accessing hidden method Lsun/misc/Unsafe;->putInt(Ljava/lang/Object;JI)V (greylist, linking, allowed)
10-19 18:15:34.675 W/nedecraques.ap( 9747): Accessing hidden method Lsun/misc/Unsafe;->getInt(Ljava/lang/Object;J)I (greylist, linking, allowed)
10-19 18:15:34.740 W/nedecraques.ap( 9747): Accessing hidden method Lsun/misc/Unsafe;->getInt(Ljava/lang/Object;J)I (greylist, linking, allowed)
10-19 18:15:34.741 W/nedecraques.ap( 9747): Accessing hidden method Lsun/misc/Unsafe;->getObject(Ljava/lang/Object;J)Ljava/lang/Object; (greylist, linking, allowed)
10-19 18:15:34.741 W/nedecraques.ap( 9747): Accessing hidden method Lsun/misc/Unsafe;->putObject(Ljava/lang/Object;JLjava/lang/Object;)V (greylist, linking, allowed)
10-19 18:15:34.741 W/nedecraques.ap( 9747): Accessing hidden method Lsun/misc/Unsafe;->putInt(Ljava/lang/Object;JI)V (greylist, linking, allowed)
10-19 18:15:35.095 I/MediaCodec( 9747): [OMX.qcom.video.decoder.avc] setting surface generation to 9980931
10-19 18:15:35.115 I/ExoPlayerImpl( 9747): Release fc4cc43 [AndroidXMedia3/1.4.1] [olive, Redmi 8, Xiaomi, 29] [media3.common, media3.exoplayer, media3.decoder, media3.ui, media3.datasource, media3.extractor]
10-19 18:15:37.205 I/ExoPlayerImpl( 9747): Init feda7c5 [AndroidXMedia3/1.4.1] [olive, Redmi 8, Xiaomi, 29]
10-19 18:15:37.370 I/chatty  ( 9747): uid=11390(com.vitrinedecraques.app) identical 41 lines
10-19 18:15:37.578 W/Looper  ( 9747): Slow Looper main: doFrame is 343ms late because of 3 msg, msg 1 took 345ms (seq=999 late=5ms h=android.view.Choreographer$FrameHandler w=0)
10-19 18:15:37.644 W/nedecraques.ap( 9747): Accessing hidden method Lsun/misc/Unsafe;->getObject(Ljava/lang/Object;J)Ljava/lang/Object; (greylist, linking, allowed)
10-19 18:15:37.644 W/nedecraques.ap( 9747): Accessing hidden method Lsun/misc/Unsafe;->putObject(Ljava/lang/Object;JLjava/lang/Object;)V (greylist, linking, allowed)
10-19 18:15:37.644 W/nedecraques.ap( 9747): Accessing hidden method Lsun/misc/Unsafe;->putInt(Ljava/lang/Object;JI)V (greylist, linking, allowed)
10-19 18:15:37.645 W/nedecraques.ap( 9747): Accessing hidden method Lsun/misc/Unsafe;->getInt(Ljava/lang/Object;J)I (greylist, linking, allowed)
10-19 18:15:37.694 W/nedecraques.ap( 9747): Accessing hidden method Lsun/misc/Unsafe;->getInt(Ljava/lang/Object;J)I (greylist, linking, allowed)
10-19 18:15:37.695 W/nedecraques.ap( 9747): Accessing hidden method Lsun/misc/Unsafe;->getObject(Ljava/lang/Object;J)Ljava/lang/Object; (greylist, linking, allowed)
10-19 18:15:37.695 W/nedecraques.ap( 9747): Accessing hidden method Lsun/misc/Unsafe;->putObject(Ljava/lang/Object;JLjava/lang/Object;)V (greylist, linking, allowed)
10-19 18:15:37.695 W/nedecraques.ap( 9747): Accessing hidden method Lsun/misc/Unsafe;->putInt(Ljava/lang/Object;JI)V (greylist, linking, allowed)
10-19 18:15:38.029 I/ExoPlayerImpl( 9747): Release 3d68baa [AndroidXMedia3/1.4.1] [olive, Redmi 8, Xiaomi, 29] [media3.common, media3.exoplayer, media3.decoder, media3.ui, media3.datasource, media3.extractor]
10-19 18:15:40.317 I/OMXClient( 9747): IOmx service obtained
10-19 18:15:40.388 I/MediaCodec( 9747): [OMX.qcom.video.decoder.avc] setting surface generation to 9980932
10-19 18:15:40.390 I/ExtendedACodec( 9747): setupVideoDecoder()
10-19 18:15:40.397 I/ExtendedACodec( 9747): Decoder will be in frame by frame mode
10-19 18:15:40.436 I/OMXClient( 9747): IOmx service obtained
10-19 18:15:40.439 I/ACodec  ( 9747): codec does not support config priority (err -2147483648)
10-19 18:15:40.440 I/ACodec  ( 9747): codec does not support config priority (err -2147483648)
10-19 18:15:40.440 I/ACodec  ( 9747): codec does not support config operating rate (err -2147483648)
10-19 18:15:40.441 W/ExtendedACodec( 9747): Failed to get extension for extradata parameter
10-19 18:15:45.099 E/ExoPlayerImplInternal( 9747): Playback error
10-19 18:15:45.099 E/ExoPlayerImplInternal( 9747):   androidx.media3.exoplayer.ExoPlaybackException: Source error
10-19 18:15:45.099 E/ExoPlayerImplInternal( 9747):       at androidx.media3.exoplayer.ExoPlayerImplInternal.handleIoException(ExoPlayerImplInternal.java:736)
10-19 18:15:45.099 E/ExoPlayerImplInternal( 9747):       at androidx.media3.exoplayer.ExoPlayerImplInternal.handleMessage(ExoPlayerImplInternal.java:708)
10-19 18:15:45.099 E/ExoPlayerImplInternal( 9747):       at android.os.Handler.dispatchMessage(Handler.java:103)
10-19 18:15:45.099 E/ExoPlayerImplInternal( 9747):       at android.os.Looper.loop(Looper.java:223)
10-19 18:15:45.099 E/ExoPlayerImplInternal( 9747):       at android.os.HandlerThread.run(HandlerThread.java:67)
10-19 18:15:45.099 E/ExoPlayerImplInternal( 9747):   Caused by: androidx.media3.datasource.HttpDataSource$InvalidResponseCodeException: Response code: 404
10-19 18:15:45.099 E/ExoPlayerImplInternal( 9747):       at androidx.media3.datasource.DefaultHttpDataSource.open(DefaultHttpDataSource.java:397)
10-19 18:15:45.099 E/ExoPlayerImplInternal( 9747):       at androidx.media3.datasource.DefaultDataSource.open(DefaultDataSource.java:275)
10-19 18:15:45.099 E/ExoPlayerImplInternal( 9747):       at androidx.media3.datasource.StatsDataSource.open(StatsDataSource.java:86)
10-19 18:15:45.099 E/ExoPlayerImplInternal( 9747):       at androidx.media3.exoplayer.source.ProgressiveMediaPeriod$ExtractingLoadable.load(ProgressiveMediaPeriod.java:1045)
10-19 18:15:45.099 E/ExoPlayerImplInternal( 9747):       at androidx.media3.exoplayer.upstream.Loader$LoadTask.run(Loader.java:421)
10-19 18:15:45.099 E/ExoPlayerImplInternal( 9747):       at java.util.concurrent.ThreadPoolExecutor.runWorker(ThreadPoolExecutor.java:1167)
10-19 18:15:45.099 E/ExoPlayerImplInternal( 9747):       at java.util.concurrent.ThreadPoolExecutor$Worker.run(ThreadPoolExecutor.java:641)
10-19 18:15:45.099 E/ExoPlayerImplInternal( 9747):       at java.lang.Thread.run(Thread.java:919)
10-19 18:15:45.213 I/nedecraques.ap( 9747): Background concurrent copying GC freed 18372(1362KB) AllocSpace objects, 41(2788KB) LOS objects, 47% free, 26MB/50MB, paused 60us total 138.103ms
10-19 18:15:48.261 I/MediaCodec( 9747): [OMX.qcom.video.decoder.avc] setting surface generation to 9980933
10-19 18:15:48.291 I/MediaCodec( 9747): [OMX.qcom.video.decoder.avc] setting surface generation to 9980934
