--------- beginning of main
10-19 18:58:14.328 E/nedecraques.ap(15346): Unknown bits set in runtime_flags: 0x8000
10-19 18:58:19.859 I/Perf    (15346): Connecting to perf service.
10-19 18:58:19.950 I/FeatureParser(15346): can't find olive.xml in assets/device_features/,it may be in /system/etc/device_features
--------- beginning of system
10-19 18:58:19.982 W/Looper  (15346): Slow Looper main: Long Msg: seq=2 plan=18:58:14.495  late=8ms wall=5477ms running=0ms h=android.app.ActivityThread$H w=110
10-19 18:58:19.987 E/Perf    (15346): Fail to get file list com.vitrinedecraques.app
10-19 18:58:19.987 E/Perf    (15346): getFolderSize() : Exception_1 = java.lang.NullPointerException: Attempt to get length of null array
10-19 18:58:19.988 E/Perf    (15346): Fail to get file list com.vitrinedecraques.app
10-19 18:58:19.988 E/Perf    (15346): getFolderSize() : Exception_1 = java.lang.NullPointerException: Attempt to get length of null array
10-19 18:58:20.322 W/Looper  (15346): Slow Looper main: Activity com.vitrinedecraques.app/.MainActivity is 5483ms late (wall=339ms running=0ms ClientTransaction{ callbacks=[android.app.servertransaction.LaunchActivityItem] lifecycleRequest=android.app.servertransaction.ResumeActivityItem }) because of 2 msg, msg 2 took 5477ms (seq=2 late=8ms h=android.app.ActivityThread$H w=110)
10-19 18:58:20.323 W/Looper  (15346): Slow Looper main: Activity com.vitrinedecraques.app/.MainActivity is 5822ms late (wall=0ms running=0ms ClientTransaction{ callbacks=[android.app.servertransaction.TopResumedActivityChangeItem] }) because of 3 msg, msg 2 took 5477ms (seq=2 late=8ms h=android.app.ActivityThread$H w=110), msg 3 took 339ms (seq=3 late=5483ms h=android.app.ActivityThread$H w=159)
10-19 18:58:21.496 W/nedecraques.ap(15346): Accessing hidden method Lsun/misc/Unsafe;->getInt(Ljava/lang/Object;J)I (greylist, linking, allowed)
10-19 18:58:21.496 W/nedecraques.ap(15346): Accessing hidden method Lsun/misc/Unsafe;->getObject(Ljava/lang/Object;J)Ljava/lang/Object; (greylist, linking, allowed)
10-19 18:58:21.497 W/nedecraques.ap(15346): Accessing hidden method Lsun/misc/Unsafe;->putInt(Ljava/lang/Object;JI)V (greylist, linking, allowed)
10-19 18:58:21.498 W/nedecraques.ap(15346): Accessing hidden method Lsun/misc/Unsafe;->getLong(Ljava/lang/Object;J)J (greylist,core-platform-api, linking, allowed)
10-19 18:58:21.505 W/nedecraques.ap(15346): Accessing hidden method Lsun/misc/Unsafe;->putObject(Ljava/lang/Object;JLjava/lang/Object;)V (greylist, linking, allowed)
10-19 18:58:21.507 W/nedecraques.ap(15346): Accessing hidden method Lsun/misc/Unsafe;->objectFieldOffset(Ljava/lang/reflect/Field;)J (greylist,core-platform-api, linking, allowed)
10-19 18:58:21.509 W/nedecraques.ap(15346): Accessing hidden method Lsun/misc/Unsafe;->putObject(Ljava/lang/Object;JLjava/lang/Object;)V (greylist, linking, allowed)
10-19 18:58:21.510 W/nedecraques.ap(15346): Accessing hidden method Lsun/misc/Unsafe;->putLong(Ljava/lang/Object;JJ)V (greylist, linking, allowed)
10-19 18:58:21.518 W/nedecraques.ap(15346): Accessing hidden method Lsun/misc/Unsafe;->putLong(Ljava/lang/Object;JJ)V (greylist, linking, allowed)
10-19 18:58:21.519 W/nedecraques.ap(15346): Accessing hidden method Lsun/misc/Unsafe;->allocateInstance(Ljava/lang/Class;)Ljava/lang/Object; (greylist, linking, allowed)
10-19 18:58:21.522 W/nedecraques.ap(15346): Accessing hidden method Llibcore/io/Memory;->peekLong(JZ)J (greylist, reflection, allowed)
10-19 18:58:21.523 W/nedecraques.ap(15346): Accessing hidden method Llibcore/io/Memory;->pokeLong(JJZ)V (greylist, reflection, allowed)
10-19 18:58:21.523 W/nedecraques.ap(15346): Accessing hidden method Llibcore/io/Memory;->pokeInt(JIZ)V (greylist, reflection, allowed)
10-19 18:58:21.523 W/nedecraques.ap(15346): Accessing hidden method Llibcore/io/Memory;->peekInt(JZ)I (greylist, reflection, allowed)
10-19 18:58:21.523 W/nedecraques.ap(15346): Accessing hidden method Llibcore/io/Memory;->pokeByte(JB)V (greylist, reflection, allowed)
10-19 18:58:21.523 W/nedecraques.ap(15346): Accessing hidden method Llibcore/io/Memory;->peekByte(J)B (greylist, reflection, allowed)
10-19 18:58:21.523 W/nedecraques.ap(15346): Accessing hidden method Llibcore/io/Memory;->pokeByteArray(J[BII)V (greylist, reflection, allowed)
10-19 18:58:21.523 W/nedecraques.ap(15346): Accessing hidden method Llibcore/io/Memory;->peekByteArray(J[BII)V (greylist, reflection, allowed)
10-19 18:58:21.524 W/nedecraques.ap(15346): Accessing hidden method Lsun/misc/Unsafe;->arrayBaseOffset(Ljava/lang/Class;)I (greylist,core-platform-api, linking, allowed)
10-19 18:58:21.524 W/nedecraques.ap(15346): Accessing hidden method Lsun/misc/Unsafe;->arrayIndexScale(Ljava/lang/Class;)I (greylist, linking, allowed)
10-19 18:58:21.524 W/nedecraques.ap(15346): Accessing hidden method Lsun/misc/Unsafe;->getInt(Ljava/lang/Object;J)I (greylist, linking, allowed)
10-19 18:58:21.525 W/nedecraques.ap(15346): Accessing hidden method Lsun/misc/Unsafe;->getInt(Ljava/lang/Object;J)I (greylist, reflection, allowed)
10-19 18:58:21.525 W/nedecraques.ap(15346): Accessing hidden method Lsun/misc/Unsafe;->putInt(Ljava/lang/Object;JI)V (greylist, reflection, allowed)
10-19 18:58:21.525 W/nedecraques.ap(15346): Accessing hidden method Lsun/misc/Unsafe;->getLong(Ljava/lang/Object;J)J (greylist,core-platform-api, reflection, allowed)
10-19 18:58:21.525 W/nedecraques.ap(15346): Accessing hidden method Lsun/misc/Unsafe;->putLong(Ljava/lang/Object;JJ)V (greylist, reflection, allowed)
10-19 18:58:21.525 W/nedecraques.ap(15346): Accessing hidden method Lsun/misc/Unsafe;->getObject(Ljava/lang/Object;J)Ljava/lang/Object; (greylist, reflection, allowed)
10-19 18:58:21.525 W/nedecraques.ap(15346): Accessing hidden method Lsun/misc/Unsafe;->putObject(Ljava/lang/Object;JLjava/lang/Object;)V (greylist, reflection, allowed)
10-19 18:58:21.526 W/nedecraques.ap(15346): Accessing hidden field Ljava/nio/Buffer;->address:J (greylist, reflection, allowed)
10-19 18:58:21.533 W/nedecraques.ap(15346): Accessing hidden method Lsun/misc/Unsafe;->putObject(Ljava/lang/Object;JLjava/lang/Object;)V (greylist, linking, allowed)
10-19 18:58:21.678 W/nedecraques.ap(15346): Accessing hidden method Landroid/view/View;->getViewRootImpl()Landroid/view/ViewRootImpl; (greylist, reflection, allowed)
10-19 18:58:21.679 W/nedecraques.ap(15346): Accessing hidden field Landroid/view/View$AttachInfo;->mVisibleInsets:Landroid/graphics/Rect; (greylist, reflection, allowed)
10-19 18:58:21.679 W/nedecraques.ap(15346): Accessing hidden field Landroid/view/ViewRootImpl;->mAttachInfo:Landroid/view/View$AttachInfo; (greylist, reflection, allowed)
10-19 18:58:21.734 I/AdrenoGLES(15346): QUALCOMM build                   : 9d44e36, Ie3bb699d95
10-19 18:58:21.734 I/AdrenoGLES(15346): Build Date                       : 09/29/20
10-19 18:58:21.734 I/AdrenoGLES(15346): OpenGL ES Shader Compiler Version: EV031.27.05.02
10-19 18:58:21.734 I/AdrenoGLES(15346): Local Branch                     : 
10-19 18:58:21.734 I/AdrenoGLES(15346): Remote Branch                    : refs/tags/AU_LINUX_ANDROID_LA.UM.8.6.2.R1.10.00.00.537.053
10-19 18:58:21.734 I/AdrenoGLES(15346): Remote Branch                    : NONE
10-19 18:58:21.734 I/AdrenoGLES(15346): Reconstruct Branch               : NOTHING
10-19 18:58:21.735 I/AdrenoGLES(15346): Build Config                     : S L 8.0.10 AArch64
10-19 18:58:21.754 I/AdrenoGLES(15346): PFP: 0x005ff112, ME: 0x005ff066
10-19 18:58:21.795 W/Gralloc3(15346): mapper 3.x is not supported
10-19 18:58:21.933 I/OpenGLRenderer(15346): Davey! duration=1975ms; Flags=1, IntendedVsync=1265470534694555, Vsync=1265470901361207, OldestInputEvent=9223372036854775807, NewestInputEvent=0, HandleInputStart=1265470901739186, AnimationStart=1265470901855331, PerformTraversalsStart=1265470902163040, DrawStart=1265472352231581, SyncQueued=1265472368377831, SyncStart=1265472368958768, IssueDrawCommandsStart=1265472369055956, SwapBuffers=1265472507257154, FrameCompleted=1265472510864550, DequeueBufferDuration=127000, QueueBufferDuration=2484000, 
10-19 18:58:21.938 W/Looper  (15346): Slow Looper main: Long Msg: seq=7 plan=18:58:19.956  late=367ms wall=1611ms running=0ms h=android.view.Choreographer$FrameHandler c=android.view.Choreographer$FrameDisplayEventReceiver
10-19 18:58:21.939 W/Looper  (15346): Slow Looper main: doFrame is 367ms late because of 5 msg, msg 1 took 5477ms (seq=2 late=8ms h=android.app.ActivityThread$H w=110), msg 2 took 339ms (seq=3 late=5483ms h=android.app.ActivityThread$H w=159)
10-19 18:58:21.977 I/Choreographer(15346): Skipped 89 frames!  The application may be doing too much work on its main thread.
10-19 18:58:21.986 W/Looper  (15346): Slow Looper main: doFrame is 1485ms late because of 5 msg, msg 1 took 1611ms (seq=7 late=367ms h=android.view.Choreographer$FrameHandler c=android.view.Choreographer$FrameDisplayEventReceiver)
10-19 18:58:21.989 I/OpenGLRenderer(15346): Davey! duration=1497ms; Flags=0, IntendedVsync=1265471069386035, Vsync=1265472552719309, OldestInputEvent=9223372036854775807, NewestInputEvent=0, HandleInputStart=1265472556630122, AnimationStart=1265472556791112, PerformTraversalsStart=1265472556798820, DrawStart=1265472561236424, SyncQueued=1265472562713195, SyncStart=1265472563000852, IssueDrawCommandsStart=1265472563091685, SwapBuffers=1265472564682362, FrameCompleted=1265472567024706, DequeueBufferDuration=115000, QueueBufferDuration=1482000, 
10-19 18:58:22.046 W/ApiBaseUrlResolver(15346): Falha ao detectar host canônico: null
10-19 18:58:22.049 I/HttpClientProvider(15346): updateSessionCookies host=nice-hill-01a3a1010.2.azurestaticapps.net -> ${cookie.name}@${cookie.domain}${cookie.path}
10-19 18:58:22.174 W/nedecraques.ap(15346): Accessing hidden method Lsun/misc/Unsafe;->getObject(Ljava/lang/Object;J)Ljava/lang/Object; (greylist, linking, allowed)
10-19 18:58:22.175 W/nedecraques.ap(15346): Accessing hidden method Lsun/misc/Unsafe;->putObject(Ljava/lang/Object;JLjava/lang/Object;)V (greylist, linking, allowed)
10-19 18:58:22.175 W/nedecraques.ap(15346): Accessing hidden method Lsun/misc/Unsafe;->putInt(Ljava/lang/Object;JI)V (greylist, linking, allowed)
10-19 18:58:22.175 W/nedecraques.ap(15346): Accessing hidden method Lsun/misc/Unsafe;->getInt(Ljava/lang/Object;J)I (greylist, linking, allowed)
10-19 18:58:22.175 W/nedecraques.ap(15346): Accessing hidden method Lsun/misc/Unsafe;->getObject(Ljava/lang/Object;J)Ljava/lang/Object; (greylist, linking, allowed)
10-19 18:58:23.006 I/OpenGLRenderer(15346): Davey! duration=910ms; Flags=0, IntendedVsync=1265472673404903, Vsync=1265472673404903, OldestInputEvent=9223372036854775807, NewestInputEvent=0, HandleInputStart=1265472673901060, AnimationStart=1265472673908039, PerformTraversalsStart=1265473202222414, DrawStart=1265473202494862, SyncQueued=1265473581100643, SyncStart=1265473581671164, IssueDrawCommandsStart=1265473581951060, SwapBuffers=1265473582908664, FrameCompleted=1265473584160643, DequeueBufferDuration=181000, QueueBufferDuration=374000, 
10-19 18:58:23.371 I/ExoPlayerImpl(15346): Init 308bdf2 [AndroidXMedia3/1.4.1] [olive, Redmi 8, Xiaomi, 29]
10-19 18:58:23.476 W/nedecraques.ap(15346): Accessing hidden method Landroid/media/AudioTrack;->getLatency()I (greylist, reflection, allowed)
10-19 18:58:23.842 I/chatty  (15346): uid=11390(com.vitrinedecraques.app) identical 9 lines
10-19 18:58:23.949 I/chatty  (15346): uid=11390(com.vitrinedecraques.app) identical 29 lines
10-19 18:58:24.179 I/DpmTcmClient(15346): RegisterTcmMonitor from: $Proxy0
10-19 18:58:24.231 I/ExoPlayerImpl(15346): Init fd5210 [AndroidXMedia3/1.4.1] [olive, Redmi 8, Xiaomi, 29]
10-19 18:58:24.302 W/Gralloc3(15346): allocator 3.x is not supported
10-19 18:58:24.375 I/chatty  (15346): uid=11390(com.vitrinedecraques.app) identical 35 lines
10-19 18:58:24.399 I/chatty  (15346): uid=11390(com.vitrinedecraques.app) identical 4 lines
10-19 18:58:24.676 W/Looper  (15346): Slow Looper main: Long Msg: seq=37 plan=18:58:23.014  late=136ms wall=1524ms running=0ms h=android.view.Choreographer$FrameHandler c=android.view.Choreographer$FrameDisplayEventReceiver
10-19 18:58:24.677 I/OpenGLRenderer(15346): Davey! duration=1661ms; Flags=0, IntendedVsync=1265473592590460, Vsync=1265473725923788, OldestInputEvent=9223372036854775807, NewestInputEvent=0, HandleInputStart=1265473728488768, AnimationStart=1265473728566059, PerformTraversalsStart=1265473842501111, DrawStart=1265473842814601, SyncQueued=1265475249654340, SyncStart=1265475250512934, IssueDrawCommandsStart=1265475251435955, SwapBuffers=1265475253173871, FrameCompleted=1265475254738090, DequeueBufferDuration=298000, QueueBufferDuration=382000, 
10-19 18:58:24.772 I/ExoPlayerImpl(15346): Init cd42276 [AndroidXMedia3/1.4.1] [olive, Redmi 8, Xiaomi, 29]
10-19 18:58:24.899 I/chatty  (15346): uid=11390(com.vitrinedecraques.app) identical 41 lines
10-19 18:58:25.051 I/Choreographer(15346): Skipped 113 frames!  The application may be doing too much work on its main thread.
10-19 18:58:25.209 W/Looper  (15346): Slow Looper main: doFrame is 1886ms late because of 13 msg, msg 1 took 1524ms (seq=37 late=136ms h=android.view.Choreographer$FrameHandler c=android.view.Choreographer$FrameDisplayEventReceiver), msg 7 took 372ms (seq=43 late=1527ms h=android.os.Handler c=androidx.compose.ui.platform.AndroidUiDispatcher$dispatchCallback$1)
10-19 18:58:25.461 I/OpenGLRenderer(15346): Davey! duration=2295ms; Flags=1, IntendedVsync=1265473742979903, Vsync=1265475626313161, OldestInputEvent=9223372036854775807, NewestInputEvent=0, HandleInputStart=1265475631421996, AnimationStart=1265475631634288, PerformTraversalsStart=1265475696059027, DrawStart=1265475733621580, SyncQueued=1265475784661267, SyncStart=1265475785403871, IssueDrawCommandsStart=1265475786585850, SwapBuffers=1265476036887621, FrameCompleted=1265476039224444, DequeueBufferDuration=180000, QueueBufferDuration=496000, 
10-19 18:58:25.496 W/Looper  (15346): Slow Looper main: doFrame is 377ms late because of 54 msg, msg 1 took 158ms (seq=50 late=1886ms h=android.view.Choreographer$FrameHandler c=android.view.Choreographer$FrameDisplayEventReceiver)
10-19 18:58:27.195 W/VideoCapabilities(15346): Unsupported mime video/divx
10-19 18:58:27.198 W/VideoCapabilities(15346): Unsupported mime video/divx4
10-19 18:58:27.231 W/Utils   (15346): could not parse long range '146-132'
10-19 18:58:27.240 I/VideoCapabilities(15346): Unsupported profile 4 for video/mp4v-es
10-19 18:58:27.410 I/OMXClient(15346): IOmx service obtained
10-19 18:58:27.410 I/OMXClient(15346): IOmx service obtained
10-19 18:58:27.772 I/MediaCodec(15346): [OMX.qcom.video.decoder.avc] setting surface generation to 15714305
10-19 18:58:27.777 I/ExtendedACodec(15346): setupVideoDecoder()
10-19 18:58:27.787 I/ExtendedACodec(15346): Decoder will be in frame by frame mode
10-19 18:58:27.806 I/MediaCodec(15346): [OMX.qcom.video.decoder.avc] setting surface generation to 15714306
10-19 18:58:27.808 I/ExtendedACodec(15346): setupVideoDecoder()
10-19 18:58:27.816 I/ExtendedACodec(15346): Decoder will be in frame by frame mode
10-19 18:58:27.868 I/OMXClient(15346): IOmx service obtained
10-19 18:58:27.870 I/OMXClient(15346): IOmx service obtained
10-19 18:58:27.871 I/ACodec  (15346): codec does not support config priority (err -2147483648)
10-19 18:58:27.872 I/ACodec  (15346): codec does not support config priority (err -2147483648)
10-19 18:58:27.872 I/ACodec  (15346): codec does not support config operating rate (err -2147483648)
10-19 18:58:27.874 W/ExtendedACodec(15346): Failed to get extension for extradata parameter
10-19 18:58:27.875 I/ACodec  (15346): codec does not support config priority (err -2147483648)
10-19 18:58:27.876 I/ACodec  (15346): codec does not support config priority (err -2147483648)
10-19 18:58:27.876 I/ACodec  (15346): codec does not support config operating rate (err -2147483648)
10-19 18:58:27.877 W/ExtendedACodec(15346): Failed to get extension for extradata parameter
10-19 18:58:27.933 I/nedecraques.ap(15346): ProcessProfilingInfo new_methods=16823 is saved saved_to_disk=1 resolve_classes_delay=8000
10-19 18:58:31.129 I/nedecraques.ap(15346): Background concurrent copying GC freed 5046(319KB) AllocSpace objects, 5(2812KB) LOS objects, 49% free, 15MB/30MB, paused 116us total 132.689ms
10-19 18:58:34.586 W/nedecraques.ap(15346): Accessing hidden method Lsun/misc/Unsafe;->getObject(Ljava/lang/Object;J)Ljava/lang/Object; (greylist, linking, allowed)
10-19 18:58:34.587 W/nedecraques.ap(15346): Accessing hidden method Lsun/misc/Unsafe;->putObject(Ljava/lang/Object;JLjava/lang/Object;)V (greylist, linking, allowed)
10-19 18:58:34.587 W/nedecraques.ap(15346): Accessing hidden method Lsun/misc/Unsafe;->putInt(Ljava/lang/Object;JI)V (greylist, linking, allowed)
10-19 18:58:34.587 W/nedecraques.ap(15346): Accessing hidden method Lsun/misc/Unsafe;->getInt(Ljava/lang/Object;J)I (greylist, linking, allowed)
10-19 18:58:34.641 W/nedecraques.ap(15346): Accessing hidden method Lsun/misc/Unsafe;->getObject(Ljava/lang/Object;J)Ljava/lang/Object; (greylist, linking, allowed)
10-19 18:58:34.642 W/nedecraques.ap(15346): Accessing hidden method Lsun/misc/Unsafe;->putInt(Ljava/lang/Object;JI)V (greylist, linking, allowed)
10-19 18:58:34.642 W/nedecraques.ap(15346): Accessing hidden method Lsun/misc/Unsafe;->getInt(Ljava/lang/Object;J)I (greylist, linking, allowed)
10-19 18:58:34.917 E/ExoPlayerImplInternal(15346): Playback error
10-19 18:58:34.917 E/ExoPlayerImplInternal(15346):   androidx.media3.exoplayer.ExoPlaybackException: Source error
10-19 18:58:34.917 E/ExoPlayerImplInternal(15346):       at androidx.media3.exoplayer.ExoPlayerImplInternal.handleIoException(ExoPlayerImplInternal.java:736)
10-19 18:58:34.917 E/ExoPlayerImplInternal(15346):       at androidx.media3.exoplayer.ExoPlayerImplInternal.handleMessage(ExoPlayerImplInternal.java:708)
10-19 18:58:34.917 E/ExoPlayerImplInternal(15346):       at android.os.Handler.dispatchMessage(Handler.java:103)
10-19 18:58:34.917 E/ExoPlayerImplInternal(15346):       at android.os.Looper.loop(Looper.java:223)
10-19 18:58:34.917 E/ExoPlayerImplInternal(15346):       at android.os.HandlerThread.run(HandlerThread.java:67)
10-19 18:58:34.917 E/ExoPlayerImplInternal(15346):   Caused by: androidx.media3.datasource.HttpDataSource$InvalidResponseCodeException: Response code: 404
10-19 18:58:34.917 E/ExoPlayerImplInternal(15346):       at androidx.media3.datasource.DefaultHttpDataSource.open(DefaultHttpDataSource.java:397)
10-19 18:58:34.917 E/ExoPlayerImplInternal(15346):       at androidx.media3.datasource.DefaultDataSource.open(DefaultDataSource.java:275)
10-19 18:58:34.917 E/ExoPlayerImplInternal(15346):       at androidx.media3.datasource.StatsDataSource.open(StatsDataSource.java:86)
10-19 18:58:34.917 E/ExoPlayerImplInternal(15346):       at androidx.media3.exoplayer.source.ProgressiveMediaPeriod$ExtractingLoadable.load(ProgressiveMediaPeriod.java:1045)
10-19 18:58:34.917 E/ExoPlayerImplInternal(15346):       at androidx.media3.exoplayer.upstream.Loader$LoadTask.run(Loader.java:421)
10-19 18:58:34.917 E/ExoPlayerImplInternal(15346):       at java.util.concurrent.ThreadPoolExecutor.runWorker(ThreadPoolExecutor.java:1167)
10-19 18:58:34.917 E/ExoPlayerImplInternal(15346):       at java.util.concurrent.ThreadPoolExecutor$Worker.run(ThreadPoolExecutor.java:641)
10-19 18:58:34.917 E/ExoPlayerImplInternal(15346):       at java.lang.Thread.run(Thread.java:919)
10-19 18:58:43.941 I/nedecraques.ap(15346): Background concurrent copying GC freed 5569(612KB) AllocSpace objects, 2(136KB) LOS objects, 44% free, 29MB/53MB, paused 120us total 156.814ms
10-19 18:58:44.657 I/MediaCodec(15346): [OMX.qcom.video.decoder.avc] setting surface generation to 15714307
10-19 18:58:44.697 I/MediaCodec(15346): [OMX.qcom.video.decoder.avc] setting surface generation to 15714308
10-19 18:58:45.344 I/ExoPlayerImpl(15346): Release fd5210 [AndroidXMedia3/1.4.1] [olive, Redmi 8, Xiaomi, 29] [media3.common, media3.exoplayer, media3.decoder, media3.ui, media3.datasource, media3.extractor]
