--------- beginning of main
10-19 15:14:50.395 I/nedecraques.ap(17553): Late-enabling -Xcheck:jni
10-19 15:14:50.448 E/nedecraques.ap(17553): Unknown bits set in runtime_flags: 0x8000
10-19 15:14:56.226 I/Perf    (17553): Connecting to perf service.
10-19 15:14:56.329 I/FeatureParser(17553): can't find olive.xml in assets/device_features/,it may be in /system/etc/device_features
10-19 15:14:56.360 E/Perf    (17553): Fail to get file list com.vitrinedecraques.app
10-19 15:14:56.361 E/Perf    (17553): getFolderSize() : Exception_1 = java.lang.NullPointerException: Attempt to get length of null array
10-19 15:14:56.361 E/Perf    (17553): Fail to get file list com.vitrinedecraques.app
10-19 15:14:56.361 E/Perf    (17553): getFolderSize() : Exception_1 = java.lang.NullPointerException: Attempt to get length of null array
--------- beginning of system
10-19 15:14:56.361 W/Looper  (17553): Slow Looper main: Long Msg: seq=2 plan=15:14:50.549  late=1ms wall=5807ms running=0ms h=android.app.ActivityThread$H w=110
10-19 15:14:56.684 W/Looper  (17553): Slow Looper main: Activity com.vitrinedecraques.app/.MainActivity is 5778ms late (wall=321ms running=0ms ClientTransaction{ callbacks=[android.app.servertransaction.LaunchActivityItem] lifecycleRequest=android.app.servertransaction.ResumeActivityItem }) because of 1 msg, msg 1 took 5807ms (seq=2 late=1ms h=android.app.ActivityThread$H w=110)
10-19 15:14:56.685 W/Looper  (17553): Slow Looper main: Activity com.vitrinedecraques.app/.MainActivity is 6094ms late (wall=0ms running=0ms ClientTransaction{ callbacks=[android.app.servertransaction.TopResumedActivityChangeItem] }) because of 2 msg, msg 1 took 5807ms (seq=2 late=1ms h=android.app.ActivityThread$H w=110), msg 2 took 321ms (seq=3 late=5778ms h=android.app.ActivityThread$H w=159)
10-19 15:14:56.476 I/chatty  (17553): uid=11390(com.vitrinedecraques.app) identical 1 line
10-19 15:14:58.032 W/nedecraques.ap(17553): Accessing hidden method Landroid/view/View;->getViewRootImpl()Landroid/view/ViewRootImpl; (greylist, reflection, allowed)
10-19 15:14:58.032 W/nedecraques.ap(17553): Accessing hidden field Landroid/view/View$AttachInfo;->mVisibleInsets:Landroid/graphics/Rect; (greylist, reflection, allowed)
10-19 15:14:58.032 W/nedecraques.ap(17553): Accessing hidden field Landroid/view/ViewRootImpl;->mAttachInfo:Landroid/view/View$AttachInfo; (greylist, reflection, allowed)
10-19 15:14:58.084 I/AdrenoGLES(17553): QUALCOMM build                   : 9d44e36, Ie3bb699d95
10-19 15:14:58.084 I/AdrenoGLES(17553): Build Date                       : 09/29/20
10-19 15:14:58.084 I/AdrenoGLES(17553): OpenGL ES Shader Compiler Version: EV031.27.05.02
10-19 15:14:58.084 I/AdrenoGLES(17553): Local Branch                     : 
10-19 15:14:58.084 I/AdrenoGLES(17553): Remote Branch                    : refs/tags/AU_LINUX_ANDROID_LA.UM.8.6.2.R1.10.00.00.537.053
10-19 15:14:58.084 I/AdrenoGLES(17553): Remote Branch                    : NONE
10-19 15:14:58.084 I/AdrenoGLES(17553): Reconstruct Branch               : NOTHING
10-19 15:14:58.084 I/AdrenoGLES(17553): Build Config                     : S L 8.0.10 AArch64
10-19 15:14:58.105 I/AdrenoGLES(17553): PFP: 0x005ff112, ME: 0x005ff066
10-19 15:14:58.150 W/Gralloc3(17553): mapper 3.x is not supported
10-19 15:14:58.360 I/OpenGLRenderer(17553): Davey! duration=2024ms; Flags=1, IntendedVsync=1252080332150542, Vsync=1252080682150528, OldestInputEvent=9223372036854775807, NewestInputEvent=0, HandleInputStart=1252080683107471, AnimationStart=1252080683225023, PerformTraversalsStart=1252080683546325, DrawStart=1252082120939397, SyncQueued=1252082137938668, SyncStart=1252082138424553, IssueDrawCommandsStart=1252082138524033, SwapBuffers=1252082354299762, FrameCompleted=1252082356678512, DequeueBufferDuration=156000, QueueBufferDuration=1356000, 
10-19 15:14:58.364 W/Looper  (17553): Slow Looper main: Long Msg: seq=7 plan=15:14:56.336  late=350ms wall=1677ms running=0ms h=android.view.Choreographer$FrameHandler c=android.view.Choreographer$FrameDisplayEventReceiver
10-19 15:14:58.365 W/Looper  (17553): Slow Looper main: doFrame is 350ms late because of 5 msg, msg 1 took 5807ms (seq=2 late=1ms h=android.app.ActivityThread$H w=110), msg 2 took 321ms (seq=3 late=5778ms h=android.app.ActivityThread$H w=159)
10-19 15:14:58.402 I/Choreographer(17553): Skipped 91 frames!  The application may be doing too much work on its main thread.
10-19 15:14:58.410 W/Looper  (17553): Slow Looper main: doFrame is 1532ms late because of 5 msg, msg 1 took 1677ms (seq=7 late=350ms h=android.view.Choreographer$FrameHandler c=android.view.Choreographer$FrameDisplayEventReceiver)
10-19 15:14:58.414 I/OpenGLRenderer(17553): Davey! duration=1543ms; Flags=0, IntendedVsync=1252080866808154, Vsync=1252082383474760, OldestInputEvent=9223372036854775807, NewestInputEvent=0, HandleInputStart=1252082400205439, AnimationStart=1252082400375022, PerformTraversalsStart=1252082400382522, DrawStart=1252082404667730, SyncQueued=1252082406361220, SyncStart=1252082406735282, IssueDrawCommandsStart=1252082406827210, SwapBuffers=1252082408556689, FrameCompleted=1252082411142574, DequeueBufferDuration=124000, QueueBufferDuration=1518000, 
10-19 15:14:58.451 W/ApiBaseUrlResolver(17553): Falha ao detectar host canônico: null
10-19 15:14:58.454 I/HttpClientProvider(17553): updateSessionCookies host=nice-hill-01a3a1010.2.azurestaticapps.net -> nenhum
10-19 15:15:01.476 I/OpenGLRenderer(17553): Davey! duration=863ms; Flags=0, IntendedVsync=1252084609250423, Vsync=1252084609250423, OldestInputEvent=9223372036854775807, NewestInputEvent=0, HandleInputStart=1252084610245125, AnimationStart=1252084610254084, PerformTraversalsStart=1252085257831271, DrawStart=1252085258113094, SyncQueued=1252085470149760, SyncStart=1252085470621583, IssueDrawCommandsStart=1252085470792417, SwapBuffers=1252085471641948, FrameCompleted=1252085472768875, DequeueBufferDuration=134000, QueueBufferDuration=359000, 
10-19 15:15:01.605 W/Looper  (17553): Slow Looper main: doFrame is 352ms late because of 2 msg, msg 1 took 861ms (seq=41 late=1ms h=android.view.Choreographer$FrameHandler c=android.view.Choreographer$FrameDisplayEventReceiver), msg 2 took 75ms (seq=42 late=290ms h=android.os.Handler c=androidx.compose.ui.platform.AndroidComposeViewAccessibilityDelegateCompat$$ExternalSyntheticLambda3)
10-19 15:15:04.279 I/nedecraques.ap(17553): ProcessProfilingInfo new_methods=12326 is saved saved_to_disk=1 resolve_classes_delay=8000
10-19 15:15:16.247 I/HttpClientProvider(17553): getSessionCookies host=nice-hill-01a3a1010.2.azurestaticapps.net -> nenhum
10-19 15:15:16.247 I/AuthApiService(17553): Cookies antes do login: nenhum
10-19 15:15:16.249 I/AuthApiService(17553): Buscando CSRF token em https://nice-hill-01a3a1010.2.azurestaticapps.net/api/auth/csrf
10-19 15:15:16.359 W/IInputConnectionWrapper(17553): requestCursorAnchorInfo on inactive InputConnection
10-19 15:15:16.768 W/RenderInspector(17553): DequeueBuffer time out on com.vitrinedecraques.app/com.vitrinedecraques.app.MainActivity, count=1, avg=20 ms, max=20 ms.
10-19 15:15:18.397 W/RenderInspector(17553): DequeueBuffer time out on com.vitrinedecraques.app/com.vitrinedecraques.app.MainActivity, count=1, avg=16 ms, max=16 ms.
10-19 15:15:18.708 I/AuthApiService(17553): Resposta do CSRF: code=200 bodyLength=-1
10-19 15:15:18.732 I/AuthApiService(17553): CSRF token carregado (64 chars) para host=nice-hill-01a3a1010.2.azurestaticapps.net
10-19 15:15:18.733 I/HttpClientProvider(17553): getSessionCookies host=nice-hill-01a3a1010.2.azurestaticapps.net -> nenhum
10-19 15:15:18.733 I/AuthApiService(17553): Cookies após obter CSRF: nenhum
10-19 15:15:18.737 I/AuthApiService(17553): Enviando login POST para https://nice-hill-01a3a1010.2.azurestaticapps.net/api/auth/callback/credentials?json=true
10-19 15:15:21.010 I/AuthApiService(17553): Resposta final: code=200 url=https://nice-hill-01a3a1010.2.azurestaticapps.net/ setCookie=[]
10-19 15:15:21.011 I/AuthApiService(17553): Resposta redirect#1: code=302 url=https://nice-hill-01a3a1010.2.azurestaticapps.net/api/auth/callback/credentials?json=true setCookie=[__Secure-next-auth.callback-url=***; domain=nice-hill-01a3a1010.2.azurestaticapps.net; path=/; secure; samesite=lax; httponly, __Secure-next-auth.session-token=***; expires=Tue, 18 Nov 2025 18:15:21 GMT; domain=nice-hill-01a3a1010.2.azurestaticapps.net; path=/; secure; samesite=lax; httponly]
10-19 15:15:21.022 I/AuthApiService(17553): Cookie de sessão capturado da resposta 302: __Secure-next-auth.session-token domínio=nice-hill-01a3a1010.2.azurestaticapps.net path=/
10-19 15:15:21.022 I/AuthApiService(17553): Cookies de sessão extraídos: ${cookie.name}@${cookie.domain}${cookie.path}
10-19 15:15:21.024 I/AuthApiService(17553): Buscando sessão em https://nice-hill-01a3a1010.2.azurestaticapps.net/api/auth/session
10-19 15:15:21.472 W/RenderInspector(17553): DequeueBuffer time out on com.vitrinedecraques.app/com.vitrinedecraques.app.MainActivity, count=1, avg=22 ms, max=22 ms.
10-19 15:15:21.547 I/AuthApiService(17553): Resposta da sessão: code=200 bodyLength=-1
10-19 15:15:21.558 I/AuthApiService(17553): Sessão carregada: user=aspepper@gmail.com expires=2025-11-18T18:15:23.833Z
10-19 15:15:21.559 I/AuthRepository(17553): Persistindo 1 cookies após login
10-19 15:15:21.561 I/HttpClientProvider(17553): updateSessionCookies host=nice-hill-01a3a1010.2.azurestaticapps.net -> ${cookie.name}@${cookie.domain}${cookie.path}
10-19 15:15:21.641 W/nedecraques.ap(17553): Accessing hidden method Lsun/misc/Unsafe;->getInt(Ljava/lang/Object;J)I (greylist, linking, allowed)
10-19 15:15:21.641 W/nedecraques.ap(17553): Accessing hidden method Lsun/misc/Unsafe;->getObject(Ljava/lang/Object;J)Ljava/lang/Object; (greylist, linking, allowed)
10-19 15:15:21.641 W/nedecraques.ap(17553): Accessing hidden method Lsun/misc/Unsafe;->putInt(Ljava/lang/Object;JI)V (greylist, linking, allowed)
10-19 15:15:21.642 W/nedecraques.ap(17553): Accessing hidden method Lsun/misc/Unsafe;->getLong(Ljava/lang/Object;J)J (greylist,core-platform-api, linking, allowed)
10-19 15:15:21.646 W/nedecraques.ap(17553): Accessing hidden method Lsun/misc/Unsafe;->putObject(Ljava/lang/Object;JLjava/lang/Object;)V (greylist, linking, allowed)
10-19 15:15:21.648 W/nedecraques.ap(17553): Accessing hidden method Lsun/misc/Unsafe;->objectFieldOffset(Ljava/lang/reflect/Field;)J (greylist,core-platform-api, linking, allowed)
10-19 15:15:21.649 W/nedecraques.ap(17553): Accessing hidden method Lsun/misc/Unsafe;->putObject(Ljava/lang/Object;JLjava/lang/Object;)V (greylist, linking, allowed)
10-19 15:15:21.650 W/nedecraques.ap(17553): Accessing hidden method Lsun/misc/Unsafe;->putLong(Ljava/lang/Object;JJ)V (greylist, linking, allowed)
10-19 15:15:21.656 W/nedecraques.ap(17553): Accessing hidden method Lsun/misc/Unsafe;->putLong(Ljava/lang/Object;JJ)V (greylist, linking, allowed)
10-19 15:15:21.657 W/nedecraques.ap(17553): Accessing hidden method Lsun/misc/Unsafe;->allocateInstance(Ljava/lang/Class;)Ljava/lang/Object; (greylist, linking, allowed)
10-19 15:15:21.660 W/nedecraques.ap(17553): Accessing hidden method Llibcore/io/Memory;->peekLong(JZ)J (greylist, reflection, allowed)
10-19 15:15:21.660 W/nedecraques.ap(17553): Accessing hidden method Llibcore/io/Memory;->pokeLong(JJZ)V (greylist, reflection, allowed)
10-19 15:15:21.660 W/nedecraques.ap(17553): Accessing hidden method Llibcore/io/Memory;->pokeInt(JIZ)V (greylist, reflection, allowed)
10-19 15:15:21.660 W/nedecraques.ap(17553): Accessing hidden method Llibcore/io/Memory;->peekInt(JZ)I (greylist, reflection, allowed)
10-19 15:15:21.660 W/nedecraques.ap(17553): Accessing hidden method Llibcore/io/Memory;->pokeByte(JB)V (greylist, reflection, allowed)
10-19 15:15:21.660 W/nedecraques.ap(17553): Accessing hidden method Llibcore/io/Memory;->peekByte(J)B (greylist, reflection, allowed)
10-19 15:15:21.660 W/nedecraques.ap(17553): Accessing hidden method Llibcore/io/Memory;->pokeByteArray(J[BII)V (greylist, reflection, allowed)
10-19 15:15:21.660 W/nedecraques.ap(17553): Accessing hidden method Llibcore/io/Memory;->peekByteArray(J[BII)V (greylist, reflection, allowed)
10-19 15:15:21.660 W/nedecraques.ap(17553): Accessing hidden method Lsun/misc/Unsafe;->arrayBaseOffset(Ljava/lang/Class;)I (greylist,core-platform-api, linking, allowed)
10-19 15:15:21.660 W/nedecraques.ap(17553): Accessing hidden method Lsun/misc/Unsafe;->arrayIndexScale(Ljava/lang/Class;)I (greylist, linking, allowed)
10-19 15:15:21.660 W/nedecraques.ap(17553): Accessing hidden method Lsun/misc/Unsafe;->getInt(Ljava/lang/Object;J)I (greylist, linking, allowed)
10-19 15:15:21.660 W/nedecraques.ap(17553): Accessing hidden method Lsun/misc/Unsafe;->getObject(Ljava/lang/Object;J)Ljava/lang/Object; (greylist, linking, allowed)
10-19 15:15:21.662 W/nedecraques.ap(17553): Accessing hidden method Lsun/misc/Unsafe;->getInt(Ljava/lang/Object;J)I (greylist, reflection, allowed)
10-19 15:15:21.662 W/nedecraques.ap(17553): Accessing hidden method Lsun/misc/Unsafe;->putInt(Ljava/lang/Object;JI)V (greylist, reflection, allowed)
10-19 15:15:21.662 W/nedecraques.ap(17553): Accessing hidden method Lsun/misc/Unsafe;->getLong(Ljava/lang/Object;J)J (greylist,core-platform-api, reflection, allowed)
10-19 15:15:21.662 W/nedecraques.ap(17553): Accessing hidden method Lsun/misc/Unsafe;->putLong(Ljava/lang/Object;JJ)V (greylist, reflection, allowed)
10-19 15:15:21.662 W/nedecraques.ap(17553): Accessing hidden method Lsun/misc/Unsafe;->getObject(Ljava/lang/Object;J)Ljava/lang/Object; (greylist, reflection, allowed)
10-19 15:15:21.662 W/nedecraques.ap(17553): Accessing hidden method Lsun/misc/Unsafe;->putObject(Ljava/lang/Object;JLjava/lang/Object;)V (greylist, reflection, allowed)
10-19 15:15:21.662 W/nedecraques.ap(17553): Accessing hidden field Ljava/nio/Buffer;->address:J (greylist, reflection, allowed)
10-19 15:15:21.669 W/nedecraques.ap(17553): Accessing hidden method Lsun/misc/Unsafe;->putObject(Ljava/lang/Object;JLjava/lang/Object;)V (greylist, linking, allowed)
10-19 15:15:21.695 I/HttpClientProvider(17553): updateSessionCookies host=nice-hill-01a3a1010.2.azurestaticapps.net -> ${cookie.name}@${cookie.domain}${cookie.path}
10-19 15:15:22.245 I/Choreographer(17553): Skipped 30 frames!  The application may be doing too much work on its main thread.
10-19 15:15:22.258 W/Looper  (17553): Slow Looper main: doFrame is 513ms late because of 2 msg, msg 1 took 506ms (seq=1006 late=1ms h=android.view.Choreographer$FrameHandler c=android.view.Choreographer$FrameDisplayEventReceiver)
10-19 15:15:28.629 I/ExoPlayerImpl(17553): Init 1642007 [AndroidXMedia3/1.4.1] [olive, Redmi 8, Xiaomi, 29]
10-19 15:15:28.713 W/nedecraques.ap(17553): Accessing hidden method Landroid/media/AudioTrack;->getLatency()I (greylist, reflection, allowed)
10-19 15:15:29.035 I/chatty  (17553): uid=11390(com.vitrinedecraques.app) identical 22 lines
10-19 15:15:29.141 I/chatty  (17553): uid=11390(com.vitrinedecraques.app) identical 17 lines
10-19 15:15:29.313 I/DpmTcmClient(17553): RegisterTcmMonitor from: $Proxy0
10-19 15:15:29.316 I/ExoPlayerImpl(17553): Init 9b95e3a [AndroidXMedia3/1.4.1] [olive, Redmi 8, Xiaomi, 29]
10-19 15:15:29.611 W/Looper  (17553): Slow Looper main: Long Msg: seq=1747 plan=15:15:28.415  late=7ms wall=1187ms running=0ms h=android.view.Choreographer$FrameHandler c=android.view.Choreographer$FrameDisplayEventReceiver
10-19 15:15:29.428 I/chatty  (17553): uid=11390(com.vitrinedecraques.app) identical 41 lines
10-19 15:15:29.647 I/Choreographer(17553): Skipped 72 frames!  The application may be doing too much work on its main thread.
10-19 15:15:29.653 W/nedecraques.ap(17553): Accessing hidden method Lsun/misc/Unsafe;->getInt(Ljava/lang/Object;J)I (greylist, linking, allowed)
10-19 15:15:29.654 W/nedecraques.ap(17553): Accessing hidden method Lsun/misc/Unsafe;->getObject(Ljava/lang/Object;J)Ljava/lang/Object; (greylist, linking, allowed)
10-19 15:15:29.654 W/nedecraques.ap(17553): Accessing hidden method Lsun/misc/Unsafe;->putObject(Ljava/lang/Object;JLjava/lang/Object;)V (greylist, linking, allowed)
10-19 15:15:29.655 W/nedecraques.ap(17553): Accessing hidden method Lsun/misc/Unsafe;->putInt(Ljava/lang/Object;JI)V (greylist, linking, allowed)
10-19 15:15:29.671 I/OpenGLRenderer(17553): Davey! duration=1255ms; Flags=0, IntendedVsync=1252112412089736, Vsync=1252112412089736, OldestInputEvent=9223372036854775807, NewestInputEvent=0, HandleInputStart=1252112420076156, AnimationStart=1252112420140479, PerformTraversalsStart=1252112507308813, DrawStart=1252112507391261, SyncQueued=1252113605337406, SyncStart=1252113605840635, IssueDrawCommandsStart=1252113606661625, SwapBuffers=1252113666738812, FrameCompleted=1252113667700948, DequeueBufferDuration=221000, QueueBufferDuration=358000, 
10-19 15:15:29.701 W/Looper  (17553): Slow Looper main: doFrame is 1216ms late because of 11 msg, msg 1 took 1187ms (seq=1747 late=7ms h=android.view.Choreographer$FrameHandler c=android.view.Choreographer$FrameDisplayEventReceiver)
10-19 15:15:29.707 I/OpenGLRenderer(17553): Davey! duration=1274ms; Flags=1, IntendedVsync=1252112428796843, Vsync=1252113628796795, OldestInputEvent=9223372036854775807, NewestInputEvent=0, HandleInputStart=1252113645591885, AnimationStart=1252113645636625, PerformTraversalsStart=1252113646234646, DrawStart=1252113691997875, SyncQueued=1252113695350687, SyncStart=1252113696019802, IssueDrawCommandsStart=1252113696935583, SwapBuffers=1252113702351104, FrameCompleted=1252113704367354, DequeueBufferDuration=191000, QueueBufferDuration=549000, 
10-19 15:15:29.730 W/nedecraques.ap(17553): Accessing hidden method Lsun/misc/Unsafe;->putInt(Ljava/lang/Object;JI)V (greylist, linking, allowed)
10-19 15:15:29.730 W/nedecraques.ap(17553): Accessing hidden method Lsun/misc/Unsafe;->getInt(Ljava/lang/Object;J)I (greylist, linking, allowed)
10-19 15:15:29.737 W/nedecraques.ap(17553): Accessing hidden method Lsun/misc/Unsafe;->getObject(Ljava/lang/Object;J)Ljava/lang/Object; (greylist, linking, allowed)
10-19 15:15:29.737 W/nedecraques.ap(17553): Accessing hidden method Lsun/misc/Unsafe;->putObject(Ljava/lang/Object;JLjava/lang/Object;)V (greylist, linking, allowed)
10-19 15:15:31.309 W/Gralloc3(17553): allocator 3.x is not supported
10-19 15:15:33.725 W/VideoCapabilities(17553): Unsupported mime video/divx
10-19 15:15:33.728 W/VideoCapabilities(17553): Unsupported mime video/divx4
10-19 15:15:33.771 W/Utils   (17553): could not parse long range '146-132'
10-19 15:15:33.780 I/VideoCapabilities(17553): Unsupported profile 4 for video/mp4v-es
10-19 15:15:33.958 I/OMXClient(17553): IOmx service obtained
10-19 15:15:33.958 I/OMXClient(17553): IOmx service obtained
10-19 15:15:34.362 I/MediaCodec(17553): [OMX.qcom.video.decoder.avc] setting surface generation to 17974273
10-19 15:15:34.366 I/ExtendedACodec(17553): setupVideoDecoder()
10-19 15:15:34.366 I/MediaCodec(17553): [OMX.qcom.video.decoder.avc] setting surface generation to 17974274
10-19 15:15:34.368 I/ExtendedACodec(17553): setupVideoDecoder()
10-19 15:15:34.372 I/ExtendedACodec(17553): Decoder will be in frame by frame mode
10-19 15:15:34.374 I/ExtendedACodec(17553): Decoder will be in frame by frame mode
10-19 15:15:34.489 I/OMXClient(17553): IOmx service obtained
10-19 15:15:34.489 I/OMXClient(17553): IOmx service obtained
10-19 15:15:34.493 I/ACodec  (17553): codec does not support config priority (err -2147483648)
10-19 15:15:34.494 I/ACodec  (17553): codec does not support config priority (err -2147483648)
10-19 15:15:34.495 I/ACodec  (17553): codec does not support config priority (err -2147483648)
10-19 15:15:34.495 I/ACodec  (17553): codec does not support config operating rate (err -2147483648)
10-19 15:15:34.495 I/ACodec  (17553): codec does not support config priority (err -2147483648)
10-19 15:15:34.496 I/ACodec  (17553): codec does not support config operating rate (err -2147483648)
10-19 15:15:34.497 W/ExtendedACodec(17553): Failed to get extension for extradata parameter
10-19 15:15:34.497 W/ExtendedACodec(17553): Failed to get extension for extradata parameter
10-19 15:15:37.095 I/nedecraques.ap(17553): Background concurrent copying GC freed 11155(556KB) AllocSpace objects, 8(2816KB) LOS objects, 49% free, 13MB/27MB, paused 163us total 130.339ms
10-19 15:15:37.545 W/AudioTrack(17553): getTimestamp_l(453): retrograde timestamp time corrected, 1252121527569070 < 1252121530775320
10-19 15:15:45.402 I/MediaCodec(17553): [OMX.qcom.video.decoder.avc] setting surface generation to 17974275
10-19 15:15:45.468 I/MediaCodec(17553): [OMX.qcom.video.decoder.avc] setting surface generation to 17974276
10-19 15:15:45.514 I/ExoPlayerImpl(17553): Release 9b95e3a [AndroidXMedia3/1.4.1] [olive, Redmi 8, Xiaomi, 29] [media3.common, media3.exoplayer, media3.decoder, media3.ui, media3.datasource, media3.extractor]
10-19 15:15:45.628 I/ExoPlayerImpl(17553): Release 1642007 [AndroidXMedia3/1.4.1] [olive, Redmi 8, Xiaomi, 29] [media3.common, media3.exoplayer, media3.decoder, media3.ui, media3.datasource, media3.extractor]
10-19 15:15:46.044 I/Choreographer(17553): Skipped 52 frames!  The application may be doing too much work on its main thread.
10-19 15:15:46.172 I/OpenGLRenderer(17553): Davey! duration=1014ms; Flags=0, IntendedVsync=1252129153939857, Vsync=1252129153939857, OldestInputEvent=9223372036854775807, NewestInputEvent=0, HandleInputStart=1252129158466463, AnimationStart=1252129158523077, PerformTraversalsStart=1252129718178858, DrawStart=1252129718332869, SyncQueued=1252130038921983, SyncStart=1252130039339118, IssueDrawCommandsStart=1252130040496254, SwapBuffers=1252130167427295, FrameCompleted=1252130168673754, DequeueBufferDuration=282000, QueueBufferDuration=487000, 
10-19 15:15:46.175 W/Looper  (17553): Slow Looper main: doFrame is 871ms late because of 5 msg, msg 1 took 882ms (seq=1988 late=5ms h=android.view.Choreographer$FrameHandler c=android.view.Choreographer$FrameDisplayEventReceiver)
10-19 15:15:57.106 I/ExoPlayerImpl(17553): Init 41b9982 [AndroidXMedia3/1.4.1] [olive, Redmi 8, Xiaomi, 29]
10-19 15:15:57.274 I/chatty  (17553): uid=11390(com.vitrinedecraques.app) identical 41 lines
10-19 15:15:57.346 I/ExoPlayerImpl(17553): Init 41952d2 [AndroidXMedia3/1.4.1] [olive, Redmi 8, Xiaomi, 29]
10-19 15:15:57.391 I/chatty  (17553): uid=11390(com.vitrinedecraques.app) identical 5 lines
10-19 15:15:57.445 I/chatty  (17553): uid=11390(com.vitrinedecraques.app) identical 33 lines
10-19 15:15:57.609 I/Choreographer(17553): Skipped 33 frames!  The application may be doing too much work on its main thread.
10-19 15:15:57.667 W/Looper  (17553): Slow Looper main: doFrame is 555ms late because of 6 msg, msg 1 took 563ms (seq=2300 late=9ms h=android.view.Choreographer$FrameHandler c=android.view.Choreographer$FrameDisplayEventReceiver)
10-19 15:16:00.178 I/OMXClient(17553): IOmx service obtained
10-19 15:16:00.368 I/OMXClient(17553): IOmx service obtained
10-19 15:16:00.427 I/MediaCodec(17553): [OMX.qcom.video.decoder.avc] setting surface generation to 17974277
10-19 15:16:00.430 I/ExtendedACodec(17553): setupVideoDecoder()
10-19 15:16:00.449 I/ExtendedACodec(17553): Decoder will be in frame by frame mode
10-19 15:16:00.451 I/MediaCodec(17553): [OMX.qcom.video.decoder.avc] setting surface generation to 17974278
10-19 15:16:00.453 I/ExtendedACodec(17553): setupVideoDecoder()
10-19 15:16:00.461 I/ExtendedACodec(17553): Decoder will be in frame by frame mode
10-19 15:16:00.485 I/OMXClient(17553): IOmx service obtained
10-19 15:16:00.488 I/ACodec  (17553): codec does not support config priority (err -2147483648)
10-19 15:16:00.489 I/ACodec  (17553): codec does not support config priority (err -2147483648)
10-19 15:16:00.489 I/ACodec  (17553): codec does not support config operating rate (err -2147483648)
10-19 15:16:00.490 W/ExtendedACodec(17553): Failed to get extension for extradata parameter
10-19 15:16:00.506 I/OMXClient(17553): IOmx service obtained
10-19 15:16:00.509 I/ACodec  (17553): codec does not support config priority (err -2147483648)
10-19 15:16:00.512 I/ACodec  (17553): codec does not support config priority (err -2147483648)
10-19 15:16:00.512 I/ACodec  (17553): codec does not support config operating rate (err -2147483648)
10-19 15:16:00.514 W/ExtendedACodec(17553): Failed to get extension for extradata parameter
10-19 15:16:00.762 I/nedecraques.ap(17553): NativeAlloc concurrent copying GC freed 191964(10MB) AllocSpace objects, 96(6272KB) LOS objects, 57% free, 8990KB/20MB, paused 72us total 151.879ms
10-19 15:16:07.808 I/MediaCodec(17553): [OMX.qcom.video.decoder.avc] setting surface generation to 17974279
10-19 15:16:07.835 I/MediaCodec(17553): [OMX.qcom.video.decoder.avc] setting surface generation to 17974280
10-19 15:16:08.552 I/ExoPlayerImpl(17553): Release 41952d2 [AndroidXMedia3/1.4.1] [olive, Redmi 8, Xiaomi, 29] [media3.common, media3.exoplayer, media3.decoder, media3.ui, media3.datasource, media3.extractor]
